<?xml version="1.0" encoding="UTF-8" ?>
<testsuite errors="0" failures="0" name="gov.nih.nci.cabig.c3pr.grid.test.C3PRV2RegistrationConsumerTest" tests="1" time="1.316">
  <properties>
    <property name="java.vendor" value="Apple Computer, Inc."></property>
    <property name="lib.dir" value="/Users/kherm/dev/cvsroot/c3prv2/codebase/projects/grid/RegistrationConsumerImpl/lib"></property>
    <property name="ext.globus.dir" value="/Users/kherm/dev/globus"></property>
    <property name="antfiles.dir" value="/Users/kherm/dev/cvsroot/c3prv2/codebase/projects/grid/RegistrationConsumerImpl/antfiles"></property>
    <property name="jikes.class.path" value=":/Library/Java/Home/../Classes/charsets.jar:/Library/Java/Home/../Classes/classes.jar:/Library/Java/Home/../Classes/dt.jar:/Library/Java/Home/../Classes/jce.jar:/Library/Java/Home/../Classes/jconsole.jar:/Library/Java/Home/../Classes/jsse.jar:/Library/Java/Home/../Classes/laf.jar:/Library/Java/Home/../Classes/ui.jar"></property>
    <property name="sun.management.compiler" value="HotSpot Client Compiler"></property>
    <property name="env.SECURITYSESSIONID" value="91e160"></property>
    <property name="os.name" value="Mac OS X"></property>
    <property name="cobertura.home" value="/Users/kherm/dev/cvsroot/c3prv2/codebase/share/cobertura-1.8"></property>
    <property name="sun.boot.class.path" value="/System/Library/Frameworks/JavaVM.framework/Versions/1.5.0/Classes/classes.jar:/System/Library/Frameworks/JavaVM.framework/Versions/1.5.0/Classes/ui.jar:/System/Library/Frameworks/JavaVM.framework/Versions/1.5.0/Classes/laf.jar:/System/Library/Frameworks/JavaVM.framework/Versions/1.5.0/Classes/sunrsasign.jar:/System/Library/Frameworks/JavaVM.framework/Versions/1.5.0/Classes/jsse.jar:/System/Library/Frameworks/JavaVM.framework/Versions/1.5.0/Classes/jce.jar:/System/Library/Frameworks/JavaVM.framework/Versions/1.5.0/Classes/charsets.jar"></property>
    <property name="env.PWD" value="/Users/kherm/dev/cvsroot/c3prv2/codebase/projects/grid"></property>
    <property name="ext.test.dir" value="/Users/kherm/dev/cvsroot/c3prv2/codebase/projects/grid/RegistrationConsumerImpl/ext/test"></property>
    <property name="java.vm.specification.vendor" value="Sun Microsystems Inc."></property>
    <property name="net.sourceforge.cobertura.datafile" value="/Users/kherm/dev/cvsroot/c3prv2/codebase/projects/grid/test/logs/grid.ser"></property>
    <property name="ant.home" value="/Library/Ant1.6.5"></property>
    <property name="java.runtime.version" value="1.5.0_07-164"></property>
    <property name="env.XMLBEANS_HOME" value="/Users/kherm/dev/utils/xmlbeans"></property>
    <property name="env.GLOBUS_LOCATION" value="/Users/kherm/dev/globus"></property>
    <property name="test.build.dir" value="/Users/kherm/dev/cvsroot/c3prv2/codebase/projects/grid/RegistrationConsumerImpl/build/test"></property>
    <property name="user.name" value="kherm"></property>
    <property name="env.USER" value="kherm"></property>
    <property name="test.classes.dir" value="/Users/kherm/dev/cvsroot/c3prv2/codebase/projects/grid/RegistrationConsumerImpl/build/test/classes"></property>
    <property name="env.SHELL" value="/bin/bash"></property>
    <property name="env.__CF_USER_TEXT_ENCODING" value="0x1F6:0:0"></property>
    <property name="awt.nativeDoubleBuffering" value="true"></property>
    <property name="build.dir" value="/Users/kherm/dev/cvsroot/c3prv2/codebase/projects/grid/RegistrationConsumerImpl/build"></property>
    <property name="ext.lib.dir" value="/Users/kherm/dev/cvsroot/c3prv2/codebase/projects/grid/RegistrationConsumerImpl/ext/lib"></property>
    <property name="test.resources.dir" value="/Users/kherm/dev/cvsroot/c3prv2/codebase/projects/grid/RegistrationConsumerImpl/test/resources"></property>
    <property name="env.PATH" value="/sw/bin:/sw/sbin:/bin:/sbin:/usr/bin:/usr/sbin:/Library/Ant1.6.5/bin:/Library/Java/Home/bin:/Users/kherm/dev/tomcat-wsrf/bin:/Applications/Mplayer:/Users/kherm/dev/utils/maven/bin:/Users/kherm/dev/globus/bin:/Users/kherm/dev/utils/xmlbeans/bin:/usr/local/pgsql/data:/usr/local/pgsql/bin"></property>
    <property name="user.language" value="en"></property>
    <property name="ext.dir" value="/Users/kherm/dev/cvsroot/c3prv2/codebase/projects/grid/RegistrationConsumerImpl/ext"></property>
    <property name="test.report.dir" value="/Users/kherm/dev/cvsroot/c3prv2/codebase/projects/grid/RegistrationConsumerImpl/test/report"></property>
    <property name="sun.boot.library.path" value="/System/Library/Frameworks/JavaVM.framework/Versions/1.5.0/Libraries"></property>
    <property name="ant.project.name" value="c3prv2-registration-consumer-impl"></property>
    <property name="java.version" value="1.5.0_07"></property>
    <property name="user.timezone" value=""></property>
    <property name="ext.test.lib.dir" value="/Users/kherm/dev/cvsroot/c3prv2/codebase/projects/grid/RegistrationConsumerImpl/ext/test/lib"></property>
    <property name="ant.file.c3prv2-registration-consumer-impl" value="/Users/kherm/dev/cvsroot/c3prv2/codebase/projects/grid/RegistrationConsumerImpl/build.xml"></property>
    <property name="sun.arch.data.model" value="32"></property>
    <property name="test.jar.name" value="c3pr-registration-consumer-impl-test.jar"></property>
    <property name="test.src.dir" value="/Users/kherm/dev/cvsroot/c3prv2/codebase/projects/grid/RegistrationConsumerImpl/test/src"></property>
    <property name="java.endorsed.dirs" value="/System/Library/Frameworks/JavaVM.framework/Versions/1.5.0/Home/lib/endorsed"></property>
    <property name="env.JDK_HOME" value="/Library/Java/Home"></property>
    <property name="sun.cpu.isalist" value=""></property>
    <property name="sun.jnu.encoding" value="MacRoman"></property>
    <property name="file.encoding.pkg" value="sun.io"></property>
    <property name="ant.file.c3prv2-registration-consumer-impl-test" value="/Users/kherm/dev/cvsroot/c3prv2/codebase/projects/grid/RegistrationConsumerImpl/antfiles/build-test.xml"></property>
    <property name="env.SHLVL" value="1"></property>
    <property name="file.separator" value="/"></property>
    <property name="java.specification.name" value="Java Platform API Specification"></property>
    <property name="test.lib.dir" value="/Users/kherm/dev/cvsroot/c3prv2/codebase/projects/grid/RegistrationConsumerImpl/test/lib"></property>
    <property name="java.class.version" value="49.0"></property>
    <property name="build.classes.dir" value="/Users/kherm/dev/cvsroot/c3prv2/codebase/projects/grid/RegistrationConsumerImpl/build/classes"></property>
    <property name="user.country" value="US"></property>
    <property name="java.home" value="/System/Library/Frameworks/JavaVM.framework/Versions/1.5.0/Home"></property>
    <property name="java.vm.info" value="mixed mode, sharing"></property>
    <property name="env.CATALINA_HOME" value="/Users/kherm/dev/tomcat-wsrf"></property>
    <property name="env.XML_CATALOG_FILES" value="/sw/etc/xml/catalog"></property>
    <property name="env.LOGNAME" value="kherm"></property>
    <property name="ant.file" value="/Users/kherm/dev/cvsroot/c3prv2/codebase/projects/grid/RegistrationConsumerImpl/build.xml"></property>
    <property name="os.version" value="10.4.9"></property>
    <property name="env.TERM_PROGRAM_VERSION" value="133"></property>
    <property name="path.separator" value=":"></property>
    <property name="java.vm.version" value="1.5.0_07-87"></property>
    <property name="test.jar.dir" value="/Users/kherm/dev/cvsroot/c3prv2/codebase/projects/grid/RegistrationConsumerImpl/build/test/jars"></property>
    <property name="ant.file.c3pr_grid_artifacts" value="/Users/kherm/dev/cvsroot/c3prv2/codebase/projects/grid/antfiles/artifacts.xml"></property>
    <property name="ant.library.dir" value="/Library/Ant1.6.5/lib"></property>
    <property name="env.JAVA_HOME" value="/Library/Java/Home"></property>
    <property name="java.awt.printerjob" value="apple.awt.CPrinterJob"></property>
    <property name="env.TERM" value="xterm-color"></property>
    <property name="sun.io.unicode.encoding" value="UnicodeLittle"></property>
    <property name="awt.toolkit" value="apple.awt.CToolkit"></property>
    <property name="env.MANPATH" value="/sw/share/man:/usr/share/man:/Library/Java/Home/man:/sw/lib/perl5/5.8.6/man"></property>
    <property name="build.jar.dir" value="/Users/kherm/dev/cvsroot/c3prv2/codebase/projects/grid/RegistrationConsumerImpl/build/jars"></property>
    <property name="env.JAVA_MAIN_CLASS_6907" value="org.apache.tools.ant.launch.Launcher"></property>
    <property name="user.home" value="/Users/kherm"></property>
    <property name="java.specification.vendor" value="Sun Microsystems Inc."></property>
    <property name="env.TERM_PROGRAM" value="Apple_Terminal"></property>
    <property name="test.dir" value="/Users/kherm/dev/cvsroot/c3prv2/codebase/projects/grid/RegistrationConsumerImpl/test"></property>
    <property name="java.vendor.url" value="http://apple.com/"></property>
    <property name="java.library.path" value=".:/Library/Java/Extensions:/System/Library/Java/Extensions:/usr/lib/java"></property>
    <property name="gopherProxySet" value="false"></property>
    <property name="java.vm.vendor" value="&quot;Apple Computer, Inc.&quot;"></property>
    <property name="java.runtime.name" value="Java(TM) 2 Runtime Environment, Standard Edition"></property>
    <property name="ant.version" value="Apache Ant version 1.6.5 compiled on June 2 2005"></property>
    <property name="java.class.path" value="/Users/kherm/dev/globus/lib/ProtocolIngestor-client.jar:/Users/kherm/dev/globus/lib/ProtocolIngestor-common.jar:/Users/kherm/dev/globus/lib/ProtocolIngestor-service.jar:/Users/kherm/dev/globus/lib/ProtocolIngestor-stubs.jar:/Users/kherm/dev/globus/lib/ProtocolIngestor-tests.jar:/Users/kherm/dev/globus/lib/addressing-1.0.jar:/Users/kherm/dev/globus/lib/ant-contrib.jar:/Users/kherm/dev/globus/lib/axis-url.jar:/Users/kherm/dev/globus/lib/axis.jar:/Users/kherm/dev/globus/lib/bootstrap.jar:/Users/kherm/dev/globus/lib/caGrid-1.0-ServiceSecurityProvider-client.jar:/Users/kherm/dev/globus/lib/caGrid-1.0-ServiceSecurityProvider-common.jar:/Users/kherm/dev/globus/lib/caGrid-1.0-ServiceSecurityProvider-service.jar:/Users/kherm/dev/globus/lib/caGrid-1.0-ServiceSecurityProvider-stubs.jar:/Users/kherm/dev/globus/lib/caGrid-1.0-core.jar:/Users/kherm/dev/globus/lib/caGrid-1.0-metadata-common.jar:/Users/kherm/dev/globus/lib/caGrid-1.0-metadata-data.jar:/Users/kherm/dev/globus/lib/caGrid-1.0-metadata-security.jar:/Users/kherm/dev/globus/lib/caGrid-1.0-metadataUtils.jar:/Users/kherm/dev/globus/lib/castor-0.9.9.jar:/Users/kherm/dev/globus/lib/cog-axis.jar:/Users/kherm/dev/globus/lib/cog-jglobus.jar:/Users/kherm/dev/globus/lib/cog-tomcat.jar:/Users/kherm/dev/globus/lib/cog-url.jar:/Users/kherm/dev/globus/lib/commonj.jar:/Users/kherm/dev/globus/lib/commons-beanutils.jar:/Users/kherm/dev/globus/lib/commons-cli-2.0.jar:/Users/kherm/dev/globus/lib/commons-collections-3.0.jar:/Users/kherm/dev/globus/lib/commons-digester.jar:/Users/kherm/dev/globus/lib/commons-discovery.jar:/Users/kherm/dev/globus/lib/commons-logging.jar:/Users/kherm/dev/globus/lib/concurrent.jar:/Users/kherm/dev/globus/lib/cryptix-asn1.jar:/Users/kherm/dev/globus/lib/cryptix.jar:/Users/kherm/dev/globus/lib/cryptix32.jar:/Users/kherm/dev/globus/lib/globus_resolution_service.jar:/Users/kherm/dev/globus/lib/globus_resolution_stubs_java.jar:/Users/kherm/dev/globus/lib/globus_resolution_test.jar:/Users/kherm/dev/globus/lib/globus_transfer_service.jar:/Users/kherm/dev/globus/lib/globus_transfer_stubs_java.jar:/Users/kherm/dev/globus/lib/globus_transfer_test.jar:/Users/kherm/dev/globus/lib/globus_usage_core.jar:/Users/kherm/dev/globus/lib/globus_usage_packets_common.jar:/Users/kherm/dev/globus/lib/globus_wsrf_mds_aggregator.jar:/Users/kherm/dev/globus/lib/globus_wsrf_mds_aggregator_stubs.jar:/Users/kherm/dev/globus/lib/globus_wsrf_servicegroup.jar:/Users/kherm/dev/globus/lib/globus_wsrf_servicegroup_stubs.jar:/Users/kherm/dev/globus/lib/globus_wsrf_tools_test.jar:/Users/kherm/dev/globus/lib/jaxrpc.jar:/Users/kherm/dev/globus/lib/jce-jdk13-125.jar:/Users/kherm/dev/globus/lib/jgss.jar:/Users/kherm/dev/globus/lib/junit.jar:/Users/kherm/dev/globus/lib/log4j-1.2.8.jar:/Users/kherm/dev/globus/lib/mobius_common_client-1.1.jar:/Users/kherm/dev/globus/lib/mobius_factories-1.1.jar:/Users/kherm/dev/globus/lib/mobius_gme_client-1.1.jar:/Users/kherm/dev/globus/lib/mobius_mako_client-1.1.jar:/Users/kherm/dev/globus/lib/mobius_tools-1.1.jar:/Users/kherm/dev/globus/lib/naming-common.jar:/Users/kherm/dev/globus/lib/naming-factory.jar:/Users/kherm/dev/globus/lib/naming-java.jar:/Users/kherm/dev/globus/lib/naming-resources.jar:/Users/kherm/dev/globus/lib/opensaml.jar:/Users/kherm/dev/globus/lib/puretls.jar:/Users/kherm/dev/globus/lib/resolver.jar:/Users/kherm/dev/globus/lib/saaj.jar:/Users/kherm/dev/globus/lib/wsdl4j.jar:/Users/kherm/dev/globus/lib/wsrf_common.jar:/Users/kherm/dev/globus/lib/wsrf_core.jar:/Users/kherm/dev/globus/lib/wsrf_core_registry.jar:/Users/kherm/dev/globus/lib/wsrf_core_registry_stubs.jar:/Users/kherm/dev/globus/lib/wsrf_core_samples_authzService.jar:/Users/kherm/dev/globus/lib/wsrf_core_samples_authzService_stubs.jar:/Users/kherm/dev/globus/lib/wsrf_core_samples_counter.jar:/Users/kherm/dev/globus/lib/wsrf_core_samples_counter_stubs.jar:/Users/kherm/dev/globus/lib/wsrf_core_samples_mgmt.jar:/Users/kherm/dev/globus/lib/wsrf_core_samples_mgmt_stubs.jar:/Users/kherm/dev/globus/lib/wsrf_core_stubs.jar:/Users/kherm/dev/globus/lib/wsrf_provider_jce.jar:/Users/kherm/dev/globus/lib/wsrf_test.jar:/Users/kherm/dev/globus/lib/wsrf_test_interop.jar:/Users/kherm/dev/globus/lib/wsrf_test_interop_stubs.jar:/Users/kherm/dev/globus/lib/wsrf_test_unit.jar:/Users/kherm/dev/globus/lib/wsrf_test_unit_stubs.jar:/Users/kherm/dev/globus/lib/wsrf_tools.jar:/Users/kherm/dev/globus/lib/wss4j.jar:/Users/kherm/dev/globus/lib/xalan.jar:/Users/kherm/dev/globus/lib/xercesImpl.jar:/Users/kherm/dev/globus/lib/xml-apis.jar:/Users/kherm/dev/globus/lib/xmlsec.jar:/Users/kherm/dev/cvsroot/c3prv2/codebase/projects/grid/RegistrationConsumerImpl/ext/lib/RegistrationConsumer-client.jar:/Users/kherm/dev/cvsroot/c3prv2/codebase/projects/grid/RegistrationConsumerImpl/ext/lib/RegistrationConsumer-common.jar:/Users/kherm/dev/cvsroot/c3prv2/codebase/projects/grid/RegistrationConsumerImpl/ext/lib/RegistrationConsumer-service.jar:/Users/kherm/dev/cvsroot/c3prv2/codebase/projects/grid/RegistrationConsumerImpl/ext/lib/RegistrationConsumer-stubs.jar:/Users/kherm/dev/cvsroot/c3prv2/codebase/projects/grid/RegistrationConsumerImpl/ext/lib/RegistrationConsumer-tests.jar:/Users/kherm/dev/cvsroot/c3prv2/codebase/projects/grid/RegistrationConsumerImpl/ext/lib/acegi-csm-1.0-SNAPSHOT.jar:/Users/kherm/dev/cvsroot/c3prv2/codebase/projects/grid/RegistrationConsumerImpl/ext/lib/acegi-grid-1.0-SNAPSHOT.jar:/Users/kherm/dev/cvsroot/c3prv2/codebase/projects/grid/RegistrationConsumerImpl/ext/lib/acegi-security-1.0.3.jar:/Users/kherm/dev/cvsroot/c3prv2/codebase/projects/grid/RegistrationConsumerImpl/ext/lib/acegi-security-cas-1.0.3.jar:/Users/kherm/dev/cvsroot/c3prv2/codebase/projects/grid/RegistrationConsumerImpl/ext/lib/acegi-security-tiger-1.0.3.jar:/Users/kherm/dev/cvsroot/c3prv2/codebase/projects/grid/RegistrationConsumerImpl/ext/lib/activation-1.0.2.jar:/Users/kherm/dev/cvsroot/c3prv2/codebase/projects/grid/RegistrationConsumerImpl/ext/lib/activeio-core-3.0-beta4.jar:/Users/kherm/dev/cvsroot/c3prv2/codebase/projects/grid/RegistrationConsumerImpl/ext/lib/activemq-core-4.0.2.jar:/Users/kherm/dev/cvsroot/c3prv2/codebase/projects/grid/RegistrationConsumerImpl/ext/lib/ant-contrib.jar:/Users/kherm/dev/cvsroot/c3prv2/codebase/projects/grid/RegistrationConsumerImpl/ext/lib/antlr-2.7.6.jar:/Users/kherm/dev/cvsroot/c3prv2/codebase/projects/grid/RegistrationConsumerImpl/ext/lib/asm-attrs.jar:/Users/kherm/dev/cvsroot/c3prv2/codebase/projects/grid/RegistrationConsumerImpl/ext/lib/asm.jar:/Users/kherm/dev/cvsroot/c3prv2/codebase/projects/grid/RegistrationConsumerImpl/ext/lib/avalon-framework-cvs-20020806.jar:/Users/kherm/dev/cvsroot/c3prv2/codebase/projects/grid/RegistrationConsumerImpl/ext/lib/backport-util-concurrent-2.1.jar:/Users/kherm/dev/cvsroot/c3prv2/codebase/projects/grid/RegistrationConsumerImpl/ext/lib/c3p0-0.8.5.2.jar:/Users/kherm/dev/cvsroot/c3prv2/codebase/projects/grid/RegistrationConsumerImpl/ext/lib/c3pr-2.0-core-1.0.jar:/Users/kherm/dev/cvsroot/c3prv2/codebase/projects/grid/RegistrationConsumerImpl/ext/lib/c3pr-2.0-esb-client-1.0.jar:/Users/kherm/dev/cvsroot/c3prv2/codebase/projects/grid/RegistrationConsumerImpl/ext/lib/caGrid-1.0-ServiceSecurityProvider-client.jar:/Users/kherm/dev/cvsroot/c3prv2/codebase/projects/grid/RegistrationConsumerImpl/ext/lib/caGrid-1.0-ServiceSecurityProvider-common.jar:/Users/kherm/dev/cvsroot/c3prv2/codebase/projects/grid/RegistrationConsumerImpl/ext/lib/caGrid-1.0-ServiceSecurityProvider-service.jar:/Users/kherm/dev/cvsroot/c3prv2/codebase/projects/grid/RegistrationConsumerImpl/ext/lib/caGrid-1.0-ServiceSecurityProvider-stubs.jar:/Users/kherm/dev/cvsroot/c3prv2/codebase/projects/grid/RegistrationConsumerImpl/ext/lib/caGrid-1.0-core.jar:/Users/kherm/dev/cvsroot/c3prv2/codebase/projects/grid/RegistrationConsumerImpl/ext/lib/caGrid-1.0-metadata-common.jar:/Users/kherm/dev/cvsroot/c3prv2/codebase/projects/grid/RegistrationConsumerImpl/ext/lib/caGrid-1.0-metadata-data.jar:/Users/kherm/dev/cvsroot/c3prv2/codebase/projects/grid/RegistrationConsumerImpl/ext/lib/caGrid-1.0-metadata-security.jar:/Users/kherm/dev/cvsroot/c3prv2/codebase/projects/grid/RegistrationConsumerImpl/ext/lib/caGrid-1.0-metadataUtils.jar:/Users/kherm/dev/cvsroot/c3prv2/codebase/projects/grid/RegistrationConsumerImpl/ext/lib/castor-0.9.9.jar:/Users/kherm/dev/cvsroot/c3prv2/codebase/projects/grid/RegistrationConsumerImpl/ext/lib/cglib-2.1.3.jar:/Users/kherm/dev/cvsroot/c3prv2/codebase/projects/grid/RegistrationConsumerImpl/ext/lib/client.jar:/Users/kherm/dev/cvsroot/c3prv2/codebase/projects/grid/RegistrationConsumerImpl/ext/lib/clm-3.2.1-SNAPSHOT.jar:/Users/kherm/dev/cvsroot/c3prv2/codebase/projects/grid/RegistrationConsumerImpl/ext/lib/collections-generic-4.01.jar:/Users/kherm/dev/cvsroot/c3prv2/codebase/projects/grid/RegistrationConsumerImpl/ext/lib/commons-beanutils-1.7.0.jar:/Users/kherm/dev/cvsroot/c3prv2/codebase/projects/grid/RegistrationConsumerImpl/ext/lib/commons-collections-3.1.jar:/Users/kherm/dev/cvsroot/c3prv2/codebase/projects/grid/RegistrationConsumerImpl/ext/lib/commons-collections-3.2.jar:/Users/kherm/dev/cvsroot/c3prv2/codebase/projects/grid/RegistrationConsumerImpl/ext/lib/commons-dbcp-1.2.1.jar:/Users/kherm/dev/cvsroot/c3prv2/codebase/projects/grid/RegistrationConsumerImpl/ext/lib/commons-lang-2.1.jar:/Users/kherm/dev/cvsroot/c3prv2/codebase/projects/grid/RegistrationConsumerImpl/ext/lib/commons-logging.jar:/Users/kherm/dev/cvsroot/c3prv2/codebase/projects/grid/RegistrationConsumerImpl/ext/lib/commons-pool-1.2.jar:/Users/kherm/dev/cvsroot/c3prv2/codebase/projects/grid/RegistrationConsumerImpl/ext/lib/csmapi-3.2.1-SNAPSHOT.jar:/Users/kherm/dev/cvsroot/c3prv2/codebase/projects/grid/RegistrationConsumerImpl/ext/lib/dom4j-1.6.1.jar:/Users/kherm/dev/cvsroot/c3prv2/codebase/projects/grid/RegistrationConsumerImpl/ext/lib/ehcache-1.2.3.jar:/Users/kherm/dev/cvsroot/c3prv2/codebase/projects/grid/RegistrationConsumerImpl/ext/lib/ejb3-persistence.jar:/Users/kherm/dev/cvsroot/c3prv2/codebase/projects/grid/RegistrationConsumerImpl/ext/lib/fop.jar:/Users/kherm/dev/cvsroot/c3prv2/codebase/projects/grid/RegistrationConsumerImpl/ext/lib/globus_wsrf_mds_aggregator.jar:/Users/kherm/dev/cvsroot/c3prv2/codebase/projects/grid/RegistrationConsumerImpl/ext/lib/globus_wsrf_mds_aggregator_stubs.jar:/Users/kherm/dev/cvsroot/c3prv2/codebase/projects/grid/RegistrationConsumerImpl/ext/lib/globus_wsrf_servicegroup.jar:/Users/kherm/dev/cvsroot/c3prv2/codebase/projects/grid/RegistrationConsumerImpl/ext/lib/globus_wsrf_servicegroup_stubs.jar:/Users/kherm/dev/cvsroot/c3prv2/codebase/projects/grid/RegistrationConsumerImpl/ext/lib/handle.jar:/Users/kherm/dev/cvsroot/c3prv2/codebase/projects/grid/RegistrationConsumerImpl/ext/lib/handlerservice.jar:/Users/kherm/dev/cvsroot/c3prv2/codebase/projects/grid/RegistrationConsumerImpl/ext/lib/hibernate-annotations.jar:/Users/kherm/dev/cvsroot/c3prv2/codebase/projects/grid/RegistrationConsumerImpl/ext/lib/hibernate3.2.1.jar:/Users/kherm/dev/cvsroot/c3prv2/codebase/projects/grid/RegistrationConsumerImpl/ext/lib/jakarta-oro-2.0.8.jar:/Users/kherm/dev/cvsroot/c3prv2/codebase/projects/grid/RegistrationConsumerImpl/ext/lib/jboss-j2ee-4.0.5.jar:/Users/kherm/dev/cvsroot/c3prv2/codebase/projects/grid/RegistrationConsumerImpl/ext/lib/jboss-jsr77.jar:/Users/kherm/dev/cvsroot/c3prv2/codebase/projects/grid/RegistrationConsumerImpl/ext/lib/jdom.jar:/Users/kherm/dev/cvsroot/c3prv2/codebase/projects/grid/RegistrationConsumerImpl/ext/lib/jsr173_1.0_api.jar:/Users/kherm/dev/cvsroot/c3prv2/codebase/projects/grid/RegistrationConsumerImpl/ext/lib/jstl.jar:/Users/kherm/dev/cvsroot/c3prv2/codebase/projects/grid/RegistrationConsumerImpl/ext/lib/jta.jar:/Users/kherm/dev/cvsroot/c3prv2/codebase/projects/grid/RegistrationConsumerImpl/ext/lib/log4j-1.2.13.jar:/Users/kherm/dev/cvsroot/c3prv2/codebase/projects/grid/RegistrationConsumerImpl/ext/lib/mail-1.3.2.jar:/Users/kherm/dev/cvsroot/c3prv2/codebase/projects/grid/RegistrationConsumerImpl/ext/lib/mobius_common_client-1.1.jar:/Users/kherm/dev/cvsroot/c3prv2/codebase/projects/grid/RegistrationConsumerImpl/ext/lib/mobius_factories-1.1.jar:/Users/kherm/dev/cvsroot/c3prv2/codebase/projects/grid/RegistrationConsumerImpl/ext/lib/mobius_gme_client-1.1.jar:/Users/kherm/dev/cvsroot/c3prv2/codebase/projects/grid/RegistrationConsumerImpl/ext/lib/mobius_mako_client-1.1.jar:/Users/kherm/dev/cvsroot/c3prv2/codebase/projects/grid/RegistrationConsumerImpl/ext/lib/mobius_tools-1.1.jar:/Users/kherm/dev/cvsroot/c3prv2/codebase/projects/grid/RegistrationConsumerImpl/ext/lib/northwestern-core-commons.jar:/Users/kherm/dev/cvsroot/c3prv2/codebase/projects/grid/RegistrationConsumerImpl/ext/lib/ojdbc14.jar:/Users/kherm/dev/cvsroot/c3prv2/codebase/projects/grid/RegistrationConsumerImpl/ext/lib/postgresql-8.1-407.jdbc3.jar:/Users/kherm/dev/cvsroot/c3prv2/codebase/projects/grid/RegistrationConsumerImpl/ext/lib/spring.jar:/Users/kherm/dev/cvsroot/c3prv2/codebase/projects/grid/RegistrationConsumerImpl/ext/lib/spring2.0.2.jar:/Users/kherm/dev/cvsroot/c3prv2/codebase/projects/grid/RegistrationConsumerImpl/ext/lib/standard.jar:/Users/kherm/dev/cvsroot/c3prv2/codebase/projects/grid/RegistrationConsumerImpl/ext/lib/xbean-spring-2.7.jar:/Users/kherm/dev/cvsroot/c3prv2/codebase/projects/grid/RegistrationConsumerImpl/ext/lib/xerces-2.6.2.jar:/Users/kherm/dev/cvsroot/c3prv2/codebase/projects/grid/RegistrationConsumerImpl/ext/lib/xercesImpl.jar:/Users/kherm/dev/cvsroot/c3prv2/codebase/projects/grid/RegistrationConsumerImpl/build/classes:/Users/kherm/dev/cvsroot/c3prv2/codebase/projects/grid/RegistrationConsumerImpl/ext/test/lib/c3pr-2.0-core-tests-1.0.jar:/Users/kherm/dev/cvsroot/c3prv2/codebase/projects/grid/RegistrationConsumerImpl/ext/test/lib/catrip-test-report-1.0.jar:/Users/kherm/dev/cvsroot/c3prv2/codebase/projects/grid/RegistrationConsumerImpl/ext/test/lib/core-commons-testing.jar:/Users/kherm/dev/cvsroot/c3prv2/codebase/projects/grid/RegistrationConsumerImpl/ext/test/lib/dbunit-2.1.jar:/Users/kherm/dev/cvsroot/c3prv2/codebase/projects/grid/RegistrationConsumerImpl/ext/test/lib/easymock.jar:/Users/kherm/dev/cvsroot/c3prv2/codebase/projects/grid/RegistrationConsumerImpl/ext/test/lib/easymockclassextension.jar:/Users/kherm/dev/cvsroot/c3prv2/codebase/projects/grid/RegistrationConsumerImpl/ext/test/lib/hsqldb.jar:/Users/kherm/dev/cvsroot/c3prv2/codebase/projects/grid/RegistrationConsumerImpl/ext/test/lib/junit-3.8.1.jar:/Users/kherm/dev/cvsroot/c3prv2/codebase/projects/grid/RegistrationConsumerImpl/ext/test/lib/servlet-api.jar:/Users/kherm/dev/cvsroot/c3prv2/codebase/projects/grid/RegistrationConsumerImpl/ext/test/lib/spring-mock.jar:/Users/kherm/dev/cvsroot/c3prv2/codebase/projects/grid/RegistrationConsumerImpl/test/resources:/Users/kherm/dev/cvsroot/c3prv2/codebase/projects/grid/RegistrationConsumerImpl/build/test/classes:/Users/kherm/dev/cvsroot/c3prv2/codebase/share/cobertura-1.8/cobertura.jar:/Users/kherm/dev/cvsroot/c3prv2/codebase/share/cobertura-1.8/lib/asm-2.2.1.jar:/Users/kherm/dev/cvsroot/c3prv2/codebase/share/cobertura-1.8/lib/jakarta-oro-2.0.8.jar:/Users/kherm/dev/cvsroot/c3prv2/codebase/share/cobertura-1.8/lib/log4j-1.2.9.jar:/Library/Ant1.6.5/lib/junit.jar:/Library/Ant1.6.5/lib/ant-launcher.jar:/Library/Ant1.6.5/lib/ant.jar:/Library/Ant1.6.5/lib/ant-junit.jar:/System/Library/Frameworks/JavaVM.framework/Versions/1.5.0/Classes/.compatibility/14compatibility.jar"></property>
    <property name="env.PGDATA" value="/usr/local/pgsql/data"></property>
    <property name="tomcat.deploy.dir" value="/Users/kherm/dev/tomcat-wsrf/webapps/wsrf/WEB-INF/lib"></property>
    <property name="env.JBOSS_HOME" value="/Users/kherm/dev/jboss"></property>
    <property name="env.JPDA_TRANSPORT" value="dt_socket"></property>
    <property name="project.name" value="c3pr-registration-consumer-impl"></property>
    <property name="env.CVS_RSH" value="ssh"></property>
    <property name="java.vm.specification.name" value="Java Virtual Machine Specification"></property>
    <property name="java.vm.specification.version" value="1.0"></property>
    <property name="ant.file.grid" value="/Users/kherm/dev/cvsroot/c3prv2/codebase/projects/grid/build.xml"></property>
    <property name="sun.os.patch.level" value="unknown"></property>
    <property name="sun.cpu.endian" value="little"></property>
    <property name="env.HOME" value="/Users/kherm"></property>
    <property name="env.ANT_HOME" value="/Library/Ant1.6.5"></property>
    <property name="java.io.tmpdir" value="/tmp"></property>
    <property name="ant.file.grid-test" value="/Users/kherm/dev/cvsroot/c3prv2/codebase/projects/grid/antfiles/build-test.xml"></property>
    <property name="java.vendor.url.bug" value="http://developer.apple.com/java/"></property>
    <property name="java.awt.graphicsenv" value="apple.awt.CGraphicsEnvironment"></property>
    <property name="os.arch" value="i386"></property>
    <property name="java.ext.dirs" value="/Library/Java/Extensions:/System/Library/Java/Extensions:/System/Library/Frameworks/JavaVM.framework/Versions/1.5.0/Home/lib/ext"></property>
    <property name="env.PERL5LIB" value="/sw/lib/perl5:/sw/lib/perl5/darwin"></property>
    <property name="env.MAVEN_HOME" value="/Users/kherm/dev/utils/maven"></property>
    <property name="mrj.version" value="1040.1.5.0_07-164"></property>
    <property name="user.dir" value="/Users/kherm/dev/cvsroot/c3prv2/codebase/projects/grid/RegistrationConsumerImpl"></property>
    <property name="testcoverage.datafile" value="/Users/kherm/dev/cvsroot/c3prv2/codebase/projects/grid/test/logs/grid.ser"></property>
    <property name="env.INFOPATH" value="/sw/share/info:/sw/info:/usr/share/info"></property>
    <property name="line.separator" value="
"></property>
    <property name="java.vm.name" value="Java HotSpot(TM) Client VM"></property>
    <property name="env.CACORE_TOOLKIT_HOME" value="/Users/kherm/dev/utils/cacoresdk"></property>
    <property name="env.JPDA_ADDRESS" value="8000"></property>
    <property name="basedir" value="/Users/kherm/dev/cvsroot/c3prv2/codebase/projects/grid/RegistrationConsumerImpl"></property>
    <property name="test.logs.dir" value="/Users/kherm/dev/cvsroot/c3prv2/codebase/projects/grid/test/logs"></property>
    <property name="env.SGML_CATALOG_FILES" value="/sw/etc/sgml/catalog"></property>
    <property name="ant.java.version" value="1.5"></property>
    <property name="jar.name" value="c3pr-registration-consumer-impl.jar"></property>
    <property name="file.encoding" value="MacRoman"></property>
    <property name="java.specification.version" value="1.5"></property>
    <property name="src.dir" value="/Users/kherm/dev/cvsroot/c3prv2/codebase/projects/grid/RegistrationConsumerImpl/src/java"></property>
    <property name="junit.results.dir" value="/Users/kherm/dev/cvsroot/c3prv2/codebase/projects/grid/test/logs/junit"></property>
  </properties>
  <testcase classname="gov.nih.nci.cabig.c3pr.grid.test.C3PRV2RegistrationConsumerTest" name="testRegister" time="1.074"></testcase>
  <system-out><![CDATA[]]></system-out>
  <system-err><![CDATA[]]></system-err>
</testsuite>
