<?xml version="1.0" encoding="UTF-8" ?>
<testsuite errors="0" failures="0" hostname="Manav-Mac.local" name="gov.nih.nci.cabig.c3pr.grid.test.C3PRV2RegistrationConsumerTest" tests="1" time="2.885" timestamp="2007-10-10T21:08:52">
  <properties>
    <property name="java.vendor" value="Apple Computer, Inc." />
    <property name="lib.dir" value="/Users/kherm/dev/cvsroot/c3prv2/codebase/projects/grid/RegistrationConsumerImpl/lib" />
    <property name="ext.globus.dir" value="/Users/kherm/dev/globus" />
    <property name="antfiles.dir" value="/Users/kherm/dev/cvsroot/c3prv2/codebase/projects/grid/RegistrationConsumerImpl/antfiles" />
    <property name="jikes.class.path" value=":/Library/Java/Home/../Classes/charsets.jar:/Library/Java/Home/../Classes/classes.jar:/Library/Java/Home/../Classes/dt.jar:/Library/Java/Home/../Classes/jce.jar:/Library/Java/Home/../Classes/jconsole.jar:/Library/Java/Home/../Classes/jsse.jar:/Library/Java/Home/../Classes/laf.jar:/Library/Java/Home/../Classes/ui.jar" />
    <property name="env.CVSROOT" value=":ext:kherm@cbiocvs2.nci.nih.gov:/share/content/gforge/c3prv2" />
    <property name="sun.management.compiler" value="HotSpot Client Compiler" />
    <property name="env.SECURITYSESSIONID" value="cab880" />
    <property name="os.name" value="Mac OS X" />
    <property name="cobertura.home" value="/Users/kherm/dev/cvsroot/c3prv2/codebase/share/cobertura-1.8" />
    <property name="sun.boot.class.path" value="/System/Library/Frameworks/JavaVM.framework/Versions/1.5.0/Classes/classes.jar:/System/Library/Frameworks/JavaVM.framework/Versions/1.5.0/Classes/ui.jar:/System/Library/Frameworks/JavaVM.framework/Versions/1.5.0/Classes/laf.jar:/System/Library/Frameworks/JavaVM.framework/Versions/1.5.0/Classes/sunrsasign.jar:/System/Library/Frameworks/JavaVM.framework/Versions/1.5.0/Classes/jsse.jar:/System/Library/Frameworks/JavaVM.framework/Versions/1.5.0/Classes/jce.jar:/System/Library/Frameworks/JavaVM.framework/Versions/1.5.0/Classes/charsets.jar" />
    <property name="env.PWD" value="/Users/kherm/dev/cvsroot/c3prv2/codebase/antfiles" />
    <property name="ext.test.dir" value="/Users/kherm/dev/cvsroot/c3prv2/codebase/projects/grid/RegistrationConsumerImpl/ext/test" />
    <property name="java.vm.specification.vendor" value="Sun Microsystems Inc." />
    <property name="net.sourceforge.cobertura.datafile" value="/Users/kherm/dev/cvsroot/c3prv2/codebase/projects/grid/test/logs/grid.ser" />
    <property name="ant.home" value="/Library/Ant1.7" />
    <property name="java.runtime.version" value="1.5.0_07-164" />
    <property name="env.XMLBEANS_HOME" value="/Users/kherm/dev/utils/xmlbeans" />
    <property name="env.GLOBUS_LOCATION" value="/Users/kherm/dev/globus" />
    <property name="test.build.dir" value="/Users/kherm/dev/cvsroot/c3prv2/codebase/projects/grid/RegistrationConsumerImpl/build/test" />
    <property name="user.name" value="kherm" />
    <property name="env.USER" value="kherm" />
    <property name="test.classes.dir" value="/Users/kherm/dev/cvsroot/c3prv2/codebase/projects/grid/RegistrationConsumerImpl/build/test/classes" />
    <property name="env.SHELL" value="/bin/bash" />
    <property name="env.__CF_USER_TEXT_ENCODING" value="0x1F6:0:0" />
    <property name="awt.nativeDoubleBuffering" value="true" />
    <property name="build.dir" value="/Users/kherm/dev/cvsroot/c3prv2/codebase/projects/grid/RegistrationConsumerImpl/build" />
    <property name="ext.lib.dir" value="/Users/kherm/dev/cvsroot/c3prv2/codebase/projects/grid/RegistrationConsumerImpl/ext/lib" />
    <property name="test.resources.dir" value="/Users/kherm/dev/cvsroot/c3prv2/codebase/projects/grid/RegistrationConsumerImpl/test/resources" />
    <property name="env.PATH" value="/sw/bin:/sw/sbin:/bin:/sbin:/usr/bin:/usr/sbin:/Library/Ant1.7/bin:/Library/Java/Home/bin:/Users/kherm/dev/tomcat-wsrf/bin:/Applications/Mplayer:/Users/kherm/dev/utils/maven/bin:/Users/kherm/dev/globus/bin:/Users/kherm/dev/utils/xmlbeans/bin:/usr/local/pgsql/data:/usr/local/pgsql/bin" />
    <property name="user.language" value="en" />
    <property name="ext.dir" value="/Users/kherm/dev/cvsroot/c3prv2/codebase/projects/grid/RegistrationConsumerImpl/ext" />
    <property name="test.report.dir" value="/Users/kherm/dev/cvsroot/c3prv2/codebase/projects/grid/RegistrationConsumerImpl/test/report" />
    <property name="sun.boot.library.path" value="/System/Library/Frameworks/JavaVM.framework/Versions/1.5.0/Libraries" />
    <property name="ant.project.name" value="c3prv2-registration-consumer-impl" />
    <property name="java.version" value="1.5.0_07" />
    <property name="user.timezone" value="" />
    <property name="ext.test.lib.dir" value="/Users/kherm/dev/cvsroot/c3prv2/codebase/projects/grid/RegistrationConsumerImpl/ext/test/lib" />
    <property name="ant.file.c3prv2-registration-consumer-impl" value="/Users/kherm/dev/cvsroot/c3prv2/codebase/projects/grid/RegistrationConsumerImpl/build.xml" />
    <property name="sun.arch.data.model" value="32" />
    <property name="test.jar.name" value="c3pr-registration-consumer-impl-test.jar" />
    <property name="test.src.dir" value="/Users/kherm/dev/cvsroot/c3prv2/codebase/projects/grid/RegistrationConsumerImpl/test/src" />
    <property name="java.endorsed.dirs" value="/System/Library/Frameworks/JavaVM.framework/Versions/1.5.0/Home/lib/endorsed" />
    <property name="env.JDK_HOME" value="/Library/Java/Home" />
    <property name="sun.cpu.isalist" value="" />
    <property name="sun.jnu.encoding" value="MacRoman" />
    <property name="file.encoding.pkg" value="sun.io" />
    <property name="ant.file.c3prv2-registration-consumer-impl-test" value="/Users/kherm/dev/cvsroot/c3prv2/codebase/projects/grid/RegistrationConsumerImpl/antfiles/build-test.xml" />
    <property name="env.SHLVL" value="1" />
    <property name="file.separator" value="/" />
    <property name="java.specification.name" value="Java Platform API Specification" />
    <property name="test.lib.dir" value="/Users/kherm/dev/cvsroot/c3prv2/codebase/projects/grid/RegistrationConsumerImpl/test/lib" />
    <property name="java.class.version" value="49.0" />
    <property name="build.classes.dir" value="/Users/kherm/dev/cvsroot/c3prv2/codebase/projects/grid/RegistrationConsumerImpl/build/classes" />
    <property name="user.country" value="US" />
    <property name="java.home" value="/System/Library/Frameworks/JavaVM.framework/Versions/1.5.0/Home" />
    <property name="java.vm.info" value="mixed mode, sharing" />
    <property name="env.CATALINA_HOME" value="/Users/kherm/dev/tomcat-wsrf" />
    <property name="env.XML_CATALOG_FILES" value="/sw/etc/xml/catalog" />
    <property name="env.LOGNAME" value="kherm" />
    <property name="ant.file" value="/Users/kherm/dev/cvsroot/c3prv2/codebase/projects/grid/RegistrationConsumerImpl/build.xml" />
    <property name="os.version" value="10.4.10" />
    <property name="env.TERM_PROGRAM_VERSION" value="133" />
    <property name="path.separator" value=":" />
    <property name="java.vm.version" value="1.5.0_07-87" />
    <property name="test.jar.dir" value="/Users/kherm/dev/cvsroot/c3prv2/codebase/projects/grid/RegistrationConsumerImpl/build/test/jars" />
    <property name="ant.file.c3pr_grid_artifacts" value="/Users/kherm/dev/cvsroot/c3prv2/codebase/projects/grid/antfiles/artifacts.xml" />
    <property name="ant.library.dir" value="/Library/Ant1.7/lib" />
    <property name="env.JAVA_HOME" value="/Library/Java/Home" />
    <property name="java.awt.printerjob" value="apple.awt.CPrinterJob" />
    <property name="env.TERM" value="xterm-color" />
    <property name="sun.io.unicode.encoding" value="UnicodeLittle" />
    <property name="awt.toolkit" value="apple.awt.CToolkit" />
    <property name="ant.file.c3pr-2.0" value="/Users/kherm/dev/cvsroot/c3prv2/codebase/antfiles/build.xml" />
    <property name="env.MANPATH" value="/sw/share/man:/usr/share/man:/Library/Java/Home/man:/sw/lib/perl5/5.8.6/man" />
    <property name="build.jar.dir" value="/Users/kherm/dev/cvsroot/c3prv2/codebase/projects/grid/RegistrationConsumerImpl/build/jars" />
    <property name="user.home" value="/Users/kherm" />
    <property name="java.specification.vendor" value="Sun Microsystems Inc." />
    <property name="env.TERM_PROGRAM" value="Apple_Terminal" />
    <property name="ant.file.c3pr-2.0-test" value="/Users/kherm/dev/cvsroot/c3prv2/codebase/antfiles/build-test.xml" />
    <property name="test.dir" value="/Users/kherm/dev/cvsroot/c3prv2/codebase/projects/grid/RegistrationConsumerImpl/test" />
    <property name="java.library.path" value=".:/Library/Java/Extensions:/System/Library/Java/Extensions:/usr/lib/java" />
    <property name="java.vendor.url" value="http://apple.com/" />
    <property name="gopherProxySet" value="false" />
    <property name="java.vm.vendor" value="&quot;Apple Computer, Inc.&quot;" />
    <property name="java.runtime.name" value="Java(TM) 2 Runtime Environment, Standard Edition" />
    <property name="java.class.path" value="/Users/kherm/dev/globus/lib/addressing-1.0.jar:/Users/kherm/dev/globus/lib/axis-url.jar:/Users/kherm/dev/globus/lib/axis.jar:/Users/kherm/dev/globus/lib/bootstrap.jar:/Users/kherm/dev/globus/lib/cog-axis.jar:/Users/kherm/dev/globus/lib/cog-jglobus.jar:/Users/kherm/dev/globus/lib/cog-tomcat.jar:/Users/kherm/dev/globus/lib/cog-url.jar:/Users/kherm/dev/globus/lib/commonj.jar:/Users/kherm/dev/globus/lib/commons-beanutils.jar:/Users/kherm/dev/globus/lib/commons-cli-2.0.jar:/Users/kherm/dev/globus/lib/commons-collections-3.0.jar:/Users/kherm/dev/globus/lib/commons-digester.jar:/Users/kherm/dev/globus/lib/commons-discovery.jar:/Users/kherm/dev/globus/lib/commons-logging.jar:/Users/kherm/dev/globus/lib/concurrent.jar:/Users/kherm/dev/globus/lib/cryptix-asn1.jar:/Users/kherm/dev/globus/lib/cryptix.jar:/Users/kherm/dev/globus/lib/cryptix32.jar:/Users/kherm/dev/globus/lib/globus_transfer_service.jar:/Users/kherm/dev/globus/lib/globus_transfer_stubs_java.jar:/Users/kherm/dev/globus/lib/globus_transfer_test.jar:/Users/kherm/dev/globus/lib/globus_usage_core.jar:/Users/kherm/dev/globus/lib/globus_usage_packets_common.jar:/Users/kherm/dev/globus/lib/globus_wsrf_tools_test.jar:/Users/kherm/dev/globus/lib/jaxrpc.jar:/Users/kherm/dev/globus/lib/jce-jdk13-125.jar:/Users/kherm/dev/globus/lib/jgss.jar:/Users/kherm/dev/globus/lib/junit.jar:/Users/kherm/dev/globus/lib/log4j-1.2.8.jar:/Users/kherm/dev/globus/lib/naming-common.jar:/Users/kherm/dev/globus/lib/naming-factory.jar:/Users/kherm/dev/globus/lib/naming-java.jar:/Users/kherm/dev/globus/lib/naming-resources.jar:/Users/kherm/dev/globus/lib/opensaml.jar:/Users/kherm/dev/globus/lib/puretls.jar:/Users/kherm/dev/globus/lib/resolver.jar:/Users/kherm/dev/globus/lib/saaj.jar:/Users/kherm/dev/globus/lib/wsdl4j.jar:/Users/kherm/dev/globus/lib/wsrf_common.jar:/Users/kherm/dev/globus/lib/wsrf_core.jar:/Users/kherm/dev/globus/lib/wsrf_core_registry.jar:/Users/kherm/dev/globus/lib/wsrf_core_registry_stubs.jar:/Users/kherm/dev/globus/lib/wsrf_core_samples_authzService.jar:/Users/kherm/dev/globus/lib/wsrf_core_samples_authzService_stubs.jar:/Users/kherm/dev/globus/lib/wsrf_core_samples_counter.jar:/Users/kherm/dev/globus/lib/wsrf_core_samples_counter_stubs.jar:/Users/kherm/dev/globus/lib/wsrf_core_samples_mgmt.jar:/Users/kherm/dev/globus/lib/wsrf_core_samples_mgmt_stubs.jar:/Users/kherm/dev/globus/lib/wsrf_core_stubs.jar:/Users/kherm/dev/globus/lib/wsrf_provider_jce.jar:/Users/kherm/dev/globus/lib/wsrf_test.jar:/Users/kherm/dev/globus/lib/wsrf_test_interop.jar:/Users/kherm/dev/globus/lib/wsrf_test_interop_stubs.jar:/Users/kherm/dev/globus/lib/wsrf_test_unit.jar:/Users/kherm/dev/globus/lib/wsrf_test_unit_stubs.jar:/Users/kherm/dev/globus/lib/wsrf_tools.jar:/Users/kherm/dev/globus/lib/wss4j.jar:/Users/kherm/dev/globus/lib/xalan.jar:/Users/kherm/dev/globus/lib/xercesImpl.jar:/Users/kherm/dev/globus/lib/xml-apis.jar:/Users/kherm/dev/globus/lib/xmlsec.jar:/Users/kherm/dev/cvsroot/c3prv2/codebase/projects/grid/RegistrationConsumerImpl/ext/lib/RegistrationConsumer-client.jar:/Users/kherm/dev/cvsroot/c3prv2/codebase/projects/grid/RegistrationConsumerImpl/ext/lib/RegistrationConsumer-common.jar:/Users/kherm/dev/cvsroot/c3prv2/codebase/projects/grid/RegistrationConsumerImpl/ext/lib/RegistrationConsumer-service.jar:/Users/kherm/dev/cvsroot/c3prv2/codebase/projects/grid/RegistrationConsumerImpl/ext/lib/RegistrationConsumer-stubs.jar:/Users/kherm/dev/cvsroot/c3prv2/codebase/projects/grid/RegistrationConsumerImpl/ext/lib/RegistrationConsumer-tests.jar:/Users/kherm/dev/cvsroot/c3prv2/codebase/projects/grid/RegistrationConsumerImpl/ext/lib/acegi-csm-0.3.jar:/Users/kherm/dev/cvsroot/c3prv2/codebase/projects/grid/RegistrationConsumerImpl/ext/lib/acegi-security-1.0.3.jar:/Users/kherm/dev/cvsroot/c3prv2/codebase/projects/grid/RegistrationConsumerImpl/ext/lib/acegi-security-cas-1.0.3.jar:/Users/kherm/dev/cvsroot/c3prv2/codebase/projects/grid/RegistrationConsumerImpl/ext/lib/acegi-security-tiger-1.0.3.jar:/Users/kherm/dev/cvsroot/c3prv2/codebase/projects/grid/RegistrationConsumerImpl/ext/lib/activation-1.0.2.jar:/Users/kherm/dev/cvsroot/c3prv2/codebase/projects/grid/RegistrationConsumerImpl/ext/lib/activeio-core-3.0-beta4.jar:/Users/kherm/dev/cvsroot/c3prv2/codebase/projects/grid/RegistrationConsumerImpl/ext/lib/activemq-core-4.0.2.jar:/Users/kherm/dev/cvsroot/c3prv2/codebase/projects/grid/RegistrationConsumerImpl/ext/lib/antlr-2.7.6.jar:/Users/kherm/dev/cvsroot/c3prv2/codebase/projects/grid/RegistrationConsumerImpl/ext/lib/aopalliance.jar:/Users/kherm/dev/cvsroot/c3prv2/codebase/projects/grid/RegistrationConsumerImpl/ext/lib/asm-2.2.3.jar:/Users/kherm/dev/cvsroot/c3prv2/codebase/projects/grid/RegistrationConsumerImpl/ext/lib/asm-commons-2.2.3.jar:/Users/kherm/dev/cvsroot/c3prv2/codebase/projects/grid/RegistrationConsumerImpl/ext/lib/asm-util-2.2.3.jar:/Users/kherm/dev/cvsroot/c3prv2/codebase/projects/grid/RegistrationConsumerImpl/ext/lib/aspectjrt-1.5.3.jar:/Users/kherm/dev/cvsroot/c3prv2/codebase/projects/grid/RegistrationConsumerImpl/ext/lib/aspectjtools.jar:/Users/kherm/dev/cvsroot/c3prv2/codebase/projects/grid/RegistrationConsumerImpl/ext/lib/aspectjweaver-1.5.3.jar:/Users/kherm/dev/cvsroot/c3prv2/codebase/projects/grid/RegistrationConsumerImpl/ext/lib/avalon-framework-cvs-20020806.jar:/Users/kherm/dev/cvsroot/c3prv2/codebase/projects/grid/RegistrationConsumerImpl/ext/lib/backport-util-concurrent-2.1.jar:/Users/kherm/dev/cvsroot/c3prv2/codebase/projects/grid/RegistrationConsumerImpl/ext/lib/c3p0-0.8.5.2.jar:/Users/kherm/dev/cvsroot/c3prv2/codebase/projects/grid/RegistrationConsumerImpl/ext/lib/c3pr-2.0-core-1.0.jar:/Users/kherm/dev/cvsroot/c3prv2/codebase/projects/grid/RegistrationConsumerImpl/ext/lib/c3pr-2.0-esb-client-1.0.jar:/Users/kherm/dev/cvsroot/c3prv2/codebase/projects/grid/RegistrationConsumerImpl/ext/lib/caGrid-1.1-Introduce-1.1-serviceTools.jar:/Users/kherm/dev/cvsroot/c3prv2/codebase/projects/grid/RegistrationConsumerImpl/ext/lib/caGrid-1.1-ServiceSecurityProvider-client.jar:/Users/kherm/dev/cvsroot/c3prv2/codebase/projects/grid/RegistrationConsumerImpl/ext/lib/caGrid-1.1-ServiceSecurityProvider-common.jar:/Users/kherm/dev/cvsroot/c3prv2/codebase/projects/grid/RegistrationConsumerImpl/ext/lib/caGrid-1.1-ServiceSecurityProvider-service.jar:/Users/kherm/dev/cvsroot/c3prv2/codebase/projects/grid/RegistrationConsumerImpl/ext/lib/caGrid-1.1-ServiceSecurityProvider-stubs.jar:/Users/kherm/dev/cvsroot/c3prv2/codebase/projects/grid/RegistrationConsumerImpl/ext/lib/caGrid-1.1-advertisement.jar:/Users/kherm/dev/cvsroot/c3prv2/codebase/projects/grid/RegistrationConsumerImpl/ext/lib/caGrid-1.1-core.jar:/Users/kherm/dev/cvsroot/c3prv2/codebase/projects/grid/RegistrationConsumerImpl/ext/lib/caGrid-1.1-metadata-common.jar:/Users/kherm/dev/cvsroot/c3prv2/codebase/projects/grid/RegistrationConsumerImpl/ext/lib/caGrid-1.1-metadata-data.jar:/Users/kherm/dev/cvsroot/c3prv2/codebase/projects/grid/RegistrationConsumerImpl/ext/lib/caGrid-1.1-metadata-security.jar:/Users/kherm/dev/cvsroot/c3prv2/codebase/projects/grid/RegistrationConsumerImpl/ext/lib/caGrid-1.1-metadataUtils.jar:/Users/kherm/dev/cvsroot/c3prv2/codebase/projects/grid/RegistrationConsumerImpl/ext/lib/castor-0.9.9.jar:/Users/kherm/dev/cvsroot/c3prv2/codebase/projects/grid/RegistrationConsumerImpl/ext/lib/castor-1.1.2.1.jar:/Users/kherm/dev/cvsroot/c3prv2/codebase/projects/grid/RegistrationConsumerImpl/ext/lib/cglib-nodep-2.1_3.jar:/Users/kherm/dev/cvsroot/c3prv2/codebase/projects/grid/RegistrationConsumerImpl/ext/lib/client.jar:/Users/kherm/dev/cvsroot/c3prv2/codebase/projects/grid/RegistrationConsumerImpl/ext/lib/clm-3.2.1-ctms00.jar:/Users/kherm/dev/cvsroot/c3prv2/codebase/projects/grid/RegistrationConsumerImpl/ext/lib/collections-generic-4.01.jar:/Users/kherm/dev/cvsroot/c3prv2/codebase/projects/grid/RegistrationConsumerImpl/ext/lib/commons-beanutils-1.7.0.jar:/Users/kherm/dev/cvsroot/c3prv2/codebase/projects/grid/RegistrationConsumerImpl/ext/lib/commons-collections-3.1.jar:/Users/kherm/dev/cvsroot/c3prv2/codebase/projects/grid/RegistrationConsumerImpl/ext/lib/commons-collections-3.2.jar:/Users/kherm/dev/cvsroot/c3prv2/codebase/projects/grid/RegistrationConsumerImpl/ext/lib/commons-dbcp-1.2.1.jar:/Users/kherm/dev/cvsroot/c3prv2/codebase/projects/grid/RegistrationConsumerImpl/ext/lib/commons-io-1.3.1.jar:/Users/kherm/dev/cvsroot/c3prv2/codebase/projects/grid/RegistrationConsumerImpl/ext/lib/commons-lang-2.1.jar:/Users/kherm/dev/cvsroot/c3prv2/codebase/projects/grid/RegistrationConsumerImpl/ext/lib/commons-logging.jar:/Users/kherm/dev/cvsroot/c3prv2/codebase/projects/grid/RegistrationConsumerImpl/ext/lib/commons-pool-1.2.jar:/Users/kherm/dev/cvsroot/c3prv2/codebase/projects/grid/RegistrationConsumerImpl/ext/lib/csmapi-3.2.1-ctms00.jar:/Users/kherm/dev/cvsroot/c3prv2/codebase/projects/grid/RegistrationConsumerImpl/ext/lib/ctms-commons-base-0.3.jar:/Users/kherm/dev/cvsroot/c3prv2/codebase/projects/grid/RegistrationConsumerImpl/ext/lib/ctms-commons-core-0.3.jar:/Users/kherm/dev/cvsroot/c3prv2/codebase/projects/grid/RegistrationConsumerImpl/ext/lib/ctms-commons-lang-0.3.jar:/Users/kherm/dev/cvsroot/c3prv2/codebase/projects/grid/RegistrationConsumerImpl/ext/lib/ctms-commons-web-0.3.jar:/Users/kherm/dev/cvsroot/c3prv2/codebase/projects/grid/RegistrationConsumerImpl/ext/lib/dom4j-1.6.1.jar:/Users/kherm/dev/cvsroot/c3prv2/codebase/projects/grid/RegistrationConsumerImpl/ext/lib/ehcache-1.2.3.jar:/Users/kherm/dev/cvsroot/c3prv2/codebase/projects/grid/RegistrationConsumerImpl/ext/lib/ejb3-persistence.jar:/Users/kherm/dev/cvsroot/c3prv2/codebase/projects/grid/RegistrationConsumerImpl/ext/lib/fop.jar:/Users/kherm/dev/cvsroot/c3prv2/codebase/projects/grid/RegistrationConsumerImpl/ext/lib/globus_wsrf_mds_aggregator.jar:/Users/kherm/dev/cvsroot/c3prv2/codebase/projects/grid/RegistrationConsumerImpl/ext/lib/globus_wsrf_mds_aggregator_stubs.jar:/Users/kherm/dev/cvsroot/c3prv2/codebase/projects/grid/RegistrationConsumerImpl/ext/lib/globus_wsrf_servicegroup.jar:/Users/kherm/dev/cvsroot/c3prv2/codebase/projects/grid/RegistrationConsumerImpl/ext/lib/globus_wsrf_servicegroup_stubs.jar:/Users/kherm/dev/cvsroot/c3prv2/codebase/projects/grid/RegistrationConsumerImpl/ext/lib/handle.jar:/Users/kherm/dev/cvsroot/c3prv2/codebase/projects/grid/RegistrationConsumerImpl/ext/lib/handlerservice.jar:/Users/kherm/dev/cvsroot/c3prv2/codebase/projects/grid/RegistrationConsumerImpl/ext/lib/hibernate-annotations.jar:/Users/kherm/dev/cvsroot/c3prv2/codebase/projects/grid/RegistrationConsumerImpl/ext/lib/hibernate3.2.1.jar:/Users/kherm/dev/cvsroot/c3prv2/codebase/projects/grid/RegistrationConsumerImpl/ext/lib/jakarta-oro-2.0.8.jar:/Users/kherm/dev/cvsroot/c3prv2/codebase/projects/grid/RegistrationConsumerImpl/ext/lib/jboss-j2ee-4.0.5.jar:/Users/kherm/dev/cvsroot/c3prv2/codebase/projects/grid/RegistrationConsumerImpl/ext/lib/jboss-jsr77.jar:/Users/kherm/dev/cvsroot/c3prv2/codebase/projects/grid/RegistrationConsumerImpl/ext/lib/jdom-1.0.jar:/Users/kherm/dev/cvsroot/c3prv2/codebase/projects/grid/RegistrationConsumerImpl/ext/lib/jdom.jar:/Users/kherm/dev/cvsroot/c3prv2/codebase/projects/grid/RegistrationConsumerImpl/ext/lib/jstl.jar:/Users/kherm/dev/cvsroot/c3prv2/codebase/projects/grid/RegistrationConsumerImpl/ext/lib/jta.jar:/Users/kherm/dev/cvsroot/c3prv2/codebase/projects/grid/RegistrationConsumerImpl/ext/lib/log4j-1.2.13.jar:/Users/kherm/dev/cvsroot/c3prv2/codebase/projects/grid/RegistrationConsumerImpl/ext/lib/mail-1.3.2.jar:/Users/kherm/dev/cvsroot/c3prv2/codebase/projects/grid/RegistrationConsumerImpl/ext/lib/mobius_common_client-1.1.jar:/Users/kherm/dev/cvsroot/c3prv2/codebase/projects/grid/RegistrationConsumerImpl/ext/lib/mobius_factories-1.1.jar:/Users/kherm/dev/cvsroot/c3prv2/codebase/projects/grid/RegistrationConsumerImpl/ext/lib/mobius_gme_client-1.1.jar:/Users/kherm/dev/cvsroot/c3prv2/codebase/projects/grid/RegistrationConsumerImpl/ext/lib/mobius_mako_client-1.1.jar:/Users/kherm/dev/cvsroot/c3prv2/codebase/projects/grid/RegistrationConsumerImpl/ext/lib/mobius_tools-1.1.jar:/Users/kherm/dev/cvsroot/c3prv2/codebase/projects/grid/RegistrationConsumerImpl/ext/lib/northwestern-core-commons.jar:/Users/kherm/dev/cvsroot/c3prv2/codebase/projects/grid/RegistrationConsumerImpl/ext/lib/ojdbc14.jar:/Users/kherm/dev/cvsroot/c3prv2/codebase/projects/grid/RegistrationConsumerImpl/ext/lib/postgresql-8.1-407.jdbc3.jar:/Users/kherm/dev/cvsroot/c3prv2/codebase/projects/grid/RegistrationConsumerImpl/ext/lib/spring-aspects.jar:/Users/kherm/dev/cvsroot/c3prv2/codebase/projects/grid/RegistrationConsumerImpl/ext/lib/spring.jar:/Users/kherm/dev/cvsroot/c3prv2/codebase/projects/grid/RegistrationConsumerImpl/ext/lib/spring2.0.2.jar:/Users/kherm/dev/cvsroot/c3prv2/codebase/projects/grid/RegistrationConsumerImpl/ext/lib/standard.jar:/Users/kherm/dev/cvsroot/c3prv2/codebase/projects/grid/RegistrationConsumerImpl/ext/lib/xbean-spring-2.7.jar:/Users/kherm/dev/cvsroot/c3prv2/codebase/projects/grid/RegistrationConsumerImpl/ext/lib/xerces-2.6.2.jar:/Users/kherm/dev/cvsroot/c3prv2/codebase/projects/grid/RegistrationConsumerImpl/ext/lib/xercesImpl.jar:/Users/kherm/dev/cvsroot/c3prv2/codebase/projects/grid/RegistrationConsumerImpl/build/classes:/Users/kherm/dev/cvsroot/c3prv2/codebase/projects/grid/RegistrationConsumerImpl/ext/test/lib/c3pr-2.0-core-tests-1.0.jar:/Users/kherm/dev/cvsroot/c3prv2/codebase/projects/grid/RegistrationConsumerImpl/ext/test/lib/catrip-test-report-1.0.jar:/Users/kherm/dev/cvsroot/c3prv2/codebase/projects/grid/RegistrationConsumerImpl/ext/test/lib/core-commons-testing.jar:/Users/kherm/dev/cvsroot/c3prv2/codebase/projects/grid/RegistrationConsumerImpl/ext/test/lib/dbunit-2.1.jar:/Users/kherm/dev/cvsroot/c3prv2/codebase/projects/grid/RegistrationConsumerImpl/ext/test/lib/easymock.jar:/Users/kherm/dev/cvsroot/c3prv2/codebase/projects/grid/RegistrationConsumerImpl/ext/test/lib/easymockclassextension.jar:/Users/kherm/dev/cvsroot/c3prv2/codebase/projects/grid/RegistrationConsumerImpl/ext/test/lib/hsqldb.jar:/Users/kherm/dev/cvsroot/c3prv2/codebase/projects/grid/RegistrationConsumerImpl/ext/test/lib/junit-3.8.1.jar:/Users/kherm/dev/cvsroot/c3prv2/codebase/projects/grid/RegistrationConsumerImpl/ext/test/lib/servlet-api.jar:/Users/kherm/dev/cvsroot/c3prv2/codebase/projects/grid/RegistrationConsumerImpl/ext/test/lib/spring-mock.jar:/Users/kherm/dev/cvsroot/c3prv2/codebase/projects/grid/RegistrationConsumerImpl/test/resources:/Users/kherm/dev/cvsroot/c3prv2/codebase/projects/grid/RegistrationConsumerImpl/build/test/classes:/Users/kherm/dev/cvsroot/c3prv2/codebase/share/cobertura-1.8/cobertura.jar:/Users/kherm/dev/cvsroot/c3prv2/codebase/share/cobertura-1.8/lib/asm-2.2.1.jar:/Users/kherm/dev/cvsroot/c3prv2/codebase/share/cobertura-1.8/lib/jakarta-oro-2.0.8.jar:/Users/kherm/dev/cvsroot/c3prv2/codebase/share/cobertura-1.8/lib/log4j-1.2.9.jar:/Library/Ant1.7/lib/ant-launcher.jar:/Library/Ant1.7/lib/ant.jar:/Library/Ant1.7/lib/ant-junit.jar:/System/Library/Frameworks/JavaVM.framework/Versions/1.5.0/Classes/.compatibility/14compatibility.jar" />
    <property name="ant.file.catrip-1.0-codedrop" value="/Users/kherm/dev/cvsroot/c3prv2/codebase/antfiles/build-codedrop.xml" />
    <property name="env.PGDATA" value="/usr/local/pgsql/data" />
    <property name="env.JBOSS_HOME" value="/Users/kherm/dev/jboss" />
    <property name="env.JPDA_TRANSPORT" value="dt_socket" />
    <property name="tomcat.deploy.dir" value="/Users/kherm/dev/tomcat-wsrf/webapps/wsrf/WEB-INF/lib" />
    <property name="project.name" value="c3pr-registration-consumer-impl" />
    <property name="ant.file.c3pr-2.0-reports" value="/Users/kherm/dev/cvsroot/c3prv2/codebase/antfiles/build-reports.xml" />
    <property name="env.CVS_RSH" value="ssh" />
    <property name="java.vm.specification.name" value="Java Virtual Machine Specification" />
    <property name="env.JAVA_MAIN_CLASS_7270" value="org.apache.tools.ant.launch.Launcher" />
    <property name="java.vm.specification.version" value="1.0" />
    <property name="ant.file.grid" value="/Users/kherm/dev/cvsroot/c3prv2/codebase/projects/grid/build.xml" />
    <property name="sun.os.patch.level" value="unknown" />
    <property name="sun.cpu.endian" value="little" />
    <property name="env.HOME" value="/Users/kherm" />
    <property name="env.ANT_HOME" value="/Library/Ant1.7" />
    <property name="java.io.tmpdir" value="/tmp" />
    <property name="ant.file.grid-test" value="/Users/kherm/dev/cvsroot/c3prv2/codebase/projects/grid/antfiles/build-test.xml" />
    <property name="java.vendor.url.bug" value="http://developer.apple.com/java/" />
    <property name="os.arch" value="i386" />
    <property name="java.awt.graphicsenv" value="apple.awt.CGraphicsEnvironment" />
    <property name="env.PERL5LIB" value="/sw/lib/perl5:/sw/lib/perl5/darwin" />
    <property name="java.ext.dirs" value="/Library/Java/Extensions:/System/Library/Java/Extensions:/System/Library/Frameworks/JavaVM.framework/Versions/1.5.0/Home/lib/ext" />
    <property name="user.dir" value="/Users/kherm/dev/cvsroot/c3prv2/codebase/projects/grid/RegistrationConsumerImpl" />
    <property name="env.MAVEN_HOME" value="/Users/kherm/dev/utils/maven" />
    <property name="mrj.version" value="1040.1.5.0_07-164" />
    <property name="testcoverage.datafile" value="/Users/kherm/dev/cvsroot/c3prv2/codebase/projects/grid/test/logs/grid.ser" />
    <property name="env.INFOPATH" value="/sw/share/info:/sw/info:/usr/share/info" />
    <property name="line.separator" value="
" />
    <property name="env.CACORE_TOOLKIT_HOME" value="/Users/kherm/dev/utils/cacoresdk" />
    <property name="java.vm.name" value="Java HotSpot(TM) Client VM" />
    <property name="env.JPDA_ADDRESS" value="8000" />
    <property name="basedir" value="/Users/kherm/dev/cvsroot/c3prv2/codebase/projects/grid/RegistrationConsumerImpl" />
    <property name="ant.file.c3pr-2.0-utilities" value="/Users/kherm/dev/cvsroot/c3prv2/codebase/antfiles/build-utilities.xml" />
    <property name="test.logs.dir" value="/Users/kherm/dev/cvsroot/c3prv2/codebase/projects/grid/test/logs" />
    <property name="ant.java.version" value="1.5" />
    <property name="env.SGML_CATALOG_FILES" value="/sw/etc/sgml/catalog" />
    <property name="jar.name" value="c3pr-registration-consumer-impl.jar" />
    <property name="file.encoding" value="MacRoman" />
    <property name="ant.file.c3pr-2.0-artifacts" value="/Users/kherm/dev/cvsroot/c3prv2/codebase/antfiles/build-artifacts.xml" />
    <property name="java.specification.version" value="1.5" />
    <property name="src.dir" value="/Users/kherm/dev/cvsroot/c3prv2/codebase/projects/grid/RegistrationConsumerImpl/src/java" />
    <property name="junit.results.dir" value="/Users/kherm/dev/cvsroot/c3prv2/codebase/test/logs" />
  </properties>
  <testcase classname="gov.nih.nci.cabig.c3pr.grid.test.C3PRV2RegistrationConsumerTest" name="testRegister" time="1.737" />
  <system-out><![CDATA[]]></system-out>
  <system-err><![CDATA[]]></system-err>
</testsuite>
