<?xml version="1.0" encoding="UTF-8" ?>
<testsuite errors="0" failures="0" hostname="Manav-Mac.local" name="edu.duke.cabig.c3pr.web.study.ViewStudyControllerTest" tests="1" time="1.165" timestamp="2007-10-10T21:09:24">
  <properties>
    <property name="file.encoding.pkg" value="sun.io" />
    <property name="env.JPDA_TRANSPORT" value="dt_socket" />
    <property name="java.home" value="/System/Library/Frameworks/JavaVM.framework/Versions/1.5.0/Home" />
    <property name="test.src.dir" value="/Users/kherm/dev/cvsroot/c3prv2/codebase/projects/web/test/src" />
    <property name="webapp.name" value="c3pr" />
    <property name="test.project.jar" value="/Users/kherm/dev/cvsroot/c3prv2/codebase/projects/web/build/jars/c3pr-2.0-c3pr-2.0-web-tests-1.0.jar" />
    <property name="debug" value="on" />
    <property name="env.SECURITYSESSIONID" value="cab880" />
    <property name="java.endorsed.dirs" value="/System/Library/Frameworks/JavaVM.framework/Versions/1.5.0/Home/lib/endorsed" />
    <property name="env.LOGNAME" value="kherm" />
    <property name="src.dir" value="/Users/kherm/dev/cvsroot/c3prv2/codebase/projects/web/src" />
    <property name="sun.os.patch.level" value="unknown" />
    <property name="java.vendor.url" value="http://apple.com/" />
    <property name="ant.file.c3pr-2.0" value="/Users/kherm/dev/cvsroot/c3prv2/codebase/antfiles/build.xml" />
    <property name="env.TERM_PROGRAM_VERSION" value="133" />
    <property name="java.version" value="1.5.0_07" />
    <property name="jikes.class.path" value=":/Library/Java/Home/../Classes/charsets.jar:/Library/Java/Home/../Classes/classes.jar:/Library/Java/Home/../Classes/dt.jar:/Library/Java/Home/../Classes/jce.jar:/Library/Java/Home/../Classes/jconsole.jar:/Library/Java/Home/../Classes/jsse.jar:/Library/Java/Home/../Classes/laf.jar:/Library/Java/Home/../Classes/ui.jar" />
    <property name="test.logs.dir" value="/Users/kherm/dev/cvsroot/c3prv2/codebase/projects/web/test/logs" />
    <property name="conf.dir" value="/Users/kherm/dev/cvsroot/c3prv2/codebase/projects/web/conf" />
    <property name="java.vendor.url.bug" value="http://developer.apple.com/java/" />
    <property name="hotlinks.psc" value="http://10.10.10.2:8041/studycalendar/pages/schedule" />
    <property name="test.lib.dir" value="/Users/kherm/dev/cvsroot/c3prv2/codebase/projects/web/test/lib" />
    <property name="user.name" value="kherm" />
    <property name="authorizationSwitch" value="true" />
    <property name="outgoing.mail.from.address" value="cruisecontrol@semanticbits.com" />
    <property name="env.CVS_RSH" value="ssh" />
    <property name="ext.dir" value="/Users/kherm/dev/cvsroot/c3prv2/codebase/projects/web/ext" />
    <property name="sun.io.unicode.encoding" value="UnicodeLittle" />
    <property name="env.CVSROOT" value=":ext:kherm@cbiocvs2.nci.nih.gov:/share/content/gforge/c3prv2" />
    <property name="env.CACORE_TOOLKIT_HOME" value="/Users/kherm/dev/utils/cacoresdk" />
    <property name="env.PERL5LIB" value="/sw/lib/perl5:/sw/lib/perl5/darwin" />
    <property name="sun.jnu.encoding" value="MacRoman" />
    <property name="webinf.lib.dir" value="/Users/kherm/dev/cvsroot/c3prv2/codebase/projects/web/web/WEB-INF/lib" />
    <property name="java.runtime.name" value="Java(TM) 2 Runtime Environment, Standard Edition" />
    <property name="datasource.url" value="jdbc:postgresql://localhost:5432/c3pr_dev" />
    <property name="ant.file.c3pr-2.0-web" value="/Users/kherm/dev/cvsroot/c3prv2/codebase/projects/web/build.xml" />
    <property name="lib.dir" value="/Users/kherm/dev/cvsroot/c3prv2/codebase/projects/web/lib" />
    <property name="project.version" value="1.0" />
    <property name="datasource.driver" value="org.postgresql.Driver" />
    <property name="java.specification.name" value="Java Platform API Specification" />
    <property name="esb.brokerUrl" value="tcp://localhost:61616" />
    <property name="user.timezone" value="" />
    <property name="ant.file.c3pr-2.0-reports" value="/Users/kherm/dev/cvsroot/c3prv2/codebase/antfiles/build-reports.xml" />
    <property name="path.separator" value=":" />
    <property name="project.name" value="c3pr-2.0-web" />
    <property name="file.encoding" value="MacRoman" />
    <property name="ext.resources.dir" value="/Users/kherm/dev/cvsroot/c3prv2/codebase/projects/web/ext/resources" />
    <property name="junit.results.dir" value="/Users/kherm/dev/cvsroot/c3prv2/codebase/test/logs" />
    <property name="env.HOME" value="/Users/kherm" />
    <property name="env.MANPATH" value="/sw/share/man:/usr/share/man:/Library/Java/Home/man:/sw/lib/perl5/5.8.6/man" />
    <property name="webinf.classes.dir" value="/Users/kherm/dev/cvsroot/c3prv2/codebase/projects/web/web/WEB-INF/classes" />
    <property name="ant.file" value="/Users/kherm/dev/cvsroot/c3prv2/codebase/projects/web/build.xml" />
    <property name="src.java.dir" value="/Users/kherm/dev/cvsroot/c3prv2/codebase/projects/web/src/java" />
    <property name="env.SGML_CATALOG_FILES" value="/sw/etc/sgml/catalog" />
    <property name="outgoing.mail.smtp.auth" value="true" />
    <property name="ant.file.c3pr-2.0-artifacts" value="/Users/kherm/dev/cvsroot/c3prv2/codebase/antfiles/build-artifacts.xml" />
    <property name="broadcastEnable" value="false" />
    <property name="java.io.tmpdir" value="/tmp" />
    <property name="TODAY" value="October 10 2007" />
    <property name="user.language" value="en" />
    <property name="line.separator" value="
" />
    <property name="ctmsi.commons.version" value="0.3" />
    <property name="cacore.home" value="~/dev/utils/cacore" />
    <property name="java.vm.info" value="mixed mode, sharing" />
    <property name="java.vm.specification.name" value="Java Virtual Machine Specification" />
    <property name="env.__CF_USER_TEXT_ENCODING" value="0x1F6:0:0" />
    <property name="outgoing.mail.password" value="cruisecontrolpasswd" />
    <property name="test.classes.dir" value="/Users/kherm/dev/cvsroot/c3prv2/codebase/projects/web/build/classes-test" />
    <property name="ant.file.catrip-1.0-codedrop" value="/Users/kherm/dev/cvsroot/c3prv2/codebase/antfiles/build-codedrop.xml" />
    <property name="test.src.java.dir" value="/Users/kherm/dev/cvsroot/c3prv2/codebase/projects/web/test/src/java" />
    <property name="java.awt.printerjob" value="apple.awt.CPrinterJob" />
    <property name="csm.context.name" value="c3pr" />
    <property name="gopherProxySet" value="false" />
    <property name="os.name" value="Mac OS X" />
    <property name="java.specification.vendor" value="Sun Microsystems Inc." />
    <property name="env.TERM" value="xterm-color" />
    <property name="java.vm.name" value="Java HotSpot(TM) Client VM" />
    <property name="mrj.version" value="1040.1.5.0_07-164" />
    <property name="java.library.path" value=".:/Library/Java/Extensions:/System/Library/Java/Extensions:/usr/lib/java" />
    <property name="env.PATH" value="/sw/bin:/sw/sbin:/bin:/sbin:/usr/bin:/usr/sbin:/Library/Ant1.7/bin:/Library/Java/Home/bin:/Users/kherm/dev/tomcat-wsrf/bin:/Applications/Mplayer:/Users/kherm/dev/utils/maven/bin:/Users/kherm/dev/globus/bin:/Users/kherm/dev/utils/xmlbeans/bin:/usr/local/pgsql/data:/usr/local/pgsql/bin" />
    <property name="hotlinks.caaers" value="http://10.10.10.2:8030/caaers/pages/ae/list" />
    <property name="outgoing.mail.server" value="smtp.1and1.com" />
    <property name="env.JDK_HOME" value="/Library/Java/Home" />
    <property name="ant.java.version" value="1.5" />
    <property name="env.PGDATA" value="/usr/local/pgsql/data" />
    <property name="env.INFOPATH" value="/sw/share/info:/sw/info:/usr/share/info" />
    <property name="basedir" value="/Users/kherm/dev/cvsroot/c3prv2/codebase/projects/web" />
    <property name="java.class.version" value="49.0" />
    <property name="env.SHLVL" value="1" />
    <property name="ext.lib.dir" value="/Users/kherm/dev/cvsroot/c3prv2/codebase/projects/web/ext/lib" />
    <property name="env.XMLBEANS_HOME" value="/Users/kherm/dev/utils/xmlbeans" />
    <property name="ant.home" value="/Library/Ant1.7" />
    <property name="env.JBOSS_HOME" value="/Users/kherm/dev/jboss" />
    <property name="datasource.password" value="pguser" />
    <property name="ext.test.lib.dir" value="/Users/kherm/dev/cvsroot/c3prv2/codebase/projects/web/ext/test/lib" />
    <property name="net.sourceforge.cobertura.datafile" value="/Users/kherm/dev/cvsroot/c3prv2/codebase/projects/web/test/logs/web.ser" />
    <property name="war.file" value="/Users/kherm/dev/cvsroot/c3prv2/codebase/projects/web/build/c3prv2.war" />
    <property name="sun.boot.library.path" value="/System/Library/Frameworks/JavaVM.framework/Versions/1.5.0/Libraries" />
    <property name="build.dir" value="/Users/kherm/dev/cvsroot/c3prv2/codebase/projects/web/build" />
    <property name="env.JPDA_ADDRESS" value="8000" />
    <property name="sun.management.compiler" value="HotSpot Client Compiler" />
    <property name="java.awt.graphicsenv" value="apple.awt.CGraphicsEnvironment" />
    <property name="log4j.filename" value="c3pr.log" />
    <property name="env.USER" value="kherm" />
    <property name="src.resources.dir" value="/Users/kherm/dev/cvsroot/c3prv2/codebase/projects/web/src/resources" />
    <property name="webinf.dir" value="/Users/kherm/dev/cvsroot/c3prv2/codebase/projects/web/web/WEB-INF" />
    <property name="ant.file.c3pr-2.0-test" value="/Users/kherm/dev/cvsroot/c3prv2/codebase/antfiles/build-test.xml" />
    <property name="env.TERM_PROGRAM" value="Apple_Terminal" />
    <property name="jar.dir" value="/Users/kherm/dev/cvsroot/c3prv2/codebase/projects/web/build/jars" />
    <property name="ant.project.name" value="c3pr-2.0-web" />
    <property name="log_sql" value="false" />
    <property name="deploy.path" value="/Users/kherm/dev/tomcat-wsrf/webapps" />
    <property name="java.vm.specification.version" value="1.0" />
    <property name="env.GLOBUS_LOCATION" value="/Users/kherm/dev/globus" />
    <property name="awt.toolkit" value="apple.awt.CToolkit" />
    <property name="env.MAVEN_HOME" value="/Users/kherm/dev/utils/maven" />
    <property name="sun.cpu.isalist" value="" />
    <property name="java.ext.dirs" value="/Library/Java/Extensions:/System/Library/Java/Extensions:/System/Library/Frameworks/JavaVM.framework/Versions/1.5.0/Home/lib/ext" />
    <property name="os.version" value="10.4.10" />
    <property name="cobertura.home" value="/Users/kherm/dev/cvsroot/c3prv2/codebase/share/cobertura-1.8" />
    <property name="user.home" value="/Users/kherm" />
    <property name="java.vm.vendor" value="&quot;Apple Computer, Inc.&quot;" />
    <property name="ant.file.c3pr-2.0-web-test" value="/Users/kherm/dev/cvsroot/c3prv2/codebase/projects/web/antfiles/build-test.xml" />
    <property name="env.JAVA_HOME" value="/Library/Java/Home" />
    <property name="user.dir" value="/Users/kherm/dev/cvsroot/c3prv2/codebase/projects/web" />
    <property name="outgoing.mail.username" value="cruisecontrol@semanticbits.com" />
    <property name="env.PWD" value="/Users/kherm/dev/cvsroot/c3prv2/codebase/antfiles" />
    <property name="test.dir" value="/Users/kherm/dev/cvsroot/c3prv2/codebase/projects/web/test" />
    <property name="sun.cpu.endian" value="little" />
    <property name="java.vm.version" value="1.5.0_07-87" />
    <property name="java.class.path" value="/Users/kherm/dev/cvsroot/c3prv2/codebase/projects/web/lib/commons-fileupload-1.2.jar:/Users/kherm/dev/cvsroot/c3prv2/codebase/projects/web/lib/commons-httpclient-3.0-rc2.jar:/Users/kherm/dev/cvsroot/c3prv2/codebase/projects/web/lib/dwr.jar:/Users/kherm/dev/cvsroot/c3prv2/codebase/projects/web/lib/javax.servlet.jar:/Users/kherm/dev/cvsroot/c3prv2/codebase/projects/web/lib/javax.servlet.jsp.jar:/Users/kherm/dev/cvsroot/c3prv2/codebase/projects/web/lib/nls_charset12.jar:/Users/kherm/dev/cvsroot/c3prv2/codebase/projects/web/lib/sitemesh-2.2.1.jar:/Users/kherm/dev/cvsroot/c3prv2/codebase/projects/web/ext/lib/acegi-csm-0.3.jar:/Users/kherm/dev/cvsroot/c3prv2/codebase/projects/web/ext/lib/acegi-security-1.0.3.jar:/Users/kherm/dev/cvsroot/c3prv2/codebase/projects/web/ext/lib/acegi-security-cas-1.0.3.jar:/Users/kherm/dev/cvsroot/c3prv2/codebase/projects/web/ext/lib/acegi-security-tiger-1.0.3.jar:/Users/kherm/dev/cvsroot/c3prv2/codebase/projects/web/ext/lib/activation-1.0.2.jar:/Users/kherm/dev/cvsroot/c3prv2/codebase/projects/web/ext/lib/activeio-core-3.0-beta4.jar:/Users/kherm/dev/cvsroot/c3prv2/codebase/projects/web/ext/lib/activemq-core-4.0.2.jar:/Users/kherm/dev/cvsroot/c3prv2/codebase/projects/web/ext/lib/ant-contrib.jar:/Users/kherm/dev/cvsroot/c3prv2/codebase/projects/web/ext/lib/antlr-2.7.6.jar:/Users/kherm/dev/cvsroot/c3prv2/codebase/projects/web/ext/lib/aopalliance.jar:/Users/kherm/dev/cvsroot/c3prv2/codebase/projects/web/ext/lib/asm-2.2.3.jar:/Users/kherm/dev/cvsroot/c3prv2/codebase/projects/web/ext/lib/asm-commons-2.2.3.jar:/Users/kherm/dev/cvsroot/c3prv2/codebase/projects/web/ext/lib/asm-util-2.2.3.jar:/Users/kherm/dev/cvsroot/c3prv2/codebase/projects/web/ext/lib/aspectjrt-1.5.3.jar:/Users/kherm/dev/cvsroot/c3prv2/codebase/projects/web/ext/lib/aspectjtools.jar:/Users/kherm/dev/cvsroot/c3prv2/codebase/projects/web/ext/lib/aspectjweaver-1.5.3.jar:/Users/kherm/dev/cvsroot/c3prv2/codebase/projects/web/ext/lib/avalon-framework-cvs-20020806.jar:/Users/kherm/dev/cvsroot/c3prv2/codebase/projects/web/ext/lib/backport-util-concurrent-2.1.jar:/Users/kherm/dev/cvsroot/c3prv2/codebase/projects/web/ext/lib/c3p0-0.8.5.2.jar:/Users/kherm/dev/cvsroot/c3prv2/codebase/projects/web/ext/lib/c3pr-2.0-core-1.0.jar:/Users/kherm/dev/cvsroot/c3prv2/codebase/projects/web/ext/lib/c3pr-2.0-esb-client-1.0.jar:/Users/kherm/dev/cvsroot/c3prv2/codebase/projects/web/ext/lib/castor-1.1.2.1.jar:/Users/kherm/dev/cvsroot/c3prv2/codebase/projects/web/ext/lib/cglib-nodep-2.1_3.jar:/Users/kherm/dev/cvsroot/c3prv2/codebase/projects/web/ext/lib/client.jar:/Users/kherm/dev/cvsroot/c3prv2/codebase/projects/web/ext/lib/clm-3.2.1-ctms00.jar:/Users/kherm/dev/cvsroot/c3prv2/codebase/projects/web/ext/lib/collections-generic-4.01.jar:/Users/kherm/dev/cvsroot/c3prv2/codebase/projects/web/ext/lib/commons-beanutils-1.7.0.jar:/Users/kherm/dev/cvsroot/c3prv2/codebase/projects/web/ext/lib/commons-collections-3.1.jar:/Users/kherm/dev/cvsroot/c3prv2/codebase/projects/web/ext/lib/commons-collections-3.2.jar:/Users/kherm/dev/cvsroot/c3prv2/codebase/projects/web/ext/lib/commons-dbcp-1.2.1.jar:/Users/kherm/dev/cvsroot/c3prv2/codebase/projects/web/ext/lib/commons-io-1.3.1.jar:/Users/kherm/dev/cvsroot/c3prv2/codebase/projects/web/ext/lib/commons-lang-2.1.jar:/Users/kherm/dev/cvsroot/c3prv2/codebase/projects/web/ext/lib/commons-logging.jar:/Users/kherm/dev/cvsroot/c3prv2/codebase/projects/web/ext/lib/commons-pool-1.2.jar:/Users/kherm/dev/cvsroot/c3prv2/codebase/projects/web/ext/lib/csmapi-3.2.1-ctms00.jar:/Users/kherm/dev/cvsroot/c3prv2/codebase/projects/web/ext/lib/ctms-commons-base-0.3.jar:/Users/kherm/dev/cvsroot/c3prv2/codebase/projects/web/ext/lib/ctms-commons-core-0.3.jar:/Users/kherm/dev/cvsroot/c3prv2/codebase/projects/web/ext/lib/ctms-commons-lang-0.3.jar:/Users/kherm/dev/cvsroot/c3prv2/codebase/projects/web/ext/lib/ctms-commons-web-0.3.jar:/Users/kherm/dev/cvsroot/c3prv2/codebase/projects/web/ext/lib/dom4j-1.6.1.jar:/Users/kherm/dev/cvsroot/c3prv2/codebase/projects/web/ext/lib/ehcache-1.2.3.jar:/Users/kherm/dev/cvsroot/c3prv2/codebase/projects/web/ext/lib/ejb3-persistence.jar:/Users/kherm/dev/cvsroot/c3prv2/codebase/projects/web/ext/lib/extremecomponents-1.0.1.jar:/Users/kherm/dev/cvsroot/c3prv2/codebase/projects/web/ext/lib/fop.jar:/Users/kherm/dev/cvsroot/c3prv2/codebase/projects/web/ext/lib/handle.jar:/Users/kherm/dev/cvsroot/c3prv2/codebase/projects/web/ext/lib/handlerservice.jar:/Users/kherm/dev/cvsroot/c3prv2/codebase/projects/web/ext/lib/hibernate-annotations.jar:/Users/kherm/dev/cvsroot/c3prv2/codebase/projects/web/ext/lib/hibernate3.2.1.jar:/Users/kherm/dev/cvsroot/c3prv2/codebase/projects/web/ext/lib/jakarta-oro-2.0.8.jar:/Users/kherm/dev/cvsroot/c3prv2/codebase/projects/web/ext/lib/jboss-j2ee-4.0.5.jar:/Users/kherm/dev/cvsroot/c3prv2/codebase/projects/web/ext/lib/jboss-jsr77.jar:/Users/kherm/dev/cvsroot/c3prv2/codebase/projects/web/ext/lib/jdom.jar:/Users/kherm/dev/cvsroot/c3prv2/codebase/projects/web/ext/lib/jstl.jar:/Users/kherm/dev/cvsroot/c3prv2/codebase/projects/web/ext/lib/jta.jar:/Users/kherm/dev/cvsroot/c3prv2/codebase/projects/web/ext/lib/log4j-1.2.13.jar:/Users/kherm/dev/cvsroot/c3prv2/codebase/projects/web/ext/lib/mail-1.3.2.jar:/Users/kherm/dev/cvsroot/c3prv2/codebase/projects/web/ext/lib/northwestern-core-commons.jar:/Users/kherm/dev/cvsroot/c3prv2/codebase/projects/web/ext/lib/ojdbc14.jar:/Users/kherm/dev/cvsroot/c3prv2/codebase/projects/web/ext/lib/poi-3.0-rc4-20070503.jar:/Users/kherm/dev/cvsroot/c3prv2/codebase/projects/web/ext/lib/poi-contrib-3.0-rc4-20070503.jar:/Users/kherm/dev/cvsroot/c3prv2/codebase/projects/web/ext/lib/poi-scratchpad-3.0-rc4-20070503.jar:/Users/kherm/dev/cvsroot/c3prv2/codebase/projects/web/ext/lib/postgresql-8.1-407.jdbc3.jar:/Users/kherm/dev/cvsroot/c3prv2/codebase/projects/web/ext/lib/spring-aspects.jar:/Users/kherm/dev/cvsroot/c3prv2/codebase/projects/web/ext/lib/spring.jar:/Users/kherm/dev/cvsroot/c3prv2/codebase/projects/web/ext/lib/standard.jar:/Users/kherm/dev/cvsroot/c3prv2/codebase/projects/web/ext/lib/xbean-spring-2.7.jar:/Users/kherm/dev/cvsroot/c3prv2/codebase/projects/web/ext/lib/xerces-2.6.2.jar:/Users/kherm/dev/cvsroot/c3prv2/codebase/projects/web/ext/lib/xercesImpl.jar:/Users/kherm/dev/tomcat-wsrf/common/lib/ant-launcher.jar:/Users/kherm/dev/tomcat-wsrf/common/lib/ant.jar:/Users/kherm/dev/tomcat-wsrf/common/lib/clm.jar:/Users/kherm/dev/tomcat-wsrf/common/lib/commons-collections-3.1.jar:/Users/kherm/dev/tomcat-wsrf/common/lib/commons-dbcp-1.2.1.jar:/Users/kherm/dev/tomcat-wsrf/common/lib/commons-el.jar:/Users/kherm/dev/tomcat-wsrf/common/lib/commons-pool-1.2.jar:/Users/kherm/dev/tomcat-wsrf/common/lib/jasper-compiler.jar:/Users/kherm/dev/tomcat-wsrf/common/lib/jasper-runtime.jar:/Users/kherm/dev/tomcat-wsrf/common/lib/jsp-api.jar:/Users/kherm/dev/tomcat-wsrf/common/lib/mysql-connector-java-3.1.11-bin.jar:/Users/kherm/dev/tomcat-wsrf/common/lib/naming-common.jar:/Users/kherm/dev/tomcat-wsrf/common/lib/naming-factory.jar:/Users/kherm/dev/tomcat-wsrf/common/lib/naming-java.jar:/Users/kherm/dev/tomcat-wsrf/common/lib/naming-resources.jar:/Users/kherm/dev/tomcat-wsrf/common/lib/ojdbc14.jar:/Users/kherm/dev/tomcat-wsrf/common/lib/postgresql-8.1-407.jdbc3.jar:/Users/kherm/dev/tomcat-wsrf/common/lib/servlet-api.jar:/Users/kherm/dev/cvsroot/c3prv2/codebase/projects/web/ext/compile/lib/c3pr-management-1.0.jar:/Users/kherm/dev/cvsroot/c3prv2/codebase/projects/web/build/jars/c3pr-2.0-c3pr-2.0-web-tests-1.0.jar:/Users/kherm/dev/cvsroot/c3prv2/codebase/projects/web/build/jars/c3pr-2.0-web-1.0.jar:/Users/kherm/dev/cvsroot/c3prv2/codebase/projects/web/test/lib/catrip-test-report-1.0.jar:/Users/kherm/dev/cvsroot/c3prv2/codebase/projects/web/test/lib/core-commons-testing.jar:/Users/kherm/dev/cvsroot/c3prv2/codebase/projects/web/test/lib/easymock.jar:/Users/kherm/dev/cvsroot/c3prv2/codebase/projects/web/test/lib/easymockclassextension.jar:/Users/kherm/dev/cvsroot/c3prv2/codebase/projects/web/test/lib/servlet-api.jar:/Users/kherm/dev/cvsroot/c3prv2/codebase/projects/web/ext/test/lib/c3pr-2.0-core-tests-1.0.jar:/Users/kherm/dev/cvsroot/c3prv2/codebase/projects/web/ext/test/lib/catrip-test-report-1.0.jar:/Users/kherm/dev/cvsroot/c3prv2/codebase/projects/web/ext/test/lib/core-commons-testing.jar:/Users/kherm/dev/cvsroot/c3prv2/codebase/projects/web/ext/test/lib/dbunit-2.1.jar:/Users/kherm/dev/cvsroot/c3prv2/codebase/projects/web/ext/test/lib/easymock.jar:/Users/kherm/dev/cvsroot/c3prv2/codebase/projects/web/ext/test/lib/easymockclassextension.jar:/Users/kherm/dev/cvsroot/c3prv2/codebase/projects/web/ext/test/lib/hsqldb.jar:/Users/kherm/dev/cvsroot/c3prv2/codebase/projects/web/ext/test/lib/junit-3.8.1.jar:/Users/kherm/dev/cvsroot/c3prv2/codebase/projects/web/ext/test/lib/servlet-api.jar:/Users/kherm/dev/cvsroot/c3prv2/codebase/projects/web/ext/test/lib/spring-mock.jar:/Users/kherm/dev/cvsroot/c3prv2/codebase/share/cobertura-1.8/cobertura.jar:/Users/kherm/dev/cvsroot/c3prv2/codebase/share/cobertura-1.8/lib/asm-2.2.1.jar:/Users/kherm/dev/cvsroot/c3prv2/codebase/share/cobertura-1.8/lib/jakarta-oro-2.0.8.jar:/Users/kherm/dev/cvsroot/c3prv2/codebase/share/cobertura-1.8/lib/log4j-1.2.9.jar:/Library/Ant1.7/lib/ant-launcher.jar:/Library/Ant1.7/lib/ant.jar:/Library/Ant1.7/lib/ant-junit.jar:/System/Library/Frameworks/JavaVM.framework/Versions/1.5.0/Classes/.compatibility/14compatibility.jar" />
    <property name="DSTAMP" value="20071010" />
    <property name="ant.library.dir" value="/Library/Ant1.7/lib" />
    <property name="os.arch" value="i386" />
    <property name="webinfviews.dir" value="/Users/kherm/dev/cvsroot/c3prv2/codebase/projects/web/web/WEB-INF/views" />
    <property name="testcoverage.datafile" value="/Users/kherm/dev/cvsroot/c3prv2/codebase/projects/web/test/logs/web.ser" />
    <property name="classes.dir" value="/Users/kherm/dev/cvsroot/c3prv2/codebase/projects/web/build/classes" />
    <property name="datasource.dialect" value="org.hibernate.dialect.PostgreSQLDialect" />
    <property name="datasource.username" value="pg" />
    <property name="java.vm.specification.vendor" value="Sun Microsystems Inc." />
    <property name="TSTAMP" value="1708" />
    <property name="grid.idpUrl" value="https://10.10.10.2:8446/wsrf/services/cagrid/AuthenticationService" />
    <property name="ant.file.c3pr-2.0-utilities" value="/Users/kherm/dev/cvsroot/c3prv2/codebase/antfiles/build-utilities.xml" />
    <property name="file.separator" value="/" />
    <property name="java.runtime.version" value="1.5.0_07-164" />
    <property name="sun.boot.class.path" value="/System/Library/Frameworks/JavaVM.framework/Versions/1.5.0/Classes/classes.jar:/System/Library/Frameworks/JavaVM.framework/Versions/1.5.0/Classes/ui.jar:/System/Library/Frameworks/JavaVM.framework/Versions/1.5.0/Classes/laf.jar:/System/Library/Frameworks/JavaVM.framework/Versions/1.5.0/Classes/sunrsasign.jar:/System/Library/Frameworks/JavaVM.framework/Versions/1.5.0/Classes/jsse.jar:/System/Library/Frameworks/JavaVM.framework/Versions/1.5.0/Classes/jce.jar:/System/Library/Frameworks/JavaVM.framework/Versions/1.5.0/Classes/charsets.jar" />
    <property name="project.jarfile" value="/Users/kherm/dev/cvsroot/c3prv2/codebase/projects/web/build/jars/c3pr-2.0-web-1.0.jar" />
    <property name="tomcat.home" value="/Users/kherm/dev/tomcat-wsrf" />
    <property name="env.JAVA_MAIN_CLASS_7270" value="org.apache.tools.ant.launch.Launcher" />
    <property name="user.country" value="US" />
    <property name="env.ANT_HOME" value="/Library/Ant1.7" />
    <property name="env.SHELL" value="/bin/bash" />
    <property name="hotlinks.c3d" value="https://octrials-train.nci.nih.gov/opa45/rdclaunch.htm" />
    <property name="env.XML_CATALOG_FILES" value="/sw/etc/xml/catalog" />
    <property name="java.vendor" value="Apple Computer, Inc." />
    <property name="grid.ifsUrl" value="https://10.10.10.2:8443/wsrf/services/cagrid/Dorian" />
    <property name="web.dir" value="/Users/kherm/dev/cvsroot/c3prv2/codebase/projects/web/web" />
    <property name="awt.nativeDoubleBuffering" value="true" />
    <property name="env.CATALINA_HOME" value="/Users/kherm/dev/tomcat-wsrf" />
    <property name="java.specification.version" value="1.5" />
    <property name="sun.arch.data.model" value="32" />
  </properties>
  <testcase classname="edu.duke.cabig.c3pr.web.study.ViewStudyControllerTest" name="testFileExport" time="0.784" />
  <system-out><![CDATA[]]></system-out>
  <system-err><![CDATA[]]></system-err>
</testsuite>
