<?xml version="1.0" encoding="UTF-8" ?>
<testsuite errors="0" failures="0" hostname="Manav-Mac.local" name="edu.duke.cabig.c3pr.service.StudySubjectServiceTestCase" tests="37" time="14.575" timestamp="2007-10-10T21:10:51">
  <properties>
    <property name="java.vendor" value="Apple Computer, Inc." />
    <property name="lib.dir" value="/Users/kherm/dev/cvsroot/c3prv2/codebase/projects/core/lib" />
    <property name="antfiles.dir" value="/Users/kherm/dev/cvsroot/c3prv2/codebase/projects/core/antfiles" />
    <property name="jikes.class.path" value=":/Library/Java/Home/../Classes/charsets.jar:/Library/Java/Home/../Classes/classes.jar:/Library/Java/Home/../Classes/dt.jar:/Library/Java/Home/../Classes/jce.jar:/Library/Java/Home/../Classes/jconsole.jar:/Library/Java/Home/../Classes/jsse.jar:/Library/Java/Home/../Classes/laf.jar:/Library/Java/Home/../Classes/ui.jar" />
    <property name="env.CVSROOT" value=":ext:kherm@cbiocvs2.nci.nih.gov:/share/content/gforge/c3prv2" />
    <property name="sun.management.compiler" value="HotSpot Client Compiler" />
    <property name="env.SECURITYSESSIONID" value="cab880" />
    <property name="test.project.jar" value="/Users/kherm/dev/cvsroot/c3prv2/codebase/projects/core/build/jars/c3pr-2.0-core-tests-1.0.jar" />
    <property name="os.name" value="Mac OS X" />
    <property name="csm.conf.dir" value="/Users/kherm/dev/cvsroot/c3prv2/codebase/projects/core/conf//csm" />
    <property name="cobertura.home" value="/Users/kherm/dev/cvsroot/c3prv2/codebase/share/cobertura-1.8" />
    <property name="sun.boot.class.path" value="/System/Library/Frameworks/JavaVM.framework/Versions/1.5.0/Classes/classes.jar:/System/Library/Frameworks/JavaVM.framework/Versions/1.5.0/Classes/ui.jar:/System/Library/Frameworks/JavaVM.framework/Versions/1.5.0/Classes/laf.jar:/System/Library/Frameworks/JavaVM.framework/Versions/1.5.0/Classes/sunrsasign.jar:/System/Library/Frameworks/JavaVM.framework/Versions/1.5.0/Classes/jsse.jar:/System/Library/Frameworks/JavaVM.framework/Versions/1.5.0/Classes/jce.jar:/System/Library/Frameworks/JavaVM.framework/Versions/1.5.0/Classes/charsets.jar" />
    <property name="env.PWD" value="/Users/kherm/dev/cvsroot/c3prv2/codebase/antfiles" />
    <property name="postgresql.csm.db.scripts.dir" value="/Users/kherm/dev/cvsroot/c3prv2/codebase/projects/core/db/PostGreSQL/csm" />
    <property name="ant.file.c3pr-2.0-core" value="/Users/kherm/dev/cvsroot/c3prv2/codebase/projects/core/build.xml" />
    <property name="java.vm.specification.vendor" value="Sun Microsystems Inc." />
    <property name="net.sourceforge.cobertura.datafile" value="/Users/kherm/dev/cvsroot/c3prv2/codebase/projects/core/test/logs/queryengine.ser" />
    <property name="ant.home" value="/Library/Ant1.7" />
    <property name="jar.dir" value="/Users/kherm/dev/cvsroot/c3prv2/codebase/projects/core/build/jars" />
    <property name="java.runtime.version" value="1.5.0_07-164" />
    <property name="env.XMLBEANS_HOME" value="/Users/kherm/dev/utils/xmlbeans" />
    <property name="env.GLOBUS_LOCATION" value="/Users/kherm/dev/globus" />
    <property name="src.java.dir" value="/Users/kherm/dev/cvsroot/c3prv2/codebase/projects/core/src/java" />
    <property name="user.name" value="kherm" />
    <property name="bering.migration.dir" value="/Users/kherm/dev/cvsroot/c3prv2/codebase/projects/core/db/bering" />
    <property name="env.USER" value="kherm" />
    <property name="test.classes.dir" value="/Users/kherm/dev/cvsroot/c3prv2/codebase/projects/core/build/classes-test" />
    <property name="env.SHELL" value="/bin/bash" />
    <property name="env.__CF_USER_TEXT_ENCODING" value="0x1F6:0:0" />
    <property name="debug" value="on" />
    <property name="awt.nativeDoubleBuffering" value="true" />
    <property name="build.dir" value="/Users/kherm/dev/cvsroot/c3prv2/codebase/projects/core/build" />
    <property name="ext.lib.dir" value="/Users/kherm/dev/cvsroot/c3prv2/codebase/projects/core/ext/lib" />
    <property name="env.PATH" value="/sw/bin:/sw/sbin:/bin:/sbin:/usr/bin:/usr/sbin:/Library/Ant1.7/bin:/Library/Java/Home/bin:/Users/kherm/dev/tomcat-wsrf/bin:/Applications/Mplayer:/Users/kherm/dev/utils/maven/bin:/Users/kherm/dev/globus/bin:/Users/kherm/dev/utils/xmlbeans/bin:/usr/local/pgsql/data:/usr/local/pgsql/bin" />
    <property name="user.language" value="en" />
    <property name="ext.dir" value="/Users/kherm/dev/cvsroot/c3prv2/codebase/projects/core/ext" />
    <property name="sun.boot.library.path" value="/System/Library/Frameworks/JavaVM.framework/Versions/1.5.0/Libraries" />
    <property name="ant.project.name" value="c3pr-2.0-core" />
    <property name="java.version" value="1.5.0_07" />
    <property name="user.timezone" value="" />
    <property name="oracle.csm.db.scripts.dir" value="/Users/kherm/dev/cvsroot/c3prv2/codebase/projects/core/db/oracle/csm" />
    <property name="ext.test.lib.dir" value="/Users/kherm/dev/cvsroot/c3prv2/codebase/projects/core/ext/test/lib" />
    <property name="resources.dir" value="/Users/kherm/dev/cvsroot/c3prv2/codebase/projects/core/resources" />
    <property name="sun.arch.data.model" value="32" />
    <property name="test.src.dir" value="/Users/kherm/dev/cvsroot/c3prv2/codebase/projects/core/test/src" />
    <property name="java.endorsed.dirs" value="/System/Library/Frameworks/JavaVM.framework/Versions/1.5.0/Home/lib/endorsed" />
    <property name="env.JDK_HOME" value="/Library/Java/Home" />
    <property name="c3pr.properties.file" value="c3pr.properties" />
    <property name="sun.cpu.isalist" value="" />
    <property name="sun.jnu.encoding" value="MacRoman" />
    <property name="file.encoding.pkg" value="sun.io" />
    <property name="env.SHLVL" value="1" />
    <property name="file.separator" value="/" />
    <property name="java.specification.name" value="Java Platform API Specification" />
    <property name="test.lib.dir" value="/Users/kherm/dev/cvsroot/c3prv2/codebase/projects/core/test/lib" />
    <property name="classes.dir" value="/Users/kherm/dev/cvsroot/c3prv2/codebase/projects/core/build/classes" />
    <property name="java.class.version" value="49.0" />
    <property name="project.jarfile" value="/Users/kherm/dev/cvsroot/c3prv2/codebase/projects/core/build/jars/c3pr-2.0-core-1.0.jar" />
    <property name="user.country" value="US" />
    <property name="java.home" value="/System/Library/Frameworks/JavaVM.framework/Versions/1.5.0/Home" />
    <property name="java.vm.info" value="mixed mode, sharing" />
    <property name="postgresql.db.script.dir" value="/Users/kherm/dev/cvsroot/c3prv2/codebase/projects/core/db/PostGreSQL" />
    <property name="env.CATALINA_HOME" value="/Users/kherm/dev/tomcat-wsrf" />
    <property name="env.XML_CATALOG_FILES" value="/sw/etc/xml/catalog" />
    <property name="env.LOGNAME" value="kherm" />
    <property name="ant.file" value="/Users/kherm/dev/cvsroot/c3prv2/codebase/projects/core/build.xml" />
    <property name="os.version" value="10.4.10" />
    <property name="env.TERM_PROGRAM_VERSION" value="133" />
    <property name="test.src.java.dir" value="/Users/kherm/dev/cvsroot/c3prv2/codebase/projects/core/test/src/java" />
    <property name="path.separator" value=":" />
    <property name="java.vm.version" value="1.5.0_07-87" />
    <property name="ant.library.dir" value="/Library/Ant1.7/lib" />
    <property name="env.JAVA_HOME" value="/Library/Java/Home" />
    <property name="java.awt.printerjob" value="apple.awt.CPrinterJob" />
    <property name="env.TERM" value="xterm-color" />
    <property name="sun.io.unicode.encoding" value="UnicodeLittle" />
    <property name="awt.toolkit" value="apple.awt.CToolkit" />
    <property name="ant.file.c3pr-2.0-core-test" value="/Users/kherm/dev/cvsroot/c3prv2/codebase/projects/core/antfiles/build-test.xml" />
    <property name="ant.file.c3pr-2.0" value="/Users/kherm/dev/cvsroot/c3prv2/codebase/antfiles/build.xml" />
    <property name="env.MANPATH" value="/sw/share/man:/usr/share/man:/Library/Java/Home/man:/sw/lib/perl5/5.8.6/man" />
    <property name="user.home" value="/Users/kherm" />
    <property name="java.specification.vendor" value="Sun Microsystems Inc." />
    <property name="env.TERM_PROGRAM" value="Apple_Terminal" />
    <property name="ant.file.c3pr-2.0-test" value="/Users/kherm/dev/cvsroot/c3prv2/codebase/antfiles/build-test.xml" />
    <property name="test.dir" value="/Users/kherm/dev/cvsroot/c3prv2/codebase/projects/core/test" />
    <property name="java.vendor.url" value="http://apple.com/" />
    <property name="test.src.resources.dir" value="/Users/kherm/dev/cvsroot/c3prv2/codebase/projects/core/test/src/resources" />
    <property name="java.library.path" value=".:/Library/Java/Extensions:/System/Library/Java/Extensions:/usr/lib/java" />
    <property name="ext.resources.dir" value="/Users/kherm/dev/cvsroot/c3prv2/codebase/projects/core/ext/resources" />
    <property name="java.vm.vendor" value="&quot;Apple Computer, Inc.&quot;" />
    <property name="gopherProxySet" value="false" />
    <property name="java.runtime.name" value="Java(TM) 2 Runtime Environment, Standard Edition" />
    <property name="java.class.path" value="/Users/kherm/dev/cvsroot/c3prv2/codebase/projects/core/lib/activation-1.0.2.jar:/Users/kherm/dev/cvsroot/c3prv2/codebase/projects/core/lib/avalon-framework-cvs-20020806.jar:/Users/kherm/dev/cvsroot/c3prv2/codebase/projects/core/lib/castor-1.1.2.1.jar:/Users/kherm/dev/cvsroot/c3prv2/codebase/projects/core/lib/commons-beanutils-1.7.0.jar:/Users/kherm/dev/cvsroot/c3prv2/codebase/projects/core/lib/commons-collections-3.2.jar:/Users/kherm/dev/cvsroot/c3prv2/codebase/projects/core/lib/commons-dbcp-1.2.1.jar:/Users/kherm/dev/cvsroot/c3prv2/codebase/projects/core/lib/commons-lang-2.1.jar:/Users/kherm/dev/cvsroot/c3prv2/codebase/projects/core/lib/ejb3-persistence.jar:/Users/kherm/dev/cvsroot/c3prv2/codebase/projects/core/lib/fop.jar:/Users/kherm/dev/cvsroot/c3prv2/codebase/projects/core/lib/jakarta-oro-2.0.8.jar:/Users/kherm/dev/cvsroot/c3prv2/codebase/projects/core/lib/jstl.jar:/Users/kherm/dev/cvsroot/c3prv2/codebase/projects/core/lib/jta.jar:/Users/kherm/dev/cvsroot/c3prv2/codebase/projects/core/lib/mail-1.3.2.jar:/Users/kherm/dev/cvsroot/c3prv2/codebase/projects/core/lib/northwestern-core-commons.jar:/Users/kherm/dev/cvsroot/c3prv2/codebase/projects/core/lib/ojdbc14.jar:/Users/kherm/dev/cvsroot/c3prv2/codebase/projects/core/lib/postgresql-8.1-407.jdbc3.jar:/Users/kherm/dev/cvsroot/c3prv2/codebase/projects/core/lib/standard.jar:/Users/kherm/dev/cvsroot/c3prv2/codebase/projects/core/lib/xbean-spring-2.7.jar:/Users/kherm/dev/cvsroot/c3prv2/codebase/projects/core/ext/lib/acegi-csm-0.3.jar:/Users/kherm/dev/cvsroot/c3prv2/codebase/projects/core/ext/lib/acegi-security-1.0.3.jar:/Users/kherm/dev/cvsroot/c3prv2/codebase/projects/core/ext/lib/acegi-security-cas-1.0.3.jar:/Users/kherm/dev/cvsroot/c3prv2/codebase/projects/core/ext/lib/acegi-security-tiger-1.0.3.jar:/Users/kherm/dev/cvsroot/c3prv2/codebase/projects/core/ext/lib/activeio-core-3.0-beta4.jar:/Users/kherm/dev/cvsroot/c3prv2/codebase/projects/core/ext/lib/activemq-core-4.0.2.jar:/Users/kherm/dev/cvsroot/c3prv2/codebase/projects/core/ext/lib/ant-contrib.jar:/Users/kherm/dev/cvsroot/c3prv2/codebase/projects/core/ext/lib/antlr-2.7.6.jar:/Users/kherm/dev/cvsroot/c3prv2/codebase/projects/core/ext/lib/aopalliance.jar:/Users/kherm/dev/cvsroot/c3prv2/codebase/projects/core/ext/lib/asm-2.2.3.jar:/Users/kherm/dev/cvsroot/c3prv2/codebase/projects/core/ext/lib/asm-commons-2.2.3.jar:/Users/kherm/dev/cvsroot/c3prv2/codebase/projects/core/ext/lib/asm-util-2.2.3.jar:/Users/kherm/dev/cvsroot/c3prv2/codebase/projects/core/ext/lib/aspectjrt-1.5.3.jar:/Users/kherm/dev/cvsroot/c3prv2/codebase/projects/core/ext/lib/aspectjtools.jar:/Users/kherm/dev/cvsroot/c3prv2/codebase/projects/core/ext/lib/aspectjweaver-1.5.3.jar:/Users/kherm/dev/cvsroot/c3prv2/codebase/projects/core/ext/lib/backport-util-concurrent-2.1.jar:/Users/kherm/dev/cvsroot/c3prv2/codebase/projects/core/ext/lib/c3p0-0.8.5.2.jar:/Users/kherm/dev/cvsroot/c3prv2/codebase/projects/core/ext/lib/c3pr-2.0-esb-client-1.0.jar:/Users/kherm/dev/cvsroot/c3prv2/codebase/projects/core/ext/lib/cglib-nodep-2.1_3.jar:/Users/kherm/dev/cvsroot/c3prv2/codebase/projects/core/ext/lib/client.jar:/Users/kherm/dev/cvsroot/c3prv2/codebase/projects/core/ext/lib/clm-3.2.1-ctms00.jar:/Users/kherm/dev/cvsroot/c3prv2/codebase/projects/core/ext/lib/collections-generic-4.01.jar:/Users/kherm/dev/cvsroot/c3prv2/codebase/projects/core/ext/lib/commons-collections-3.1.jar:/Users/kherm/dev/cvsroot/c3prv2/codebase/projects/core/ext/lib/commons-io-1.3.1.jar:/Users/kherm/dev/cvsroot/c3prv2/codebase/projects/core/ext/lib/commons-logging.jar:/Users/kherm/dev/cvsroot/c3prv2/codebase/projects/core/ext/lib/commons-pool-1.2.jar:/Users/kherm/dev/cvsroot/c3prv2/codebase/projects/core/ext/lib/csmapi-3.2.1-ctms00.jar:/Users/kherm/dev/cvsroot/c3prv2/codebase/projects/core/ext/lib/ctms-commons-base-0.3.jar:/Users/kherm/dev/cvsroot/c3prv2/codebase/projects/core/ext/lib/ctms-commons-core-0.3.jar:/Users/kherm/dev/cvsroot/c3prv2/codebase/projects/core/ext/lib/ctms-commons-lang-0.3.jar:/Users/kherm/dev/cvsroot/c3prv2/codebase/projects/core/ext/lib/ctms-commons-web-0.3.jar:/Users/kherm/dev/cvsroot/c3prv2/codebase/projects/core/ext/lib/dom4j-1.6.1.jar:/Users/kherm/dev/cvsroot/c3prv2/codebase/projects/core/ext/lib/ehcache-1.2.3.jar:/Users/kherm/dev/cvsroot/c3prv2/codebase/projects/core/ext/lib/handle.jar:/Users/kherm/dev/cvsroot/c3prv2/codebase/projects/core/ext/lib/handlerservice.jar:/Users/kherm/dev/cvsroot/c3prv2/codebase/projects/core/ext/lib/hibernate-annotations.jar:/Users/kherm/dev/cvsroot/c3prv2/codebase/projects/core/ext/lib/hibernate3.2.1.jar:/Users/kherm/dev/cvsroot/c3prv2/codebase/projects/core/ext/lib/jboss-j2ee-4.0.5.jar:/Users/kherm/dev/cvsroot/c3prv2/codebase/projects/core/ext/lib/jboss-jsr77.jar:/Users/kherm/dev/cvsroot/c3prv2/codebase/projects/core/ext/lib/jdom.jar:/Users/kherm/dev/cvsroot/c3prv2/codebase/projects/core/ext/lib/log4j-1.2.13.jar:/Users/kherm/dev/cvsroot/c3prv2/codebase/projects/core/ext/lib/spring-aspects.jar:/Users/kherm/dev/cvsroot/c3prv2/codebase/projects/core/ext/lib/spring.jar:/Users/kherm/dev/cvsroot/c3prv2/codebase/projects/core/ext/lib/xerces-2.6.2.jar:/Users/kherm/dev/cvsroot/c3prv2/codebase/projects/core/ext/lib/xercesImpl.jar:/Users/kherm/dev/cvsroot/c3prv2/codebase/projects/core/ext/compile/lib/c3pr-management-1.0.jar:/Users/kherm/dev/cvsroot/c3prv2/codebase/projects/core/build/jars/c3pr-2.0-core-1.0.jar:/Users/kherm/dev/cvsroot/c3prv2/codebase/projects/core/build/jars/c3pr-2.0-core-tests-1.0.jar:/Users/kherm/dev/cvsroot/c3prv2/codebase/projects/core/test/lib/catrip-test-report-1.0.jar:/Users/kherm/dev/cvsroot/c3prv2/codebase/projects/core/test/lib/core-commons-testing.jar:/Users/kherm/dev/cvsroot/c3prv2/codebase/projects/core/test/lib/dbunit-2.1.jar:/Users/kherm/dev/cvsroot/c3prv2/codebase/projects/core/test/lib/easymock.jar:/Users/kherm/dev/cvsroot/c3prv2/codebase/projects/core/test/lib/easymockclassextension.jar:/Users/kherm/dev/cvsroot/c3prv2/codebase/projects/core/test/lib/hsqldb.jar:/Users/kherm/dev/cvsroot/c3prv2/codebase/projects/core/test/lib/servlet-api.jar:/Users/kherm/dev/cvsroot/c3prv2/codebase/projects/core/ext/test/lib/junit-3.8.1.jar:/Users/kherm/dev/cvsroot/c3prv2/codebase/projects/core/ext/test/lib/spring-mock.jar:/Users/kherm/dev/cvsroot/c3prv2/codebase/share/cobertura-1.8/cobertura.jar:/Users/kherm/dev/cvsroot/c3prv2/codebase/share/cobertura-1.8/lib/asm-2.2.1.jar:/Users/kherm/dev/cvsroot/c3prv2/codebase/share/cobertura-1.8/lib/jakarta-oro-2.0.8.jar:/Users/kherm/dev/cvsroot/c3prv2/codebase/share/cobertura-1.8/lib/log4j-1.2.9.jar:/Library/Ant1.7/lib/ant-launcher.jar:/Library/Ant1.7/lib/ant.jar:/Library/Ant1.7/lib/ant-junit.jar:/System/Library/Frameworks/JavaVM.framework/Versions/1.5.0/Classes/.compatibility/14compatibility.jar" />
    <property name="ant.file.catrip-1.0-codedrop" value="/Users/kherm/dev/cvsroot/c3prv2/codebase/antfiles/build-codedrop.xml" />
    <property name="project.version" value="1.0" />
    <property name="env.PGDATA" value="/usr/local/pgsql/data" />
    <property name="env.JPDA_TRANSPORT" value="dt_socket" />
    <property name="env.JBOSS_HOME" value="/Users/kherm/dev/jboss" />
    <property name="project.name" value="core" />
    <property name="ant.file.c3pr-2.0-reports" value="/Users/kherm/dev/cvsroot/c3prv2/codebase/antfiles/build-reports.xml" />
    <property name="env.CVS_RSH" value="ssh" />
    <property name="java.vm.specification.name" value="Java Virtual Machine Specification" />
    <property name="env.JAVA_MAIN_CLASS_7270" value="org.apache.tools.ant.launch.Launcher" />
    <property name="catalina.home" value="/Users/kherm/dev/tomcat-wsrf" />
    <property name="java.vm.specification.version" value="1.0" />
    <property name="sun.os.patch.level" value="unknown" />
    <property name="sun.cpu.endian" value="little" />
    <property name="env.HOME" value="/Users/kherm" />
    <property name="env.ANT_HOME" value="/Library/Ant1.7" />
    <property name="java.io.tmpdir" value="/tmp" />
    <property name="java.vendor.url.bug" value="http://developer.apple.com/java/" />
    <property name="src.resources.dir" value="/Users/kherm/dev/cvsroot/c3prv2/codebase/projects/core/src/resources" />
    <property name="conf.dir" value="/Users/kherm/dev/cvsroot/c3prv2/codebase/projects/core/conf/" />
    <property name="build.context.dir" value="/Users/kherm/dev/cvsroot/c3prv2/codebase/projects/core/build/classes/context" />
    <property name="os.arch" value="i386" />
    <property name="java.awt.graphicsenv" value="apple.awt.CGraphicsEnvironment" />
    <property name="java.ext.dirs" value="/Library/Java/Extensions:/System/Library/Java/Extensions:/System/Library/Frameworks/JavaVM.framework/Versions/1.5.0/Home/lib/ext" />
    <property name="env.PERL5LIB" value="/sw/lib/perl5:/sw/lib/perl5/darwin" />
    <property name="user.dir" value="/Users/kherm/dev/cvsroot/c3prv2/codebase/projects/core" />
    <property name="mrj.version" value="1040.1.5.0_07-164" />
    <property name="env.MAVEN_HOME" value="/Users/kherm/dev/utils/maven" />
    <property name="testcoverage.datafile" value="/Users/kherm/dev/cvsroot/c3prv2/codebase/projects/core/test/logs/queryengine.ser" />
    <property name="env.INFOPATH" value="/sw/share/info:/sw/info:/usr/share/info" />
    <property name="line.separator" value="
" />
    <property name="env.CACORE_TOOLKIT_HOME" value="/Users/kherm/dev/utils/cacoresdk" />
    <property name="java.vm.name" value="Java HotSpot(TM) Client VM" />
    <property name="env.JPDA_ADDRESS" value="8000" />
    <property name="basedir" value="/Users/kherm/dev/cvsroot/c3prv2/codebase/projects/core" />
    <property name="ant.file.c3pr-2.0-utilities" value="/Users/kherm/dev/cvsroot/c3prv2/codebase/antfiles/build-utilities.xml" />
    <property name="test.logs.dir" value="/Users/kherm/dev/cvsroot/c3prv2/codebase/projects/core/test/logs" />
    <property name="ant.java.version" value="1.5" />
    <property name="env.SGML_CATALOG_FILES" value="/sw/etc/sgml/catalog" />
    <property name="db.scripts.dir" value="/Users/kherm/dev/cvsroot/c3prv2/codebase/projects/core/db" />
    <property name="file.encoding" value="MacRoman" />
    <property name="ant.file.c3pr-2.0-artifacts" value="/Users/kherm/dev/cvsroot/c3prv2/codebase/antfiles/build-artifacts.xml" />
    <property name="oracle.db.script.dir" value="/Users/kherm/dev/cvsroot/c3prv2/codebase/projects/core/db/oracle" />
    <property name="java.specification.version" value="1.5" />
    <property name="src.dir" value="/Users/kherm/dev/cvsroot/c3prv2/codebase/projects/core/src" />
    <property name="junit.results.dir" value="/Users/kherm/dev/cvsroot/c3prv2/codebase/test/logs" />
  </properties>
  <testcase classname="edu.duke.cabig.c3pr.service.StudySubjectServiceTestCase" name="testEvaluateRegistrationDataEntryStatusInComplete" time="0.559" />
  <testcase classname="edu.duke.cabig.c3pr.service.StudySubjectServiceTestCase" name="testEvaluateRegistrationDataEntryStatusComplete" time="0.398" />
  <testcase classname="edu.duke.cabig.c3pr.service.StudySubjectServiceTestCase" name="testEvaluateEpochDataEntryStatusInComplete1" time="0.349" />
  <testcase classname="edu.duke.cabig.c3pr.service.StudySubjectServiceTestCase" name="testEvaluateEpochDataEntryStatusInComplete2" time="0.37" />
  <testcase classname="edu.duke.cabig.c3pr.service.StudySubjectServiceTestCase" name="testEvaluateEpochDataEntryStatusInComplete3" time="0.369" />
  <testcase classname="edu.duke.cabig.c3pr.service.StudySubjectServiceTestCase" name="testEvaluateEpochDataEntryStatusComplete1" time="0.312" />
  <testcase classname="edu.duke.cabig.c3pr.service.StudySubjectServiceTestCase" name="testEvaluateEpochDataEntryStatusComplete2" time="0.333" />
  <testcase classname="edu.duke.cabig.c3pr.service.StudySubjectServiceTestCase" name="testEvaluateEpochDataEntryStatusComplete3" time="0.348" />
  <testcase classname="edu.duke.cabig.c3pr.service.StudySubjectServiceTestCase" name="testManageSchEpochWorkFlowStatusIfUnAppCase0" time="0.323" />
  <testcase classname="edu.duke.cabig.c3pr.service.StudySubjectServiceTestCase" name="testManageSchEpochWorkFlowStatusIfUnAppCase1" time="0.333" />
  <testcase classname="edu.duke.cabig.c3pr.service.StudySubjectServiceTestCase" name="testManageSchEpochWorkFlowStatusIfUnAppCase2" time="0.311" />
  <testcase classname="edu.duke.cabig.c3pr.service.StudySubjectServiceTestCase" name="testManageSchEpochWorkFlowStatusIfUnAppCase3" time="0.362" />
  <testcase classname="edu.duke.cabig.c3pr.service.StudySubjectServiceTestCase" name="testManageSchEpochWorkFlowStatusIfUnAppCase4" time="0.901" />
  <testcase classname="edu.duke.cabig.c3pr.service.StudySubjectServiceTestCase" name="testManageSchEpochWorkFlowStatusIfUnAppCase5" time="0.326" />
  <testcase classname="edu.duke.cabig.c3pr.service.StudySubjectServiceTestCase" name="testManageSchEpochWorkFlowStatusIfUnAppCase6" time="0.327" />
  <testcase classname="edu.duke.cabig.c3pr.service.StudySubjectServiceTestCase" name="testManageRegWorkFlowIfUnRegCase0" time="0.356" />
  <testcase classname="edu.duke.cabig.c3pr.service.StudySubjectServiceTestCase" name="testManageRegWorkFlowIfUnRegCase1" time="0.326" />
  <testcase classname="edu.duke.cabig.c3pr.service.StudySubjectServiceTestCase" name="testManageRegWorkFlowIfUnRegCase2" time="0.323" />
  <testcase classname="edu.duke.cabig.c3pr.service.StudySubjectServiceTestCase" name="testManageRegWorkFlowIfUnRegCase3" time="0.321" />
  <testcase classname="edu.duke.cabig.c3pr.service.StudySubjectServiceTestCase" name="testManageRegWorkFlowIfUnRegCase4" time="0.341" />
  <testcase classname="edu.duke.cabig.c3pr.service.StudySubjectServiceTestCase" name="testManageRegWorkFlowIfUnRegCase5" time="0.326" />
  <testcase classname="edu.duke.cabig.c3pr.service.StudySubjectServiceTestCase" name="testManageRegWorkFlowIfUnRegCase6" time="0.418" />
  <testcase classname="edu.duke.cabig.c3pr.service.StudySubjectServiceTestCase" name="testManageRegWorkFlowIfUnRegCase7" time="0.302" />
  <testcase classname="edu.duke.cabig.c3pr.service.StudySubjectServiceTestCase" name="testCreateRegistrationCase0" time="0.52" />
  <testcase classname="edu.duke.cabig.c3pr.service.StudySubjectServiceTestCase" name="testCreateRegistrationCase1" time="0.428" />
  <testcase classname="edu.duke.cabig.c3pr.service.StudySubjectServiceTestCase" name="testCreateRegistrationCase2" time="0.383" />
  <testcase classname="edu.duke.cabig.c3pr.service.StudySubjectServiceTestCase" name="testCreateRegistrationCase3" time="0.444" />
  <testcase classname="edu.duke.cabig.c3pr.service.StudySubjectServiceTestCase" name="testCreateRegistrationCase4" time="0.727" />
  <testcase classname="edu.duke.cabig.c3pr.service.StudySubjectServiceTestCase" name="testCreateRegistrationCase5" time="0.41" />
  <testcase classname="edu.duke.cabig.c3pr.service.StudySubjectServiceTestCase" name="testCreateRegistrationCase6" time="0.365" />
  <testcase classname="edu.duke.cabig.c3pr.service.StudySubjectServiceTestCase" name="testCreateRegistrationCase7" time="0.38" />
  <testcase classname="edu.duke.cabig.c3pr.service.StudySubjectServiceTestCase" name="testCreateRegistrationCase8" time="0.387" />
  <testcase classname="edu.duke.cabig.c3pr.service.StudySubjectServiceTestCase" name="testCreateRegistrationCase9" time="0.375" />
  <testcase classname="edu.duke.cabig.c3pr.service.StudySubjectServiceTestCase" name="testCreateRegistrationCase10" time="0.379" />
  <testcase classname="edu.duke.cabig.c3pr.service.StudySubjectServiceTestCase" name="testCreateRegistrationCase11" time="0.355" />
  <testcase classname="edu.duke.cabig.c3pr.service.StudySubjectServiceTestCase" name="testCreateRegistrationCase12" time="0.351" />
  <testcase classname="edu.duke.cabig.c3pr.service.StudySubjectServiceTestCase" name="testInvalidStratumGroup" time="0.4" />
  <system-out><![CDATA[AbandonedObjectPool is used (org.apache.commons.dbcp.AbandonedObjectPool@557211)
   LogAbandoned: true
   RemoveAbandoned: true
   RemoveAbandonedTimeout: 300
Inside getMapping

<?xml version="1.0" encoding="UTF-8"?>
<registration xmlns="gme://c3pr.cabig/2.0/edu.duke.cabig.c3pr.domain" gridId="5a1d8805-7c24-4eb7-8d92-81c15b74809f"><studySite gridId="99839cf0-dda3-403c-9b45-63126a3b7e4f"><healthcareSite><nciInstituteCode>code</nciInstituteCode></healthcareSite><irbApprovalDate>2007-10-10T17:11:02.206-04:00</irbApprovalDate><startDate>2007-10-10T17:11:02.206-04:00</startDate></studySite><studyRef gridId="bd715c6d-9c42-4475-b471-8568dfde93ee"><shortTitleText>ShortTitleText1</shortTitleText><longTitleText>LongTitleText1</longTitleText></studyRef><participant xmlns:ns1="gme://c3pr.cabig/2.0/edu.duke.cabig.c3pr.domain" ns1:gridId="AAAAA11111GridID"><ns1:gridId>AAAAA11111GridID</ns1:gridId><ns1:firstName>Rudolph</ns1:firstName><ns1:lastName>Clooney</ns1:lastName><ns1:address><ns1:streetAddress>12359 sunrise valley drive</ns1:streetAddress><ns1:city>Reston</ns1:city><ns1:stateCode>VA</ns1:stateCode><ns1:postalCode>20191</ns1:postalCode><ns1:countryCode>USA</ns1:countryCode></ns1:address><ns1:administrativeGenderCode>M</ns1:administrativeGenderCode><ns1:birthDate>0006-06-23</ns1:birthDate><ns1:raceCode>White</ns1:raceCode><ns1:identifier xmlns:xsi="http://www.w3.org/2001/XMLSchema-instance" xsi:type="ns1:SystemAssignedIdentifierType"><ns1:type>MRN</ns1:type><ns1:value>MRN-12A!2121</ns1:value><ns1:primaryIndicator>false</ns1:primaryIndicator><ns1:systemName>C3PR</ns1:systemName></ns1:identifier></participant><startDate>2007-10-10</startDate><informedConsentFormSignedDate>2007-10-10</informedConsentFormSignedDate><informedConsentVersion>1.0</informedConsentVersion><regDataEntryStatus>COMPLETE</regDataEntryStatus><regWorkflowStatus>REGISTERED</regWorkflowStatus><scheduledEpoch xmlns:xsi="http://www.w3.org/2001/XMLSchema-instance" gridId="5d25efb3-df79-467a-ab7c-2b844ccaf6a0" xsi:type="ScheduledTreatmentEpochType"><startDate>2007-10-10</startDate><epoch gridId="dc032c21-90e9-4aee-bba8-b99f1dc1d5b8" xsi:type="TreatmentEpochType"><name>epoch1</name></epoch><scheduledArm><arm gridId="6fcae7b7-a820-4f59-bad6-933a7cda3916"><name>A</name></arm></scheduledArm></scheduledEpoch><stratumGroup>0:lets find out1</stratumGroup></registration>
]]></system-out>
  <system-err><![CDATA[]]></system-err>
</testsuite>
