<?xml version="1.0" encoding="UTF-8" ?>
<testsuite errors="0" failures="1" name="edu.duke.cabig.c3pr.dao.StudyDaoTest" tests="9" time="87.031">
  <properties>
    <property name="java.vendor" value="Sun Microsystems Inc."></property>
    <property name="config.database.file" value="C:\my_dir\projects\c3pr-v2\projects\core/conf/database.properties"></property>
    <property name="lib.dir" value="C:\my_dir\projects\c3pr-v2\projects\core/lib"></property>
    <property name="sun.management.compiler" value="HotSpot Client Compiler"></property>
    <property name="test.project.jar" value="C:\my_dir\projects\c3pr-v2\projects\core\build\jars\c3pr-2.0-core-tests-1.0.jar"></property>
    <property name="env.PROMPT" value="$P$G"></property>
    <property name="os.name" value="Windows XP"></property>
    <property name="env.FP_NO_HOST_CHECK" value="NO"></property>
    <property name="cobertura.home" value="C:\my_dir\projects\c3pr-v2\share\cobertura-1.8"></property>
    <property name="sun.boot.class.path" value="C:\Program Files\Java\jdk1.5.0_06\jre\lib\endorsed\xalan.jar;C:\Program Files\Java\jdk1.5.0_06\jre\lib\rt.jar;C:\Program Files\Java\jdk1.5.0_06\jre\lib\i18n.jar;C:\Program Files\Java\jdk1.5.0_06\jre\lib\sunrsasign.jar;C:\Program Files\Java\jdk1.5.0_06\jre\lib\jsse.jar;C:\Program Files\Java\jdk1.5.0_06\jre\lib\jce.jar;C:\Program Files\Java\jdk1.5.0_06\jre\lib\charsets.jar;C:\Program Files\Java\jdk1.5.0_06\jre\classes"></property>
    <property name="env.COMPUTERNAME" value="D4M1R8B1"></property>
    <property name="ant.file.c3pr-2.0-core" value="C:\my_dir\projects\c3pr-v2\projects\core\build.xml"></property>
    <property name="env.ALLUSERSPROFILE" value="C:\Documents and Settings\All Users"></property>
    <property name="sun.desktop" value="windows"></property>
    <property name="java.vm.specification.vendor" value="Sun Microsystems Inc."></property>
    <property name="net.sourceforge.cobertura.datafile" value="C:\my_dir\projects\c3pr-v2\projects\core\test\logs\queryengine.ser"></property>
    <property name="ant.home" value="C:\Ant\apache-ant-1.6.5"></property>
    <property name="jar.dir" value="C:\my_dir\projects\c3pr-v2\projects\core/build/jars"></property>
    <property name="java.runtime.version" value="1.5.0_06-b05"></property>
    <property name="env.GLOBUS_LOCATION" value="C:\my_dir\tools\Globus4.0\ws-core-4.0.1"></property>
    <property name="env.OGSADAI_LOCATION" value="c:\bootcamp\distribution\grid\ogsadai-5.0"></property>
    <property name="env.HOMEPATH" value="\Documents and Settings\Administrator"></property>
    <property name="env.JSERV" value="C:\my_dir\tools\Oracle9i\ora92/Apache/Jserv/conf"></property>
    <property name="user.name" value="Administrator"></property>
    <property name="test.classes.dir" value="C:\my_dir\projects\c3pr-v2\projects\core\build\classes-test"></property>
    <property name="debug" value="on"></property>
    <property name="build.dir" value="C:\my_dir\projects\c3pr-v2\projects\core/build"></property>
    <property name="ext.lib.dir" value="C:\my_dir\projects\c3pr-v2\projects\core/ext/lib"></property>
    <property name="user.language" value="en"></property>
    <property name="sun.boot.library.path" value="C:\Program Files\Java\jdk1.5.0_06\jre\bin"></property>
    <property name="ant.project.name" value="c3pr-2.0-core"></property>
    <property name="java.version" value="1.5.0_06"></property>
    <property name="env.AXIS2_HOME" value="C:\my_dir\tools\Axis2.0\axis2-std-1.0-bin"></property>
    <property name="env.PROCESSOR_IDENTIFIER" value="x86 Family 6 Model 14 Stepping 8, GenuineIntel"></property>
    <property name="user.timezone" value=""></property>
    <property name="ext.test.lib.dir" value="C:\my_dir\projects\c3pr-v2\projects\core\ext\test\lib"></property>
    <property name="env.CLIENTNAME" value="Console"></property>
    <property name="env.TEMP" value="C:\DOCUME~1\ADMINI~1\LOCALS~1\Temp"></property>
    <property name="sun.arch.data.model" value="32"></property>
    <property name="env.C3PR_HOME" value="C:\my_dir\projects\c3pr"></property>
    <property name="test.src.dir" value="C:\my_dir\projects\c3pr-v2\projects\core\test"></property>
    <property name="java.endorsed.dirs" value="C:\Program Files\Java\jdk1.5.0_06\jre\lib\endorsed"></property>
    <property name="env._JAVACMD" value="C:\Program Files\Java\jdk1.5.0_06\bin\java.exe"></property>
    <property name="sun.cpu.isalist" value="pentium_pro+mmx pentium_pro pentium+mmx pentium i486 i386 i86"></property>
    <property name="env.HOMEDRIVE" value="C:"></property>
    <property name="sun.jnu.encoding" value="Cp1252"></property>
    <property name="file.encoding.pkg" value="sun.io"></property>
    <property name="file.separator" value="\"></property>
    <property name="java.specification.name" value="Java Platform API Specification"></property>
    <property name="test.lib.dir" value="C:\my_dir\projects\c3pr-v2\projects\core\test\lib"></property>
    <property name="classes.dir" value="C:\my_dir\projects\c3pr-v2\projects\core/build/classes"></property>
    <property name="java.class.version" value="49.0"></property>
    <property name="project.jarfile" value="C:\my_dir\projects\c3pr-v2\projects\core/build/jars/c3pr-2.0-core-1.0.jar"></property>
    <property name="user.country" value="US"></property>
    <property name="java.home" value="C:\Program Files\Java\jdk1.5.0_06\jre"></property>
    <property name="env.APPDATA" value="C:\Documents and Settings\Administrator\Application Data"></property>
    <property name="java.vm.info" value="mixed mode"></property>
    <property name="env.CATALINA_HOME" value="C:\my_dir\tools\apache-tomcat-5.5.20"></property>
    <property name="env.ComSpec" value="C:\WINDOWS\system32\cmd.exe"></property>
    <property name="env.OS" value="Windows_NT"></property>
    <property name="env.CommonProgramFiles" value="C:\Program Files\Common Files"></property>
    <property name="ant.file" value="C:\my_dir\projects\c3pr-v2\projects\core\build.xml"></property>
    <property name="os.version" value="5.1"></property>
    <property name="env.GLOBUS_HOME" value="C:\my_dir\tools\Globus4.0\ws-core-4.0.1"></property>
    <property name="env._USE_CLASSPATH" value="yes"></property>
    <property name="path.separator" value=";"></property>
    <property name="java.vm.version" value="1.5.0_06-b05"></property>
    <property name="env.USERPROFILE" value="C:\Documents and Settings\Administrator"></property>
    <property name="user.variant" value=""></property>
    <property name="ant.library.dir" value="C:\Ant\apache-ant-1.6.5\lib"></property>
    <property name="env.JAVA_HOME" value="C:\Program Files\Java\jdk1.5.0_06"></property>
    <property name="java.awt.printerjob" value="sun.awt.windows.WPrinterJob"></property>
    <property name="env.TMP" value="C:\DOCUME~1\ADMINI~1\LOCALS~1\Temp"></property>
    <property name="sun.io.unicode.encoding" value="UnicodeLittle"></property>
    <property name="awt.toolkit" value="sun.awt.windows.WToolkit"></property>
    <property name="ant.file.c3pr-2.0-core-test" value="C:\my_dir\projects\c3pr-v2\projects\core\antfiles\build-test.xml"></property>
    <property name="env.WV_GATEWAY_CFG" value="C:\my_dir\tools\Oracle9i\ora92\Apache\modplsql\cfg\wdbsvr.app"></property>
    <property name="user.home" value="C:\Documents and Settings\Administrator"></property>
    <property name="env.SESSIONNAME" value="Console"></property>
    <property name="java.specification.vendor" value="Sun Microsystems Inc."></property>
    <property name="env.CLASSPATH" value="C:\my_dir\tools\MySQL\MySql_JDBC_Driver\mysql-connector-java-3.1.13"></property>
    <property name="test.dir" value="C:\my_dir\projects\c3pr-v2\projects\core\test"></property>
    <property name="java.vendor.url" value="http://java.sun.com/"></property>
    <property name="java.library.path" value="C:\Program Files\Java\jdk1.5.0_06\jre\bin;.;C:\WINDOWS\system32;C:\WINDOWS;C:\Program Files\Java\jdk1.5.0_06\BIN;C:\my_dir\tools\Oracle9i\ora92\bin;C:\Program Files\Oracle\jre\1.3.1\bin;C:\Program Files\Oracle\jre\1.1.8\bin;C:\WINDOWS\system32;C:\WINDOWS;C:\WINDOWS\System32\Wbem;C:\Ant\apache-ant-1.6.5\bin;C:\Program Files\Java\jdk1.5.0_06\BIN;%GLOBUS_LOCATION%\BIN;%OGSADAI_LOCATION%\BIN;"></property>
    <property name="env.NUMBER_OF_PROCESSORS" value="2"></property>
    <property name="java.vm.vendor" value="Sun Microsystems Inc."></property>
    <property name="config.security.conf" value="C:\my_dir\projects\c3pr-v2\projects\core/conf/config.dct"></property>
    <property name="java.runtime.name" value="Java(TM) 2 Runtime Environment, Standard Edition"></property>
    <property name="ant.version" value="Apache Ant version 1.6.5 compiled on June 2 2005"></property>
    <property name="java.class.path" value="C:\my_dir\projects\c3pr-v2\projects\core\build\jars\c3pr-2.0-core-1.0.jar;C:\my_dir\projects\c3pr-v2\projects\core\build\jars\c3pr-2.0-core-tests-1.0.jar;C:\Program Files\Java\jdk1.5.0_06\lib\tools.jar;C:\my_dir\projects\c3pr-v2\projects\core\lib\activation-1.0.2.jar;C:\my_dir\projects\c3pr-v2\projects\core\lib\activemq-core-4.0.2.jar;C:\my_dir\projects\c3pr-v2\projects\core\lib\asm-attrs.jar;C:\my_dir\projects\c3pr-v2\projects\core\lib\asm.jar;C:\my_dir\projects\c3pr-v2\projects\core\lib\avalon-framework-cvs-20020806.jar;C:\my_dir\projects\c3pr-v2\projects\core\lib\castor-0.9.9.jar;C:\my_dir\projects\c3pr-v2\projects\core\lib\cglib-2.1.3.jar;C:\my_dir\projects\c3pr-v2\projects\core\lib\commons-beanutils-1.7.0.jar;C:\my_dir\projects\c3pr-v2\projects\core\lib\commons-collections-3.2.jar;C:\my_dir\projects\c3pr-v2\projects\core\lib\commons-dbcp-1.2.1.jar;C:\my_dir\projects\c3pr-v2\projects\core\lib\commons-lang-2.1.jar;C:\my_dir\projects\c3pr-v2\projects\core\lib\commons-pool-1.2.jar;C:\my_dir\projects\c3pr-v2\projects\core\lib\ehcache-1.2.jar;C:\my_dir\projects\c3pr-v2\projects\core\lib\ejb3-persistence.jar;C:\my_dir\projects\c3pr-v2\projects\core\lib\fop.jar;C:\my_dir\projects\c3pr-v2\projects\core\lib\jstl.jar;C:\my_dir\projects\c3pr-v2\projects\core\lib\jta.jar;C:\my_dir\projects\c3pr-v2\projects\core\lib\mail-1.3.2.jar;C:\my_dir\projects\c3pr-v2\projects\core\lib\northwestern-core-commons.jar;C:\my_dir\projects\c3pr-v2\projects\core\lib\ojdbc14.jar;C:\my_dir\projects\c3pr-v2\projects\core\lib\postgresql-8.1-407.jdbc3.jar;C:\my_dir\projects\c3pr-v2\projects\core\lib\standard.jar;C:\my_dir\projects\c3pr-v2\projects\core\lib\xbean-spring-2.7.jar;C:\my_dir\projects\c3pr-v2\projects\core\build;C:\my_dir\projects\c3pr-v2\projects\core\build\classes-test;C:\my_dir\projects\c3pr-v2\projects\core\ext\lib\activeio-core-3.0-beta4.jar;C:\my_dir\projects\c3pr-v2\projects\core\ext\lib\activemq-core-4.0.2.jar;C:\my_dir\projects\c3pr-v2\projects\core\ext\lib\ant-contrib.jar;C:\my_dir\projects\c3pr-v2\projects\core\ext\lib\antlr-2.7.6.jar;C:\my_dir\projects\c3pr-v2\projects\core\ext\lib\backport-util-concurrent-2.1.jar;C:\my_dir\projects\c3pr-v2\projects\core\ext\lib\c3pr-2.0-esb-client-1.0.jar;C:\my_dir\projects\c3pr-v2\projects\core\ext\lib\castor-0.9.9.jar;C:\my_dir\projects\c3pr-v2\projects\core\ext\lib\client.jar;C:\my_dir\projects\c3pr-v2\projects\core\ext\lib\commons-collections-3.1.jar;C:\my_dir\projects\c3pr-v2\projects\core\ext\lib\commons-logging.jar;C:\my_dir\projects\c3pr-v2\projects\core\ext\lib\commons-pool-1.2.jar;C:\my_dir\projects\c3pr-v2\projects\core\ext\lib\dom4j-1.6.1.jar;C:\my_dir\projects\c3pr-v2\projects\core\ext\lib\handle.jar;C:\my_dir\projects\c3pr-v2\projects\core\ext\lib\handlerservice.jar;C:\my_dir\projects\c3pr-v2\projects\core\ext\lib\hibernate-annotations.jar;C:\my_dir\projects\c3pr-v2\projects\core\ext\lib\hibernate3.2.1.jar;C:\my_dir\projects\c3pr-v2\projects\core\ext\lib\jboss-j2ee-4.0.5.jar;C:\my_dir\projects\c3pr-v2\projects\core\ext\lib\jboss-jsr77.jar;C:\my_dir\projects\c3pr-v2\projects\core\ext\lib\jdom.jar;C:\my_dir\projects\c3pr-v2\projects\core\ext\lib\log4j-1.2.13.jar;C:\my_dir\projects\c3pr-v2\projects\core\ext\lib\spring2.0.2.jar;C:\my_dir\projects\c3pr-v2\projects\core\test\lib\catrip-test-report-1.0.jar;C:\my_dir\projects\c3pr-v2\projects\core\test\lib\core-commons-testing.jar;C:\my_dir\projects\c3pr-v2\projects\core\test\lib\dbunit-2.1.jar;C:\my_dir\projects\c3pr-v2\projects\core\test\lib\easymock.jar;C:\my_dir\projects\c3pr-v2\projects\core\test\lib\easymockclassextension.jar;C:\my_dir\projects\c3pr-v2\projects\core\test\lib\hsqldb.jar;C:\my_dir\projects\c3pr-v2\projects\core\test\lib\junit.jar;C:\my_dir\projects\c3pr-v2\projects\core\test\lib\servlet-api.jar;C:\my_dir\projects\c3pr-v2\projects\core\test\lib\spring-mock.jar;C:\my_dir\projects\c3pr-v2\projects\core\ext\test\lib\junit-3.8.1.jar;C:\my_dir\tools\apache-tomcat-5.5.20\common\lib\commons-el.jar;C:\my_dir\tools\apache-tomcat-5.5.20\common\lib\jasper-compiler-jdt.jar;C:\my_dir\tools\apache-tomcat-5.5.20\common\lib\jasper-compiler.jar;C:\my_dir\tools\apache-tomcat-5.5.20\common\lib\jasper-runtime.jar;C:\my_dir\tools\apache-tomcat-5.5.20\common\lib\jsp-api.jar;C:\my_dir\tools\apache-tomcat-5.5.20\common\lib\naming-factory-dbcp.jar;C:\my_dir\tools\apache-tomcat-5.5.20\common\lib\naming-factory.jar;C:\my_dir\tools\apache-tomcat-5.5.20\common\lib\naming-resources.jar;C:\my_dir\tools\apache-tomcat-5.5.20\common\lib\postgresql-8.1-407.jdbc3.jar;C:\my_dir\tools\apache-tomcat-5.5.20\common\lib\servlet-api.jar;C:\my_dir\projects\c3pr-v2\share\cobertura-1.8\cobertura.jar;C:\my_dir\projects\c3pr-v2\share\cobertura-1.8\lib\asm-2.2.1.jar;C:\my_dir\projects\c3pr-v2\share\cobertura-1.8\lib\jakarta-oro-2.0.8.jar;C:\my_dir\projects\c3pr-v2\share\cobertura-1.8\lib\log4j-1.2.9.jar;C:\my_dir\tools\MySQL\MySql_JDBC_Driver\mysql-connector-java-3.1.13;C:\Ant\apache-ant-1.6.5\lib\junit-3.8.1.jar;C:\Ant\apache-ant-1.6.5\lib\ant-launcher.jar;C:\Ant\apache-ant-1.6.5\lib\ant.jar;C:\Ant\apache-ant-1.6.5\lib\ant-junit.jar"></property>
    <property name="project.version" value="1.0"></property>
    <property name="env.JBOSS_HOME" value="C:\my_dir\tools\Jboss\jboss-4.0.0"></property>
    <property name="project.name" value="core"></property>
    <property name="java.vm.specification.name" value="Java Virtual Machine Specification"></property>
    <property name="env.LOGONSERVER" value="\\D4M1R8B1"></property>
    <property name="env.windir" value="C:\WINDOWS"></property>
    <property name="env.PROCESSOR_ARCHITECTURE" value="x86"></property>
    <property name="java.vm.specification.version" value="1.0"></property>
    <property name="sun.os.patch.level" value="Service Pack 2"></property>
    <property name="sun.cpu.endian" value="little"></property>
    <property name="env.ANT_HOME" value="C:\Ant\apache-ant-1.6.5"></property>
    <property name="env.ProgramFiles" value="C:\Program Files"></property>
    <property name="env.PROCESSOR_REVISION" value="0e08"></property>
    <property name="java.io.tmpdir" value="C:\DOCUME~1\ADMINI~1\LOCALS~1\Temp\"></property>
    <property name="java.vendor.url.bug" value="http://java.sun.com/cgi-bin/bugreport.cgi"></property>
    <property name="env.SystemRoot" value="C:\WINDOWS"></property>
    <property name="env.ANT_CMD_LINE_ARGS" value="test"></property>
    <property name="os.arch" value="x86"></property>
    <property name="java.awt.graphicsenv" value="sun.awt.Win32GraphicsEnvironment"></property>
    <property name="java.ext.dirs" value="C:\Program Files\Java\jdk1.5.0_06\jre\lib\ext"></property>
    <property name="user.dir" value="C:\my_dir\projects\c3pr-v2\projects\core"></property>
    <property name="testcoverage.datafile" value="C:\my_dir\projects\c3pr-v2\projects\core\test\logs\queryengine.ser"></property>
    <property name="line.separator" value="
"></property>
    <property name="java.vm.name" value="Java HotSpot(TM) Client VM"></property>
    <property name="env.PATHEXT" value=".COM;.EXE;.BAT;.CMD;.VBS;.VBE;.JS;.JSE;.WSF;.WSH"></property>
    <property name="env.Path" value="C:\Program Files\Java\jdk1.5.0_06\BIN;C:\my_dir\tools\Oracle9i\ora92\bin;C:\Program Files\Oracle\jre\1.3.1\bin;C:\Program Files\Oracle\jre\1.1.8\bin;C:\WINDOWS\system32;C:\WINDOWS;C:\WINDOWS\System32\Wbem;C:\Ant\apache-ant-1.6.5\bin;C:\Program Files\Java\jdk1.5.0_06\BIN;%GLOBUS_LOCATION%\BIN;%OGSADAI_LOCATION%\BIN;"></property>
    <property name="basedir" value="C:\my_dir\projects\c3pr-v2\projects\core"></property>
    <property name="test.logs.dir" value="C:\my_dir\projects\c3pr-v2\projects\core\test\logs"></property>
    <property name="ant.java.version" value="1.5"></property>
    <property name="env.USERNAME" value="Administrator"></property>
    <property name="env.SystemDrive" value="C:"></property>
    <property name="file.encoding" value="Cp1252"></property>
    <property name="env.USERDOMAIN" value="D4M1R8B1"></property>
    <property name="java.specification.version" value="1.5"></property>
    <property name="env.SonicCentral" value="C:\Program Files\Common Files\Sonic Shared\Sonic Central\"></property>
    <property name="src.dir" value="C:\my_dir\projects\c3pr-v2\projects\core/src"></property>
    <property name="junit.results.dir" value="C:\my_dir\projects\c3pr-v2\projects\core\test\logs/junit"></property>
    <property name="env.PROCESSOR_LEVEL" value="6"></property>
  </properties>
  <testcase classname="edu.duke.cabig.c3pr.dao.StudyDaoTest" name="testGetById" time="11.047"></testcase>
  <testcase classname="edu.duke.cabig.c3pr.dao.StudyDaoTest" name="testGetAll" time="12.14"></testcase>
  <testcase classname="edu.duke.cabig.c3pr.dao.StudyDaoTest" name="testSaveNewStudy" time="7.516"></testcase>
  <testcase classname="edu.duke.cabig.c3pr.dao.StudyDaoTest" name="testSaveNewStudyWithAssociations" time="9.0"></testcase>
  <testcase classname="edu.duke.cabig.c3pr.dao.StudyDaoTest" name="testGetEpochs" time="10.0"></testcase>
  <testcase classname="edu.duke.cabig.c3pr.dao.StudyDaoTest" name="testGetArms" time="15.484"></testcase>
  <testcase classname="edu.duke.cabig.c3pr.dao.StudyDaoTest" name="testGetStudyParticipantAssignmentsForStudy" time="8.016">
    <failure message="expected:&lt;2&gt; but was:&lt;0&gt;" type="junit.framework.AssertionFailedError">junit.framework.AssertionFailedError: expected:&lt;2&gt; but was:&lt;0&gt;
	at edu.duke.cabig.c3pr.dao.StudyDaoTest.testGetStudyParticipantAssignmentsForStudy(StudyDaoTest.java:154)
	at edu.duke.cabig.c3pr.utils.DaoTestCase.runBare(DaoTestCase.java:55)
</failure>
  </testcase>
  <testcase classname="edu.duke.cabig.c3pr.dao.StudyDaoTest" name="testSearchStudySimple" time="6.766"></testcase>
  <testcase classname="edu.duke.cabig.c3pr.dao.StudyDaoTest" name="testSearchStudyByWildCards" time="7.062"></testcase>
  <system-out><![CDATA[AbandonedObjectPool is used (org.apache.commons.dbcp.AbandonedObjectPool@191f801)
   LogAbandoned: true
   RemoveAbandoned: true
   RemoveAbandonedTimeout: 300
Hibernate: select study0_.id as id0_0_, study0_.version as version0_0_, study0_.grid_id as grid3_0_0_, study0_.type as type0_0_, study0_.precis_text as precis5_0_0_, study0_.short_title_text as short6_0_0_, study0_.blinded_indicator as blinded7_0_0_, study0_.multi_institution_indicator as multi8_0_0_, study0_.randomized_indicator as randomized9_0_0_, study0_.description_text as descrip10_0_0_, study0_.disease_code as disease11_0_0_, study0_.long_title_text as long12_0_0_, study0_.monitor_code as monitor13_0_0_, study0_.phase_code as phase14_0_0_, study0_.sponsor_code as sponsor15_0_0_, study0_.status as status0_0_, study0_.target_accrual_number as target17_0_0_ from studies study0_ where study0_.id=?
Hibernate: select study0_.id as id0_, study0_.version as version0_, study0_.grid_id as grid3_0_, study0_.type as type0_, study0_.precis_text as precis5_0_, study0_.short_title_text as short6_0_, study0_.blinded_indicator as blinded7_0_, study0_.multi_institution_indicator as multi8_0_, study0_.randomized_indicator as randomized9_0_, study0_.description_text as descrip10_0_, study0_.disease_code as disease11_0_, study0_.long_title_text as long12_0_, study0_.monitor_code as monitor13_0_, study0_.phase_code as phase14_0_, study0_.sponsor_code as sponsor15_0_, study0_.status as status0_, study0_.target_accrual_number as target17_0_ from studies study0_
Hibernate: select nextval ('STUDIES_ID_SEQ')
Hibernate: insert into studies (version, grid_id, type, precis_text, short_title_text, blinded_indicator, multi_institution_indicator, randomized_indicator, description_text, disease_code, long_title_text, monitor_code, phase_code, sponsor_code, status, target_accrual_number, id) values (?, ?, ?, ?, ?, ?, ?, ?, ?, ?, ?, ?, ?, ?, ?, ?, ?)
Hibernate: select nextval ('STUDIES_ID_SEQ')
Hibernate: select nextval ('EPOCHS_ID_SEQ')
Hibernate: select nextval ('ARMS_ID_SEQ')
Hibernate: select nextval ('EPOCHS_ID_SEQ')
Hibernate: select nextval ('ARMS_ID_SEQ')
Hibernate: select nextval ('ARMS_ID_SEQ')
Hibernate: select nextval ('ARMS_ID_SEQ')
Hibernate: select nextval ('EPOCHS_ID_SEQ')
Hibernate: select nextval ('ARMS_ID_SEQ')
Hibernate: select nextval ('STUDY_SITES_ID_SEQ')
Hibernate: select nextval ('healthcare_sites_id_seq')
Hibernate: select nextval ('addresses_id_seq')
Hibernate: select nextval ('IDENTIFIERS_ID_SEQ')
Hibernate: insert into studies (version, grid_id, type, precis_text, short_title_text, blinded_indicator, multi_institution_indicator, randomized_indicator, description_text, disease_code, long_title_text, monitor_code, phase_code, sponsor_code, status, target_accrual_number, id) values (?, ?, ?, ?, ?, ?, ?, ?, ?, ?, ?, ?, ?, ?, ?, ?, ?)
Hibernate: insert into epochs (version, grid_id, name, description_text, stu_id, id) values (?, ?, ?, ?, ?, ?)
Hibernate: insert into arms (version, grid_id, name, description_text, target_accrual_number, eph_id, id) values (?, ?, ?, ?, ?, ?, ?)
Hibernate: insert into epochs (version, grid_id, name, description_text, stu_id, id) values (?, ?, ?, ?, ?, ?)
Hibernate: insert into arms (version, grid_id, name, description_text, target_accrual_number, eph_id, id) values (?, ?, ?, ?, ?, ?, ?)
Hibernate: insert into arms (version, grid_id, name, description_text, target_accrual_number, eph_id, id) values (?, ?, ?, ?, ?, ?, ?)
Hibernate: insert into arms (version, grid_id, name, description_text, target_accrual_number, eph_id, id) values (?, ?, ?, ?, ?, ?, ?)
Hibernate: insert into epochs (version, grid_id, name, description_text, stu_id, id) values (?, ?, ?, ?, ?, ?)
Hibernate: insert into arms (version, grid_id, name, description_text, target_accrual_number, eph_id, id) values (?, ?, ?, ?, ?, ?, ?)
Hibernate: insert into addresses (version, street_address, city, state_code, postal_code, country_code, id) values (?, ?, ?, ?, ?, ?, ?)
Hibernate: insert into healthcare_sites (version, grid_id, address_id, name, description_text, nci_institute_code, id) values (?, ?, ?, ?, ?, ?, ?)
Hibernate: insert into study_sites (version, grid_id, study_id, hcs_id, irb_approval_date, start_date, status_code, role_code, end_date, id) values (?, ?, ?, ?, ?, ?, ?, ?, ?, ?)
Hibernate: insert into identifiers (version, value, type, primary_indicator, source, id) values (?, ?, ?, ?, ?, ?)
Hibernate: update identifiers set stu_id=? where id=?
Hibernate: select epochs0_.stu_id as stu6_1_, epochs0_.id as id1_, epochs0_.id as id1_0_, epochs0_.version as version1_0_, epochs0_.grid_id as grid3_1_0_, epochs0_.name as name1_0_, epochs0_.description_text as descript5_1_0_, epochs0_.stu_id as stu6_1_0_ from epochs epochs0_ where epochs0_.stu_id=?
Hibernate: select arms2_.id as id2_, arms2_.version as version2_, arms2_.grid_id as grid3_2_, arms2_.name as name2_, arms2_.description_text as descript5_2_, arms2_.target_accrual_number as target6_2_, arms2_.eph_id as eph7_2_ from studies study0_ inner join epochs epochs1_ on study0_.id=epochs1_.stu_id inner join arms arms2_ on epochs1_.id=arms2_.eph_id where study0_.id=?
Hibernate: select studyparti2_.id as id6_, studyparti2_.version as version6_, studyparti2_.grid_id as grid3_6_, studyparti2_.start_date as start4_6_, studyparti2_.sts_id as sts9_6_, studyparti2_.prt_id as prt10_6_, studyparti2_.study_participant_identifier as study5_6_, studyparti2_.eligibility_waiver_reason_text as eligibil6_6_, studyparti2_.informed_consent_signed_date as informed7_6_, studyparti2_.eligibility_indicator as eligibil8_6_ from studies study0_ inner join study_sites studysites1_ on study0_.id=studysites1_.study_id inner join study_participant_assignments studyparti2_ on studysites1_.id=studyparti2_.sts_id where study0_.id=?
Hibernate: select this_.id as id0_0_, this_.version as version0_0_, this_.grid_id as grid3_0_0_, this_.type as type0_0_, this_.precis_text as precis5_0_0_, this_.short_title_text as short6_0_0_, this_.blinded_indicator as blinded7_0_0_, this_.multi_institution_indicator as multi8_0_0_, this_.randomized_indicator as randomized9_0_0_, this_.description_text as descrip10_0_0_, this_.disease_code as disease11_0_0_, this_.long_title_text as long12_0_0_, this_.monitor_code as monitor13_0_0_, this_.phase_code as phase14_0_0_, this_.sponsor_code as sponsor15_0_0_, this_.status as status0_0_, this_.target_accrual_number as target17_0_0_ from studies this_ where (lower(this_.short_title_text)=?)
Hibernate: select this_.id as id0_0_, this_.version as version0_0_, this_.grid_id as grid3_0_0_, this_.type as type0_0_, this_.precis_text as precis5_0_0_, this_.short_title_text as short6_0_0_, this_.blinded_indicator as blinded7_0_0_, this_.multi_institution_indicator as multi8_0_0_, this_.randomized_indicator as randomized9_0_0_, this_.description_text as descrip10_0_0_, this_.disease_code as disease11_0_0_, this_.long_title_text as long12_0_0_, this_.monitor_code as monitor13_0_0_, this_.phase_code as phase14_0_0_, this_.sponsor_code as sponsor15_0_0_, this_.status as status0_0_, this_.target_accrual_number as target17_0_0_ from studies this_ where (lower(this_.short_title_text) like ?)
]]></system-out>
  <system-err><![CDATA[]]></system-err>
</testsuite>
