<?xml version="1.0" encoding="UTF-8" ?>
<testsuite errors="0" failures="0" name="edu.duke.cabig.c3pr.web.utils.GridProxyUtilsTest" tests="1" time="1.793">
  <properties>
    <property name="java.vendor" value="Apple Computer, Inc."></property>
    <property name="lib.dir" value="/Users/kherm/dev/cvsroot/c3prv2/codebase/projects/web/lib"></property>
    <property name="jikes.class.path" value=":/Library/Java/Home/../Classes/charsets.jar:/Library/Java/Home/../Classes/classes.jar:/Library/Java/Home/../Classes/dt.jar:/Library/Java/Home/../Classes/jce.jar:/Library/Java/Home/../Classes/jconsole.jar:/Library/Java/Home/../Classes/jsse.jar:/Library/Java/Home/../Classes/laf.jar:/Library/Java/Home/../Classes/ui.jar"></property>
    <property name="sun.management.compiler" value="HotSpot Client Compiler"></property>
    <property name="env.SECURITYSESSIONID" value="51b7f0"></property>
    <property name="test.project.jar" value="/Users/kherm/dev/cvsroot/c3prv2/codebase/projects/web/build/jars/c3pr-2.0-web-tests-1.0.jar"></property>
    <property name="os.name" value="Mac OS X"></property>
    <property name="cobertura.home" value="/Users/kherm/dev/cvsroot/c3prv2/codebase/share/cobertura-1.8"></property>
    <property name="sun.boot.class.path" value="/System/Library/Frameworks/JavaVM.framework/Versions/1.5.0/Classes/classes.jar:/System/Library/Frameworks/JavaVM.framework/Versions/1.5.0/Classes/ui.jar:/System/Library/Frameworks/JavaVM.framework/Versions/1.5.0/Classes/laf.jar:/System/Library/Frameworks/JavaVM.framework/Versions/1.5.0/Classes/sunrsasign.jar:/System/Library/Frameworks/JavaVM.framework/Versions/1.5.0/Classes/jsse.jar:/System/Library/Frameworks/JavaVM.framework/Versions/1.5.0/Classes/jce.jar:/System/Library/Frameworks/JavaVM.framework/Versions/1.5.0/Classes/charsets.jar"></property>
    <property name="env.PWD" value="/Users/kherm/dev/cvsroot/c3prv2/codebase/projects/web"></property>
    <property name="java.vm.specification.vendor" value="Sun Microsystems Inc."></property>
    <property name="net.sourceforge.cobertura.datafile" value="/Users/kherm/dev/cvsroot/c3prv2/codebase/projects/web/test/logs/web.ser"></property>
    <property name="ant.home" value="/Library/Ant1.6.5"></property>
    <property name="jar.dir" value="/Users/kherm/dev/cvsroot/c3prv2/codebase/projects/web/build/jars"></property>
    <property name="java.runtime.version" value="1.5.0_06-112"></property>
    <property name="env.XMLBEANS_HOME" value="/Users/kherm/dev/utils/xmlbeans"></property>
    <property name="env.GLOBUS_LOCATION" value="/Users/kherm/dev/cagrid-1-0/globus"></property>
    <property name="user.name" value="kherm"></property>
    <property name="env.USER" value="kherm"></property>
    <property name="test.classes.dir" value="/Users/kherm/dev/cvsroot/c3prv2/codebase/projects/web/build/classes-test"></property>
    <property name="env.SHELL" value="/bin/bash"></property>
    <property name="env.__CF_USER_TEXT_ENCODING" value="0x1F6:0:0"></property>
    <property name="debug" value="on"></property>
    <property name="awt.nativeDoubleBuffering" value="true"></property>
    <property name="build.dir" value="/Users/kherm/dev/cvsroot/c3prv2/codebase/projects/web/build"></property>
    <property name="ext.lib.dir" value="/Users/kherm/dev/cvsroot/c3prv2/codebase/projects/web/ext/lib"></property>
    <property name="env.PATH" value="/bin:/sbin:/usr/bin:/usr/sbin:/Library/Ant1.6.5/bin:/Library/Java/Home/bin:/Users/kherm/dev/tomcat-wsrf/bin:/Applications/Mplayer:/Users/kherm/dev/utils/maven/bin:/Users/kherm/dev/cagrid-1-0/globus/bin:/Users/kherm/dev/utils/xmlbeans/bin"></property>
    <property name="user.language" value="en"></property>
    <property name="sun.boot.library.path" value="/System/Library/Frameworks/JavaVM.framework/Versions/1.5.0/Libraries"></property>
    <property name="ant.project.name" value="c3pr-2.0-web"></property>
    <property name="java.version" value="1.5.0_06"></property>
    <property name="user.timezone" value=""></property>
    <property name="ext.test.lib.dir" value="/Users/kherm/dev/cvsroot/c3prv2/codebase/projects/web/ext/test/lib"></property>
    <property name="sun.arch.data.model" value="32"></property>
    <property name="test.src.dir" value="/Users/kherm/dev/cvsroot/c3prv2/codebase/projects/web/test/src"></property>
    <property name="java.endorsed.dirs" value="/System/Library/Frameworks/JavaVM.framework/Versions/1.5.0/Home/lib/endorsed"></property>
    <property name="env.JDK_HOME" value="/Library/Java/Home"></property>
    <property name="sun.cpu.isalist" value=""></property>
    <property name="sun.jnu.encoding" value="MacRoman"></property>
    <property name="file.encoding.pkg" value="sun.io"></property>
    <property name="env.SHLVL" value="1"></property>
    <property name="file.separator" value="/"></property>
    <property name="java.specification.name" value="Java Platform API Specification"></property>
    <property name="test.lib.dir" value="/Users/kherm/dev/cvsroot/c3prv2/codebase/projects/web/test/lib"></property>
    <property name="classes.dir" value="/Users/kherm/dev/cvsroot/c3prv2/codebase/projects/web/build/classes"></property>
    <property name="java.class.version" value="49.0"></property>
    <property name="project.jarfile" value="/Users/kherm/dev/cvsroot/c3prv2/codebase/projects/web/build/jars/c3pr-2.0-web-1.0.jar"></property>
    <property name="user.country" value="US"></property>
    <property name="java.home" value="/System/Library/Frameworks/JavaVM.framework/Versions/1.5.0/Home"></property>
    <property name="java.vm.info" value="mixed mode, sharing"></property>
    <property name="env.CATALINA_HOME" value="/Users/kherm/dev/tomcat-wsrf"></property>
    <property name="env.LOGNAME" value="kherm"></property>
    <property name="ant.file" value="/Users/kherm/dev/cvsroot/c3prv2/codebase/projects/web/build.xml"></property>
    <property name="os.version" value="10.4.8"></property>
    <property name="env.TERM_PROGRAM_VERSION" value="100.1.8"></property>
    <property name="path.separator" value=":"></property>
    <property name="java.vm.version" value="1.5.0_06-64"></property>
    <property name="web.dir" value="/Users/kherm/dev/cvsroot/c3prv2/codebase/projects/web/web"></property>
    <property name="ant.library.dir" value="/Library/Ant1.6.5/lib"></property>
    <property name="env.JAVA_HOME" value="/Library/Java/Home"></property>
    <property name="java.awt.printerjob" value="apple.awt.CPrinterJob"></property>
    <property name="env.TERM" value="xterm-color"></property>
    <property name="sun.io.unicode.encoding" value="UnicodeBig"></property>
    <property name="ant.file.c3pr-2.0-web-test" value="/Users/kherm/dev/cvsroot/c3prv2/codebase/projects/web/antfiles/build-test.xml"></property>
    <property name="awt.toolkit" value="apple.awt.CToolkit"></property>
    <property name="user.home" value="/Users/kherm"></property>
    <property name="java.specification.vendor" value="Sun Microsystems Inc."></property>
    <property name="env.TERM_PROGRAM" value="Apple_Terminal"></property>
    <property name="test.dir" value="/Users/kherm/dev/cvsroot/c3prv2/codebase/projects/web/test"></property>
    <property name="java.library.path" value=".:/Library/Java/Extensions:/System/Library/Java/Extensions:/usr/lib/java"></property>
    <property name="java.vendor.url" value="http://apple.com/"></property>
    <property name="war.file" value="/Users/kherm/dev/cvsroot/c3prv2/codebase/projects/web/build/c3prv2.war"></property>
    <property name="java.vm.vendor" value="&quot;Apple Computer, Inc.&quot;"></property>
    <property name="gopherProxySet" value="false"></property>
    <property name="java.runtime.name" value="Java(TM) 2 Runtime Environment, Standard Edition"></property>
    <property name="ant.file.c3pr-2.0-web" value="/Users/kherm/dev/cvsroot/c3prv2/codebase/projects/web/build.xml"></property>
    <property name="ant.version" value="Apache Ant version 1.6.5 compiled on June 2 2005"></property>
    <property name="java.class.path" value="/Users/kherm/dev/cvsroot/c3prv2/codebase/projects/web/build/jars/c3pr-2.0-web-1.0.jar:/Users/kherm/dev/cvsroot/c3prv2/codebase/projects/web/build/jars/c3pr-2.0-web-tests-1.0.jar:/Users/kherm/dev/cvsroot/c3prv2/codebase/projects/web/lib/commons-httpclient-3.0-rc2.jar:/Users/kherm/dev/cvsroot/c3prv2/codebase/projects/web/lib/javax.servlet.jar:/Users/kherm/dev/cvsroot/c3prv2/codebase/projects/web/lib/javax.servlet.jsp.jar:/Users/kherm/dev/cvsroot/c3prv2/codebase/projects/web/lib/nls_charset12.jar:/Users/kherm/dev/cvsroot/c3prv2/codebase/projects/web/lib/sitemesh-2.2.1.jar:/Users/kherm/dev/cvsroot/c3prv2/codebase/projects/web/ext/lib/ESBMessages-xmltypes.jar:/Users/kherm/dev/cvsroot/c3prv2/codebase/projects/web/ext/lib/activation-1.0.2.jar:/Users/kherm/dev/cvsroot/c3prv2/codebase/projects/web/ext/lib/activeio-core-3.0-beta4.jar:/Users/kherm/dev/cvsroot/c3prv2/codebase/projects/web/ext/lib/activemq-core-4.0.2.jar:/Users/kherm/dev/cvsroot/c3prv2/codebase/projects/web/ext/lib/addressing-1.0.jar:/Users/kherm/dev/cvsroot/c3prv2/codebase/projects/web/ext/lib/ant-contrib.jar:/Users/kherm/dev/cvsroot/c3prv2/codebase/projects/web/ext/lib/antlr-2.7.6.jar:/Users/kherm/dev/cvsroot/c3prv2/codebase/projects/web/ext/lib/asm-attrs.jar:/Users/kherm/dev/cvsroot/c3prv2/codebase/projects/web/ext/lib/asm.jar:/Users/kherm/dev/cvsroot/c3prv2/codebase/projects/web/ext/lib/avalon-framework-cvs-20020806.jar:/Users/kherm/dev/cvsroot/c3prv2/codebase/projects/web/ext/lib/axis-url.jar:/Users/kherm/dev/cvsroot/c3prv2/codebase/projects/web/ext/lib/axis.jar:/Users/kherm/dev/cvsroot/c3prv2/codebase/projects/web/ext/lib/backport-util-concurrent-2.1.jar:/Users/kherm/dev/cvsroot/c3prv2/codebase/projects/web/ext/lib/bootstrap.jar:/Users/kherm/dev/cvsroot/c3prv2/codebase/projects/web/ext/lib/c3pr-2.0-core-1.0.jar:/Users/kherm/dev/cvsroot/c3prv2/codebase/projects/web/ext/lib/c3pr-2.0-esb-client-1.0.jar:/Users/kherm/dev/cvsroot/c3prv2/codebase/projects/web/ext/lib/caGrid-1.0-ServiceSecurityProvider-client.jar:/Users/kherm/dev/cvsroot/c3prv2/codebase/projects/web/ext/lib/caGrid-1.0-ServiceSecurityProvider-common.jar:/Users/kherm/dev/cvsroot/c3prv2/codebase/projects/web/ext/lib/caGrid-1.0-ServiceSecurityProvider-stubs.jar:/Users/kherm/dev/cvsroot/c3prv2/codebase/projects/web/ext/lib/caGrid-1.0-authentication-service-client.jar:/Users/kherm/dev/cvsroot/c3prv2/codebase/projects/web/ext/lib/caGrid-1.0-authentication-service-common.jar:/Users/kherm/dev/cvsroot/c3prv2/codebase/projects/web/ext/lib/caGrid-1.0-authentication-service-stubs.jar:/Users/kherm/dev/cvsroot/c3prv2/codebase/projects/web/ext/lib/caGrid-1.0-core.jar:/Users/kherm/dev/cvsroot/c3prv2/codebase/projects/web/ext/lib/caGrid-1.0-dorian-client.jar:/Users/kherm/dev/cvsroot/c3prv2/codebase/projects/web/ext/lib/caGrid-1.0-dorian-common.jar:/Users/kherm/dev/cvsroot/c3prv2/codebase/projects/web/ext/lib/caGrid-1.0-dorian-stubs.jar:/Users/kherm/dev/cvsroot/c3prv2/codebase/projects/web/ext/lib/caGrid-1.0-gridca.jar:/Users/kherm/dev/cvsroot/c3prv2/codebase/projects/web/ext/lib/caGrid-1.0-metadata-common.jar:/Users/kherm/dev/cvsroot/c3prv2/codebase/projects/web/ext/lib/caGrid-1.0-metadata-data.jar:/Users/kherm/dev/cvsroot/c3prv2/codebase/projects/web/ext/lib/caGrid-1.0-metadata-security.jar:/Users/kherm/dev/cvsroot/c3prv2/codebase/projects/web/ext/lib/caGrid-1.0-opensaml-1.1.jar:/Users/kherm/dev/cvsroot/c3prv2/codebase/projects/web/ext/lib/castor-0.9.9.jar:/Users/kherm/dev/cvsroot/c3prv2/codebase/projects/web/ext/lib/cglib-2.1.3.jar:/Users/kherm/dev/cvsroot/c3prv2/codebase/projects/web/ext/lib/client.jar:/Users/kherm/dev/cvsroot/c3prv2/codebase/projects/web/ext/lib/cog-axis.jar:/Users/kherm/dev/cvsroot/c3prv2/codebase/projects/web/ext/lib/cog-jglobus.jar:/Users/kherm/dev/cvsroot/c3prv2/codebase/projects/web/ext/lib/cog-tomcat.jar:/Users/kherm/dev/cvsroot/c3prv2/codebase/projects/web/ext/lib/cog-url.jar:/Users/kherm/dev/cvsroot/c3prv2/codebase/projects/web/ext/lib/commonj.jar:/Users/kherm/dev/cvsroot/c3prv2/codebase/projects/web/ext/lib/commons-beanutils-1.7.0.jar:/Users/kherm/dev/cvsroot/c3prv2/codebase/projects/web/ext/lib/commons-cli-2.0.jar:/Users/kherm/dev/cvsroot/c3prv2/codebase/projects/web/ext/lib/commons-collections-3.1.jar:/Users/kherm/dev/cvsroot/c3prv2/codebase/projects/web/ext/lib/commons-collections-3.2.jar:/Users/kherm/dev/cvsroot/c3prv2/codebase/projects/web/ext/lib/commons-dbcp-1.2.1.jar:/Users/kherm/dev/cvsroot/c3prv2/codebase/projects/web/ext/lib/commons-digester.jar:/Users/kherm/dev/cvsroot/c3prv2/codebase/projects/web/ext/lib/commons-discovery.jar:/Users/kherm/dev/cvsroot/c3prv2/codebase/projects/web/ext/lib/commons-lang-2.1.jar:/Users/kherm/dev/cvsroot/c3prv2/codebase/projects/web/ext/lib/commons-logging.jar:/Users/kherm/dev/cvsroot/c3prv2/codebase/projects/web/ext/lib/commons-pool-1.2.jar:/Users/kherm/dev/cvsroot/c3prv2/codebase/projects/web/ext/lib/concurrent.jar:/Users/kherm/dev/cvsroot/c3prv2/codebase/projects/web/ext/lib/cryptix-asn1.jar:/Users/kherm/dev/cvsroot/c3prv2/codebase/projects/web/ext/lib/cryptix.jar:/Users/kherm/dev/cvsroot/c3prv2/codebase/projects/web/ext/lib/cryptix32.jar:/Users/kherm/dev/cvsroot/c3prv2/codebase/projects/web/ext/lib/ctms-web-sso.jar:/Users/kherm/dev/cvsroot/c3prv2/codebase/projects/web/ext/lib/dom4j-1.6.1.jar:/Users/kherm/dev/cvsroot/c3prv2/codebase/projects/web/ext/lib/ehcache-1.2.jar:/Users/kherm/dev/cvsroot/c3prv2/codebase/projects/web/ext/lib/ejb3-persistence.jar:/Users/kherm/dev/cvsroot/c3prv2/codebase/projects/web/ext/lib/fop.jar:/Users/kherm/dev/cvsroot/c3prv2/codebase/projects/web/ext/lib/globus_wsrf_mds_aggregator.jar:/Users/kherm/dev/cvsroot/c3prv2/codebase/projects/web/ext/lib/globus_wsrf_mds_aggregator_stubs.jar:/Users/kherm/dev/cvsroot/c3prv2/codebase/projects/web/ext/lib/globus_wsrf_servicegroup.jar:/Users/kherm/dev/cvsroot/c3prv2/codebase/projects/web/ext/lib/globus_wsrf_servicegroup_stubs.jar:/Users/kherm/dev/cvsroot/c3prv2/codebase/projects/web/ext/lib/grid-security-plugin-1.0.jar:/Users/kherm/dev/cvsroot/c3prv2/codebase/projects/web/ext/lib/handle.jar:/Users/kherm/dev/cvsroot/c3prv2/codebase/projects/web/ext/lib/handlerservice.jar:/Users/kherm/dev/cvsroot/c3prv2/codebase/projects/web/ext/lib/hibernate-annotations.jar:/Users/kherm/dev/cvsroot/c3prv2/codebase/projects/web/ext/lib/hibernate3.2.1.jar:/Users/kherm/dev/cvsroot/c3prv2/codebase/projects/web/ext/lib/jaxen-core.jar:/Users/kherm/dev/cvsroot/c3prv2/codebase/projects/web/ext/lib/jaxen-jdom.jar:/Users/kherm/dev/cvsroot/c3prv2/codebase/projects/web/ext/lib/jaxrpc.jar:/Users/kherm/dev/cvsroot/c3prv2/codebase/projects/web/ext/lib/jboss-j2ee-4.0.5.jar:/Users/kherm/dev/cvsroot/c3prv2/codebase/projects/web/ext/lib/jboss-jsr77.jar:/Users/kherm/dev/cvsroot/c3prv2/codebase/projects/web/ext/lib/jce-jdk13-125.jar:/Users/kherm/dev/cvsroot/c3prv2/codebase/projects/web/ext/lib/jdom.jar:/Users/kherm/dev/cvsroot/c3prv2/codebase/projects/web/ext/lib/jgss.jar:/Users/kherm/dev/cvsroot/c3prv2/codebase/projects/web/ext/lib/jstl.jar:/Users/kherm/dev/cvsroot/c3prv2/codebase/projects/web/ext/lib/jta.jar:/Users/kherm/dev/cvsroot/c3prv2/codebase/projects/web/ext/lib/log4j-1.2.13.jar:/Users/kherm/dev/cvsroot/c3prv2/codebase/projects/web/ext/lib/mail-1.3.2.jar:/Users/kherm/dev/cvsroot/c3prv2/codebase/projects/web/ext/lib/mobius_common_client-1.1.jar:/Users/kherm/dev/cvsroot/c3prv2/codebase/projects/web/ext/lib/mobius_factories-1.1.jar:/Users/kherm/dev/cvsroot/c3prv2/codebase/projects/web/ext/lib/mobius_gme_client-1.1.jar:/Users/kherm/dev/cvsroot/c3prv2/codebase/projects/web/ext/lib/mobius_mako_client-1.1.jar:/Users/kherm/dev/cvsroot/c3prv2/codebase/projects/web/ext/lib/mobius_tools-1.1.jar:/Users/kherm/dev/cvsroot/c3prv2/codebase/projects/web/ext/lib/naming-java.jar:/Users/kherm/dev/cvsroot/c3prv2/codebase/projects/web/ext/lib/northwestern-core-commons.jar:/Users/kherm/dev/cvsroot/c3prv2/codebase/projects/web/ext/lib/ojdbc14.jar:/Users/kherm/dev/cvsroot/c3prv2/codebase/projects/web/ext/lib/postgresql-8.1-407.jdbc3.jar:/Users/kherm/dev/cvsroot/c3prv2/codebase/projects/web/ext/lib/puretls.jar:/Users/kherm/dev/cvsroot/c3prv2/codebase/projects/web/ext/lib/saaj.jar:/Users/kherm/dev/cvsroot/c3prv2/codebase/projects/web/ext/lib/saxpath.jar:/Users/kherm/dev/cvsroot/c3prv2/codebase/projects/web/ext/lib/spring2.0.2.jar:/Users/kherm/dev/cvsroot/c3prv2/codebase/projects/web/ext/lib/standard.jar:/Users/kherm/dev/cvsroot/c3prv2/codebase/projects/web/ext/lib/wsdl4j.jar:/Users/kherm/dev/cvsroot/c3prv2/codebase/projects/web/ext/lib/wsrf_core.jar:/Users/kherm/dev/cvsroot/c3prv2/codebase/projects/web/ext/lib/wsrf_core_stubs.jar:/Users/kherm/dev/cvsroot/c3prv2/codebase/projects/web/ext/lib/wss4j.jar:/Users/kherm/dev/cvsroot/c3prv2/codebase/projects/web/ext/lib/xbean-spring-2.7.jar:/Users/kherm/dev/cvsroot/c3prv2/codebase/projects/web/ext/lib/xerces-2.6.2.jar:/Users/kherm/dev/cvsroot/c3prv2/codebase/projects/web/ext/lib/xerces.jar:/Users/kherm/dev/cvsroot/c3prv2/codebase/projects/web/ext/lib/xercesImpl-2.2.1.jar:/Users/kherm/dev/cvsroot/c3prv2/codebase/projects/web/ext/lib/xmlsec.jar:/Users/kherm/dev/cvsroot/c3prv2/codebase/projects/web/ext/test/lib/junit-3.8.1.jar:/Users/kherm/dev/tomcat-wsrf/common/lib/ant-launcher.jar:/Users/kherm/dev/tomcat-wsrf/common/lib/ant.jar:/Users/kherm/dev/tomcat-wsrf/common/lib/commons-collections-3.1.jar:/Users/kherm/dev/tomcat-wsrf/common/lib/commons-dbcp-1.2.1.jar:/Users/kherm/dev/tomcat-wsrf/common/lib/commons-el.jar:/Users/kherm/dev/tomcat-wsrf/common/lib/commons-pool-1.2.jar:/Users/kherm/dev/tomcat-wsrf/common/lib/jasper-compiler.jar:/Users/kherm/dev/tomcat-wsrf/common/lib/jasper-runtime.jar:/Users/kherm/dev/tomcat-wsrf/common/lib/jsp-api.jar:/Users/kherm/dev/tomcat-wsrf/common/lib/naming-common.jar:/Users/kherm/dev/tomcat-wsrf/common/lib/naming-factory.jar:/Users/kherm/dev/tomcat-wsrf/common/lib/naming-java.jar:/Users/kherm/dev/tomcat-wsrf/common/lib/naming-resources.jar:/Users/kherm/dev/tomcat-wsrf/common/lib/servlet-api.jar:/Users/kherm/dev/cvsroot/c3prv2/codebase/share/cobertura-1.8/cobertura.jar:/Users/kherm/dev/cvsroot/c3prv2/codebase/share/cobertura-1.8/lib/asm-2.2.1.jar:/Users/kherm/dev/cvsroot/c3prv2/codebase/share/cobertura-1.8/lib/jakarta-oro-2.0.8.jar:/Users/kherm/dev/cvsroot/c3prv2/codebase/share/cobertura-1.8/lib/log4j-1.2.9.jar:/Library/Ant1.6.5/lib/junit.jar:/Library/Ant1.6.5/lib/ant-launcher.jar:/Library/Ant1.6.5/lib/ant.jar:/Library/Ant1.6.5/lib/ant-junit.jar:/System/Library/Frameworks/JavaVM.framework/Versions/1.5.0/Classes/.compatibility/14compatibility.jar"></property>
    <property name="project.version" value="1.0"></property>
    <property name="project.name" value="web"></property>
    <property name="env.JAVA_MAIN_CLASS_763" value="org.apache.tools.ant.launch.Launcher"></property>
    <property name="java.vm.specification.name" value="Java Virtual Machine Specification"></property>
    <property name="java.vm.specification.version" value="1.0"></property>
    <property name="sun.os.patch.level" value="unknown"></property>
    <property name="sun.cpu.endian" value="big"></property>
    <property name="env.HOME" value="/Users/kherm"></property>
    <property name="env.ANT_HOME" value="/Library/Ant1.6.5"></property>
    <property name="java.io.tmpdir" value="/tmp"></property>
    <property name="deploy.path" value="/Users/kherm/dev/tomcat-wsrf/webapps"></property>
    <property name="java.vendor.url.bug" value="http://developer.apple.com/java/"></property>
    <property name="conf.dir" value="/Users/kherm/dev/cvsroot/c3prv2/codebase/projects/web/conf"></property>
    <property name="os.arch" value="ppc"></property>
    <property name="java.awt.graphicsenv" value="apple.awt.CGraphicsEnvironment"></property>
    <property name="java.ext.dirs" value="/Library/Java/Extensions:/System/Library/Java/Extensions:/System/Library/Frameworks/JavaVM.framework/Versions/1.5.0/Home/lib/ext"></property>
    <property name="mrj.version" value="1040.1.5.0_06-112"></property>
    <property name="user.dir" value="/Users/kherm/dev/cvsroot/c3prv2/codebase/projects/web"></property>
    <property name="env.MAVEN_HOME" value="/Users/kherm/dev/utils/maven"></property>
    <property name="testcoverage.datafile" value="/Users/kherm/dev/cvsroot/c3prv2/codebase/projects/web/test/logs/web.ser"></property>
    <property name="line.separator" value="
"></property>
    <property name="java.vm.name" value="Java HotSpot(TM) Client VM"></property>
    <property name="basedir" value="/Users/kherm/dev/cvsroot/c3prv2/codebase/projects/web"></property>
    <property name="test.logs.dir" value="/Users/kherm/dev/cvsroot/c3prv2/codebase/projects/web/test/logs"></property>
    <property name="ant.java.version" value="1.5"></property>
    <property name="file.encoding" value="MacRoman"></property>
    <property name="java.specification.version" value="1.5"></property>
    <property name="src.dir" value="/Users/kherm/dev/cvsroot/c3prv2/codebase/projects/web/src"></property>
    <property name="webapp.name" value="c3pr"></property>
    <property name="junit.results.dir" value="/Users/kherm/dev/cvsroot/c3prv2/codebase/projects/web/test/logs/junit"></property>
  </properties>
  <testcase classname="edu.duke.cabig.c3pr.web.utils.GridProxyUtilsTest" name="testGetUsername" time="1.271"></testcase>
  <system-out><![CDATA[ram
]]></system-out>
  <system-err><![CDATA[]]></system-err>
</testsuite>
