<?xml version="1.0" encoding="UTF-8" ?>
<testsuite errors="0" failures="0" hostname="Manav-Mac.local" name="edu.duke.cabig.c3pr.installer.ValidateConfigTest" tests="3" time="0.966" timestamp="2007-07-06T23:05:34">
  <properties>
    <property name="ant.file.c3prv2-installer-test" value="/Users/kherm/dev/cvsroot/c3prv2/codebase/projects/installer/antfiles/build-test.xml" />
    <property name="java.vendor" value="Apple Computer, Inc." />
    <property name="software.dir" value="/Users/kherm/dev/cvsroot/c3prv2/codebase/projects/installer/resources/software" />
    <property name="antfiles.dir" value="/Users/kherm/dev/cvsroot/c3prv2/codebase/projects/installer/antfiles" />
    <property name="jikes.class.path" value=":/Library/Java/Home/../Classes/charsets.jar:/Library/Java/Home/../Classes/classes.jar:/Library/Java/Home/../Classes/dt.jar:/Library/Java/Home/../Classes/jce.jar:/Library/Java/Home/../Classes/jconsole.jar:/Library/Java/Home/../Classes/jsse.jar:/Library/Java/Home/../Classes/laf.jar:/Library/Java/Home/../Classes/ui.jar" />
    <property name="sun.management.compiler" value="HotSpot Client Compiler" />
    <property name="os.name" value="Mac OS X" />
    <property name="cobertura.home" value="/Users/kherm/dev/cvsroot/c3prv2/codebase/share/cobertura-1.8" />
    <property name="sun.boot.class.path" value="/System/Library/Frameworks/JavaVM.framework/Versions/1.5.0/Classes/classes.jar:/System/Library/Frameworks/JavaVM.framework/Versions/1.5.0/Classes/ui.jar:/System/Library/Frameworks/JavaVM.framework/Versions/1.5.0/Classes/laf.jar:/System/Library/Frameworks/JavaVM.framework/Versions/1.5.0/Classes/sunrsasign.jar:/System/Library/Frameworks/JavaVM.framework/Versions/1.5.0/Classes/jsse.jar:/System/Library/Frameworks/JavaVM.framework/Versions/1.5.0/Classes/jce.jar:/System/Library/Frameworks/JavaVM.framework/Versions/1.5.0/Classes/charsets.jar" />
    <property name="java.vm.specification.vendor" value="Sun Microsystems Inc." />
    <property name="net.sourceforge.cobertura.datafile" value="/Users/kherm/dev/cvsroot/c3prv2/codebase/projects/installer/test/logs/queryengine.ser" />
    <property name="ant.home" value="/Library/Ant1.6.5" />
    <property name="java.runtime.version" value="1.5.0_07-164" />
    <property name="test.ext.lib.dir" value="/Users/kherm/dev/cvsroot/c3prv2/codebase/projects/installer/ext/test/lib" />
    <property name="install.build.file" value="/Users/kherm/dev/cvsroot/c3prv2/codebase/projects/installer/c3prv2-installer/build.xml" />
    <property name="user.name" value="kherm" />
    <property name="test.classes.dir" value="/Users/kherm/dev/cvsroot/c3prv2/codebase/projects/installer/build/classes-test" />
    <property name="awt.nativeDoubleBuffering" value="true" />
    <property name="build.dir" value="/Users/kherm/dev/cvsroot/c3prv2/codebase/projects/installer/build" />
    <property name="user.language" value="en" />
    <property name="ext.dir" value="/Users/kherm/dev/cvsroot/c3prv2/codebase/projects/installer/ext" />
    <property name="sun.boot.library.path" value="/System/Library/Frameworks/JavaVM.framework/Versions/1.5.0/Libraries" />
    <property name="ant.project.name" value="Create C3PRV2 Installer Build" />
    <property name="java.version" value="1.5.0_07" />
    <property name="user.timezone" value="" />
    <property name="resources.dir" value="/Users/kherm/dev/cvsroot/c3prv2/codebase/projects/installer/resources" />
    <property name="sun.arch.data.model" value="32" />
    <property name="test.jar.name" value="/Users/kherm/dev/cvsroot/c3prv2/codebase/projects/installer/build/jars/c3prv2-installer-tests-1.0.jar" />
    <property name="test.src.dir" value="/Users/kherm/dev/cvsroot/c3prv2/codebase/projects/installer/test/src" />
    <property name="java.endorsed.dirs" value="/System/Library/Frameworks/JavaVM.framework/Versions/1.5.0/Home/lib/endorsed" />
    <property name="sun.cpu.isalist" value="" />
    <property name="sun.jnu.encoding" value="MacRoman" />
    <property name="file.encoding.pkg" value="sun.io" />
    <property name="file.separator" value="/" />
    <property name="java.specification.name" value="Java Platform API Specification" />
    <property name="java.class.version" value="49.0" />
    <property name="user.country" value="US" />
    <property name="java.home" value="/System/Library/Frameworks/JavaVM.framework/Versions/1.5.0/Home" />
    <property name="java.vm.info" value="mixed mode, sharing" />
    <property name="install.config.file" value="/Users/kherm/dev/cvsroot/c3prv2/codebase/projects/installer/c3prv2-installer/antinstall-config.xml" />
    <property name="ant.file" value="/Users/kherm/dev/cvsroot/c3prv2/codebase/projects/installer/build.xml" />
    <property name="os.version" value="10.4.10" />
    <property name="test.src.java.dir" value="/Users/kherm/dev/cvsroot/c3prv2/codebase/projects/installer/test/src/java" />
    <property name="path.separator" value=":" />
    <property name="java.vm.version" value="1.5.0_07-87" />
    <property name="test.ext.dir" value="/Users/kherm/dev/cvsroot/c3prv2/codebase/projects/installer/ext/test" />
    <property name="ant.file.Create C3PRV2 Installer Build" value="/Users/kherm/dev/cvsroot/c3prv2/codebase/projects/installer/build.xml" />
    <property name="ant.library.dir" value="/Library/Ant1.6.5/lib" />
    <property name="java.awt.printerjob" value="apple.awt.CPrinterJob" />
    <property name="sun.io.unicode.encoding" value="UnicodeLittle" />
    <property name="awt.toolkit" value="apple.awt.CToolkit" />
    <property name="ant.file.c3pr-2.0" value="/Users/kherm/dev/cvsroot/c3prv2/codebase/antfiles/build.xml" />
    <property name="build.jar.dir" value="/Users/kherm/dev/cvsroot/c3prv2/codebase/projects/installer/build/jars" />
    <property name="user.home" value="/Users/kherm" />
    <property name="java.specification.vendor" value="Sun Microsystems Inc." />
    <property name="test.dir" value="/Users/kherm/dev/cvsroot/c3prv2/codebase/projects/installer/test" />
    <property name="ant.file.c3pr-2.0-test" value="/Users/kherm/dev/cvsroot/c3prv2/codebase/antfiles/build-test.xml" />
    <property name="java.library.path" value=".:/Library/Java/Extensions:/System/Library/Java/Extensions:/usr/lib/java" />
    <property name="java.vendor.url" value="http://apple.com/" />
    <property name="c3prv2.installer.artifact" value="/Users/kherm/dev/cvsroot/c3prv2/codebase/projects/installer/build/jars/c3prv2-installer-1.0.jar" />
    <property name="java.vm.vendor" value="&quot;Apple Computer, Inc.&quot;" />
    <property name="gopherProxySet" value="false" />
    <property name="java.runtime.name" value="Java(TM) 2 Runtime Environment, Standard Edition" />
    <property name="java.class.path" value="/Users/kherm/dev/cvsroot/c3prv2/codebase/projects/installer/lib/ant-installer-ext.jar:/Users/kherm/dev/cvsroot/c3prv2/codebase/projects/installer/lib/ant-installer.jar:/Users/kherm/dev/cvsroot/c3prv2/codebase/projects/installer/c3prv2-installer:/Users/kherm/dev/cvsroot/c3prv2/codebase/projects/installer/antlib/ant-antlr.jar:/Users/kherm/dev/cvsroot/c3prv2/codebase/projects/installer/antlib/ant-apache-bcel.jar:/Users/kherm/dev/cvsroot/c3prv2/codebase/projects/installer/antlib/ant-apache-bsf.jar:/Users/kherm/dev/cvsroot/c3prv2/codebase/projects/installer/antlib/ant-apache-log4j.jar:/Users/kherm/dev/cvsroot/c3prv2/codebase/projects/installer/antlib/ant-apache-oro.jar:/Users/kherm/dev/cvsroot/c3prv2/codebase/projects/installer/antlib/ant-apache-regexp.jar:/Users/kherm/dev/cvsroot/c3prv2/codebase/projects/installer/antlib/ant-apache-resolver.jar:/Users/kherm/dev/cvsroot/c3prv2/codebase/projects/installer/antlib/ant-commons-logging.jar:/Users/kherm/dev/cvsroot/c3prv2/codebase/projects/installer/antlib/ant-commons-net.jar:/Users/kherm/dev/cvsroot/c3prv2/codebase/projects/installer/antlib/ant-jai.jar:/Users/kherm/dev/cvsroot/c3prv2/codebase/projects/installer/antlib/ant-javamail.jar:/Users/kherm/dev/cvsroot/c3prv2/codebase/projects/installer/antlib/ant-jdepend.jar:/Users/kherm/dev/cvsroot/c3prv2/codebase/projects/installer/antlib/ant-jmf.jar:/Users/kherm/dev/cvsroot/c3prv2/codebase/projects/installer/antlib/ant-jsch.jar:/Users/kherm/dev/cvsroot/c3prv2/codebase/projects/installer/antlib/ant-junit.jar:/Users/kherm/dev/cvsroot/c3prv2/codebase/projects/installer/antlib/ant-launcher.jar:/Users/kherm/dev/cvsroot/c3prv2/codebase/projects/installer/antlib/ant-netrexx.jar:/Users/kherm/dev/cvsroot/c3prv2/codebase/projects/installer/antlib/ant-nodeps.jar:/Users/kherm/dev/cvsroot/c3prv2/codebase/projects/installer/antlib/ant-starteam.jar:/Users/kherm/dev/cvsroot/c3prv2/codebase/projects/installer/antlib/ant-stylebook.jar:/Users/kherm/dev/cvsroot/c3prv2/codebase/projects/installer/antlib/ant-swing.jar:/Users/kherm/dev/cvsroot/c3prv2/codebase/projects/installer/antlib/ant-testutil.jar:/Users/kherm/dev/cvsroot/c3prv2/codebase/projects/installer/antlib/ant-trax.jar:/Users/kherm/dev/cvsroot/c3prv2/codebase/projects/installer/antlib/ant-weblogic.jar:/Users/kherm/dev/cvsroot/c3prv2/codebase/projects/installer/antlib/ant.jar:/Users/kherm/dev/cvsroot/c3prv2/codebase/projects/installer/antlib/junit-3.8.jar:/Users/kherm/dev/cvsroot/c3prv2/codebase/projects/installer/antlib/xercesImpl.jar:/Users/kherm/dev/cvsroot/c3prv2/codebase/projects/installer/antlib/xml-apis.jar:/Users/kherm/dev/cvsroot/c3prv2/codebase/projects/installer/build/jars/c3prv2-installer-1.0.jar:/Users/kherm/dev/cvsroot/c3prv2/codebase/projects/installer/build/jars/c3prv2-installer-tests-1.0.jar:/Users/kherm/dev/cvsroot/c3prv2/codebase/projects/installer/ext/test/lib/junit-3.8.1.jar:/Users/kherm/dev/cvsroot/c3prv2/codebase/projects/installer/ext/test/lib/spring-mock.jar:/Users/kherm/dev/cvsroot/c3prv2/codebase/share/cobertura-1.8/cobertura.jar:/Users/kherm/dev/cvsroot/c3prv2/codebase/share/cobertura-1.8/lib/asm-2.2.1.jar:/Users/kherm/dev/cvsroot/c3prv2/codebase/share/cobertura-1.8/lib/jakarta-oro-2.0.8.jar:/Users/kherm/dev/cvsroot/c3prv2/codebase/share/cobertura-1.8/lib/log4j-1.2.9.jar:/Library/Ant1.6.5/lib/junit.jar:/Library/Ant1.6.5/lib/ant-launcher.jar:/Library/Ant1.6.5/lib/ant.jar:/Library/Ant1.6.5/lib/ant-junit.jar:/System/Library/Frameworks/JavaVM.framework/Versions/1.5.0/Classes/.compatibility/14compatibility.jar" />
    <property name="ant.file.catrip-1.0-codedrop" value="/Users/kherm/dev/cvsroot/c3prv2/codebase/antfiles/build-codedrop.xml" />
    <property name="ant.version" value="Apache Ant version 1.6.5 compiled on June 2 2005" />
    <property name="project.version" value="1.0" />
    <property name="project.name" value="c3prv2-installer" />
    <property name="ant.file.c3pr-2.0-reports" value="/Users/kherm/dev/cvsroot/c3prv2/codebase/antfiles/build-reports.xml" />
    <property name="java.vm.specification.name" value="Java Virtual Machine Specification" />
    <property name="java.vm.specification.version" value="1.0" />
    <property name="sun.cpu.endian" value="little" />
    <property name="sun.os.patch.level" value="unknown" />
    <property name="java.io.tmpdir" value="/tmp" />
    <property name="c3prv2.installer.dir" value="/Users/kherm/dev/cvsroot/c3prv2/codebase/projects/installer/c3prv2-installer" />
    <property name="java.vendor.url.bug" value="http://developer.apple.com/java/" />
    <property name="os.arch" value="i386" />
    <property name="java.awt.graphicsenv" value="apple.awt.CGraphicsEnvironment" />
    <property name="java.ext.dirs" value="/Library/Java/Extensions:/System/Library/Java/Extensions:/System/Library/Frameworks/JavaVM.framework/Versions/1.5.0/Home/lib/ext" />
    <property name="user.dir" value="/Users/kherm/dev/cvsroot/c3prv2/codebase/projects/installer" />
    <property name="mrj.version" value="1040.1.5.0_07-164" />
    <property name="testcoverage.datafile" value="/Users/kherm/dev/cvsroot/c3prv2/codebase/projects/installer/test/logs/queryengine.ser" />
    <property name="line.separator" value="
" />
    <property name="java.vm.name" value="Java HotSpot(TM) Client VM" />
    <property name="basedir" value="/Users/kherm/dev/cvsroot/c3prv2/codebase/projects/installer" />
    <property name="ant.file.c3pr-2.0-utilities" value="/Users/kherm/dev/cvsroot/c3prv2/codebase/antfiles/build-utilities.xml" />
    <property name="test.logs.dir" value="/Users/kherm/dev/cvsroot/c3prv2/codebase/projects/installer/test/logs" />
    <property name="ant.java.version" value="1.5" />
    <property name="ant.lib.version" value="" />
    <property name="file.encoding" value="MacRoman" />
    <property name="ant.file.c3pr-2.0-artifacts" value="/Users/kherm/dev/cvsroot/c3prv2/codebase/antfiles/build-artifacts.xml" />
    <property name="java.specification.version" value="1.5" />
    <property name="junit.results.dir" value="/Users/kherm/dev/cvsroot/c3prv2/codebase/test/logs" />
  </properties>
  <testcase classname="edu.duke.cabig.c3pr.installer.ValidateConfigTest" name="testConfigFileExists" time="0.0010" />
  <testcase classname="edu.duke.cabig.c3pr.installer.ValidateConfigTest" name="testConfigFileValid" time="0.358" />
  <testcase classname="edu.duke.cabig.c3pr.installer.ValidateConfigTest" name="testBuildFileValid" time="0.038" />
  <system-out><![CDATA[Checking installer: C3PRV2 Installer
Checking page: intro
Checking page: License
Checking page: DeployDir
Checking page: installTomcat
Checking page: selectTomcatInstallDir
Checking page: selectExistingTomcat
Repeated property name:tomcat.home
Loading defaults from file will probably not work:tomcat.home
Checking page: selectLogFilename
Checking page: selectComponents
Checking page: configureCSM
Checking page: selectAuthorizationSwitch
Checking page: selectDatabase
Checking page: createDatabaseChoice
Checking page: oracleProperties
Checking page: postgresProperties
Repeated property name:datasource.url
Loading defaults from file will probably not work:datasource.url
Repeated property name:datasource.username
Loading defaults from file will probably not work:datasource.username
Repeated property name:datasource.password
Loading defaults from file will probably not work:datasource.password
Repeated property name:datasource.driver
Loading defaults from file will probably not work:datasource.driver
Repeated property name:datasource.dialect
Loading defaults from file will probably not work:datasource.dialect
Checking page: hotlinks
Checking page: ESB
Checking page: null
Checking page: Grid
Checking page: progress
Finished checking config inputs
Found target input type
ifTarget=deploy-webapp
ifTarget will never test true, no prior target in page:selectLogFilename
Finished checking config
]]></system-out>
  <system-err><![CDATA[]]></system-err>
</testsuite>
