<?xml version="1.0" encoding="UTF-8" ?>
<testsuite errors="1" failures="6" name="edu.duke.cabig.c3pr.dao.StudyDaoTest" tests="9" time="3.131">
  <properties>
    <property name="java.vendor" value="Apple Computer, Inc."></property>
    <property name="lib.dir" value="/Users/kherm/dev/cvsroot/c3prv2/codebase/projects/core/lib"></property>
    <property name="antfiles.dir" value="/Users/kherm/dev/cvsroot/c3prv2/codebase/projects/core/antfiles"></property>
    <property name="jikes.class.path" value=":/Library/Java/Home/../Classes/charsets.jar:/Library/Java/Home/../Classes/classes.jar:/Library/Java/Home/../Classes/dt.jar:/Library/Java/Home/../Classes/jce.jar:/Library/Java/Home/../Classes/jconsole.jar:/Library/Java/Home/../Classes/jsse.jar:/Library/Java/Home/../Classes/laf.jar:/Library/Java/Home/../Classes/ui.jar"></property>
    <property name="sun.management.compiler" value="HotSpot Client Compiler"></property>
    <property name="env.SECURITYSESSIONID" value="f2afa0"></property>
    <property name="test.project.jar" value="/Users/kherm/dev/cvsroot/c3prv2/codebase/projects/core/build/jars/c3pr-2.0-core-tests-1.0.jar"></property>
    <property name="os.name" value="Mac OS X"></property>
    <property name="csm.conf.dir" value="/Users/kherm/dev/cvsroot/c3prv2/codebase/projects/core/conf//csm"></property>
    <property name="cobertura.home" value="/Users/kherm/dev/cvsroot/c3prv2/codebase/share/cobertura-1.8"></property>
    <property name="sun.boot.class.path" value="/System/Library/Frameworks/JavaVM.framework/Versions/1.5.0/Classes/classes.jar:/System/Library/Frameworks/JavaVM.framework/Versions/1.5.0/Classes/ui.jar:/System/Library/Frameworks/JavaVM.framework/Versions/1.5.0/Classes/laf.jar:/System/Library/Frameworks/JavaVM.framework/Versions/1.5.0/Classes/sunrsasign.jar:/System/Library/Frameworks/JavaVM.framework/Versions/1.5.0/Classes/jsse.jar:/System/Library/Frameworks/JavaVM.framework/Versions/1.5.0/Classes/jce.jar:/System/Library/Frameworks/JavaVM.framework/Versions/1.5.0/Classes/charsets.jar"></property>
    <property name="env.PWD" value="/Users/kherm/dev/cvsroot/c3prv2/codebase/projects/core"></property>
    <property name="postgresql.csm.db.scripts.dir" value="/Users/kherm/dev/cvsroot/c3prv2/codebase/projects/core/db/PostGreSQL/csm"></property>
    <property name="ant.file.c3pr-2.0-core" value="/Users/kherm/dev/cvsroot/c3prv2/codebase/projects/core/build.xml"></property>
    <property name="java.vm.specification.vendor" value="Sun Microsystems Inc."></property>
    <property name="net.sourceforge.cobertura.datafile" value="/Users/kherm/dev/cvsroot/c3prv2/codebase/projects/core/test/logs/queryengine.ser"></property>
    <property name="ant.home" value="/Library/Ant1.6.5"></property>
    <property name="jar.dir" value="/Users/kherm/dev/cvsroot/c3prv2/codebase/projects/core/build/jars"></property>
    <property name="java.runtime.version" value="1.5.0_07-164"></property>
    <property name="env.XMLBEANS_HOME" value="/Users/kherm/dev/utils/xmlbeans"></property>
    <property name="env.GLOBUS_LOCATION" value="/Users/kherm/dev/globus"></property>
    <property name="user.name" value="kherm"></property>
    <property name="env.USER" value="kherm"></property>
    <property name="test.classes.dir" value="/Users/kherm/dev/cvsroot/c3prv2/codebase/projects/core/build/classes-test"></property>
    <property name="env.SHELL" value="/bin/bash"></property>
    <property name="env.__CF_USER_TEXT_ENCODING" value="0x1F6:0:0"></property>
    <property name="debug" value="on"></property>
    <property name="awt.nativeDoubleBuffering" value="true"></property>
    <property name="core.properties.file" value="/Users/kherm/dev/cvsroot/c3prv2/codebase/projects/core/conf//core.properties"></property>
    <property name="build.dir" value="/Users/kherm/dev/cvsroot/c3prv2/codebase/projects/core/build"></property>
    <property name="ext.lib.dir" value="/Users/kherm/dev/cvsroot/c3prv2/codebase/projects/core/ext/lib"></property>
    <property name="env.PATH" value="/sw/bin:/sw/sbin:/bin:/sbin:/usr/bin:/usr/sbin:/Library/Ant1.6.5/bin:/Library/Java/Home/bin:/Users/kherm/dev/tomcat-wsrf/bin:/Applications/Mplayer:/Users/kherm/dev/utils/maven/bin:/Users/kherm/dev/globus/bin:/Users/kherm/dev/utils/xmlbeans/bin:/usr/local/pgsql/data:/usr/local/pgsql/bin"></property>
    <property name="user.language" value="en"></property>
    <property name="sun.boot.library.path" value="/System/Library/Frameworks/JavaVM.framework/Versions/1.5.0/Libraries"></property>
    <property name="ant.project.name" value="c3pr-2.0-core"></property>
    <property name="java.version" value="1.5.0_07"></property>
    <property name="user.timezone" value=""></property>
    <property name="oracle.csm.db.scripts.dir" value="/Users/kherm/dev/cvsroot/c3prv2/codebase/projects/core/db/oracle/csm"></property>
    <property name="ext.test.lib.dir" value="/Users/kherm/dev/cvsroot/c3prv2/codebase/projects/core/ext/test/lib"></property>
    <property name="resources.dir" value="/Users/kherm/dev/cvsroot/c3prv2/codebase/projects/core/resources"></property>
    <property name="sun.arch.data.model" value="32"></property>
    <property name="test.src.dir" value="/Users/kherm/dev/cvsroot/c3prv2/codebase/projects/core/test/src"></property>
    <property name="java.endorsed.dirs" value="/System/Library/Frameworks/JavaVM.framework/Versions/1.5.0/Home/lib/endorsed"></property>
    <property name="env.JDK_HOME" value="/Library/Java/Home"></property>
    <property name="sun.cpu.isalist" value=""></property>
    <property name="sun.jnu.encoding" value="MacRoman"></property>
    <property name="file.encoding.pkg" value="sun.io"></property>
    <property name="env.SHLVL" value="1"></property>
    <property name="file.separator" value="/"></property>
    <property name="java.specification.name" value="Java Platform API Specification"></property>
    <property name="test.lib.dir" value="/Users/kherm/dev/cvsroot/c3prv2/codebase/projects/core/test/lib"></property>
    <property name="classes.dir" value="/Users/kherm/dev/cvsroot/c3prv2/codebase/projects/core/build/classes"></property>
    <property name="java.class.version" value="49.0"></property>
    <property name="project.jarfile" value="/Users/kherm/dev/cvsroot/c3prv2/codebase/projects/core/build/jars/c3pr-2.0-core-1.0.jar"></property>
    <property name="user.country" value="US"></property>
    <property name="java.home" value="/System/Library/Frameworks/JavaVM.framework/Versions/1.5.0/Home"></property>
    <property name="java.vm.info" value="mixed mode, sharing"></property>
    <property name="postgresql.db.script.dir" value="/Users/kherm/dev/cvsroot/c3prv2/codebase/projects/core/db/PostGreSQL"></property>
    <property name="env.CATALINA_HOME" value="/Users/kherm/dev/tomcat-wsrf"></property>
    <property name="env.XML_CATALOG_FILES" value="/sw/etc/xml/catalog"></property>
    <property name="env.LOGNAME" value="kherm"></property>
    <property name="ant.file" value="/Users/kherm/dev/cvsroot/c3prv2/codebase/projects/core/build.xml"></property>
    <property name="os.version" value="10.4.9"></property>
    <property name="env.TERM_PROGRAM_VERSION" value="133"></property>
    <property name="path.separator" value=":"></property>
    <property name="java.vm.version" value="1.5.0_07-87"></property>
    <property name="ant.library.dir" value="/Library/Ant1.6.5/lib"></property>
    <property name="env.JAVA_HOME" value="/Library/Java/Home"></property>
    <property name="java.awt.printerjob" value="apple.awt.CPrinterJob"></property>
    <property name="env.TERM" value="xterm-color"></property>
    <property name="sun.io.unicode.encoding" value="UnicodeLittle"></property>
    <property name="awt.toolkit" value="apple.awt.CToolkit"></property>
    <property name="ant.file.c3pr-2.0-core-test" value="/Users/kherm/dev/cvsroot/c3prv2/codebase/projects/core/antfiles/build-test.xml"></property>
    <property name="env.MANPATH" value="/sw/share/man:/usr/share/man:/Library/Java/Home/man:/sw/lib/perl5/5.8.6/man"></property>
    <property name="user.home" value="/Users/kherm"></property>
    <property name="java.specification.vendor" value="Sun Microsystems Inc."></property>
    <property name="env.TERM_PROGRAM" value="Apple_Terminal"></property>
    <property name="test.dir" value="/Users/kherm/dev/cvsroot/c3prv2/codebase/projects/core/test"></property>
    <property name="java.library.path" value=".:/Library/Java/Extensions:/System/Library/Java/Extensions:/usr/lib/java"></property>
    <property name="java.vendor.url" value="http://apple.com/"></property>
    <property name="ext.resources.dir" value="/Users/kherm/dev/cvsroot/c3prv2/codebase/projects/core/ext/resources"></property>
    <property name="gopherProxySet" value="false"></property>
    <property name="java.vm.vendor" value="&quot;Apple Computer, Inc.&quot;"></property>
    <property name="java.runtime.name" value="Java(TM) 2 Runtime Environment, Standard Edition"></property>
    <property name="env.JAVA_MAIN_CLASS_4077" value="org.apache.tools.ant.launch.Launcher"></property>
    <property name="ant.version" value="Apache Ant version 1.6.5 compiled on June 2 2005"></property>
    <property name="java.class.path" value="/Users/kherm/dev/cvsroot/c3prv2/codebase/projects/core/build/jars/c3pr-2.0-core-1.0.jar:/Users/kherm/dev/cvsroot/c3prv2/codebase/projects/core/build/jars/c3pr-2.0-core-tests-1.0.jar:/Users/kherm/dev/cvsroot/c3prv2/codebase/projects/core/lib/activation-1.0.2.jar:/Users/kherm/dev/cvsroot/c3prv2/codebase/projects/core/lib/activemq-core-4.0.2.jar:/Users/kherm/dev/cvsroot/c3prv2/codebase/projects/core/lib/asm-attrs.jar:/Users/kherm/dev/cvsroot/c3prv2/codebase/projects/core/lib/asm.jar:/Users/kherm/dev/cvsroot/c3prv2/codebase/projects/core/lib/avalon-framework-cvs-20020806.jar:/Users/kherm/dev/cvsroot/c3prv2/codebase/projects/core/lib/castor-0.9.9.jar:/Users/kherm/dev/cvsroot/c3prv2/codebase/projects/core/lib/cglib-2.1.3.jar:/Users/kherm/dev/cvsroot/c3prv2/codebase/projects/core/lib/commons-beanutils-1.7.0.jar:/Users/kherm/dev/cvsroot/c3prv2/codebase/projects/core/lib/commons-collections-3.2.jar:/Users/kherm/dev/cvsroot/c3prv2/codebase/projects/core/lib/commons-dbcp-1.2.1.jar:/Users/kherm/dev/cvsroot/c3prv2/codebase/projects/core/lib/commons-lang-2.1.jar:/Users/kherm/dev/cvsroot/c3prv2/codebase/projects/core/lib/commons-pool-1.2.jar:/Users/kherm/dev/cvsroot/c3prv2/codebase/projects/core/lib/ejb3-persistence.jar:/Users/kherm/dev/cvsroot/c3prv2/codebase/projects/core/lib/fop.jar:/Users/kherm/dev/cvsroot/c3prv2/codebase/projects/core/lib/jakarta-oro-2.0.8.jar:/Users/kherm/dev/cvsroot/c3prv2/codebase/projects/core/lib/jstl.jar:/Users/kherm/dev/cvsroot/c3prv2/codebase/projects/core/lib/jta.jar:/Users/kherm/dev/cvsroot/c3prv2/codebase/projects/core/lib/mail-1.3.2.jar:/Users/kherm/dev/cvsroot/c3prv2/codebase/projects/core/lib/northwestern-core-commons.jar:/Users/kherm/dev/cvsroot/c3prv2/codebase/projects/core/lib/ojdbc14.jar:/Users/kherm/dev/cvsroot/c3prv2/codebase/projects/core/lib/postgresql-8.1-407.jdbc3.jar:/Users/kherm/dev/cvsroot/c3prv2/codebase/projects/core/lib/standard.jar:/Users/kherm/dev/cvsroot/c3prv2/codebase/projects/core/lib/xbean-spring-2.7.jar:/Users/kherm/dev/cvsroot/c3prv2/codebase/projects/core/ext/lib/acegi-csm-1.0-SNAPSHOT.jar:/Users/kherm/dev/cvsroot/c3prv2/codebase/projects/core/ext/lib/acegi-grid-1.0-SNAPSHOT.jar:/Users/kherm/dev/cvsroot/c3prv2/codebase/projects/core/ext/lib/acegi-security-1.0.3.jar:/Users/kherm/dev/cvsroot/c3prv2/codebase/projects/core/ext/lib/acegi-security-cas-1.0.3.jar:/Users/kherm/dev/cvsroot/c3prv2/codebase/projects/core/ext/lib/acegi-security-tiger-1.0.3.jar:/Users/kherm/dev/cvsroot/c3prv2/codebase/projects/core/ext/lib/activeio-core-3.0-beta4.jar:/Users/kherm/dev/cvsroot/c3prv2/codebase/projects/core/ext/lib/activemq-core-4.0.2.jar:/Users/kherm/dev/cvsroot/c3prv2/codebase/projects/core/ext/lib/ant-contrib.jar:/Users/kherm/dev/cvsroot/c3prv2/codebase/projects/core/ext/lib/antlr-2.7.6.jar:/Users/kherm/dev/cvsroot/c3prv2/codebase/projects/core/ext/lib/backport-util-concurrent-2.1.jar:/Users/kherm/dev/cvsroot/c3prv2/codebase/projects/core/ext/lib/c3p0-0.8.5.2.jar:/Users/kherm/dev/cvsroot/c3prv2/codebase/projects/core/ext/lib/c3pr-2.0-esb-client-1.0.jar:/Users/kherm/dev/cvsroot/c3prv2/codebase/projects/core/ext/lib/castor-0.9.9.jar:/Users/kherm/dev/cvsroot/c3prv2/codebase/projects/core/ext/lib/client.jar:/Users/kherm/dev/cvsroot/c3prv2/codebase/projects/core/ext/lib/clm-3.2.1-SNAPSHOT.jar:/Users/kherm/dev/cvsroot/c3prv2/codebase/projects/core/ext/lib/commons-collections-3.1.jar:/Users/kherm/dev/cvsroot/c3prv2/codebase/projects/core/ext/lib/commons-logging.jar:/Users/kherm/dev/cvsroot/c3prv2/codebase/projects/core/ext/lib/commons-pool-1.2.jar:/Users/kherm/dev/cvsroot/c3prv2/codebase/projects/core/ext/lib/csmapi-3.2.1-SNAPSHOT.jar:/Users/kherm/dev/cvsroot/c3prv2/codebase/projects/core/ext/lib/dom4j-1.6.1.jar:/Users/kherm/dev/cvsroot/c3prv2/codebase/projects/core/ext/lib/ehcache-1.2.3.jar:/Users/kherm/dev/cvsroot/c3prv2/codebase/projects/core/ext/lib/handle.jar:/Users/kherm/dev/cvsroot/c3prv2/codebase/projects/core/ext/lib/handlerservice.jar:/Users/kherm/dev/cvsroot/c3prv2/codebase/projects/core/ext/lib/hibernate-annotations.jar:/Users/kherm/dev/cvsroot/c3prv2/codebase/projects/core/ext/lib/hibernate3.2.1.jar:/Users/kherm/dev/cvsroot/c3prv2/codebase/projects/core/ext/lib/jboss-j2ee-4.0.5.jar:/Users/kherm/dev/cvsroot/c3prv2/codebase/projects/core/ext/lib/jboss-jsr77.jar:/Users/kherm/dev/cvsroot/c3prv2/codebase/projects/core/ext/lib/jdom.jar:/Users/kherm/dev/cvsroot/c3prv2/codebase/projects/core/ext/lib/log4j-1.2.13.jar:/Users/kherm/dev/cvsroot/c3prv2/codebase/projects/core/ext/lib/spring2.0.2.jar:/Users/kherm/dev/cvsroot/c3prv2/codebase/projects/core/ext/lib/xerces-2.6.2.jar:/Users/kherm/dev/cvsroot/c3prv2/codebase/projects/core/ext/lib/xercesImpl.jar:/Users/kherm/dev/cvsroot/c3prv2/codebase/projects/core/test/lib/catrip-test-report-1.0.jar:/Users/kherm/dev/cvsroot/c3prv2/codebase/projects/core/test/lib/core-commons-testing.jar:/Users/kherm/dev/cvsroot/c3prv2/codebase/projects/core/test/lib/dbunit-2.1.jar:/Users/kherm/dev/cvsroot/c3prv2/codebase/projects/core/test/lib/easymock.jar:/Users/kherm/dev/cvsroot/c3prv2/codebase/projects/core/test/lib/easymockclassextension.jar:/Users/kherm/dev/cvsroot/c3prv2/codebase/projects/core/test/lib/hsqldb.jar:/Users/kherm/dev/cvsroot/c3prv2/codebase/projects/core/test/lib/servlet-api.jar:/Users/kherm/dev/cvsroot/c3prv2/codebase/projects/core/ext/test/lib/junit-3.8.1.jar:/Users/kherm/dev/cvsroot/c3prv2/codebase/projects/core/ext/test/lib/spring-mock.jar:/Users/kherm/dev/tomcat-wsrf/common/lib/ant-launcher.jar:/Users/kherm/dev/tomcat-wsrf/common/lib/ant.jar:/Users/kherm/dev/tomcat-wsrf/common/lib/commons-collections-3.1.jar:/Users/kherm/dev/tomcat-wsrf/common/lib/commons-dbcp-1.2.1.jar:/Users/kherm/dev/tomcat-wsrf/common/lib/commons-el.jar:/Users/kherm/dev/tomcat-wsrf/common/lib/commons-pool-1.2.jar:/Users/kherm/dev/tomcat-wsrf/common/lib/jasper-compiler.jar:/Users/kherm/dev/tomcat-wsrf/common/lib/jasper-runtime.jar:/Users/kherm/dev/tomcat-wsrf/common/lib/jsp-api.jar:/Users/kherm/dev/tomcat-wsrf/common/lib/naming-common.jar:/Users/kherm/dev/tomcat-wsrf/common/lib/naming-factory.jar:/Users/kherm/dev/tomcat-wsrf/common/lib/naming-java.jar:/Users/kherm/dev/tomcat-wsrf/common/lib/naming-resources.jar:/Users/kherm/dev/tomcat-wsrf/common/lib/ojdbc14.jar:/Users/kherm/dev/tomcat-wsrf/common/lib/servlet-api.jar:/Users/kherm/dev/cvsroot/c3prv2/codebase/share/cobertura-1.8/cobertura.jar:/Users/kherm/dev/cvsroot/c3prv2/codebase/share/cobertura-1.8/lib/asm-2.2.1.jar:/Users/kherm/dev/cvsroot/c3prv2/codebase/share/cobertura-1.8/lib/jakarta-oro-2.0.8.jar:/Users/kherm/dev/cvsroot/c3prv2/codebase/share/cobertura-1.8/lib/log4j-1.2.9.jar:/Library/Ant1.6.5/lib/junit.jar:/Library/Ant1.6.5/lib/ant-launcher.jar:/Library/Ant1.6.5/lib/ant.jar:/Library/Ant1.6.5/lib/ant-junit.jar:/System/Library/Frameworks/JavaVM.framework/Versions/1.5.0/Classes/.compatibility/14compatibility.jar"></property>
    <property name="env.PGDATA" value="/usr/local/pgsql/data"></property>
    <property name="project.version" value="1.0"></property>
    <property name="env.JBOSS_HOME" value="/Users/kherm/dev/jboss"></property>
    <property name="env.JPDA_TRANSPORT" value="dt_socket"></property>
    <property name="project.name" value="core"></property>
    <property name="env.CVS_RSH" value="ssh"></property>
    <property name="java.vm.specification.name" value="Java Virtual Machine Specification"></property>
    <property name="catalina.home" value="/Users/kherm/dev/tomcat-wsrf"></property>
    <property name="java.vm.specification.version" value="1.0"></property>
    <property name="sun.cpu.endian" value="little"></property>
    <property name="sun.os.patch.level" value="unknown"></property>
    <property name="env.HOME" value="/Users/kherm"></property>
    <property name="env.ANT_HOME" value="/Library/Ant1.6.5"></property>
    <property name="java.io.tmpdir" value="/tmp"></property>
    <property name="java.vendor.url.bug" value="http://developer.apple.com/java/"></property>
    <property name="conf.dir" value="/Users/kherm/dev/cvsroot/c3prv2/codebase/projects/core/conf/"></property>
    <property name="java.awt.graphicsenv" value="apple.awt.CGraphicsEnvironment"></property>
    <property name="os.arch" value="i386"></property>
    <property name="env.PERL5LIB" value="/sw/lib/perl5:/sw/lib/perl5/darwin"></property>
    <property name="java.ext.dirs" value="/Library/Java/Extensions:/System/Library/Java/Extensions:/System/Library/Frameworks/JavaVM.framework/Versions/1.5.0/Home/lib/ext"></property>
    <property name="mrj.version" value="1040.1.5.0_07-164"></property>
    <property name="user.dir" value="/Users/kherm/dev/cvsroot/c3prv2/codebase/projects/core"></property>
    <property name="env.MAVEN_HOME" value="/Users/kherm/dev/utils/maven"></property>
    <property name="testcoverage.datafile" value="/Users/kherm/dev/cvsroot/c3prv2/codebase/projects/core/test/logs/queryengine.ser"></property>
    <property name="env.INFOPATH" value="/sw/share/info:/sw/info:/usr/share/info"></property>
    <property name="line.separator" value="
"></property>
    <property name="java.vm.name" value="Java HotSpot(TM) Client VM"></property>
    <property name="env.JPDA_ADDRESS" value="8000"></property>
    <property name="basedir" value="/Users/kherm/dev/cvsroot/c3prv2/codebase/projects/core"></property>
    <property name="test.logs.dir" value="/Users/kherm/dev/cvsroot/c3prv2/codebase/projects/core/test/logs"></property>
    <property name="ant.java.version" value="1.5"></property>
    <property name="env.SGML_CATALOG_FILES" value="/sw/etc/sgml/catalog"></property>
    <property name="db.scripts.dir" value="/Users/kherm/dev/cvsroot/c3prv2/codebase/projects/core/db"></property>
    <property name="file.encoding" value="MacRoman"></property>
    <property name="oracle.db.script.dir" value="/Users/kherm/dev/cvsroot/c3prv2/codebase/projects/core/db/oracle"></property>
    <property name="java.specification.version" value="1.5"></property>
    <property name="src.dir" value="/Users/kherm/dev/cvsroot/c3prv2/codebase/projects/core/src"></property>
    <property name="junit.results.dir" value="/Users/kherm/dev/cvsroot/c3prv2/codebase/projects/core/test/logs/junit"></property>
  </properties>
  <testcase classname="edu.duke.cabig.c3pr.dao.StudyDaoTest" name="testGetById" time="0.579">
    <failure message="Study 1000 not found" type="junit.framework.AssertionFailedError">junit.framework.AssertionFailedError: Study 1000 not found
	at edu.duke.cabig.c3pr.dao.StudyDaoTest.testGetById(StudyDaoTest.java:53)
	at edu.duke.cabig.c3pr.utils.DaoTestCase.runBare(DaoTestCase.java:56)
</failure>
  </testcase>
  <testcase classname="edu.duke.cabig.c3pr.dao.StudyDaoTest" name="testGetAll" time="0.456">
    <failure message="expected:&lt;3&gt; but was:&lt;5&gt;" type="junit.framework.AssertionFailedError">junit.framework.AssertionFailedError: expected:&lt;3&gt; but was:&lt;5&gt;
	at edu.duke.cabig.c3pr.dao.StudyDaoTest.testGetAll(StudyDaoTest.java:63)
	at edu.duke.cabig.c3pr.utils.DaoTestCase.runBare(DaoTestCase.java:56)
</failure>
  </testcase>
  <testcase classname="edu.duke.cabig.c3pr.dao.StudyDaoTest" name="testSaveNewStudy" time="0.327"></testcase>
  <testcase classname="edu.duke.cabig.c3pr.dao.StudyDaoTest" name="testSaveNewStudyWithAssociations" time="0.388"></testcase>
  <testcase classname="edu.duke.cabig.c3pr.dao.StudyDaoTest" name="testGetEpochs" time="0.269">
    <error type="java.lang.NullPointerException">java.lang.NullPointerException
	at edu.duke.cabig.c3pr.dao.StudyDaoTest.testGetEpochs(StudyDaoTest.java:141)
	at edu.duke.cabig.c3pr.utils.DaoTestCase.runBare(DaoTestCase.java:56)
</error>
  </testcase>
  <testcase classname="edu.duke.cabig.c3pr.dao.StudyDaoTest" name="testGetArms" time="0.288">
    <failure message="Wrong number of assigments expected:&lt;4&gt; but was:&lt;0&gt;" type="junit.framework.AssertionFailedError">junit.framework.AssertionFailedError: Wrong number of assigments expected:&lt;4&gt; but was:&lt;0&gt;
	at edu.duke.cabig.c3pr.dao.StudyDaoTest.testGetArms(StudyDaoTest.java:156)
	at edu.duke.cabig.c3pr.utils.DaoTestCase.runBare(DaoTestCase.java:56)
</failure>
  </testcase>
  <testcase classname="edu.duke.cabig.c3pr.dao.StudyDaoTest" name="testGetStudyParticipantAssignmentsForStudy" time="0.266">
    <failure message="expected:&lt;2&gt; but was:&lt;0&gt;" type="junit.framework.AssertionFailedError">junit.framework.AssertionFailedError: expected:&lt;2&gt; but was:&lt;0&gt;
	at edu.duke.cabig.c3pr.dao.StudyDaoTest.testGetStudyParticipantAssignmentsForStudy(StudyDaoTest.java:171)
	at edu.duke.cabig.c3pr.utils.DaoTestCase.runBare(DaoTestCase.java:56)
</failure>
  </testcase>
  <testcase classname="edu.duke.cabig.c3pr.dao.StudyDaoTest" name="testSearchStudySimple" time="0.285">
    <failure message="Wrong number of Studies expected:&lt;2&gt; but was:&lt;0&gt;" type="junit.framework.AssertionFailedError">junit.framework.AssertionFailedError: Wrong number of Studies expected:&lt;2&gt; but was:&lt;0&gt;
	at edu.duke.cabig.c3pr.dao.StudyDaoTest.testSearchStudySimple(StudyDaoTest.java:184)
	at edu.duke.cabig.c3pr.utils.DaoTestCase.runBare(DaoTestCase.java:56)
</failure>
  </testcase>
  <testcase classname="edu.duke.cabig.c3pr.dao.StudyDaoTest" name="testSearchStudyByWildCards" time="0.267">
    <failure message="Wrong number of Studies expected:&lt;3&gt; but was:&lt;6&gt;" type="junit.framework.AssertionFailedError">junit.framework.AssertionFailedError: Wrong number of Studies expected:&lt;3&gt; but was:&lt;6&gt;
	at edu.duke.cabig.c3pr.dao.StudyDaoTest.testSearchStudyByWildCards(StudyDaoTest.java:198)
	at edu.duke.cabig.c3pr.utils.DaoTestCase.runBare(DaoTestCase.java:56)
</failure>
  </testcase>
  <system-out><![CDATA[AbandonedObjectPool is used (org.apache.commons.dbcp.AbandonedObjectPool@36834e)
   LogAbandoned: true
   RemoveAbandoned: true
   RemoveAbandonedTimeout: 300
Hibernate: select study0_.id as id0_0_, study0_.version as version0_0_, study0_.grid_id as grid3_0_0_, study0_.precis_text as precis4_0_0_, study0_.short_title_text as short5_0_0_, study0_.description_text as descript6_0_0_, study0_.long_title_text as long7_0_0_, study0_.phase_code as phase8_0_0_, study0_.sponsor_code as sponsor9_0_0_, study0_.target_accrual_number as target10_0_0_, study0_.blinded_indicator as blinded11_0_0_, study0_.multi_institution_indicator as multi12_0_0_, study0_.randomized_indicator as randomized13_0_0_, study0_.type as type0_0_, study0_.status as status0_0_ from studies study0_ where study0_.id=?
Hibernate: select study0_.id as id0_, study0_.version as version0_, study0_.grid_id as grid3_0_, study0_.precis_text as precis4_0_, study0_.short_title_text as short5_0_, study0_.description_text as descript6_0_, study0_.long_title_text as long7_0_, study0_.phase_code as phase8_0_, study0_.sponsor_code as sponsor9_0_, study0_.target_accrual_number as target10_0_, study0_.blinded_indicator as blinded11_0_, study0_.multi_institution_indicator as multi12_0_, study0_.randomized_indicator as randomized13_0_, study0_.type as type0_, study0_.status as status0_ from studies study0_
Hibernate: select nextval ('STUDIES_ID_SEQ')
Hibernate: insert into studies (version, grid_id, precis_text, short_title_text, description_text, long_title_text, phase_code, sponsor_code, target_accrual_number, blinded_indicator, multi_institution_indicator, randomized_indicator, type, status, id) values (?, ?, ?, ?, ?, ?, ?, ?, ?, ?, ?, ?, ?, ?, ?)
Hibernate: select nextval ('investigators_id_seq')
Hibernate: select nextval ('healthcare_sites_id_seq')
Hibernate: select nextval ('addresses_id_seq')
hc site id ************7
Hibernate: select nextval ('hc_site_investigators_id_seq')
hcsi id ************7
Hibernate: select nextval ('DISEASE_CATEGORIES_ID_SEQ')
disease disCat id ************7
Hibernate: select nextval ('DISEASE_TERMS_ID_SEQ')
disease term1 id ************13
Hibernate: select nextval ('DISEASE_TERMS_ID_SEQ')
disease term2 id ************14
Hibernate: select nextval ('STUDIES_ID_SEQ')
Hibernate: select nextval ('EPOCHS_ID_SEQ')
Hibernate: select nextval ('ARMS_ID_SEQ')
Hibernate: select nextval ('EPOCHS_ID_SEQ')
Hibernate: select nextval ('ARMS_ID_SEQ')
Hibernate: select nextval ('ARMS_ID_SEQ')
Hibernate: select nextval ('ARMS_ID_SEQ')
Hibernate: select nextval ('EPOCHS_ID_SEQ')
Hibernate: select nextval ('ARMS_ID_SEQ')
Hibernate: select nextval ('STUDY_SITES_ID_SEQ')
Hibernate: select nextval ('study_investigators_id_seq')
Hibernate: select nextval ('IDENTIFIERS_ID_SEQ')
Hibernate: select nextval ('STUDY_DISEASES_ID_SEQ')
Hibernate: select nextval ('STRATIFICATION_CRI_ID_SEQ')
Hibernate: select nextval ('STRATIFICATION_CRI_ANS_ID_SEQ')
Hibernate: select nextval ('STRATIFICATION_CRI_ANS_ID_SEQ')
Hibernate: select nextval ('STRATIFICATION_CRI_ID_SEQ')
Hibernate: insert into investigators (version, grid_id, first_name, last_name, add_id, nci_identifier, id) values (?, ?, ?, ?, ?, ?, ?)
Hibernate: insert into addresses (version, street_address, city, state_code, postal_code, country_code, id) values (?, ?, ?, ?, ?, ?, ?)
Hibernate: insert into healthcare_sites (version, grid_id, description_text, address_id, name, nci_institute_code, id) values (?, ?, ?, ?, ?, ?, ?)
Hibernate: insert into hc_site_investigators (version, status_code, inv_id, hcs_id, status_date, id) values (?, ?, ?, ?, ?, ?)
Hibernate: insert into disease_categories (version, grid_id, parent_id, name, id) values (?, ?, ?, ?, ?)
WARN   logExceptions, SQL Error: 0, SQLState: null
ERROR  logExceptions, Batch entry 0 insert into disease_categories (version, grid_id, parent_id, name, id) values (0, d288a2c9-5ac8-4e6c-a4f9-d8f0612daf37, NULL, AIDS-related Human Papillomavirus, 7) was aborted.  Call getNextException to see the cause.
WARN   logExceptions, SQL Error: 0, SQLState: 42703
ERROR  logExceptions, ERROR: column "grid_id" of relation "disease_categories" does not exist
ERROR  performExecutions, Could not synchronize database state with session
org.hibernate.exception.SQLGrammarException: Could not execute JDBC batch update
	at org.hibernate.exception.SQLStateConverter.convert(SQLStateConverter.java:67)
	at org.hibernate.exception.JDBCExceptionHelper.convert(JDBCExceptionHelper.java:43)
	at org.hibernate.jdbc.AbstractBatcher.executeBatch(AbstractBatcher.java:249)
	at org.hibernate.jdbc.AbstractBatcher.prepareStatement(AbstractBatcher.java:92)
	at org.hibernate.jdbc.AbstractBatcher.prepareStatement(AbstractBatcher.java:87)
	at org.hibernate.jdbc.AbstractBatcher.prepareBatchStatement(AbstractBatcher.java:218)
	at org.hibernate.persister.entity.AbstractEntityPersister.insert(AbstractEntityPersister.java:2174)
	at org.hibernate.persister.entity.AbstractEntityPersister.insert(AbstractEntityPersister.java:2610)
	at org.hibernate.action.EntityInsertAction.execute(EntityInsertAction.java:52)
	at org.hibernate.engine.ActionQueue.execute(ActionQueue.java:248)
	at org.hibernate.engine.ActionQueue.executeActions(ActionQueue.java:232)
	at org.hibernate.engine.ActionQueue.executeActions(ActionQueue.java:139)
	at org.hibernate.event.def.AbstractFlushingEventListener.performExecutions(AbstractFlushingEventListener.java:298)
	at org.hibernate.event.def.DefaultFlushEventListener.onFlush(DefaultFlushEventListener.java:27)
	at org.hibernate.impl.SessionImpl.flush(SessionImpl.java:1000)
	at org.springframework.orm.hibernate3.HibernateAccessor.flushIfNecessary(HibernateAccessor.java:387)
	at org.springframework.orm.hibernate3.support.OpenSessionInViewInterceptor.postHandle(OpenSessionInViewInterceptor.java:170)
	at edu.duke.cabig.c3pr.utils.DaoTestCase.endSession(DaoTestCase.java:75)
	at edu.duke.cabig.c3pr.utils.DaoTestCase.interruptSession(DaoTestCase.java:100)
	at edu.duke.cabig.c3pr.dao.StudyDaoTest.testSaveNewStudyWithAssociations(StudyDaoTest.java:126)
	at sun.reflect.NativeMethodAccessorImpl.invoke0(Native Method)
	at sun.reflect.NativeMethodAccessorImpl.invoke(NativeMethodAccessorImpl.java:39)
	at sun.reflect.DelegatingMethodAccessorImpl.invoke(DelegatingMethodAccessorImpl.java:25)
	at java.lang.reflect.Method.invoke(Method.java:585)
	at junit.framework.TestCase.runTest(TestCase.java:154)
	at edu.duke.cabig.c3pr.utils.DaoTestCase.runBare(DaoTestCase.java:56)
	at junit.framework.TestResult$1.protect(TestResult.java:106)
	at junit.framework.TestResult.runProtected(TestResult.java:124)
	at junit.framework.TestResult.run(TestResult.java:109)
	at junit.framework.TestCase.run(TestCase.java:118)
	at junit.framework.TestSuite.runTest(TestSuite.java:208)
	at junit.framework.TestSuite.run(TestSuite.java:203)
	at org.apache.tools.ant.taskdefs.optional.junit.JUnitTestRunner.run(JUnitTestRunner.java:297)
	at org.apache.tools.ant.taskdefs.optional.junit.JUnitTestRunner.launch(JUnitTestRunner.java:672)
	at org.apache.tools.ant.taskdefs.optional.junit.JUnitTestRunner.main(JUnitTestRunner.java:567)
Caused by: java.sql.BatchUpdateException: Batch entry 0 insert into disease_categories (version, grid_id, parent_id, name, id) values (0, d288a2c9-5ac8-4e6c-a4f9-d8f0612daf37, NULL, AIDS-related Human Papillomavirus, 7) was aborted.  Call getNextException to see the cause.
	at org.postgresql.jdbc2.AbstractJdbc2Statement$BatchResultHandler.handleError(AbstractJdbc2Statement.java:2512)
	at org.postgresql.core.v3.QueryExecutorImpl.processResults(QueryExecutorImpl.java:1310)
	at org.postgresql.core.v3.QueryExecutorImpl.execute(QueryExecutorImpl.java:347)
	at org.postgresql.jdbc2.AbstractJdbc2Statement.executeBatch(AbstractJdbc2Statement.java:2574)
	at org.apache.commons.dbcp.DelegatingStatement.executeBatch(DelegatingStatement.java:294)
	at org.hibernate.jdbc.BatchingBatcher.doExecuteBatch(BatchingBatcher.java:48)
	at org.hibernate.jdbc.AbstractBatcher.executeBatch(AbstractBatcher.java:242)
	... 32 more
Exception while saving a Study
org.springframework.orm.hibernate3.HibernateJdbcException: JDBC exception on Hibernate data access; nested exception is org.hibernate.exception.SQLGrammarException: Could not execute JDBC batch update
*************Cause: org.hibernate.exception.SQLGrammarException: Could not execute JDBC batch update
*************Cause: java.sql.BatchUpdateException: Batch entry 0 insert into disease_categories (version, grid_id, parent_id, name, id) values (0, d288a2c9-5ac8-4e6c-a4f9-d8f0612daf37, NULL, AIDS-related Human Papillomavirus, 7) was aborted.  Call getNextException to see the cause.
Hibernate: select study0_.id as id0_0_, study0_.version as version0_0_, study0_.grid_id as grid3_0_0_, study0_.precis_text as precis4_0_0_, study0_.short_title_text as short5_0_0_, study0_.description_text as descript6_0_0_, study0_.long_title_text as long7_0_0_, study0_.phase_code as phase8_0_0_, study0_.sponsor_code as sponsor9_0_0_, study0_.target_accrual_number as target10_0_0_, study0_.blinded_indicator as blinded11_0_0_, study0_.multi_institution_indicator as multi12_0_0_, study0_.randomized_indicator as randomized13_0_0_, study0_.type as type0_0_, study0_.status as status0_0_ from studies study0_ where study0_.id=?
Hibernate: select arms2_.id as id2_, arms2_.version as version2_, arms2_.grid_id as grid3_2_, arms2_.description_text as descript4_2_, arms2_.target_accrual_number as target5_2_, arms2_.eph_id as eph7_2_, arms2_.name as name2_ from studies study0_ inner join epochs epochs1_ on study0_.id=epochs1_.stu_id inner join arms arms2_ on epochs1_.id=arms2_.eph_id where study0_.id=?
Hibernate: select studyparti2_.id as id6_, studyparti2_.version as version6_, studyparti2_.grid_id as grid3_6_, studyparti2_.prt_id as prt13_6_, studyparti2_.start_date as start4_6_, studyparti2_.disease_history_id as disease12_6_, studyparti2_.sts_id as sts14_6_, studyparti2_.study_participant_identifier as study5_6_, studyparti2_.eligibility_waiver_reason_text as eligibil6_6_, studyparti2_.informed_consent_signed_date as informed7_6_, studyparti2_.eligibility_indicator as eligibil8_6_, studyparti2_.informed_consent_version as informed9_6_, studyparti2_.registration_status as registr10_6_, studyparti2_.sti_id as sti11_6_ from studies study0_ inner join study_sites studysites1_ on study0_.id=studysites1_.study_id inner join study_participant_assignments studyparti2_ on studysites1_.id=studyparti2_.sts_id where study0_.id=?
Hibernate: select this_.id as id0_0_, this_.version as version0_0_, this_.grid_id as grid3_0_0_, this_.precis_text as precis4_0_0_, this_.short_title_text as short5_0_0_, this_.description_text as descript6_0_0_, this_.long_title_text as long7_0_0_, this_.phase_code as phase8_0_0_, this_.sponsor_code as sponsor9_0_0_, this_.target_accrual_number as target10_0_0_, this_.blinded_indicator as blinded11_0_0_, this_.multi_institution_indicator as multi12_0_0_, this_.randomized_indicator as randomized13_0_0_, this_.type as type0_0_, this_.status as status0_0_ from studies this_ where (lower(this_.short_title_text)=?)
Hibernate: select this_.id as id0_0_, this_.version as version0_0_, this_.grid_id as grid3_0_0_, this_.precis_text as precis4_0_0_, this_.short_title_text as short5_0_0_, this_.description_text as descript6_0_0_, this_.long_title_text as long7_0_0_, this_.phase_code as phase8_0_0_, this_.sponsor_code as sponsor9_0_0_, this_.target_accrual_number as target10_0_0_, this_.blinded_indicator as blinded11_0_0_, this_.multi_institution_indicator as multi12_0_0_, this_.randomized_indicator as randomized13_0_0_, this_.type as type0_0_, this_.status as status0_0_ from studies this_ where (lower(this_.short_title_text) like ?)
]]></system-out>
  <system-err><![CDATA[]]></system-err>
</testsuite>
