<?xml version="1.0" encoding="UTF-8" ?>
<testsuite errors="0" failures="0" name="edu.duke.cabig.c3pr.dao.ParticipantDaoTest" tests="6"
  time="144.365">
  <properties>
    <property name="java.vendor" value="Apple Computer, Inc."/>
    <property name="lib.dir" value="/Users/kherm/dev/cvsroot/c3prv2/codebase/projects/core/lib"/>
    <property name="antfiles.dir"
      value="/Users/kherm/dev/cvsroot/c3prv2/codebase/projects/core/antfiles"/>
    <property name="jikes.class.path"
      value=":/Library/Java/Home/../Classes/charsets.jar:/Library/Java/Home/../Classes/classes.jar:/Library/Java/Home/../Classes/dt.jar:/Library/Java/Home/../Classes/jce.jar:/Library/Java/Home/../Classes/jconsole.jar:/Library/Java/Home/../Classes/jsse.jar:/Library/Java/Home/../Classes/laf.jar:/Library/Java/Home/../Classes/ui.jar"/>
    <property name="sun.management.compiler" value="HotSpot Client Compiler"/>
    <property name="env.SECURITYSESSIONID" value="9298e0"/>
    <property name="test.project.jar"
      value="/Users/kherm/dev/cvsroot/c3prv2/codebase/projects/core/build/jars/c3pr-2.0-core-tests-1.0.jar"/>
    <property name="os.name" value="Mac OS X"/>
    <property name="csm.conf.dir"
      value="/Users/kherm/dev/cvsroot/c3prv2/codebase/projects/core/conf//csm"/>
    <property name="cobertura.home"
      value="/Users/kherm/dev/cvsroot/c3prv2/codebase/share/cobertura-1.8"/>
    <property name="sun.boot.class.path"
      value="/System/Library/Frameworks/JavaVM.framework/Versions/1.5.0/Classes/classes.jar:/System/Library/Frameworks/JavaVM.framework/Versions/1.5.0/Classes/ui.jar:/System/Library/Frameworks/JavaVM.framework/Versions/1.5.0/Classes/laf.jar:/System/Library/Frameworks/JavaVM.framework/Versions/1.5.0/Classes/sunrsasign.jar:/System/Library/Frameworks/JavaVM.framework/Versions/1.5.0/Classes/jsse.jar:/System/Library/Frameworks/JavaVM.framework/Versions/1.5.0/Classes/jce.jar:/System/Library/Frameworks/JavaVM.framework/Versions/1.5.0/Classes/charsets.jar"/>
    <property name="env.PWD" value="/Users/kherm/dev/cvsroot/c3prv2/codebase/projects/core"/>
    <property name="postgresql.csm.db.scripts.dir"
      value="/Users/kherm/dev/cvsroot/c3prv2/codebase/projects/core/db/PostGreSQL/csm"/>
    <property name="ant.file.c3pr-2.0-core"
      value="/Users/kherm/dev/cvsroot/c3prv2/codebase/projects/core/build.xml"/>
    <property name="java.vm.specification.vendor" value="Sun Microsystems Inc."/>
    <property name="net.sourceforge.cobertura.datafile"
      value="/Users/kherm/dev/cvsroot/c3prv2/codebase/projects/core/test/logs/queryengine.ser"/>
    <property name="ant.home" value="/Library/Ant1.6.5"/>
    <property name="jar.dir"
      value="/Users/kherm/dev/cvsroot/c3prv2/codebase/projects/core/build/jars"/>
    <property name="java.runtime.version" value="1.5.0_07-164"/>
    <property name="env.XMLBEANS_HOME" value="/Users/kherm/dev/utils/xmlbeans"/>
    <property name="env.GLOBUS_LOCATION" value="/Users/kherm/dev/globus"/>
    <property name="env.JAVA_MAIN_CLASS_4695" value="org.apache.tools.ant.launch.Launcher"/>
    <property name="user.name" value="kherm"/>
    <property name="env.USER" value="kherm"/>
    <property name="test.classes.dir"
      value="/Users/kherm/dev/cvsroot/c3prv2/codebase/projects/core/build/classes-test"/>
    <property name="env.SHELL" value="/bin/bash"/>
    <property name="env.__CF_USER_TEXT_ENCODING" value="0x1F6:0:0"/>
    <property name="debug" value="on"/>
    <property name="awt.nativeDoubleBuffering" value="true"/>
    <property name="core.properties.file"
      value="/Users/kherm/dev/cvsroot/c3prv2/codebase/projects/core/conf//core.properties"/>
    <property name="build.dir" value="/Users/kherm/dev/cvsroot/c3prv2/codebase/projects/core/build"/>
    <property name="ext.lib.dir"
      value="/Users/kherm/dev/cvsroot/c3prv2/codebase/projects/core/ext/lib"/>
    <property name="env.PATH"
      value="/sw/bin:/sw/sbin:/bin:/sbin:/usr/bin:/usr/sbin:/Library/Ant1.6.5/bin:/Library/Java/Home/bin:/Users/kherm/dev/tomcat-wsrf/bin:/Applications/Mplayer:/Users/kherm/dev/utils/maven/bin:/Users/kherm/dev/globus/bin:/Users/kherm/dev/utils/xmlbeans/bin:/usr/local/pgsql/data:/usr/local/pgsql/bin"/>
    <property name="user.language" value="en"/>
    <property name="sun.boot.library.path"
      value="/System/Library/Frameworks/JavaVM.framework/Versions/1.5.0/Libraries"/>
    <property name="ant.project.name" value="c3pr-2.0-core"/>
    <property name="java.version" value="1.5.0_07"/>
    <property name="user.timezone" value=""/>
    <property name="oracle.csm.db.scripts.dir"
      value="/Users/kherm/dev/cvsroot/c3prv2/codebase/projects/core/db/oracle/csm"/>
    <property name="ext.test.lib.dir"
      value="/Users/kherm/dev/cvsroot/c3prv2/codebase/projects/core/ext/test/lib"/>
    <property name="resources.dir"
      value="/Users/kherm/dev/cvsroot/c3prv2/codebase/projects/core/resources"/>
    <property name="sun.arch.data.model" value="32"/>
    <property name="test.src.dir"
      value="/Users/kherm/dev/cvsroot/c3prv2/codebase/projects/core/test/src"/>
    <property name="java.endorsed.dirs"
      value="/System/Library/Frameworks/JavaVM.framework/Versions/1.5.0/Home/lib/endorsed"/>
    <property name="env.JDK_HOME" value="/Library/Java/Home"/>
    <property name="sun.cpu.isalist" value=""/>
    <property name="sun.jnu.encoding" value="MacRoman"/>
    <property name="file.encoding.pkg" value="sun.io"/>
    <property name="env.SHLVL" value="1"/>
    <property name="file.separator" value="/"/>
    <property name="java.specification.name" value="Java Platform API Specification"/>
    <property name="test.lib.dir"
      value="/Users/kherm/dev/cvsroot/c3prv2/codebase/projects/core/test/lib"/>
    <property name="classes.dir"
      value="/Users/kherm/dev/cvsroot/c3prv2/codebase/projects/core/build/classes"/>
    <property name="java.class.version" value="49.0"/>
    <property name="project.jarfile"
      value="/Users/kherm/dev/cvsroot/c3prv2/codebase/projects/core/build/jars/c3pr-2.0-core-1.0.jar"/>
    <property name="user.country" value="US"/>
    <property name="java.home"
      value="/System/Library/Frameworks/JavaVM.framework/Versions/1.5.0/Home"/>
    <property name="java.vm.info" value="mixed mode, sharing"/>
    <property name="postgresql.db.script.dir"
      value="/Users/kherm/dev/cvsroot/c3prv2/codebase/projects/core/db/PostGreSQL"/>
    <property name="env.CATALINA_HOME" value="/Users/kherm/dev/tomcat-wsrf"/>
    <property name="env.XML_CATALOG_FILES" value="/sw/etc/xml/catalog"/>
    <property name="env.LOGNAME" value="kherm"/>
    <property name="ant.file"
      value="/Users/kherm/dev/cvsroot/c3prv2/codebase/projects/core/build.xml"/>
    <property name="os.version" value="10.4.9"/>
    <property name="env.TERM_PROGRAM_VERSION" value="133"/>
    <property name="path.separator" value=":"/>
    <property name="java.vm.version" value="1.5.0_07-87"/>
    <property name="ant.library.dir" value="/Library/Ant1.6.5/lib"/>
    <property name="env.JAVA_HOME" value="/Library/Java/Home"/>
    <property name="java.awt.printerjob" value="apple.awt.CPrinterJob"/>
    <property name="env.TERM" value="xterm-color"/>
    <property name="sun.io.unicode.encoding" value="UnicodeLittle"/>
    <property name="awt.toolkit" value="apple.awt.CToolkit"/>
    <property name="ant.file.c3pr-2.0-core-test"
      value="/Users/kherm/dev/cvsroot/c3prv2/codebase/projects/core/antfiles/build-test.xml"/>
    <property name="env.MANPATH"
      value="/sw/share/man:/usr/share/man:/Library/Java/Home/man:/sw/lib/perl5/5.8.6/man"/>
    <property name="user.home" value="/Users/kherm"/>
    <property name="java.specification.vendor" value="Sun Microsystems Inc."/>
    <property name="env.TERM_PROGRAM" value="Apple_Terminal"/>
    <property name="test.dir" value="/Users/kherm/dev/cvsroot/c3prv2/codebase/projects/core/test"/>
    <property name="java.vendor.url" value="http://apple.com/"/>
    <property name="java.library.path"
      value=".:/Library/Java/Extensions:/System/Library/Java/Extensions:/usr/lib/java"/>
    <property name="ext.resources.dir"
      value="/Users/kherm/dev/cvsroot/c3prv2/codebase/projects/core/ext/resources"/>
    <property name="gopherProxySet" value="false"/>
    <property name="java.vm.vendor" value="&quot;Apple Computer, Inc.&quot;"/>
    <property name="java.runtime.name" value="Java(TM) 2 Runtime Environment, Standard Edition"/>
    <property name="java.class.path"
      value="/Users/kherm/dev/cvsroot/c3prv2/codebase/projects/core/build/jars/c3pr-2.0-core-1.0.jar:/Users/kherm/dev/cvsroot/c3prv2/codebase/projects/core/build/jars/c3pr-2.0-core-tests-1.0.jar:/Users/kherm/dev/cvsroot/c3prv2/codebase/projects/core/lib/activation-1.0.2.jar:/Users/kherm/dev/cvsroot/c3prv2/codebase/projects/core/lib/activemq-core-4.0.2.jar:/Users/kherm/dev/cvsroot/c3prv2/codebase/projects/core/lib/asm-attrs.jar:/Users/kherm/dev/cvsroot/c3prv2/codebase/projects/core/lib/asm.jar:/Users/kherm/dev/cvsroot/c3prv2/codebase/projects/core/lib/avalon-framework-cvs-20020806.jar:/Users/kherm/dev/cvsroot/c3prv2/codebase/projects/core/lib/castor-0.9.9.jar:/Users/kherm/dev/cvsroot/c3prv2/codebase/projects/core/lib/cglib-2.1.3.jar:/Users/kherm/dev/cvsroot/c3prv2/codebase/projects/core/lib/commons-beanutils-1.7.0.jar:/Users/kherm/dev/cvsroot/c3prv2/codebase/projects/core/lib/commons-collections-3.2.jar:/Users/kherm/dev/cvsroot/c3prv2/codebase/projects/core/lib/commons-dbcp-1.2.1.jar:/Users/kherm/dev/cvsroot/c3prv2/codebase/projects/core/lib/commons-lang-2.1.jar:/Users/kherm/dev/cvsroot/c3prv2/codebase/projects/core/lib/commons-pool-1.2.jar:/Users/kherm/dev/cvsroot/c3prv2/codebase/projects/core/lib/ejb3-persistence.jar:/Users/kherm/dev/cvsroot/c3prv2/codebase/projects/core/lib/fop.jar:/Users/kherm/dev/cvsroot/c3prv2/codebase/projects/core/lib/jakarta-oro-2.0.8.jar:/Users/kherm/dev/cvsroot/c3prv2/codebase/projects/core/lib/jstl.jar:/Users/kherm/dev/cvsroot/c3prv2/codebase/projects/core/lib/jta.jar:/Users/kherm/dev/cvsroot/c3prv2/codebase/projects/core/lib/mail-1.3.2.jar:/Users/kherm/dev/cvsroot/c3prv2/codebase/projects/core/lib/northwestern-core-commons.jar:/Users/kherm/dev/cvsroot/c3prv2/codebase/projects/core/lib/ojdbc14.jar:/Users/kherm/dev/cvsroot/c3prv2/codebase/projects/core/lib/postgresql-8.1-407.jdbc3.jar:/Users/kherm/dev/cvsroot/c3prv2/codebase/projects/core/lib/standard.jar:/Users/kherm/dev/cvsroot/c3prv2/codebase/projects/core/lib/xbean-spring-2.7.jar:/Users/kherm/dev/cvsroot/c3prv2/codebase/projects/core/ext/lib/acegi-csm-1.0-SNAPSHOT.jar:/Users/kherm/dev/cvsroot/c3prv2/codebase/projects/core/ext/lib/acegi-grid-1.0-SNAPSHOT.jar:/Users/kherm/dev/cvsroot/c3prv2/codebase/projects/core/ext/lib/acegi-security-1.0.3.jar:/Users/kherm/dev/cvsroot/c3prv2/codebase/projects/core/ext/lib/acegi-security-cas-1.0.3.jar:/Users/kherm/dev/cvsroot/c3prv2/codebase/projects/core/ext/lib/acegi-security-tiger-1.0.3.jar:/Users/kherm/dev/cvsroot/c3prv2/codebase/projects/core/ext/lib/activeio-core-3.0-beta4.jar:/Users/kherm/dev/cvsroot/c3prv2/codebase/projects/core/ext/lib/activemq-core-4.0.2.jar:/Users/kherm/dev/cvsroot/c3prv2/codebase/projects/core/ext/lib/ant-contrib.jar:/Users/kherm/dev/cvsroot/c3prv2/codebase/projects/core/ext/lib/antlr-2.7.6.jar:/Users/kherm/dev/cvsroot/c3prv2/codebase/projects/core/ext/lib/backport-util-concurrent-2.1.jar:/Users/kherm/dev/cvsroot/c3prv2/codebase/projects/core/ext/lib/c3p0-0.8.5.2.jar:/Users/kherm/dev/cvsroot/c3prv2/codebase/projects/core/ext/lib/c3pr-2.0-esb-client-1.0.jar:/Users/kherm/dev/cvsroot/c3prv2/codebase/projects/core/ext/lib/castor-0.9.9.jar:/Users/kherm/dev/cvsroot/c3prv2/codebase/projects/core/ext/lib/client.jar:/Users/kherm/dev/cvsroot/c3prv2/codebase/projects/core/ext/lib/clm-3.2.1-SNAPSHOT.jar:/Users/kherm/dev/cvsroot/c3prv2/codebase/projects/core/ext/lib/collections-generic-4.01.jar:/Users/kherm/dev/cvsroot/c3prv2/codebase/projects/core/ext/lib/commons-collections-3.1.jar:/Users/kherm/dev/cvsroot/c3prv2/codebase/projects/core/ext/lib/commons-logging.jar:/Users/kherm/dev/cvsroot/c3prv2/codebase/projects/core/ext/lib/commons-pool-1.2.jar:/Users/kherm/dev/cvsroot/c3prv2/codebase/projects/core/ext/lib/csmapi-3.2.1-SNAPSHOT.jar:/Users/kherm/dev/cvsroot/c3prv2/codebase/projects/core/ext/lib/dom4j-1.6.1.jar:/Users/kherm/dev/cvsroot/c3prv2/codebase/projects/core/ext/lib/ehcache-1.2.3.jar:/Users/kherm/dev/cvsroot/c3prv2/codebase/projects/core/ext/lib/handle.jar:/Users/kherm/dev/cvsroot/c3prv2/codebase/projects/core/ext/lib/handlerservice.jar:/Users/kherm/dev/cvsroot/c3prv2/codebase/projects/core/ext/lib/hibernate-annotations.jar:/Users/kherm/dev/cvsroot/c3prv2/codebase/projects/core/ext/lib/hibernate3.2.1.jar:/Users/kherm/dev/cvsroot/c3prv2/codebase/projects/core/ext/lib/jboss-j2ee-4.0.5.jar:/Users/kherm/dev/cvsroot/c3prv2/codebase/projects/core/ext/lib/jboss-jsr77.jar:/Users/kherm/dev/cvsroot/c3prv2/codebase/projects/core/ext/lib/jdom.jar:/Users/kherm/dev/cvsroot/c3prv2/codebase/projects/core/ext/lib/log4j-1.2.13.jar:/Users/kherm/dev/cvsroot/c3prv2/codebase/projects/core/ext/lib/spring2.0.2.jar:/Users/kherm/dev/cvsroot/c3prv2/codebase/projects/core/ext/lib/xerces-2.6.2.jar:/Users/kherm/dev/cvsroot/c3prv2/codebase/projects/core/ext/lib/xercesImpl.jar:/Users/kherm/dev/cvsroot/c3prv2/codebase/projects/core/test/lib/catrip-test-report-1.0.jar:/Users/kherm/dev/cvsroot/c3prv2/codebase/projects/core/test/lib/core-commons-testing.jar:/Users/kherm/dev/cvsroot/c3prv2/codebase/projects/core/test/lib/dbunit-2.1.jar:/Users/kherm/dev/cvsroot/c3prv2/codebase/projects/core/test/lib/easymock.jar:/Users/kherm/dev/cvsroot/c3prv2/codebase/projects/core/test/lib/easymockclassextension.jar:/Users/kherm/dev/cvsroot/c3prv2/codebase/projects/core/test/lib/hsqldb.jar:/Users/kherm/dev/cvsroot/c3prv2/codebase/projects/core/test/lib/servlet-api.jar:/Users/kherm/dev/cvsroot/c3prv2/codebase/projects/core/ext/test/lib/junit-3.8.1.jar:/Users/kherm/dev/cvsroot/c3prv2/codebase/projects/core/ext/test/lib/spring-mock.jar:/Users/kherm/dev/tomcat-wsrf/common/lib/ant-launcher.jar:/Users/kherm/dev/tomcat-wsrf/common/lib/ant.jar:/Users/kherm/dev/tomcat-wsrf/common/lib/commons-collections-3.1.jar:/Users/kherm/dev/tomcat-wsrf/common/lib/commons-dbcp-1.2.1.jar:/Users/kherm/dev/tomcat-wsrf/common/lib/commons-el.jar:/Users/kherm/dev/tomcat-wsrf/common/lib/commons-pool-1.2.jar:/Users/kherm/dev/tomcat-wsrf/common/lib/jasper-compiler.jar:/Users/kherm/dev/tomcat-wsrf/common/lib/jasper-runtime.jar:/Users/kherm/dev/tomcat-wsrf/common/lib/jsp-api.jar:/Users/kherm/dev/tomcat-wsrf/common/lib/naming-common.jar:/Users/kherm/dev/tomcat-wsrf/common/lib/naming-factory.jar:/Users/kherm/dev/tomcat-wsrf/common/lib/naming-java.jar:/Users/kherm/dev/tomcat-wsrf/common/lib/naming-resources.jar:/Users/kherm/dev/tomcat-wsrf/common/lib/ojdbc14.jar:/Users/kherm/dev/tomcat-wsrf/common/lib/servlet-api.jar:/Users/kherm/dev/cvsroot/c3prv2/codebase/share/cobertura-1.8/cobertura.jar:/Users/kherm/dev/cvsroot/c3prv2/codebase/share/cobertura-1.8/lib/asm-2.2.1.jar:/Users/kherm/dev/cvsroot/c3prv2/codebase/share/cobertura-1.8/lib/jakarta-oro-2.0.8.jar:/Users/kherm/dev/cvsroot/c3prv2/codebase/share/cobertura-1.8/lib/log4j-1.2.9.jar:/Library/Ant1.6.5/lib/junit.jar:/Library/Ant1.6.5/lib/ant-launcher.jar:/Library/Ant1.6.5/lib/ant.jar:/Library/Ant1.6.5/lib/ant-junit.jar:/System/Library/Frameworks/JavaVM.framework/Versions/1.5.0/Classes/.compatibility/14compatibility.jar"/>
    <property name="ant.version" value="Apache Ant version 1.6.5 compiled on June 2 2005"/>
    <property name="project.version" value="1.0"/>
    <property name="env.PGDATA" value="/usr/local/pgsql/data"/>
    <property name="env.JBOSS_HOME" value="/Users/kherm/dev/jboss"/>
    <property name="env.JPDA_TRANSPORT" value="dt_socket"/>
    <property name="project.name" value="core"/>
    <property name="env.CVS_RSH" value="ssh"/>
    <property name="java.vm.specification.name" value="Java Virtual Machine Specification"/>
    <property name="java.vm.specification.version" value="1.0"/>
    <property name="catalina.home" value="/Users/kherm/dev/tomcat-wsrf"/>
    <property name="sun.os.patch.level" value="unknown"/>
    <property name="sun.cpu.endian" value="little"/>
    <property name="env.HOME" value="/Users/kherm"/>
    <property name="env.ANT_HOME" value="/Library/Ant1.6.5"/>
    <property name="java.io.tmpdir" value="/tmp"/>
    <property name="java.vendor.url.bug" value="http://developer.apple.com/java/"/>
    <property name="conf.dir" value="/Users/kherm/dev/cvsroot/c3prv2/codebase/projects/core/conf/"/>
    <property name="java.awt.graphicsenv" value="apple.awt.CGraphicsEnvironment"/>
    <property name="os.arch" value="i386"/>
    <property name="env.PERL5LIB" value="/sw/lib/perl5:/sw/lib/perl5/darwin"/>
    <property name="java.ext.dirs"
      value="/Library/Java/Extensions:/System/Library/Java/Extensions:/System/Library/Frameworks/JavaVM.framework/Versions/1.5.0/Home/lib/ext"/>
    <property name="env.MAVEN_HOME" value="/Users/kherm/dev/utils/maven"/>
    <property name="mrj.version" value="1040.1.5.0_07-164"/>
    <property name="user.dir" value="/Users/kherm/dev/cvsroot/c3prv2/codebase/projects/core"/>
    <property name="testcoverage.datafile"
      value="/Users/kherm/dev/cvsroot/c3prv2/codebase/projects/core/test/logs/queryengine.ser"/>
    <property name="env.INFOPATH" value="/sw/share/info:/sw/info:/usr/share/info"/>
    <property name="line.separator" value="
"/>
    <property name="java.vm.name" value="Java HotSpot(TM) Client VM"/>
    <property name="env.CACORE_TOOLKIT_HOME" value="/Users/kherm/dev/utils/cacoresdk"/>
    <property name="env.JPDA_ADDRESS" value="8000"/>
    <property name="test.logs.dir"
      value="/Users/kherm/dev/cvsroot/c3prv2/codebase/projects/core/test/logs"/>
    <property name="basedir" value="/Users/kherm/dev/cvsroot/c3prv2/codebase/projects/core"/>
    <property name="env.SGML_CATALOG_FILES" value="/sw/etc/sgml/catalog"/>
    <property name="ant.java.version" value="1.5"/>
    <property name="db.scripts.dir"
      value="/Users/kherm/dev/cvsroot/c3prv2/codebase/projects/core/db"/>
    <property name="file.encoding" value="MacRoman"/>
    <property name="oracle.db.script.dir"
      value="/Users/kherm/dev/cvsroot/c3prv2/codebase/projects/core/db/oracle"/>
    <property name="java.specification.version" value="1.5"/>
    <property name="src.dir" value="/Users/kherm/dev/cvsroot/c3prv2/codebase/projects/core/src"/>
    <property name="junit.results.dir"
      value="/Users/kherm/dev/cvsroot/c3prv2/codebase/projects/core/test/logs/junit"/>
  </properties>
  <testcase classname="edu.duke.cabig.c3pr.dao.ParticipantDaoTest" name="testGetById" time="36.268"/>
  <testcase classname="edu.duke.cabig.c3pr.dao.ParticipantDaoTest" name="testGetAll" time="39.461"/>
  <testcase classname="edu.duke.cabig.c3pr.dao.ParticipantDaoTest"
    name="testSaveNewParticipantWithAllAssociations" time="41.389"/>
  <testcase classname="edu.duke.cabig.c3pr.dao.ParticipantDaoTest"
    name="testGetStudyParticipantAssignments" time="12.98"/>
  <testcase classname="edu.duke.cabig.c3pr.dao.ParticipantDaoTest"
    name="testSearchParticipantSimple" time="7.446"/>
  <testcase classname="edu.duke.cabig.c3pr.dao.ParticipantDaoTest"
    name="testSearchParticipantSimpleByWildCards" time="6.812"/>
  <system-out><![CDATA[AbandonedObjectPool is used (org.apache.commons.dbcp.AbandonedObjectPool@3f4395)
   LogAbandoned: true
   RemoveAbandoned: true
   RemoveAbandonedTimeout: 300
Hibernate: select participan0_.id as id10_1_, participan0_.version as version10_1_, participan0_.grid_id as grid3_10_1_, participan0_.last_name as last4_10_1_, participan0_.first_name as first5_10_1_, participan0_.maiden_name as maiden6_10_1_, participan0_.add_id as add12_10_1_, participan0_.birth_date as birth7_10_1_, participan0_.administrative_gender_code as administ8_10_1_, participan0_.ethnic_group_code as ethnic9_10_1_, participan0_.race_code as race10_10_1_, participan0_.marital_status_code as marital11_10_1_, address1_.id as id5_0_, address1_.version as version5_0_, address1_.street_address as street3_5_0_, address1_.city as city5_0_, address1_.state_code as state5_5_0_, address1_.postal_code as postal6_5_0_, address1_.country_code as country7_5_0_ from participants participan0_ left outer join addresses address1_ on participan0_.add_id=address1_.id where participan0_.id=?
Hibernate: select studyparti0_.prt_id as prt14_6_, studyparti0_.id as id6_, studyparti0_.id as id6_5_, studyparti0_.version as version6_5_, studyparti0_.grid_id as grid3_6_5_, studyparti0_.prt_id as prt14_6_5_, studyparti0_.disease_history_id as disease13_6_5_, studyparti0_.eligibility_indicator as eligibil4_6_5_, studyparti0_.sti_id as sti11_6_5_, studyparti0_.start_date as start5_6_5_, studyparti0_.sts_id as sts12_6_5_, studyparti0_.study_participant_identifier as study6_6_5_, studyparti0_.eligibility_waiver_reason_text as eligibil7_6_5_, studyparti0_.informed_consent_signed_date as informed8_6_5_, studyparti0_.informed_consent_version as informed9_6_5_, studyparti0_.registration_status as registr10_6_5_, diseasehis1_.id as id24_0_, diseasehis1_.version as version24_0_, diseasehis1_.anatomic_site_id as anatomic6_24_0_, diseasehis1_.other_disease_site_code as other3_24_0_, diseasehis1_.other_disease_code as other4_24_0_, diseasehis1_.study_disease_id as study5_24_0_, anatomicsi2_.id as id23_1_, anatomicsi2_.version as version23_1_, anatomicsi2_.grid_id as grid3_23_1_, anatomicsi2_.category as category23_1_, anatomicsi2_.name as name23_1_, studydisea3_.id as id17_2_, studydisea3_.version as version17_2_, studydisea3_.study_id as study4_17_2_, studydisea3_.disease_term_id as disease5_17_2_, studydisea3_.lead_disease as lead3_17_2_, study4_.id as id0_3_, study4_.version as version0_3_, study4_.grid_id as grid3_0_3_, study4_.description_text as descript4_0_3_, study4_.long_title_text as long5_0_3_, study4_.phase_code as phase6_0_3_, study4_.precis_text as precis7_0_3_, study4_.short_title_text as short8_0_3_, study4_.target_accrual_number as target9_0_3_, study4_.blinded_indicator as blinded10_0_3_, study4_.multi_institution_indicator as multi11_0_3_, study4_.randomized_indicator as randomized12_0_3_, study4_.type as type0_3_, study4_.status as status0_3_, diseaseter5_.id as id19_4_, diseaseter5_.version as version19_4_, diseaseter5_.category_id as category6_19_4_, diseaseter5_.term as term19_4_, diseaseter5_.medra_code as medra4_19_4_, diseaseter5_.ctep_term as ctep5_19_4_ from study_participant_assignments studyparti0_ left outer join disease_history diseasehis1_ on studyparti0_.disease_history_id=diseasehis1_.id left outer join anatomic_sites anatomicsi2_ on diseasehis1_.anatomic_site_id=anatomicsi2_.id left outer join study_diseases studydisea3_ on diseasehis1_.study_disease_id=studydisea3_.id left outer join studies study4_ on studydisea3_.study_id=study4_.id left outer join disease_terms diseaseter5_ on studydisea3_.disease_term_id=diseaseter5_.id where studyparti0_.prt_id=?
Hibernate: select participan0_.id as id10_, participan0_.version as version10_, participan0_.grid_id as grid3_10_, participan0_.last_name as last4_10_, participan0_.first_name as first5_10_, participan0_.maiden_name as maiden6_10_, participan0_.add_id as add12_10_, participan0_.birth_date as birth7_10_, participan0_.administrative_gender_code as administ8_10_, participan0_.ethnic_group_code as ethnic9_10_, participan0_.race_code as race10_10_, participan0_.marital_status_code as marital11_10_ from participants participan0_
Hibernate: select address0_.id as id5_0_, address0_.version as version5_0_, address0_.street_address as street3_5_0_, address0_.city as city5_0_, address0_.state_code as state5_5_0_, address0_.postal_code as postal6_5_0_, address0_.country_code as country7_5_0_ from addresses address0_ where address0_.id=?
Hibernate: select studysite0_.id as id3_3_, studysite0_.version as version3_3_, studysite0_.grid_id as grid3_3_3_, studysite0_.study_id as study9_3_3_, studysite0_.hcs_id as hcs10_3_3_, studysite0_.irb_approval_date as irb4_3_3_, studysite0_.start_date as start5_3_3_, studysite0_.status_code as status6_3_3_, studysite0_.role_code as role7_3_3_, studysite0_.end_date as end8_3_3_, study1_.id as id0_0_, study1_.version as version0_0_, study1_.grid_id as grid3_0_0_, study1_.description_text as descript4_0_0_, study1_.long_title_text as long5_0_0_, study1_.phase_code as phase6_0_0_, study1_.precis_text as precis7_0_0_, study1_.short_title_text as short8_0_0_, study1_.target_accrual_number as target9_0_0_, study1_.blinded_indicator as blinded10_0_0_, study1_.multi_institution_indicator as multi11_0_0_, study1_.randomized_indicator as randomized12_0_0_, study1_.type as type0_0_, study1_.status as status0_0_, healthcare2_.id as id4_1_, healthcare2_.version as version4_1_, healthcare2_.grid_id as grid3_4_1_, healthcare2_.description_text as descript4_4_1_, healthcare2_.address_id as address7_4_1_, healthcare2_.name as name4_1_, healthcare2_.nci_institute_code as nci6_4_1_, address3_.id as id5_2_, address3_.version as version5_2_, address3_.street_address as street3_5_2_, address3_.city as city5_2_, address3_.state_code as state5_5_2_, address3_.postal_code as postal6_5_2_, address3_.country_code as country7_5_2_ from study_sites studysite0_ inner join studies study1_ on studysite0_.study_id=study1_.id inner join healthcare_sites healthcare2_ on studysite0_.hcs_id=healthcare2_.id left outer join addresses address3_ on healthcare2_.address_id=address3_.id where studysite0_.id=?
Hibernate: select epochs0_.stu_id as stu6_1_, epochs0_.id as id1_, epochs0_.id as id1_0_, epochs0_.version as version1_0_, epochs0_.grid_id as grid3_1_0_, epochs0_.stu_id as stu6_1_0_, epochs0_.description_text as descript4_1_0_, epochs0_.name as name1_0_ from epochs epochs0_ where epochs0_.stu_id=?
Hibernate: select arms0_.eph_id as eph7_1_, arms0_.id as id1_, arms0_.id as id2_0_, arms0_.version as version2_0_, arms0_.grid_id as grid3_2_0_, arms0_.description_text as descript4_2_0_, arms0_.target_accrual_number as target5_2_0_, arms0_.eph_id as eph7_2_0_, arms0_.name as name2_0_ from arms arms0_ where arms0_.eph_id=?
Hibernate: select nextval ('STUDY_PARTICIPANT_ASSIG_ID_SEQ')
Hibernate: select nextval ('SCHEDULED_ARMS_ID_seq')
Hibernate: insert into study_participant_assignments (version, grid_id, prt_id, disease_history_id, eligibility_indicator, sti_id, start_date, sts_id, study_participant_identifier, eligibility_waiver_reason_text, informed_consent_signed_date, informed_consent_version, registration_status, id) values (?, ?, ?, ?, ?, ?, ?, ?, ?, ?, ?, ?, ?, ?)
Hibernate: insert into scheduled_arms (version, arm_id, eligibility_indicator, start_date, eligibility_waiver_reason_text, spa_id, id) values (?, ?, ?, ?, ?, ?, ?)
Hibernate: update participants set version=?, grid_id=?, last_name=?, first_name=?, maiden_name=?, add_id=?, birth_date=?, administrative_gender_code=?, ethnic_group_code=?, race_code=?, marital_status_code=? where id=? and version=?
Hibernate: select this_.id as id10_1_, this_.version as version10_1_, this_.grid_id as grid3_10_1_, this_.last_name as last4_10_1_, this_.first_name as first5_10_1_, this_.maiden_name as maiden6_10_1_, this_.add_id as add12_10_1_, this_.birth_date as birth7_10_1_, this_.administrative_gender_code as administ8_10_1_, this_.ethnic_group_code as ethnic9_10_1_, this_.race_code as race10_10_1_, this_.marital_status_code as marital11_10_1_, address2_.id as id5_0_, address2_.version as version5_0_, address2_.street_address as street3_5_0_, address2_.city as city5_0_, address2_.state_code as state5_5_0_, address2_.postal_code as postal6_5_0_, address2_.country_code as country7_5_0_ from participants this_ left outer join addresses address2_ on this_.add_id=address2_.id where (lower(this_.last_name) like ?)
Hibernate: select this_.id as id10_1_, this_.version as version10_1_, this_.grid_id as grid3_10_1_, this_.last_name as last4_10_1_, this_.first_name as first5_10_1_, this_.maiden_name as maiden6_10_1_, this_.add_id as add12_10_1_, this_.birth_date as birth7_10_1_, this_.administrative_gender_code as administ8_10_1_, this_.ethnic_group_code as ethnic9_10_1_, this_.race_code as race10_10_1_, this_.marital_status_code as marital11_10_1_, address2_.id as id5_0_, address2_.version as version5_0_, address2_.street_address as street3_5_0_, address2_.city as city5_0_, address2_.state_code as state5_5_0_, address2_.postal_code as postal6_5_0_, address2_.country_code as country7_5_0_ from participants this_ left outer join addresses address2_ on this_.add_id=address2_.id where (lower(this_.last_name) like ?)
]]></system-out>
  <system-err><![CDATA[]]></system-err>
</testsuite>
