<?xml version="1.0" encoding="UTF-8" ?>
<testsuite errors="0" failures="0" name="edu.duke.cabig.c3pr.test.system.WebTest" tests="1" time="0.635">
  <properties>
    <property name="java.vendor" value="Apple Computer, Inc."></property>
    <property name="lib.dir" value="/Users/kherm/dev/cvsroot/c3prv2/codebase/projects/test-system/lib"></property>
    <property name="jikes.class.path" value=":/Library/Java/Home/../Classes/charsets.jar:/Library/Java/Home/../Classes/classes.jar:/Library/Java/Home/../Classes/dt.jar:/Library/Java/Home/../Classes/jce.jar:/Library/Java/Home/../Classes/jconsole.jar:/Library/Java/Home/../Classes/jsse.jar:/Library/Java/Home/../Classes/laf.jar:/Library/Java/Home/../Classes/ui.jar"></property>
    <property name="sun.management.compiler" value="HotSpot Client Compiler"></property>
    <property name="env.SECURITYSESSIONID" value="bbaa4760"></property>
    <property name="test.project.jar" value="/Users/kherm/dev/cvsroot/c3prv2/codebase/projects/test-system/build/jars/c3pr-2.0-test-system-tests-1.0.jar"></property>
    <property name="os.name" value="Mac OS X"></property>
    <property name="cobertura.home" value="/Users/kherm/dev/cvsroot/c3prv2/codebase/share/cobertura-1.8"></property>
    <property name="sun.boot.class.path" value="/System/Library/Frameworks/JavaVM.framework/Versions/1.5.0/Classes/classes.jar:/System/Library/Frameworks/JavaVM.framework/Versions/1.5.0/Classes/ui.jar:/System/Library/Frameworks/JavaVM.framework/Versions/1.5.0/Classes/laf.jar:/System/Library/Frameworks/JavaVM.framework/Versions/1.5.0/Classes/sunrsasign.jar:/System/Library/Frameworks/JavaVM.framework/Versions/1.5.0/Classes/jsse.jar:/System/Library/Frameworks/JavaVM.framework/Versions/1.5.0/Classes/jce.jar:/System/Library/Frameworks/JavaVM.framework/Versions/1.5.0/Classes/charsets.jar"></property>
    <property name="env.PWD" value="/Users/kherm/dev/cvsroot/c3prv2/codebase/projects/test-system"></property>
    <property name="java.vm.specification.vendor" value="Sun Microsystems Inc."></property>
    <property name="net.sourceforge.cobertura.datafile" value="/Users/kherm/dev/cvsroot/c3prv2/codebase/projects/test-system/test/logs/queryengine.ser"></property>
    <property name="ant.home" value="/Library/Ant1.6.5"></property>
    <property name="jar.dir" value="/Users/kherm/dev/cvsroot/c3prv2/codebase/projects/test-system/build/jars"></property>
    <property name="java.runtime.version" value="1.5.0_06-112"></property>
    <property name="env.XMLBEANS_HOME" value="/Users/kherm/dev/utils/xmlbeans"></property>
    <property name="env.GLOBUS_LOCATION" value="/Users/kherm/dev/globus"></property>
    <property name="env.JAVA_MAIN_CLASS_20584" value="org.apache.tools.ant.launch.Launcher"></property>
    <property name="user.name" value="kherm"></property>
    <property name="env.USER" value="kherm"></property>
    <property name="test.classes.dir" value="/Users/kherm/dev/cvsroot/c3prv2/codebase/projects/test-system/build/classes-test"></property>
    <property name="env.SHELL" value="/bin/bash"></property>
    <property name="env.__CF_USER_TEXT_ENCODING" value="0x1F6:0:0"></property>
    <property name="debug" value="on"></property>
    <property name="awt.nativeDoubleBuffering" value="true"></property>
    <property name="build.dir" value="/Users/kherm/dev/cvsroot/c3prv2/codebase/projects/test-system/build"></property>
    <property name="ext.lib.dir" value="/Users/kherm/dev/cvsroot/c3prv2/codebase/projects/test-system/ext/lib"></property>
    <property name="env.PATH" value="/sw/bin:/sw/sbin:/bin:/sbin:/usr/bin:/usr/sbin:/Library/Ant1.6.5/bin:/Library/Java/Home/bin:/Users/kherm/dev/tomcat-wsrf/bin:/Applications/Mplayer:/Users/kherm/dev/utils/maven/bin:/Users/kherm/dev/globus/bin:/Users/kherm/dev/utils/xmlbeans/bin:/usr/local/pgsql/data:/usr/local/pgsql/bin:/usr/X11R6/bin"></property>
    <property name="user.language" value="en"></property>
    <property name="sun.boot.library.path" value="/System/Library/Frameworks/JavaVM.framework/Versions/1.5.0/Libraries"></property>
    <property name="ant.project.name" value="c3pr-2.0-test-system"></property>
    <property name="java.version" value="1.5.0_06"></property>
    <property name="user.timezone" value=""></property>
    <property name="ext.test.lib.dir" value="/Users/kherm/dev/cvsroot/c3prv2/codebase/projects/test-system/ext/test/lib"></property>
    <property name="ant.file.c3pr-1.0-test-system-test" value="/Users/kherm/dev/cvsroot/c3prv2/codebase/projects/test-system/antfiles/build-test.xml"></property>
    <property name="sun.arch.data.model" value="32"></property>
    <property name="test.src.dir" value="/Users/kherm/dev/cvsroot/c3prv2/codebase/projects/test-system/test/src/java"></property>
    <property name="java.endorsed.dirs" value="/System/Library/Frameworks/JavaVM.framework/Versions/1.5.0/Home/lib/endorsed"></property>
    <property name="env.JDK_HOME" value="/Library/Java/Home"></property>
    <property name="sun.cpu.isalist" value=""></property>
    <property name="sun.jnu.encoding" value="MacRoman"></property>
    <property name="file.encoding.pkg" value="sun.io"></property>
    <property name="env.SHLVL" value="1"></property>
    <property name="file.separator" value="/"></property>
    <property name="java.specification.name" value="Java Platform API Specification"></property>
    <property name="test.lib.dir" value="/Users/kherm/dev/cvsroot/c3prv2/codebase/projects/test-system/test/lib"></property>
    <property name="classes.dir" value="/Users/kherm/dev/cvsroot/c3prv2/codebase/projects/test-system/build/classes"></property>
    <property name="java.class.version" value="49.0"></property>
    <property name="ant.file.c3pr-2.0-test-system" value="/Users/kherm/dev/cvsroot/c3prv2/codebase/projects/test-system/build.xml"></property>
    <property name="project.jarfile" value="/Users/kherm/dev/cvsroot/c3prv2/codebase/projects/test-system/build/jars/c3pr-2.0-test-system-1.0.jar"></property>
    <property name="user.country" value="US"></property>
    <property name="java.home" value="/System/Library/Frameworks/JavaVM.framework/Versions/1.5.0/Home"></property>
    <property name="java.vm.info" value="mixed mode, sharing"></property>
    <property name="env.CATALINA_HOME" value="/Users/kherm/dev/tomcat-wsrf"></property>
    <property name="env.XML_CATALOG_FILES" value="/sw/etc/xml/catalog"></property>
    <property name="env.LOGNAME" value="kherm"></property>
    <property name="ant.file" value="/Users/kherm/dev/cvsroot/c3prv2/codebase/projects/test-system/build.xml"></property>
    <property name="os.version" value="10.4.8"></property>
    <property name="env.TERM_PROGRAM_VERSION" value="100.1.8"></property>
    <property name="path.separator" value=":"></property>
    <property name="java.vm.version" value="1.5.0_06-64"></property>
    <property name="web.dir" value="/Users/kherm/dev/cvsroot/c3prv2/codebase/projects/test-system/web"></property>
    <property name="ant.library.dir" value="/Library/Ant1.6.5/lib"></property>
    <property name="env.JAVA_HOME" value="/Library/Java/Home"></property>
    <property name="java.awt.printerjob" value="apple.awt.CPrinterJob"></property>
    <property name="env.TERM" value="xterm-color"></property>
    <property name="sun.io.unicode.encoding" value="UnicodeBig"></property>
    <property name="awt.toolkit" value="apple.awt.CToolkit"></property>
    <property name="env.MANPATH" value="/sw/share/man:/usr/share/man:/Library/Java/Home/man:/usr/local/pgsql/man:/usr/X11R6/man:/sw/lib/perl5/5.8.6/man"></property>
    <property name="user.home" value="/Users/kherm"></property>
    <property name="java.specification.vendor" value="Sun Microsystems Inc."></property>
    <property name="env.TERM_PROGRAM" value="Apple_Terminal"></property>
    <property name="test.dir" value="/Users/kherm/dev/cvsroot/c3prv2/codebase/projects/test-system/test"></property>
    <property name="java.library.path" value=".:/Library/Java/Extensions:/System/Library/Java/Extensions:/usr/lib/java"></property>
    <property name="java.vendor.url" value="http://apple.com/"></property>
    <property name="war.file" value="/Users/kherm/dev/cvsroot/c3prv2/codebase/projects/test-system/build/c3prv2.war"></property>
    <property name="java.vm.vendor" value="&quot;Apple Computer, Inc.&quot;"></property>
    <property name="gopherProxySet" value="false"></property>
    <property name="java.runtime.name" value="Java(TM) 2 Runtime Environment, Standard Edition"></property>
    <property name="ant.version" value="Apache Ant version 1.6.5 compiled on June 2 2005"></property>
    <property name="java.class.path" value="/Users/kherm/dev/cvsroot/c3prv2/codebase/projects/test-system/build/jars/c3pr-2.0-test-system-1.0.jar:/Users/kherm/dev/cvsroot/c3prv2/codebase/projects/test-system/build/jars/c3pr-2.0-test-system-tests-1.0.jar:/Users/kherm/dev/cvsroot/c3prv2/codebase/projects/test-system/lib/cagrid-1.0-tests-core-1.0-test.jar:/Users/kherm/dev/cvsroot/c3prv2/codebase/projects/test-system/lib/cagrid-1.0-tests-core-1.0.jar:/Users/kherm/dev/cvsroot/c3prv2/codebase/projects/test-system/ext/lib/activeio-core-3.0-beta4.jar:/Users/kherm/dev/cvsroot/c3prv2/codebase/projects/test-system/ext/lib/activemq-core-4.0.2.jar:/Users/kherm/dev/cvsroot/c3prv2/codebase/projects/test-system/ext/lib/backport-util-concurrent-2.1.jar:/Users/kherm/dev/cvsroot/c3prv2/codebase/projects/test-system/ext/lib/c3pr-2.0-esb-client-1.0.jar:/Users/kherm/dev/cvsroot/c3prv2/codebase/projects/test-system/ext/lib/c3pr-2.0-web-1.0.jar:/Users/kherm/dev/cvsroot/c3prv2/codebase/projects/test-system/ext/lib/commons-collections-3.1.jar:/Users/kherm/dev/cvsroot/c3prv2/codebase/projects/test-system/ext/lib/commons-logging.jar:/Users/kherm/dev/cvsroot/c3prv2/codebase/projects/test-system/ext/lib/commons-pool-1.2.jar:/Users/kherm/dev/cvsroot/c3prv2/codebase/projects/test-system/ext/lib/jboss-j2ee-4.0.5.jar:/Users/kherm/dev/cvsroot/c3prv2/codebase/projects/test-system/ext/lib/jboss-jsr77.jar:/Users/kherm/dev/cvsroot/c3prv2/codebase/projects/test-system/ext/lib/jdom.jar:/Users/kherm/dev/cvsroot/c3prv2/codebase/projects/test-system/ext/lib/log4j-1.2.13.jar:/Users/kherm/dev/cvsroot/c3prv2/codebase/projects/test-system/test/lib/abbot.jar:/Users/kherm/dev/cvsroot/c3prv2/codebase/projects/test-system/test/lib/ao-util.jar:/Users/kherm/dev/cvsroot/c3prv2/codebase/projects/test-system/test/lib/docall.jar:/Users/kherm/dev/cvsroot/c3prv2/codebase/projects/test-system/test/lib/gnu-regexp-110.jar:/Users/kherm/dev/cvsroot/c3prv2/codebase/projects/test-system/test/lib/shaste-1.0.jar:/Users/kherm/dev/cvsroot/c3prv2/codebase/projects/test-system/test/lib/uispec4j-0.15.jar:/Users/kherm/dev/cvsroot/c3prv2/codebase/projects/test-system/ext/test/lib/junit-3.8.1.jar:/Users/kherm/dev/globus/endorsed/xalan.jar:/Users/kherm/dev/globus/lib/ProtocolIngestor-client.jar:/Users/kherm/dev/globus/lib/ProtocolIngestor-common.jar:/Users/kherm/dev/globus/lib/ProtocolIngestor-service.jar:/Users/kherm/dev/globus/lib/ProtocolIngestor-stubs.jar:/Users/kherm/dev/globus/lib/ProtocolIngestor-tests.jar:/Users/kherm/dev/globus/lib/addressing-1.0.jar:/Users/kherm/dev/globus/lib/ant-contrib.jar:/Users/kherm/dev/globus/lib/axis-url.jar:/Users/kherm/dev/globus/lib/axis.jar:/Users/kherm/dev/globus/lib/bootstrap.jar:/Users/kherm/dev/globus/lib/caGrid-1.0-ServiceSecurityProvider-client.jar:/Users/kherm/dev/globus/lib/caGrid-1.0-ServiceSecurityProvider-common.jar:/Users/kherm/dev/globus/lib/caGrid-1.0-ServiceSecurityProvider-service.jar:/Users/kherm/dev/globus/lib/caGrid-1.0-ServiceSecurityProvider-stubs.jar:/Users/kherm/dev/globus/lib/caGrid-1.0-core.jar:/Users/kherm/dev/globus/lib/caGrid-1.0-metadata-common.jar:/Users/kherm/dev/globus/lib/caGrid-1.0-metadata-data.jar:/Users/kherm/dev/globus/lib/caGrid-1.0-metadata-security.jar:/Users/kherm/dev/globus/lib/caGrid-1.0-metadataUtils.jar:/Users/kherm/dev/globus/lib/castor-0.9.9.jar:/Users/kherm/dev/globus/lib/cog-axis.jar:/Users/kherm/dev/globus/lib/cog-jglobus.jar:/Users/kherm/dev/globus/lib/cog-tomcat.jar:/Users/kherm/dev/globus/lib/cog-url.jar:/Users/kherm/dev/globus/lib/commonj.jar:/Users/kherm/dev/globus/lib/commons-beanutils.jar:/Users/kherm/dev/globus/lib/commons-cli-2.0.jar:/Users/kherm/dev/globus/lib/commons-collections-3.0.jar:/Users/kherm/dev/globus/lib/commons-digester.jar:/Users/kherm/dev/globus/lib/commons-discovery.jar:/Users/kherm/dev/globus/lib/commons-logging.jar:/Users/kherm/dev/globus/lib/concurrent.jar:/Users/kherm/dev/globus/lib/cryptix-asn1.jar:/Users/kherm/dev/globus/lib/cryptix.jar:/Users/kherm/dev/globus/lib/cryptix32.jar:/Users/kherm/dev/globus/lib/globus_resolution_service.jar:/Users/kherm/dev/globus/lib/globus_resolution_stubs_java.jar:/Users/kherm/dev/globus/lib/globus_resolution_test.jar:/Users/kherm/dev/globus/lib/globus_transfer_service.jar:/Users/kherm/dev/globus/lib/globus_transfer_stubs_java.jar:/Users/kherm/dev/globus/lib/globus_transfer_test.jar:/Users/kherm/dev/globus/lib/globus_usage_core.jar:/Users/kherm/dev/globus/lib/globus_usage_packets_common.jar:/Users/kherm/dev/globus/lib/globus_wsrf_mds_aggregator.jar:/Users/kherm/dev/globus/lib/globus_wsrf_mds_aggregator_stubs.jar:/Users/kherm/dev/globus/lib/globus_wsrf_servicegroup.jar:/Users/kherm/dev/globus/lib/globus_wsrf_servicegroup_stubs.jar:/Users/kherm/dev/globus/lib/globus_wsrf_tools_test.jar:/Users/kherm/dev/globus/lib/jaxrpc.jar:/Users/kherm/dev/globus/lib/jce-jdk13-125.jar:/Users/kherm/dev/globus/lib/jgss.jar:/Users/kherm/dev/globus/lib/junit.jar:/Users/kherm/dev/globus/lib/log4j-1.2.8.jar:/Users/kherm/dev/globus/lib/mobius_common_client-1.1.jar:/Users/kherm/dev/globus/lib/mobius_factories-1.1.jar:/Users/kherm/dev/globus/lib/mobius_gme_client-1.1.jar:/Users/kherm/dev/globus/lib/mobius_mako_client-1.1.jar:/Users/kherm/dev/globus/lib/mobius_tools-1.1.jar:/Users/kherm/dev/globus/lib/naming-common.jar:/Users/kherm/dev/globus/lib/naming-factory.jar:/Users/kherm/dev/globus/lib/naming-java.jar:/Users/kherm/dev/globus/lib/naming-resources.jar:/Users/kherm/dev/globus/lib/opensaml.jar:/Users/kherm/dev/globus/lib/puretls.jar:/Users/kherm/dev/globus/lib/resolver.jar:/Users/kherm/dev/globus/lib/saaj.jar:/Users/kherm/dev/globus/lib/wsdl4j.jar:/Users/kherm/dev/globus/lib/wsrf_common.jar:/Users/kherm/dev/globus/lib/wsrf_core.jar:/Users/kherm/dev/globus/lib/wsrf_core_registry.jar:/Users/kherm/dev/globus/lib/wsrf_core_registry_stubs.jar:/Users/kherm/dev/globus/lib/wsrf_core_samples_authzService.jar:/Users/kherm/dev/globus/lib/wsrf_core_samples_authzService_stubs.jar:/Users/kherm/dev/globus/lib/wsrf_core_samples_counter.jar:/Users/kherm/dev/globus/lib/wsrf_core_samples_counter_stubs.jar:/Users/kherm/dev/globus/lib/wsrf_core_samples_mgmt.jar:/Users/kherm/dev/globus/lib/wsrf_core_samples_mgmt_stubs.jar:/Users/kherm/dev/globus/lib/wsrf_core_stubs.jar:/Users/kherm/dev/globus/lib/wsrf_provider_jce.jar:/Users/kherm/dev/globus/lib/wsrf_test.jar:/Users/kherm/dev/globus/lib/wsrf_test_interop.jar:/Users/kherm/dev/globus/lib/wsrf_test_interop_stubs.jar:/Users/kherm/dev/globus/lib/wsrf_test_unit.jar:/Users/kherm/dev/globus/lib/wsrf_test_unit_stubs.jar:/Users/kherm/dev/globus/lib/wsrf_tools.jar:/Users/kherm/dev/globus/lib/wss4j.jar:/Users/kherm/dev/globus/lib/xalan.jar:/Users/kherm/dev/globus/lib/xercesImpl.jar:/Users/kherm/dev/globus/lib/xml-apis.jar:/Users/kherm/dev/globus/lib/xmlsec.jar:/Users/kherm/dev/cvsroot/c3prv2/codebase/share/cobertura-1.8/cobertura.jar:/Users/kherm/dev/cvsroot/c3prv2/codebase/share/cobertura-1.8/lib/asm-2.2.1.jar:/Users/kherm/dev/cvsroot/c3prv2/codebase/share/cobertura-1.8/lib/jakarta-oro-2.0.8.jar:/Users/kherm/dev/cvsroot/c3prv2/codebase/share/cobertura-1.8/lib/log4j-1.2.9.jar:/Library/Ant1.6.5/lib/junit.jar:/Library/Ant1.6.5/lib/ant-launcher.jar:/Library/Ant1.6.5/lib/ant.jar:/Library/Ant1.6.5/lib/ant-junit.jar:/System/Library/Frameworks/JavaVM.framework/Versions/1.5.0/Classes/.compatibility/14compatibility.jar"></property>
    <property name="project.version" value="1.0"></property>
    <property name="env.PGDATA" value="/usr/local/pgsql/data"></property>
    <property name="env.JBOSS_HOME" value="/Users/kherm/dev/jboss"></property>
    <property name="project.name" value="test-system"></property>
    <property name="env.CVS_RSH" value="ssh"></property>
    <property name="java.vm.specification.name" value="Java Virtual Machine Specification"></property>
    <property name="java.vm.specification.version" value="1.0"></property>
    <property name="sun.cpu.endian" value="big"></property>
    <property name="sun.os.patch.level" value="unknown"></property>
    <property name="env.HOME" value="/Users/kherm"></property>
    <property name="env.ANT_HOME" value="/Library/Ant1.6.5"></property>
    <property name="java.io.tmpdir" value="/tmp"></property>
    <property name="java.vendor.url.bug" value="http://developer.apple.com/java/"></property>
    <property name="os.arch" value="ppc"></property>
    <property name="java.awt.graphicsenv" value="apple.awt.CGraphicsEnvironment"></property>
    <property name="env.PERL5LIB" value="/sw/lib/perl5:/sw/lib/perl5/darwin"></property>
    <property name="java.ext.dirs" value="/Library/Java/Extensions:/System/Library/Java/Extensions:/System/Library/Frameworks/JavaVM.framework/Versions/1.5.0/Home/lib/ext"></property>
    <property name="user.dir" value="/Users/kherm/dev/cvsroot/c3prv2/codebase/projects/test-system"></property>
    <property name="env.MAVEN_HOME" value="/Users/kherm/dev/utils/maven"></property>
    <property name="mrj.version" value="1040.1.5.0_06-112"></property>
    <property name="testcoverage.datafile" value="/Users/kherm/dev/cvsroot/c3prv2/codebase/projects/test-system/test/logs/queryengine.ser"></property>
    <property name="env.INFOPATH" value="/sw/share/info:/sw/info:/usr/share/info"></property>
    <property name="line.separator" value="
"></property>
    <property name="java.vm.name" value="Java HotSpot(TM) Client VM"></property>
    <property name="basedir" value="/Users/kherm/dev/cvsroot/c3prv2/codebase/projects/test-system"></property>
    <property name="test.logs.dir" value="/Users/kherm/dev/cvsroot/c3prv2/codebase/projects/test-system/test/logs"></property>
    <property name="ant.java.version" value="1.5"></property>
    <property name="env.SGML_CATALOG_FILES" value="/sw/etc/sgml/catalog"></property>
    <property name="file.encoding" value="MacRoman"></property>
    <property name="java.specification.version" value="1.5"></property>
    <property name="src.dir" value="/Users/kherm/dev/cvsroot/c3prv2/codebase/projects/test-system/src/java"></property>
    <property name="junit.results.dir" value="/Users/kherm/dev/cvsroot/c3prv2/codebase/projects/test-system/test/logs/junit"></property>
  </properties>
  <testcase classname="edu.duke.cabig.c3pr.test.system.WebTest" name="Story" time="0.031"></testcase>
  <system-out><![CDATA[
===============================================
STORY: edu.duke.cabig.c3pr.test.system.WebTest

> WebCreateStep (edu.duke.cabig.c3pr.test.system.WebTest)


> WebCheckStep (edu.duke.cabig.c3pr.test.system.WebTest)

]]></system-out>
  <system-err><![CDATA[]]></system-err>
</testsuite>
