<?xml version="1.0" encoding="UTF-8" ?>
<testsuite errors="0" failures="0" hostname="Vinay-Office-PC" name="edu.duke.cabig.c3pr.xml.CCTSRegistrationMessageTest" tests="1" time="8.364" timestamp="2007-11-07T18:58:09">
  <properties>
    <property name="file.encoding.pkg" value="sun.io" />
    <property name="env.PROMPT" value="$P$G" />
    <property name="ant.file.c3prv2 custom ant tasks" value="C:\eclipse\WorkspaceSemanticBits\c3prv2\codebase\antfiles\build-ant-tasks.xml" />
    <property name="ant.file.c3pr-2.0-core" value="C:\eclipse\WorkspaceSemanticBits\c3prv2\codebase\projects\core\build.xml" />
    <property name="env.RoxioCentral" value="C:\Program Files\Common Files\Roxio Shared\9.0\Roxio Central33\" />
    <property name="java.home" value="C:\Program Files\Java\jdk1.5.0_12\jre" />
    <property name="test.src.dir" value="C:\eclipse\WorkspaceSemanticBits\c3prv2\codebase\projects\core\test\src" />
    <property name="test.project.jar" value="C:\eclipse\WorkspaceSemanticBits\c3prv2\codebase\projects\core\build\jars\c3pr-2.0-core-tests-1.0.jar" />
    <property name="env.PCBRAND" value="Pavilion" />
    <property name="debug" value="on" />
    <property name="java.endorsed.dirs" value="C:\Program Files\Java\jdk1.5.0_12\jre\lib\endorsed" />
    <property name="env.USERNAME" value="Vinay" />
    <property name="src.dir" value="C:\eclipse\WorkspaceSemanticBits\c3prv2\codebase\projects\core/src" />
    <property name="sun.os.patch.level" value="" />
    <property name="java.vendor.url" value="http://java.sun.com/" />
    <property name="env.COMPUTERNAME" value="VINAY-OFFICE-PC" />
    <property name="ant.file.c3pr-2.0" value="C:\eclipse\WorkspaceSemanticBits\c3prv2\codebase\antfiles\build.xml" />
    <property name="java.version" value="1.5.0_12" />
    <property name="csm.conf.dir" value="C:\eclipse\WorkspaceSemanticBits\c3prv2\codebase\projects\core/conf//csm" />
    <property name="test.logs.dir" value="C:\eclipse\WorkspaceSemanticBits\c3prv2\codebase\projects\core\test\logs" />
    <property name="conf.dir" value="C:\eclipse\WorkspaceSemanticBits\c3prv2\codebase\projects\core/conf/" />
    <property name="java.vendor.url.bug" value="http://java.sun.com/cgi-bin/bugreport.cgi" />
    <property name="env.USERPROFILE" value="C:\Users\Vinay" />
    <property name="test.lib.dir" value="C:\eclipse\WorkspaceSemanticBits\c3prv2\codebase\projects\core\test\lib" />
    <property name="env.SystemRoot" value="C:\Windows" />
    <property name="user.name" value="Vinay" />
    <property name="postgresql.csm.db.scripts.dir" value="C:\eclipse\WorkspaceSemanticBits\c3prv2\codebase\projects\core/db/PostGreSQL/csm" />
    <property name="oracle.db.script.dir" value="C:\eclipse\WorkspaceSemanticBits\c3prv2\codebase\projects\core/db/oracle" />
    <property name="ext.dir" value="C:\eclipse\WorkspaceSemanticBits\c3prv2\codebase\projects\core/ext" />
    <property name="sun.io.unicode.encoding" value="UnicodeLittle" />
    <property name="sun.jnu.encoding" value="Cp1252" />
    <property name="java.runtime.name" value="Java(TM) 2 Runtime Environment, Standard Edition" />
    <property name="env.LOCALAPPDATA" value="C:\Users\Vinay\AppData\Local" />
    <property name="lib.dir" value="C:\eclipse\WorkspaceSemanticBits\c3prv2\codebase\projects\core/lib" />
    <property name="project.version" value="1.0" />
    <property name="java.specification.name" value="Java Platform API Specification" />
    <property name="user.timezone" value="" />
    <property name="ant.file.c3pr-2.0-reports" value="C:\eclipse\WorkspaceSemanticBits\c3prv2\codebase\antfiles\build-reports.xml" />
    <property name="path.separator" value=";" />
    <property name="env.PROCESSOR_IDENTIFIER" value="x86 Family 6 Model 15 Stepping 6, GenuineIntel" />
    <property name="env._JAVACMD" value="C:\Program Files\Java\jdk1.5.0_12\bin\java.exe" />
    <property name="project.name" value="core" />
    <property name="file.encoding" value="Cp1252" />
    <property name="ext.resources.dir" value="C:\eclipse\WorkspaceSemanticBits\c3prv2\codebase\projects\core\ext\resources" />
    <property name="junit.results.dir" value="C:\eclipse\WorkspaceSemanticBits\c3prv2\codebase\test\logs" />
    <property name="env.NUMBER_OF_PROCESSORS" value="2" />
    <property name="env.APPDATA" value="C:\Users\Vinay\AppData\Roaming" />
    <property name="ant.file" value="C:\eclipse\WorkspaceSemanticBits\c3prv2\codebase\projects\core\build.xml" />
    <property name="src.java.dir" value="C:\eclipse\WorkspaceSemanticBits\c3prv2\codebase\projects\core/src/java" />
    <property name="ant.file.c3pr-2.0-artifacts" value="C:\eclipse\WorkspaceSemanticBits\c3prv2\codebase\antfiles\build-artifacts.xml" />
    <property name="java.io.tmpdir" value="C:\Users\Vinay\AppData\Local\Temp\" />
    <property name="ant.file.c3pr-2.0-core-test" value="C:\eclipse\WorkspaceSemanticBits\c3prv2\codebase\projects\core\antfiles\build-test.xml" />
    <property name="user.language" value="en" />
    <property name="env.SystemDrive" value="C:" />
    <property name="line.separator" value="
" />
    <property name="bering.migration.dir" value="C:\eclipse\WorkspaceSemanticBits\c3prv2\codebase\projects\core/db/bering" />
    <property name="java.vm.info" value="mixed mode" />
    <property name="sun.desktop" value="windows" />
    <property name="java.vm.specification.name" value="Java Virtual Machine Specification" />
    <property name="env.PATHEXT" value=".COM;.EXE;.BAT;.CMD;.VBS;.VBE;.JS;.JSE;.WSF;.WSH;.MSC" />
    <property name="test.classes.dir" value="C:\eclipse\WorkspaceSemanticBits\c3prv2\codebase\projects\core\build\classes-test" />
    <property name="ant.file.catrip-1.0-codedrop" value="C:\eclipse\WorkspaceSemanticBits\c3prv2\codebase\antfiles\build-codedrop.xml" />
    <property name="env.LOGONSERVER" value="\\VINAY-OFFICE-PC" />
    <property name="test.src.java.dir" value="C:\eclipse\WorkspaceSemanticBits\c3prv2\codebase\projects\core\test\src\java" />
    <property name="java.awt.printerjob" value="sun.awt.windows.WPrinterJob" />
    <property name="env.PUBLIC" value="C:\Users\Public" />
    <property name="catalina.home" value="C:\Tomcat 5.5" />
    <property name="env.USERDOMAIN" value="Vinay-Office-PC" />
    <property name="env.PROCESSOR_LEVEL" value="6" />
    <property name="env.windir" value="C:\Windows" />
    <property name="os.name" value="Windows Vista" />
    <property name="java.specification.vendor" value="Sun Microsystems Inc." />
    <property name="env.TMP" value="C:\Users\Vinay\AppData\Local\Temp" />
    <property name="postgresql.db.script.dir" value="C:\eclipse\WorkspaceSemanticBits\c3prv2\codebase\projects\core/db/PostGreSQL" />
    <property name="java.vm.name" value="Java HotSpot(TM) Client VM" />
    <property name="env.ProgramData" value="C:\ProgramData" />
    <property name="env.OS" value="Windows_NT" />
    <property name="java.library.path" value="C:\Program Files\Java\jdk1.5.0_12\jre\bin;.;C:\Windows\system32;C:\Windows;C:\Program Files\Java\jdk1.5.0_12\bin;C:\Windows\system32;C:\Windows;C:\Windows\System32\Wbem;C:\Program Files\Common Files\Roxio Shared\DLLShared\;C:\Program Files\Common Files\Roxio Shared\9.0\DLLShared\;C:\Tomcat 5.5\bin;C:\apache-ant-1.7.0\bin;" />
    <property name="ant.java.version" value="1.5" />
    <property name="basedir" value="C:\eclipse\WorkspaceSemanticBits\c3prv2\codebase\projects\core" />
    <property name="java.class.version" value="49.0" />
    <property name="ext.lib.dir" value="C:\eclipse\WorkspaceSemanticBits\c3prv2\codebase\projects\core/ext/lib" />
    <property name="ant.home" value="C:\apache-ant-1.7.0" />
    <property name="env.Path" value="C:\Program Files\Java\jdk1.5.0_12\bin;C:\Windows\system32;C:\Windows;C:\Windows\System32\Wbem;C:\Program Files\Common Files\Roxio Shared\DLLShared\;C:\Program Files\Common Files\Roxio Shared\9.0\DLLShared\;C:\Tomcat 5.5\bin;C:\apache-ant-1.7.0\bin;" />
    <property name="ext.test.lib.dir" value="C:\eclipse\WorkspaceSemanticBits\c3prv2\codebase\projects\core\ext\test\lib" />
    <property name="env.HOMEDRIVE" value="C:" />
    <property name="net.sourceforge.cobertura.datafile" value="C:\eclipse\WorkspaceSemanticBits\c3prv2\codebase\projects\core\test\logs\queryengine.ser" />
    <property name="sun.boot.library.path" value="C:\Program Files\Java\jdk1.5.0_12\jre\bin" />
    <property name="build.dir" value="C:\eclipse\WorkspaceSemanticBits\c3prv2\codebase\projects\core/build" />
    <property name="env.PROCESSOR_REVISION" value="0f06" />
    <property name="sun.management.compiler" value="HotSpot Client Compiler" />
    <property name="java.awt.graphicsenv" value="sun.awt.Win32GraphicsEnvironment" />
    <property name="user.variant" value="" />
    <property name="src.resources.dir" value="C:\eclipse\WorkspaceSemanticBits\c3prv2\codebase\projects\core/src/resources" />
    <property name="ant.file.c3pr-2.0-test" value="C:\eclipse\WorkspaceSemanticBits\c3prv2\codebase\antfiles\build-test.xml" />
    <property name="jar.dir" value="C:\eclipse\WorkspaceSemanticBits\c3prv2\codebase\projects\core/build/jars" />
    <property name="ant.project.name" value="c3pr-2.0-core" />
    <property name="java.vm.specification.version" value="1.0" />
    <property name="env.GLOBUS_LOCATION" value="C:\Globus\ws-core-4.0.3" />
    <property name="resources.dir" value="C:\eclipse\WorkspaceSemanticBits\c3prv2\codebase\projects\core/resources" />
    <property name="awt.toolkit" value="sun.awt.windows.WToolkit" />
    <property name="env.MAVEN_HOME" value="C:\Program Files\maven-2.0.7-bin\maven-2.0.7" />
    <property name="sun.cpu.isalist" value="pentium_pro+mmx pentium_pro pentium+mmx pentium i486 i386 i86" />
    <property name="build.context.dir" value="C:\eclipse\WorkspaceSemanticBits\c3prv2\codebase\projects\core/build/classes/context" />
    <property name="java.ext.dirs" value="C:\Program Files\Java\jdk1.5.0_12\jre\lib\ext" />
    <property name="os.version" value="6.0" />
    <property name="cobertura.home" value="C:\eclipse\WorkspaceSemanticBits\c3prv2\codebase\share\cobertura-1.8" />
    <property name="db.scripts.dir" value="C:\eclipse\WorkspaceSemanticBits\c3prv2\codebase\projects\core/db" />
    <property name="test.src.resources.dir" value="C:\eclipse\WorkspaceSemanticBits\c3prv2\codebase\projects\core\test\src\resources" />
    <property name="user.home" value="C:\Users\Vinay" />
    <property name="java.vm.vendor" value="Sun Microsystems Inc." />
    <property name="env.JAVA_HOME" value="C:\Program Files\Java\jdk1.5.0_12" />
    <property name="antfiles.dir" value="C:\eclipse\WorkspaceSemanticBits\c3prv2\codebase\projects\core/antfiles" />
    <property name="user.dir" value="C:\eclipse\WorkspaceSemanticBits\c3prv2\codebase\projects\core" />
    <property name="env.FP_NO_HOST_CHECK" value="NO" />
    <property name="test.dir" value="C:\eclipse\WorkspaceSemanticBits\c3prv2\codebase\projects\core\test" />
    <property name="env.OnlineServices" value="Online Services" />
    <property name="sun.cpu.endian" value="little" />
    <property name="env._USE_CLASSPATH" value="no" />
    <property name="env.ALLUSERSPROFILE" value="C:\ProgramData" />
    <property name="env.PROCESSOR_ARCHITECTURE" value="x86" />
    <property name="java.vm.version" value="1.5.0_12-b04" />
    <property name="java.class.path" value="C:\eclipse\WorkspaceSemanticBits\c3prv2\codebase\projects\core\lib\activation-1.0.2.jar;C:\eclipse\WorkspaceSemanticBits\c3prv2\codebase\projects\core\lib\avalon-framework-cvs-20020806.jar;C:\eclipse\WorkspaceSemanticBits\c3prv2\codebase\projects\core\lib\castor-1.1.2.1.jar;C:\eclipse\WorkspaceSemanticBits\c3prv2\codebase\projects\core\lib\commons-beanutils-1.7.0.jar;C:\eclipse\WorkspaceSemanticBits\c3prv2\codebase\projects\core\lib\commons-collections-3.2.jar;C:\eclipse\WorkspaceSemanticBits\c3prv2\codebase\projects\core\lib\commons-dbcp-1.2.1.jar;C:\eclipse\WorkspaceSemanticBits\c3prv2\codebase\projects\core\lib\commons-lang-2.1.jar;C:\eclipse\WorkspaceSemanticBits\c3prv2\codebase\projects\core\lib\ejb3-persistence.jar;C:\eclipse\WorkspaceSemanticBits\c3prv2\codebase\projects\core\lib\fop.jar;C:\eclipse\WorkspaceSemanticBits\c3prv2\codebase\projects\core\lib\jakarta-oro-2.0.8.jar;C:\eclipse\WorkspaceSemanticBits\c3prv2\codebase\projects\core\lib\jstl.jar;C:\eclipse\WorkspaceSemanticBits\c3prv2\codebase\projects\core\lib\jta.jar;C:\eclipse\WorkspaceSemanticBits\c3prv2\codebase\projects\core\lib\mail-1.3.2.jar;C:\eclipse\WorkspaceSemanticBits\c3prv2\codebase\projects\core\lib\northwestern-core-commons.jar;C:\eclipse\WorkspaceSemanticBits\c3prv2\codebase\projects\core\lib\ojdbc14.jar;C:\eclipse\WorkspaceSemanticBits\c3prv2\codebase\projects\core\lib\postgresql-8.1-407.jdbc3.jar;C:\eclipse\WorkspaceSemanticBits\c3prv2\codebase\projects\core\lib\standard.jar;C:\eclipse\WorkspaceSemanticBits\c3prv2\codebase\projects\core\lib\xbean-spring-2.7.jar;C:\eclipse\WorkspaceSemanticBits\c3prv2\codebase\projects\core\ext\lib\acegi-csm-0.3.jar;C:\eclipse\WorkspaceSemanticBits\c3prv2\codebase\projects\core\ext\lib\acegi-csm-0.5.jar;C:\eclipse\WorkspaceSemanticBits\c3prv2\codebase\projects\core\ext\lib\acegi-security-1.0.3.jar;C:\eclipse\WorkspaceSemanticBits\c3prv2\codebase\projects\core\ext\lib\acegi-security-cas-1.0.3.jar;C:\eclipse\WorkspaceSemanticBits\c3prv2\codebase\projects\core\ext\lib\acegi-security-tiger-1.0.3.jar;C:\eclipse\WorkspaceSemanticBits\c3prv2\codebase\projects\core\ext\lib\activeio-core-3.0-beta4.jar;C:\eclipse\WorkspaceSemanticBits\c3prv2\codebase\projects\core\ext\lib\activemq-core-4.0.2.jar;C:\eclipse\WorkspaceSemanticBits\c3prv2\codebase\projects\core\ext\lib\addressing-1.0.jar;C:\eclipse\WorkspaceSemanticBits\c3prv2\codebase\projects\core\ext\lib\ant-contrib.jar;C:\eclipse\WorkspaceSemanticBits\c3prv2\codebase\projects\core\ext\lib\antlr-2.7.6.jar;C:\eclipse\WorkspaceSemanticBits\c3prv2\codebase\projects\core\ext\lib\aopalliance.jar;C:\eclipse\WorkspaceSemanticBits\c3prv2\codebase\projects\core\ext\lib\asm-2.2.3.jar;C:\eclipse\WorkspaceSemanticBits\c3prv2\codebase\projects\core\ext\lib\asm-commons-2.2.3.jar;C:\eclipse\WorkspaceSemanticBits\c3prv2\codebase\projects\core\ext\lib\asm-util-2.2.3.jar;C:\eclipse\WorkspaceSemanticBits\c3prv2\codebase\projects\core\ext\lib\aspectjrt-1.5.3.jar;C:\eclipse\WorkspaceSemanticBits\c3prv2\codebase\projects\core\ext\lib\aspectjweaver-1.5.3.jar;C:\eclipse\WorkspaceSemanticBits\c3prv2\codebase\projects\core\ext\lib\axis-url.jar;C:\eclipse\WorkspaceSemanticBits\c3prv2\codebase\projects\core\ext\lib\axis.jar;C:\eclipse\WorkspaceSemanticBits\c3prv2\codebase\projects\core\ext\lib\backport-util-concurrent-2.1.jar;C:\eclipse\WorkspaceSemanticBits\c3prv2\codebase\projects\core\ext\lib\bootstrap.jar;C:\eclipse\WorkspaceSemanticBits\c3prv2\codebase\projects\core\ext\lib\c3p0-0.8.5.2.jar;C:\eclipse\WorkspaceSemanticBits\c3prv2\codebase\projects\core\ext\lib\c3pr-2.0-esb-client-1.0.jar;C:\eclipse\WorkspaceSemanticBits\c3prv2\codebase\projects\core\ext\lib\caGrid-1.1-ServiceSecurityProvider-client.jar;C:\eclipse\WorkspaceSemanticBits\c3prv2\codebase\projects\core\ext\lib\caGrid-1.1-ServiceSecurityProvider-common.jar;C:\eclipse\WorkspaceSemanticBits\c3prv2\codebase\projects\core\ext\lib\caGrid-1.1-ServiceSecurityProvider-stubs.jar;C:\eclipse\WorkspaceSemanticBits\c3prv2\codebase\projects\core\ext\lib\caGrid-1.1-authentication-service-client.jar;C:\eclipse\WorkspaceSemanticBits\c3prv2\codebase\projects\core\ext\lib\caGrid-1.1-authentication-service-common.jar;C:\eclipse\WorkspaceSemanticBits\c3prv2\codebase\projects\core\ext\lib\caGrid-1.1-authentication-service-stubs.jar;C:\eclipse\WorkspaceSemanticBits\c3prv2\codebase\projects\core\ext\lib\caGrid-1.1-dorian-client.jar;C:\eclipse\WorkspaceSemanticBits\c3prv2\codebase\projects\core\ext\lib\caGrid-1.1-dorian-common.jar;C:\eclipse\WorkspaceSemanticBits\c3prv2\codebase\projects\core\ext\lib\caGrid-1.1-dorian-stubs.jar;C:\eclipse\WorkspaceSemanticBits\c3prv2\codebase\projects\core\ext\lib\caGrid-1.1-metadata-security.jar;C:\eclipse\WorkspaceSemanticBits\c3prv2\codebase\projects\core\ext\lib\caGrid-1.1-opensaml-1.1.jar;C:\eclipse\WorkspaceSemanticBits\c3prv2\codebase\projects\core\ext\lib\cglib-nodep-2.1_3.jar;C:\eclipse\WorkspaceSemanticBits\c3prv2\codebase\projects\core\ext\lib\client.jar;C:\eclipse\WorkspaceSemanticBits\c3prv2\codebase\projects\core\ext\lib\clm-3.2.1-ctms00.jar;C:\eclipse\WorkspaceSemanticBits\c3prv2\codebase\projects\core\ext\lib\clm.jar;C:\eclipse\WorkspaceSemanticBits\c3prv2\codebase\projects\core\ext\lib\cog-axis.jar;C:\eclipse\WorkspaceSemanticBits\c3prv2\codebase\projects\core\ext\lib\cog-jglobus.jar;C:\eclipse\WorkspaceSemanticBits\c3prv2\codebase\projects\core\ext\lib\cog-tomcat.jar;C:\eclipse\WorkspaceSemanticBits\c3prv2\codebase\projects\core\ext\lib\cog-url.jar;C:\eclipse\WorkspaceSemanticBits\c3prv2\codebase\projects\core\ext\lib\collections-generic-4.01.jar;C:\eclipse\WorkspaceSemanticBits\c3prv2\codebase\projects\core\ext\lib\commonj.jar;C:\eclipse\WorkspaceSemanticBits\c3prv2\codebase\projects\core\ext\lib\commons-cli-2.0.jar;C:\eclipse\WorkspaceSemanticBits\c3prv2\codebase\projects\core\ext\lib\commons-collections-3.1.jar;C:\eclipse\WorkspaceSemanticBits\c3prv2\codebase\projects\core\ext\lib\commons-digester.jar;C:\eclipse\WorkspaceSemanticBits\c3prv2\codebase\projects\core\ext\lib\commons-discovery.jar;C:\eclipse\WorkspaceSemanticBits\c3prv2\codebase\projects\core\ext\lib\commons-io-1.3.1.jar;C:\eclipse\WorkspaceSemanticBits\c3prv2\codebase\projects\core\ext\lib\commons-logging.jar;C:\eclipse\WorkspaceSemanticBits\c3prv2\codebase\projects\core\ext\lib\commons-pool-1.2.jar;C:\eclipse\WorkspaceSemanticBits\c3prv2\codebase\projects\core\ext\lib\concurrent.jar;C:\eclipse\WorkspaceSemanticBits\c3prv2\codebase\projects\core\ext\lib\cryptix-asn1.jar;C:\eclipse\WorkspaceSemanticBits\c3prv2\codebase\projects\core\ext\lib\cryptix.jar;C:\eclipse\WorkspaceSemanticBits\c3prv2\codebase\projects\core\ext\lib\cryptix32.jar;C:\eclipse\WorkspaceSemanticBits\c3prv2\codebase\projects\core\ext\lib\csmapi-3.2.1-ctms00.jar;C:\eclipse\WorkspaceSemanticBits\c3prv2\codebase\projects\core\ext\lib\ctms-commons-base-0.5-SNAPSHOT.jar;C:\eclipse\WorkspaceSemanticBits\c3prv2\codebase\projects\core\ext\lib\ctms-commons-base-0.5.jar;C:\eclipse\WorkspaceSemanticBits\c3prv2\codebase\projects\core\ext\lib\ctms-commons-core-0.5-SNAPSHOT.jar;C:\eclipse\WorkspaceSemanticBits\c3prv2\codebase\projects\core\ext\lib\ctms-commons-core-0.5.jar;C:\eclipse\WorkspaceSemanticBits\c3prv2\codebase\projects\core\ext\lib\ctms-commons-laf-0.5-SNAPSHOT.jar;C:\eclipse\WorkspaceSemanticBits\c3prv2\codebase\projects\core\ext\lib\ctms-commons-lang-0.5-SNAPSHOT.jar;C:\eclipse\WorkspaceSemanticBits\c3prv2\codebase\projects\core\ext\lib\ctms-commons-lang-0.5.jar;C:\eclipse\WorkspaceSemanticBits\c3prv2\codebase\projects\core\ext\lib\ctms-commons-web-0.5-SNAPSHOT.jar;C:\eclipse\WorkspaceSemanticBits\c3prv2\codebase\projects\core\ext\lib\ctms-commons-web-0.5.jar;C:\eclipse\WorkspaceSemanticBits\c3prv2\codebase\projects\core\ext\lib\dom4j-1.6.1.jar;C:\eclipse\WorkspaceSemanticBits\c3prv2\codebase\projects\core\ext\lib\ehcache-1.2.3.jar;C:\eclipse\WorkspaceSemanticBits\c3prv2\codebase\projects\core\ext\lib\globus_wsrf_mds_aggregator.jar;C:\eclipse\WorkspaceSemanticBits\c3prv2\codebase\projects\core\ext\lib\globus_wsrf_mds_aggregator_stubs.jar;C:\eclipse\WorkspaceSemanticBits\c3prv2\codebase\projects\core\ext\lib\globus_wsrf_servicegroup.jar;C:\eclipse\WorkspaceSemanticBits\c3prv2\codebase\projects\core\ext\lib\globus_wsrf_servicegroup_stubs.jar;C:\eclipse\WorkspaceSemanticBits\c3prv2\codebase\projects\core\ext\lib\grid-security-plugin-1.0.jar;C:\eclipse\WorkspaceSemanticBits\c3prv2\codebase\projects\core\ext\lib\handle.jar;C:\eclipse\WorkspaceSemanticBits\c3prv2\codebase\projects\core\ext\lib\handlerservice.jar;C:\eclipse\WorkspaceSemanticBits\c3prv2\codebase\projects\core\ext\lib\hibernate-annotations.jar;C:\eclipse\WorkspaceSemanticBits\c3prv2\codebase\projects\core\ext\lib\hibernate3.2.1.jar;C:\eclipse\WorkspaceSemanticBits\c3prv2\codebase\projects\core\ext\lib\jaxen-core.jar;C:\eclipse\WorkspaceSemanticBits\c3prv2\codebase\projects\core\ext\lib\jaxen-jdom.jar;C:\eclipse\WorkspaceSemanticBits\c3prv2\codebase\projects\core\ext\lib\jaxrpc.jar;C:\eclipse\WorkspaceSemanticBits\c3prv2\codebase\projects\core\ext\lib\jboss-j2ee-4.0.5.jar;C:\eclipse\WorkspaceSemanticBits\c3prv2\codebase\projects\core\ext\lib\jboss-jsr77.jar;C:\eclipse\WorkspaceSemanticBits\c3prv2\codebase\projects\core\ext\lib\jce-jdk13-125.jar;C:\eclipse\WorkspaceSemanticBits\c3prv2\codebase\projects\core\ext\lib\jdom.jar;C:\eclipse\WorkspaceSemanticBits\c3prv2\codebase\projects\core\ext\lib\jgss.jar;C:\eclipse\WorkspaceSemanticBits\c3prv2\codebase\projects\core\ext\lib\log4j-1.2.13.jar;C:\eclipse\WorkspaceSemanticBits\c3prv2\codebase\projects\core\ext\lib\mobius_common_client-1.1.jar;C:\eclipse\WorkspaceSemanticBits\c3prv2\codebase\projects\core\ext\lib\mobius_factories-1.1.jar;C:\eclipse\WorkspaceSemanticBits\c3prv2\codebase\projects\core\ext\lib\mobius_gme_client-1.1.jar;C:\eclipse\WorkspaceSemanticBits\c3prv2\codebase\projects\core\ext\lib\mobius_mako_client-1.1.jar;C:\eclipse\WorkspaceSemanticBits\c3prv2\codebase\projects\core\ext\lib\mobius_tools-1.1.jar;C:\eclipse\WorkspaceSemanticBits\c3prv2\codebase\projects\core\ext\lib\naming-java.jar;C:\eclipse\WorkspaceSemanticBits\c3prv2\codebase\projects\core\ext\lib\puretls.jar;C:\eclipse\WorkspaceSemanticBits\c3prv2\codebase\projects\core\ext\lib\saaj.jar;C:\eclipse\WorkspaceSemanticBits\c3prv2\codebase\projects\core\ext\lib\saxpath.jar;C:\eclipse\WorkspaceSemanticBits\c3prv2\codebase\projects\core\ext\lib\spring-aspects.jar;C:\eclipse\WorkspaceSemanticBits\c3prv2\codebase\projects\core\ext\lib\spring.jar;C:\eclipse\WorkspaceSemanticBits\c3prv2\codebase\projects\core\ext\lib\wsdl4j.jar;C:\eclipse\WorkspaceSemanticBits\c3prv2\codebase\projects\core\ext\lib\wsrf_core.jar;C:\eclipse\WorkspaceSemanticBits\c3prv2\codebase\projects\core\ext\lib\wsrf_core_stubs.jar;C:\eclipse\WorkspaceSemanticBits\c3prv2\codebase\projects\core\ext\lib\wss4j.jar;C:\eclipse\WorkspaceSemanticBits\c3prv2\codebase\projects\core\ext\lib\xerces-2.6.2.jar;C:\eclipse\WorkspaceSemanticBits\c3prv2\codebase\projects\core\ext\lib\xerces.jar;C:\eclipse\WorkspaceSemanticBits\c3prv2\codebase\projects\core\ext\lib\xercesImpl.jar;C:\eclipse\WorkspaceSemanticBits\c3prv2\codebase\projects\core\ext\lib\xmlsec.jar;C:\eclipse\WorkspaceSemanticBits\c3prv2\codebase\projects\core\ext\compile\lib\c3pr-management-1.0.jar;C:\eclipse\WorkspaceSemanticBits\c3prv2\codebase\projects\core\build\jars\c3pr-2.0-core-1.0.jar;C:\eclipse\WorkspaceSemanticBits\c3prv2\codebase\projects\core\build\jars\c3pr-2.0-core-tests-1.0.jar;C:\eclipse\WorkspaceSemanticBits\c3prv2\codebase\projects\core\test\lib\catrip-test-report-1.0.jar;C:\eclipse\WorkspaceSemanticBits\c3prv2\codebase\projects\core\test\lib\core-commons-testing.jar;C:\eclipse\WorkspaceSemanticBits\c3prv2\codebase\projects\core\test\lib\dbunit-2.1.jar;C:\eclipse\WorkspaceSemanticBits\c3prv2\codebase\projects\core\test\lib\easymock.jar;C:\eclipse\WorkspaceSemanticBits\c3prv2\codebase\projects\core\test\lib\easymockclassextension.jar;C:\eclipse\WorkspaceSemanticBits\c3prv2\codebase\projects\core\test\lib\hsqldb.jar;C:\eclipse\WorkspaceSemanticBits\c3prv2\codebase\projects\core\test\lib\servlet-api.jar;C:\eclipse\WorkspaceSemanticBits\c3prv2\codebase\projects\core\ext\test\lib\junit-3.8.1.jar;C:\eclipse\WorkspaceSemanticBits\c3prv2\codebase\projects\core\ext\test\lib\spring-mock.jar;C:\eclipse\WorkspaceSemanticBits\c3prv2\codebase\share\cobertura-1.8\cobertura.jar;C:\eclipse\WorkspaceSemanticBits\c3prv2\codebase\share\cobertura-1.8\lib\asm-2.2.1.jar;C:\eclipse\WorkspaceSemanticBits\c3prv2\codebase\share\cobertura-1.8\lib\jakarta-oro-2.0.8.jar;C:\eclipse\WorkspaceSemanticBits\c3prv2\codebase\share\cobertura-1.8\lib\log4j-1.2.9.jar;C:\apache-ant-1.7.0\lib\ant-launcher.jar;C:\apache-ant-1.7.0\lib\ant.jar;C:\apache-ant-1.7.0\lib\ant-junit.jar" />
    <property name="env.HOMEPATH" value="\Users\Vinay" />
    <property name="oracle.csm.db.scripts.dir" value="C:\eclipse\WorkspaceSemanticBits\c3prv2\codebase\projects\core/db/oracle/csm" />
    <property name="ant.library.dir" value="C:\apache-ant-1.7.0\lib" />
    <property name="os.arch" value="x86" />
    <property name="testcoverage.datafile" value="C:\eclipse\WorkspaceSemanticBits\c3prv2\codebase\projects\core\test\logs\queryengine.ser" />
    <property name="env.PLATFORM" value="MCD" />
    <property name="env.SESSIONNAME" value="Console" />
    <property name="sun.java.launcher" value="SUN_STANDARD" />
    <property name="classes.dir" value="C:\eclipse\WorkspaceSemanticBits\c3prv2\codebase\projects\core/build/classes" />
    <property name="env.CommonProgramFiles" value="C:\Program Files\Common Files" />
    <property name="env.ProgramFiles" value="C:\Program Files" />
    <property name="java.vm.specification.vendor" value="Sun Microsystems Inc." />
    <property name="ant.file.c3pr-2.0-utilities" value="C:\eclipse\WorkspaceSemanticBits\c3prv2\codebase\antfiles\build-utilities.xml" />
    <property name="file.separator" value="\" />
    <property name="env.ANT_CMD_LINE_ARGS" value="test" />
    <property name="java.runtime.version" value="1.5.0_12-b04" />
    <property name="project.jarfile" value="C:\eclipse\WorkspaceSemanticBits\c3prv2\codebase\projects\core/build/jars/c3pr-2.0-core-1.0.jar" />
    <property name="sun.boot.class.path" value="C:\Program Files\Java\jdk1.5.0_12\jre\lib\rt.jar;C:\Program Files\Java\jdk1.5.0_12\jre\lib\i18n.jar;C:\Program Files\Java\jdk1.5.0_12\jre\lib\sunrsasign.jar;C:\Program Files\Java\jdk1.5.0_12\jre\lib\jsse.jar;C:\Program Files\Java\jdk1.5.0_12\jre\lib\jce.jar;C:\Program Files\Java\jdk1.5.0_12\jre\lib\charsets.jar;C:\Program Files\Java\jdk1.5.0_12\jre\classes" />
    <property name="env.ComSpec" value="C:\Windows\system32\cmd.exe" />
    <property name="env.TEMP" value="C:\Users\Vinay\AppData\Local\Temp" />
    <property name="user.country" value="US" />
    <property name="env.ANT_HOME" value="C:\apache-ant-1.7.0" />
    <property name="java.vendor" value="Sun Microsystems Inc." />
    <property name="c3pr.properties.file" value="c3pr.properties" />
    <property name="env.CATALINA_HOME" value="C:\Tomcat 5.5" />
    <property name="java.specification.version" value="1.5" />
    <property name="sun.arch.data.model" value="32" />
  </properties>
  <testcase classname="edu.duke.cabig.c3pr.xml.CCTSRegistrationMessageTest" name="testSerialization" time="8.297" />
  <system-out><![CDATA[2007-11-07 13:58:09,970 INFO  org.springframework.context.support.ClassPathXmlApplicationContext : Refreshing org.springframework.context.support.ClassPathXmlApplicationContext@1fa1bb6: display name [org.springframework.context.support.ClassPathXmlApplicationContext@1fa1bb6]; startup date [Wed Nov 07 13:58:09 EST 2007]; root of context hierarchy
2007-11-07 13:58:10,057 INFO  org.springframework.beans.factory.xml.XmlBeanDefinitionReader : Loading XML bean definitions from URL [jar:file:/C:/eclipse/WorkspaceSemanticBits/c3prv2/codebase/projects/core/build/jars/c3pr-2.0-core-1.0.jar!/edu/duke/cabig/c3pr/applicationContext-core.xml]
2007-11-07 13:58:10,665 INFO  org.springframework.beans.factory.xml.XmlBeanDefinitionReader : Loading XML bean definitions from URL [jar:file:/C:/eclipse/WorkspaceSemanticBits/c3prv2/codebase/projects/core/build/jars/c3pr-2.0-core-1.0.jar!/edu/duke/cabig/c3pr/applicationContext-core-db.xml]
2007-11-07 13:58:10,723 INFO  org.springframework.beans.factory.xml.XmlBeanDefinitionReader : Loading XML bean definitions from URL [jar:file:/C:/eclipse/WorkspaceSemanticBits/c3prv2/codebase/projects/core/build/jars/c3pr-2.0-core-1.0.jar!/edu/duke/cabig/c3pr/applicationContext-csm.xml]
2007-11-07 13:58:10,802 INFO  org.springframework.context.support.ClassPathXmlApplicationContext : Bean factory for application context [org.springframework.context.support.ClassPathXmlApplicationContext@1fa1bb6]: org.springframework.beans.factory.support.DefaultListableBeanFactory@1b6101e
2007-11-07 13:58:10,981 INFO  org.springframework.beans.factory.config.PropertyPlaceholderConfigurer : Loading properties file from class path resource [context/c3pr.properties]
2007-11-07 13:58:10,982 INFO  org.springframework.beans.factory.config.PropertyPlaceholderConfigurer : Loading properties file from URL [file:C:/Users/Vinay/.c3pr/c3pr.properties]
2007-11-07 13:58:10,985 WARN  org.springframework.beans.factory.config.PropertyPlaceholderConfigurer : Could not load properties from URL [file:C:/Users/Vinay/.c3pr/c3pr.properties]: C:\Users\Vinay\.c3pr\c3pr.properties (The system cannot find the path specified)
2007-11-07 13:58:10,985 INFO  org.springframework.beans.factory.config.PropertyPlaceholderConfigurer : Loading properties file from URL [file:C:/Tomcat 5.5/conf/c3pr.properties]
2007-11-07 13:58:10,986 WARN  org.springframework.beans.factory.config.PropertyPlaceholderConfigurer : Could not load properties from URL [file:C:/Tomcat 5.5/conf/c3pr.properties]: C:\Tomcat 5.5\conf\c3pr.properties (The system cannot find the file specified)
2007-11-07 13:58:11,028 INFO  org.springframework.context.support.ClassPathXmlApplicationContext : Bean 'org.springframework.aop.config.internalAutoProxyCreator' is not eligible for getting processed by all BeanPostProcessors (for example: not eligible for auto-proxying)
2007-11-07 13:58:11,036 INFO  org.springframework.context.support.ClassPathXmlApplicationContext : Bean 'org.springframework.beans.factory.annotation.RequiredAnnotationBeanPostProcessor' is not eligible for getting processed by all BeanPostProcessors (for example: not eligible for auto-proxying)
2007-11-07 13:58:11,152 INFO  org.springframework.context.support.ClassPathXmlApplicationContext : Bean 'dataSource' is not eligible for getting processed by all BeanPostProcessors (for example: not eligible for auto-proxying)
2007-11-07 13:58:11,160 INFO  org.springframework.context.support.ClassPathXmlApplicationContext : Bean 'org.hibernate.cfg.ImprovedNamingStrategy#1e808ca' is not eligible for getting processed by all BeanPostProcessors (for example: not eligible for auto-proxying)
2007-11-07 13:58:11,176 INFO  org.springframework.context.support.ClassPathXmlApplicationContext : Bean 'gridIdentifierCreator' is not eligible for getting processed by all BeanPostProcessors (for example: not eligible for auto-proxying)
2007-11-07 13:58:11,176 INFO  org.springframework.context.support.ClassPathXmlApplicationContext : Bean 'gridIdentifierInterceptor' is not eligible for getting processed by all BeanPostProcessors (for example: not eligible for auto-proxying)
2007-11-07 13:58:11,181 INFO  org.springframework.context.support.ClassPathXmlApplicationContext : Bean 'chainedInterceptor' is not eligible for getting processed by all BeanPostProcessors (for example: not eligible for auto-proxying)
2007-11-07 13:58:11,198 INFO  org.springframework.context.support.ClassPathXmlApplicationContext : Bean 'hibernateProperties' is not eligible for getting processed by all BeanPostProcessors (for example: not eligible for auto-proxying)
2007-11-07 13:58:11,200 INFO  org.springframework.context.support.ClassPathXmlApplicationContext : Bean 'hibernateProperties' is not eligible for getting processed by all BeanPostProcessors (for example: not eligible for auto-proxying)
2007-11-07 13:58:11,260 INFO  org.hibernate.cfg.annotations.Version : Hibernate Annotations 3.2.0.CR2
2007-11-07 13:58:11,276 INFO  org.hibernate.cfg.Environment : Hibernate 3.2.1
2007-11-07 13:58:11,281 INFO  org.hibernate.cfg.Environment : hibernate.properties not found
2007-11-07 13:58:11,284 INFO  org.hibernate.cfg.Environment : Bytecode provider name : cglib
2007-11-07 13:58:11,289 INFO  org.hibernate.cfg.Environment : using JDK 1.4 java.sql.Timestamp handling
2007-11-07 13:58:11,425 INFO  org.springframework.orm.hibernate3.annotation.AnnotationSessionFactoryBean : Building new Hibernate SessionFactory
2007-11-07 13:58:11,568 INFO  org.hibernate.cfg.AnnotationBinder : Binding entity from annotated class: edu.duke.cabig.c3pr.domain.Study
2007-11-07 13:58:11,615 INFO  org.hibernate.cfg.annotations.EntityBinder : Bind entity edu.duke.cabig.c3pr.domain.Study on table studies
2007-11-07 13:58:11,780 INFO  org.hibernate.cfg.AnnotationBinder : Binding entity from annotated class: edu.duke.cabig.c3pr.domain.Epoch
2007-11-07 13:58:11,782 INFO  org.hibernate.cfg.annotations.EntityBinder : Bind entity edu.duke.cabig.c3pr.domain.Epoch on table epochs
2007-11-07 13:58:11,884 INFO  org.hibernate.cfg.AnnotationBinder : Binding entity from annotated class: edu.duke.cabig.c3pr.domain.NonTreatmentEpoch
2007-11-07 13:58:11,913 INFO  org.hibernate.cfg.AnnotationBinder : Binding entity from annotated class: edu.duke.cabig.c3pr.domain.TreatmentEpoch
2007-11-07 13:58:11,939 INFO  org.hibernate.cfg.AnnotationBinder : Binding entity from annotated class: edu.duke.cabig.c3pr.domain.Arm
2007-11-07 13:58:11,939 INFO  org.hibernate.cfg.annotations.EntityBinder : Bind entity edu.duke.cabig.c3pr.domain.Arm on table arms
2007-11-07 13:58:11,947 INFO  org.hibernate.cfg.AnnotationBinder : Binding entity from annotated class: edu.duke.cabig.c3pr.domain.StudyOrganization
2007-11-07 13:58:11,949 INFO  org.hibernate.cfg.annotations.EntityBinder : Bind entity edu.duke.cabig.c3pr.domain.StudyOrganization on table study_organizations
2007-11-07 13:58:12,024 INFO  org.hibernate.cfg.AnnotationBinder : Binding entity from annotated class: edu.duke.cabig.c3pr.domain.StudySite
2007-11-07 13:58:12,032 INFO  org.hibernate.cfg.AnnotationBinder : Binding entity from annotated class: edu.duke.cabig.c3pr.domain.StudyCoordinatingCenter
2007-11-07 13:58:12,034 INFO  org.hibernate.cfg.AnnotationBinder : Binding entity from annotated class: edu.duke.cabig.c3pr.domain.StudyFundingSponsor
2007-11-07 13:58:12,035 INFO  org.hibernate.cfg.AnnotationBinder : Binding entity from annotated class: edu.duke.cabig.c3pr.domain.HealthcareSite
2007-11-07 13:58:12,035 INFO  org.hibernate.cfg.annotations.EntityBinder : Bind entity edu.duke.cabig.c3pr.domain.HealthcareSite on table organizations
2007-11-07 13:58:12,051 INFO  org.hibernate.cfg.AnnotationBinder : Binding entity from annotated class: edu.duke.cabig.c3pr.domain.Address
2007-11-07 13:58:12,052 INFO  org.hibernate.cfg.annotations.EntityBinder : Bind entity edu.duke.cabig.c3pr.domain.Address on table addresses
2007-11-07 13:58:12,059 INFO  org.hibernate.cfg.AnnotationBinder : Binding entity from annotated class: edu.duke.cabig.c3pr.domain.StudySubject
2007-11-07 13:58:12,062 INFO  org.hibernate.cfg.annotations.EntityBinder : Bind entity edu.duke.cabig.c3pr.domain.StudySubject on table study_subjects
2007-11-07 13:58:12,089 INFO  org.hibernate.cfg.AnnotationBinder : Binding entity from annotated class: edu.duke.cabig.c3pr.domain.StudyInvestigator
2007-11-07 13:58:12,090 INFO  org.hibernate.cfg.annotations.EntityBinder : Bind entity edu.duke.cabig.c3pr.domain.StudyInvestigator on table study_investigators
2007-11-07 13:58:12,100 INFO  org.hibernate.cfg.AnnotationBinder : Binding entity from annotated class: edu.duke.cabig.c3pr.domain.HealthcareSiteInvestigator
2007-11-07 13:58:12,100 INFO  org.hibernate.cfg.annotations.EntityBinder : Bind entity edu.duke.cabig.c3pr.domain.HealthcareSiteInvestigator on table hc_site_investigators
2007-11-07 13:58:12,110 INFO  org.hibernate.cfg.AnnotationBinder : Binding entity from annotated class: edu.duke.cabig.c3pr.domain.StudyPersonnel
2007-11-07 13:58:12,110 INFO  org.hibernate.cfg.annotations.EntityBinder : Bind entity edu.duke.cabig.c3pr.domain.StudyPersonnel on table study_personnel
2007-11-07 13:58:12,121 INFO  org.hibernate.cfg.AnnotationBinder : Binding entity from annotated class: edu.duke.cabig.c3pr.domain.Participant
2007-11-07 13:58:12,123 INFO  org.hibernate.cfg.annotations.EntityBinder : Bind entity edu.duke.cabig.c3pr.domain.Participant on table participants
2007-11-07 13:58:12,142 INFO  org.hibernate.cfg.AnnotationBinder : Binding entity from annotated class: edu.duke.cabig.c3pr.domain.ResearchStaff
2007-11-07 13:58:12,144 INFO  org.hibernate.cfg.annotations.EntityBinder : Bind entity edu.duke.cabig.c3pr.domain.ResearchStaff on table research_staff
2007-11-07 13:58:12,163 INFO  org.hibernate.cfg.AnnotationBinder : Binding entity from annotated class: edu.duke.cabig.c3pr.domain.Investigator
2007-11-07 13:58:12,163 INFO  org.hibernate.cfg.annotations.EntityBinder : Bind entity edu.duke.cabig.c3pr.domain.Investigator on table investigators
2007-11-07 13:58:12,193 INFO  org.hibernate.cfg.AnnotationBinder : Binding entity from annotated class: edu.duke.cabig.c3pr.domain.ScheduledArm
2007-11-07 13:58:12,194 INFO  org.hibernate.cfg.annotations.EntityBinder : Bind entity edu.duke.cabig.c3pr.domain.ScheduledArm on table scheduled_arms
2007-11-07 13:58:12,201 INFO  org.hibernate.cfg.AnnotationBinder : Binding entity from annotated class: edu.duke.cabig.c3pr.domain.Identifier
2007-11-07 13:58:12,202 INFO  org.hibernate.cfg.annotations.EntityBinder : Bind entity edu.duke.cabig.c3pr.domain.Identifier on table identifiers
2007-11-07 13:58:12,207 INFO  org.hibernate.cfg.AnnotationBinder : Binding entity from annotated class: edu.duke.cabig.c3pr.domain.SystemAssignedIdentifier
2007-11-07 13:58:12,208 INFO  org.hibernate.cfg.AnnotationBinder : Binding entity from annotated class: edu.duke.cabig.c3pr.domain.OrganizationAssignedIdentifier
2007-11-07 13:58:12,210 INFO  org.hibernate.cfg.AnnotationBinder : Binding entity from annotated class: edu.duke.cabig.c3pr.domain.EligibilityCriteria
2007-11-07 13:58:12,210 INFO  org.hibernate.cfg.annotations.EntityBinder : Bind entity edu.duke.cabig.c3pr.domain.EligibilityCriteria on table eligibility_criteria
2007-11-07 13:58:12,216 INFO  org.hibernate.cfg.AnnotationBinder : Binding entity from annotated class: edu.duke.cabig.c3pr.domain.SubjectEligibilityAnswer
2007-11-07 13:58:12,217 INFO  org.hibernate.cfg.annotations.EntityBinder : Bind entity edu.duke.cabig.c3pr.domain.SubjectEligibilityAnswer on table subject_eligibility_ans
2007-11-07 13:58:12,222 INFO  org.hibernate.cfg.AnnotationBinder : Binding entity from annotated class: edu.duke.cabig.c3pr.domain.InclusionEligibilityCriteria
2007-11-07 13:58:12,223 INFO  org.hibernate.cfg.AnnotationBinder : Binding entity from annotated class: edu.duke.cabig.c3pr.domain.ExclusionEligibilityCriteria
2007-11-07 13:58:12,225 INFO  org.hibernate.cfg.AnnotationBinder : Binding entity from annotated class: edu.duke.cabig.c3pr.domain.StudyDisease
2007-11-07 13:58:12,225 INFO  org.hibernate.cfg.annotations.EntityBinder : Bind entity edu.duke.cabig.c3pr.domain.StudyDisease on table study_diseases
2007-11-07 13:58:12,231 INFO  org.hibernate.cfg.AnnotationBinder : Binding entity from annotated class: edu.duke.cabig.c3pr.domain.DiseaseCategory
2007-11-07 13:58:12,231 INFO  org.hibernate.cfg.annotations.EntityBinder : Bind entity edu.duke.cabig.c3pr.domain.DiseaseCategory on table disease_categories
2007-11-07 13:58:12,238 INFO  org.hibernate.cfg.AnnotationBinder : Binding entity from annotated class: edu.duke.cabig.c3pr.domain.DiseaseTerm
2007-11-07 13:58:12,238 INFO  org.hibernate.cfg.annotations.EntityBinder : Bind entity edu.duke.cabig.c3pr.domain.DiseaseTerm on table disease_terms
2007-11-07 13:58:12,245 INFO  org.hibernate.cfg.AnnotationBinder : Binding entity from annotated class: edu.duke.cabig.c3pr.domain.StratificationCriterion
2007-11-07 13:58:12,247 INFO  org.hibernate.cfg.annotations.EntityBinder : Bind entity edu.duke.cabig.c3pr.domain.StratificationCriterion on table strat_criteria
2007-11-07 13:58:12,252 INFO  org.hibernate.cfg.AnnotationBinder : Binding entity from annotated class: edu.duke.cabig.c3pr.domain.StratificationCriterionPermissibleAnswer
2007-11-07 13:58:12,253 INFO  org.hibernate.cfg.annotations.EntityBinder : Bind entity edu.duke.cabig.c3pr.domain.StratificationCriterionPermissibleAnswer on table strat_cri_per_ans
2007-11-07 13:58:12,257 INFO  org.hibernate.cfg.AnnotationBinder : Binding entity from annotated class: edu.duke.cabig.c3pr.domain.SubjectStratificationAnswer
2007-11-07 13:58:12,258 INFO  org.hibernate.cfg.annotations.EntityBinder : Bind entity edu.duke.cabig.c3pr.domain.SubjectStratificationAnswer on table subject_strat_ans
2007-11-07 13:58:12,266 INFO  org.hibernate.cfg.AnnotationBinder : Binding entity from annotated class: edu.duke.cabig.c3pr.domain.AnatomicSite
2007-11-07 13:58:12,266 INFO  org.hibernate.cfg.annotations.EntityBinder : Bind entity edu.duke.cabig.c3pr.domain.AnatomicSite on table anatomic_sites
2007-11-07 13:58:12,275 INFO  org.hibernate.cfg.AnnotationBinder : Binding entity from annotated class: edu.duke.cabig.c3pr.domain.DiseaseHistory
2007-11-07 13:58:12,276 INFO  org.hibernate.cfg.annotations.EntityBinder : Bind entity edu.duke.cabig.c3pr.domain.DiseaseHistory on table disease_history
2007-11-07 13:58:12,282 INFO  org.hibernate.cfg.AnnotationBinder : Binding entity from annotated class: edu.duke.cabig.c3pr.domain.ContactMechanism
2007-11-07 13:58:12,282 INFO  org.hibernate.cfg.annotations.EntityBinder : Bind entity edu.duke.cabig.c3pr.domain.ContactMechanism on table contact_mechanisms
2007-11-07 13:58:12,287 INFO  org.hibernate.cfg.AnnotationBinder : Binding entity from annotated class: edu.duke.cabig.c3pr.domain.ScheduledEpoch
2007-11-07 13:58:12,289 INFO  org.hibernate.cfg.annotations.EntityBinder : Bind entity edu.duke.cabig.c3pr.domain.ScheduledEpoch on table scheduled_epochs
2007-11-07 13:58:12,297 INFO  org.hibernate.cfg.AnnotationBinder : Binding entity from annotated class: edu.duke.cabig.c3pr.domain.ScheduledTreatmentEpoch
2007-11-07 13:58:12,306 INFO  org.hibernate.cfg.AnnotationBinder : Binding entity from annotated class: edu.duke.cabig.c3pr.domain.ScheduledNonTreatmentEpoch
2007-11-07 13:58:12,307 INFO  org.hibernate.cfg.AnnotationBinder : Binding entity from annotated class: edu.duke.cabig.c3pr.domain.StratumGroup
2007-11-07 13:58:12,309 INFO  org.hibernate.cfg.annotations.EntityBinder : Bind entity edu.duke.cabig.c3pr.domain.StratumGroup on table stratum_groups
2007-11-07 13:58:12,316 INFO  org.hibernate.cfg.AnnotationBinder : Binding entity from annotated class: edu.duke.cabig.c3pr.domain.BookRandomizationEntry
2007-11-07 13:58:12,317 INFO  org.hibernate.cfg.annotations.EntityBinder : Bind entity edu.duke.cabig.c3pr.domain.BookRandomizationEntry on table book_rndm_entry
2007-11-07 13:58:12,325 INFO  org.hibernate.cfg.AnnotationBinder : Binding entity from annotated class: edu.duke.cabig.c3pr.domain.Randomization
2007-11-07 13:58:12,326 INFO  org.hibernate.cfg.annotations.EntityBinder : Bind entity edu.duke.cabig.c3pr.domain.Randomization on table randomizations
2007-11-07 13:58:12,328 INFO  org.hibernate.cfg.AnnotationBinder : Binding entity from annotated class: edu.duke.cabig.c3pr.domain.BookRandomization
2007-11-07 13:58:12,332 INFO  org.hibernate.cfg.AnnotationBinder : Binding entity from annotated class: edu.duke.cabig.c3pr.domain.CalloutRandomization
2007-11-07 13:58:12,333 INFO  org.hibernate.cfg.AnnotationBinder : Binding entity from annotated class: edu.duke.cabig.c3pr.domain.PhonecallRandomization
2007-11-07 13:58:12,335 INFO  org.hibernate.cfg.AnnotationBinder : Binding entity from annotated class: edu.duke.cabig.c3pr.domain.StratificationCriterionAnswerCombination
2007-11-07 13:58:12,335 INFO  org.hibernate.cfg.annotations.EntityBinder : Bind entity edu.duke.cabig.c3pr.domain.StratificationCriterionAnswerCombination on table strat_cri_ans_cmb
2007-11-07 13:58:12,339 INFO  org.hibernate.cfg.AnnotationBinder : Binding entity from annotated class: edu.duke.cabig.c3pr.domain.StudyAmendment
2007-11-07 13:58:12,340 INFO  org.hibernate.cfg.annotations.EntityBinder : Bind entity edu.duke.cabig.c3pr.domain.StudyAmendment on table study_amendments
2007-11-07 13:58:12,366 INFO  org.hibernate.cfg.annotations.CollectionBinder : Mapping collection: edu.duke.cabig.c3pr.domain.BookRandomization.bookRandomizationEntryInternal -> book_rndm_entry
2007-11-07 13:58:12,368 INFO  org.hibernate.cfg.annotations.CollectionBinder : Mapping collection: edu.duke.cabig.c3pr.domain.StratumGroup.stratificationCriterionAnswerCombinationInternal -> strat_cri_ans_cmb
2007-11-07 13:58:12,368 INFO  org.hibernate.cfg.annotations.CollectionBinder : Mapping collection: edu.duke.cabig.c3pr.domain.ScheduledTreatmentEpoch.scheduledArmsInternal -> scheduled_arms
2007-11-07 13:58:12,368 INFO  org.hibernate.cfg.annotations.CollectionBinder : Mapping collection: edu.duke.cabig.c3pr.domain.ScheduledTreatmentEpoch.subjectStratificationAnswersInternal -> subject_strat_ans
2007-11-07 13:58:12,369 INFO  org.hibernate.cfg.annotations.CollectionBinder : Mapping collection: edu.duke.cabig.c3pr.domain.ScheduledTreatmentEpoch.subjectEligibilityAnswersInternal -> subject_eligibility_ans
2007-11-07 13:58:12,370 INFO  org.hibernate.cfg.annotations.CollectionBinder : Mapping collection: edu.duke.cabig.c3pr.domain.StratificationCriterion.permissibleAnswersInternal -> strat_cri_per_ans
2007-11-07 13:58:12,370 INFO  org.hibernate.cfg.annotations.CollectionBinder : Mapping collection: edu.duke.cabig.c3pr.domain.Investigator.contactMechanisms -> contact_mechanisms
2007-11-07 13:58:12,371 INFO  org.hibernate.cfg.annotations.CollectionBinder : Mapping collection: edu.duke.cabig.c3pr.domain.ResearchStaff.contactMechanisms -> contact_mechanisms
2007-11-07 13:58:12,374 INFO  org.hibernate.cfg.annotations.CollectionBinder : Mapping collection: edu.duke.cabig.c3pr.domain.Participant.contactMechanisms -> contact_mechanisms
2007-11-07 13:58:12,374 INFO  org.hibernate.cfg.annotations.CollectionBinder : Mapping collection: edu.duke.cabig.c3pr.domain.Participant.identifiers -> identifiers
2007-11-07 13:58:12,375 INFO  org.hibernate.cfg.annotations.CollectionBinder : Mapping collection: edu.duke.cabig.c3pr.domain.StudySubject.scheduledEpochs -> scheduled_epochs
2007-11-07 13:58:12,379 INFO  org.hibernate.cfg.annotations.CollectionBinder : Mapping collection: edu.duke.cabig.c3pr.domain.StudySubject.identifiers -> identifiers
2007-11-07 13:58:12,379 INFO  org.hibernate.cfg.annotations.CollectionBinder : Mapping collection: edu.duke.cabig.c3pr.domain.TreatmentEpoch.stratumGroupsInternal -> stratum_groups
2007-11-07 13:58:12,380 INFO  org.hibernate.cfg.annotations.CollectionBinder : Mapping collection: edu.duke.cabig.c3pr.domain.TreatmentEpoch.inclusionEligibilityCriteriaInternal -> eligibility_criteria
2007-11-07 13:58:12,383 INFO  org.hibernate.cfg.annotations.CollectionBinder : Mapping collection: edu.duke.cabig.c3pr.domain.TreatmentEpoch.stratificationCriteriaInternal -> strat_criteria
2007-11-07 13:58:12,385 INFO  org.hibernate.cfg.annotations.CollectionBinder : Mapping collection: edu.duke.cabig.c3pr.domain.TreatmentEpoch.exclusionEligibilityCriteriaInternal -> eligibility_criteria
2007-11-07 13:58:12,386 INFO  org.hibernate.cfg.annotations.CollectionBinder : Mapping collection: edu.duke.cabig.c3pr.domain.TreatmentEpoch.eligibilityCriteriaInternal -> eligibility_criteria
2007-11-07 13:58:12,388 INFO  org.hibernate.cfg.annotations.CollectionBinder : Mapping collection: edu.duke.cabig.c3pr.domain.TreatmentEpoch.armsInternal -> arms
2007-11-07 13:58:12,389 INFO  org.hibernate.cfg.annotations.CollectionBinder : Mapping collection: edu.duke.cabig.c3pr.domain.Study.studyAmendmentsInternal -> study_amendments
2007-11-07 13:58:12,390 INFO  org.hibernate.cfg.annotations.CollectionBinder : Mapping collection: edu.duke.cabig.c3pr.domain.Study.identifiers -> identifiers
2007-11-07 13:58:12,391 INFO  org.hibernate.cfg.annotations.CollectionBinder : Mapping collection: edu.duke.cabig.c3pr.domain.Study.studyOrganizations -> study_organizations
2007-11-07 13:58:12,395 INFO  org.hibernate.cfg.annotations.CollectionBinder : Mapping collection: edu.duke.cabig.c3pr.domain.Study.epochs -> epochs
2007-11-07 13:58:12,395 INFO  org.hibernate.cfg.annotations.CollectionBinder : Mapping collection: edu.duke.cabig.c3pr.domain.Study.studyDiseases -> study_diseases
2007-11-07 13:58:12,395 INFO  org.hibernate.cfg.annotations.CollectionBinder : Mapping collection: edu.duke.cabig.c3pr.domain.StudyOrganization.studyInvestigatorsInternal -> study_investigators
2007-11-07 13:58:12,396 INFO  org.hibernate.cfg.annotations.CollectionBinder : Mapping collection: edu.duke.cabig.c3pr.domain.StudyOrganization.studyPersonnelInternal -> study_personnel
2007-11-07 13:58:12,399 INFO  org.hibernate.cfg.annotations.CollectionBinder : Mapping collection: edu.duke.cabig.c3pr.domain.StudySite.studySubjects -> study_subjects
2007-11-07 13:58:12,399 INFO  org.hibernate.cfg.annotations.CollectionBinder : Mapping collection: edu.duke.cabig.c3pr.domain.HealthcareSite.identifiers -> identifiers
2007-11-07 13:58:12,400 INFO  org.hibernate.cfg.annotations.CollectionBinder : Mapping collection: edu.duke.cabig.c3pr.domain.HealthcareSite.studyOrganizations -> study_organizations
2007-11-07 13:58:12,404 INFO  org.hibernate.cfg.annotations.CollectionBinder : Mapping collection: edu.duke.cabig.c3pr.domain.HealthcareSite.healthcareSiteInvestigators -> hc_site_investigators
2007-11-07 13:58:12,405 INFO  org.hibernate.cfg.annotations.CollectionBinder : Mapping collection: edu.duke.cabig.c3pr.domain.HealthcareSite.researchStaffs -> research_staff
2007-11-07 13:58:12,405 INFO  org.hibernate.cfg.annotations.CollectionBinder : Mapping collection: edu.duke.cabig.c3pr.domain.HealthcareSiteInvestigator.studyInvestigators -> study_investigators
2007-11-07 13:58:12,408 INFO  org.hibernate.cfg.annotations.CollectionBinder : Mapping collection: edu.duke.cabig.c3pr.domain.Participant.studySubjects -> study_subjects
2007-11-07 13:58:12,409 INFO  org.hibernate.cfg.annotations.CollectionBinder : Mapping collection: edu.duke.cabig.c3pr.domain.ResearchStaff.studyPersonnels -> study_personnel
2007-11-07 13:58:12,409 INFO  org.hibernate.cfg.annotations.CollectionBinder : Mapping collection: edu.duke.cabig.c3pr.domain.Investigator.healthcareSiteInvestigatorsInternal -> hc_site_investigators
2007-11-07 13:58:12,415 INFO  org.hibernate.cfg.annotations.CollectionBinder : Mapping collection: edu.duke.cabig.c3pr.domain.DiseaseCategory.terms -> disease_terms
2007-11-07 13:58:12,416 INFO  org.hibernate.cfg.annotations.CollectionBinder : Mapping collection: edu.duke.cabig.c3pr.domain.DiseaseCategory.childCategories -> disease_categories
2007-11-07 13:58:12,417 INFO  org.hibernate.cfg.annotations.CollectionBinder : Mapping collection: edu.duke.cabig.c3pr.domain.StratumGroup.bookRandomizationEntryInternal -> book_rndm_entry
2007-11-07 13:58:12,730 INFO  org.hibernate.connection.ConnectionProviderFactory : Initializing connection provider: org.springframework.orm.hibernate3.LocalDataSourceConnectionProvider
AbandonedObjectPool is used (org.apache.commons.dbcp.AbandonedObjectPool@1b48392)
   LogAbandoned: true
   RemoveAbandoned: true
   RemoveAbandonedTimeout: 300
2007-11-07 13:58:12,935 INFO  org.hibernate.cfg.SettingsFactory : RDBMS: PostgreSQL, version: 8.2.4
2007-11-07 13:58:12,937 INFO  org.hibernate.cfg.SettingsFactory : JDBC driver: PostgreSQL Native Driver, version: PostgreSQL 8.1 JDBC3 with SSL (build 407)
2007-11-07 13:58:12,962 INFO  org.hibernate.dialect.Dialect : Using dialect: org.hibernate.dialect.PostgreSQLDialect
2007-11-07 13:58:12,969 INFO  org.hibernate.transaction.TransactionFactoryFactory : Using default transaction strategy (direct JDBC transactions)
2007-11-07 13:58:12,972 INFO  org.hibernate.transaction.TransactionManagerLookupFactory : No TransactionManagerLookup configured (in JTA environment, use of read-write or transactional second-level cache is not recommended)
2007-11-07 13:58:12,972 INFO  org.hibernate.cfg.SettingsFactory : Automatic flush during beforeCompletion(): disabled
2007-11-07 13:58:12,973 INFO  org.hibernate.cfg.SettingsFactory : Automatic session close at end of transaction: disabled
2007-11-07 13:58:12,973 INFO  org.hibernate.cfg.SettingsFactory : JDBC batch size: 30
2007-11-07 13:58:12,973 INFO  org.hibernate.cfg.SettingsFactory : JDBC batch updates for versioned data: disabled
2007-11-07 13:58:12,974 INFO  org.hibernate.cfg.SettingsFactory : Scrollable result sets: enabled
2007-11-07 13:58:12,974 INFO  org.hibernate.cfg.SettingsFactory : JDBC3 getGeneratedKeys(): disabled
2007-11-07 13:58:12,974 INFO  org.hibernate.cfg.SettingsFactory : Connection release mode: on_close
2007-11-07 13:58:12,974 INFO  org.hibernate.cfg.SettingsFactory : Default batch fetch size: 1
2007-11-07 13:58:12,974 INFO  org.hibernate.cfg.SettingsFactory : Generate SQL with comments: disabled
2007-11-07 13:58:12,974 INFO  org.hibernate.cfg.SettingsFactory : Order SQL updates by primary key: disabled
2007-11-07 13:58:12,975 INFO  org.hibernate.cfg.SettingsFactory : Query translator: org.hibernate.hql.ast.ASTQueryTranslatorFactory
2007-11-07 13:58:12,984 INFO  org.hibernate.hql.ast.ASTQueryTranslatorFactory : Using ASTQueryTranslatorFactory
2007-11-07 13:58:12,984 INFO  org.hibernate.cfg.SettingsFactory : Query language substitutions: {no='N', true=1, yes='Y', false=0}
2007-11-07 13:58:12,984 INFO  org.hibernate.cfg.SettingsFactory : JPA-QL strict compliance: disabled
2007-11-07 13:58:12,984 INFO  org.hibernate.cfg.SettingsFactory : Second-level cache: enabled
2007-11-07 13:58:12,984 INFO  org.hibernate.cfg.SettingsFactory : Query cache: disabled
2007-11-07 13:58:12,986 INFO  org.hibernate.cfg.SettingsFactory : Cache provider: org.hibernate.cache.NoCacheProvider
2007-11-07 13:58:12,987 INFO  org.hibernate.cfg.SettingsFactory : Optimize cache for minimal puts: disabled
2007-11-07 13:58:12,987 INFO  org.hibernate.cfg.SettingsFactory : Structured second-level cache entries: disabled
2007-11-07 13:58:12,996 INFO  org.hibernate.cfg.SettingsFactory : Echoing all SQL to stdout
2007-11-07 13:58:12,997 INFO  org.hibernate.cfg.SettingsFactory : Statistics: disabled
2007-11-07 13:58:12,997 INFO  org.hibernate.cfg.SettingsFactory : Deleted entity synthetic identifier rollback: disabled
2007-11-07 13:58:12,997 INFO  org.hibernate.cfg.SettingsFactory : Default entity-mode: pojo
2007-11-07 13:58:13,035 INFO  org.hibernate.impl.SessionFactoryImpl : building session factory
2007-11-07 13:58:14,396 INFO  org.hibernate.impl.SessionFactoryObjectFactory : Not binding factory to JNDI, no JNDI name configured
2007-11-07 13:58:14,425 INFO  org.springframework.context.support.ClassPathXmlApplicationContext : Bean 'sessionFactory' is not eligible for getting processed by all BeanPostProcessors (for example: not eligible for auto-proxying)
2007-11-07 13:58:14,428 INFO  org.springframework.context.support.ClassPathXmlApplicationContext : Bean 'sessionFactory' is not eligible for getting processed by all BeanPostProcessors (for example: not eligible for auto-proxying)
2007-11-07 13:58:14,443 INFO  org.springframework.orm.hibernate3.HibernateTransactionManager : Using DataSource [org.apache.commons.dbcp.BasicDataSource@15151aa] of Hibernate SessionFactory for HibernateTransactionManager
2007-11-07 13:58:14,443 INFO  org.springframework.context.support.ClassPathXmlApplicationContext : Bean 'transactionManager' is not eligible for getting processed by all BeanPostProcessors (for example: not eligible for auto-proxying)
2007-11-07 13:58:14,453 INFO  org.springframework.context.support.ClassPathXmlApplicationContext : Bean '(inner bean)' is not eligible for getting processed by all BeanPostProcessors (for example: not eligible for auto-proxying)
2007-11-07 13:58:14,454 INFO  org.springframework.context.support.ClassPathXmlApplicationContext : Bean '(inner bean)' is not eligible for getting processed by all BeanPostProcessors (for example: not eligible for auto-proxying)
2007-11-07 13:58:14,455 INFO  org.springframework.context.support.ClassPathXmlApplicationContext : Bean 'org.springframework.transaction.interceptor.TransactionAttributeSourceAdvisor' is not eligible for getting processed by all BeanPostProcessors (for example: not eligible for auto-proxying)
2007-11-07 13:58:14,475 INFO  org.springframework.beans.factory.support.DefaultListableBeanFactory : Pre-instantiating singletons in org.springframework.beans.factory.support.DefaultListableBeanFactory@1b6101e: defining beans [transactionManager,c3prPropertyConfigurer,org.springframework.beans.factory.annotation.RequiredAnnotationBeanPostProcessor,sessionFactory,auditOpenSessionInViewInterceptor,auditSessionFactory,chainedInterceptor,auditInterceptor,dataAuditRepository,gridIdentifierInterceptor,hibernateTemplate,daoTemplate,openSessionInViewInterceptor,gridIdentifierCreator,studyValidator,studySiteValidator,epochValidator,armValidator,identifierValidator,participantValidator,org.springframework.aop.config.internalAutoProxyCreator,org.springframework.transaction.interceptor.TransactionAttributeSourceAdvisor,studyDao,studySubjectDao,studySiteDao,epochDao,scheduledEpochDao,armDao,participantDao,healthcareSiteDao,healthcareSiteInvestigatorDao,studyPersonnelDao,researchStaffDao,investigatorDao,diseaseCategoryDao,diseaseTermDao,studyInvestigatorDao,StratificationCriterionDao,anatomicSiteDao,organizationDao,stratificationAnswerDao,stratumGroupDao,studyService,participantService,studySubjectService,studyXMLImporterService,personnelService,organizationService,sitePrivilegeAndObjectIdGenerator,mailSender,confirmationEmailer,accountCreatedTemplateMessage,xmlUtility,xmlParser,c3prErrorMessages,multsiteErrorMessageSource,exceptionHelper,dataSourceTemplate,dataSource,hibernateProperties,auditHibernateProperties,csmApplicationContextName,ACCESS_PRIVILEGE,authorizationSwitch,booleanFromString,csmAuthorizationDao,csmUserProvisioningManager,csmAuthenticationManager]; root of factory hierarchy
2007-11-07 13:58:14,500 INFO  org.springframework.orm.hibernate3.annotation.AnnotationSessionFactoryBean : Building new Hibernate SessionFactory
2007-11-07 13:58:14,501 INFO  org.hibernate.cfg.AnnotationBinder : Binding entity from annotated class: gov.nih.nci.cabig.ctms.audit.domain.DataAuditEventValue
2007-11-07 13:58:14,501 INFO  org.hibernate.cfg.annotations.EntityBinder : Bind entity gov.nih.nci.cabig.ctms.audit.domain.DataAuditEventValue on table audit_event_values
2007-11-07 13:58:14,511 INFO  org.hibernate.cfg.AnnotationBinder : Binding entity from annotated class: gov.nih.nci.cabig.ctms.audit.domain.DataAuditEvent
2007-11-07 13:58:14,513 INFO  org.hibernate.cfg.annotations.EntityBinder : Bind entity gov.nih.nci.cabig.ctms.audit.domain.DataAuditEvent on table audit_events
2007-11-07 13:58:14,545 INFO  org.hibernate.cfg.annotations.CollectionBinder : Mapping collection: gov.nih.nci.cabig.ctms.audit.domain.DataAuditEvent.values -> audit_event_values
2007-11-07 13:58:14,566 INFO  org.hibernate.connection.ConnectionProviderFactory : Initializing connection provider: org.springframework.orm.hibernate3.LocalDataSourceConnectionProvider
2007-11-07 13:58:14,567 INFO  org.hibernate.cfg.SettingsFactory : RDBMS: PostgreSQL, version: 8.2.4
2007-11-07 13:58:14,567 INFO  org.hibernate.cfg.SettingsFactory : JDBC driver: PostgreSQL Native Driver, version: PostgreSQL 8.1 JDBC3 with SSL (build 407)
2007-11-07 13:58:14,568 INFO  org.hibernate.dialect.Dialect : Using dialect: edu.duke.cabig.c3pr.hibernate.ImprovedPostgreSQLDialect
2007-11-07 13:58:14,569 INFO  org.hibernate.transaction.TransactionFactoryFactory : Using default transaction strategy (direct JDBC transactions)
2007-11-07 13:58:14,569 INFO  org.hibernate.transaction.TransactionManagerLookupFactory : No TransactionManagerLookup configured (in JTA environment, use of read-write or transactional second-level cache is not recommended)
2007-11-07 13:58:14,569 INFO  org.hibernate.cfg.SettingsFactory : Automatic flush during beforeCompletion(): disabled
2007-11-07 13:58:14,569 INFO  org.hibernate.cfg.SettingsFactory : Automatic session close at end of transaction: disabled
2007-11-07 13:58:14,570 INFO  org.hibernate.cfg.SettingsFactory : JDBC batch size: 30
2007-11-07 13:58:14,571 INFO  org.hibernate.cfg.SettingsFactory : JDBC batch updates for versioned data: disabled
2007-11-07 13:58:14,571 INFO  org.hibernate.cfg.SettingsFactory : Scrollable result sets: enabled
2007-11-07 13:58:14,571 INFO  org.hibernate.cfg.SettingsFactory : JDBC3 getGeneratedKeys(): disabled
2007-11-07 13:58:14,571 INFO  org.hibernate.cfg.SettingsFactory : Connection release mode: on_close
2007-11-07 13:58:14,571 INFO  org.hibernate.cfg.SettingsFactory : Default batch fetch size: 1
2007-11-07 13:58:14,576 INFO  org.hibernate.cfg.SettingsFactory : Generate SQL with comments: disabled
2007-11-07 13:58:14,576 INFO  org.hibernate.cfg.SettingsFactory : Order SQL updates by primary key: disabled
2007-11-07 13:58:14,576 INFO  org.hibernate.cfg.SettingsFactory : Query translator: org.hibernate.hql.ast.ASTQueryTranslatorFactory
2007-11-07 13:58:14,576 INFO  org.hibernate.hql.ast.ASTQueryTranslatorFactory : Using ASTQueryTranslatorFactory
2007-11-07 13:58:14,576 INFO  org.hibernate.cfg.SettingsFactory : Query language substitutions: {no='N', true=1, yes='Y', false=0}
2007-11-07 13:58:14,581 INFO  org.hibernate.cfg.SettingsFactory : JPA-QL strict compliance: disabled
2007-11-07 13:58:14,581 INFO  org.hibernate.cfg.SettingsFactory : Second-level cache: enabled
2007-11-07 13:58:14,581 INFO  org.hibernate.cfg.SettingsFactory : Query cache: disabled
2007-11-07 13:58:14,581 INFO  org.hibernate.cfg.SettingsFactory : Cache provider: org.hibernate.cache.NoCacheProvider
2007-11-07 13:58:14,581 INFO  org.hibernate.cfg.SettingsFactory : Optimize cache for minimal puts: disabled
2007-11-07 13:58:14,587 INFO  org.hibernate.cfg.SettingsFactory : Structured second-level cache entries: disabled
2007-11-07 13:58:14,587 INFO  org.hibernate.cfg.SettingsFactory : Statistics: disabled
2007-11-07 13:58:14,587 INFO  org.hibernate.cfg.SettingsFactory : Deleted entity synthetic identifier rollback: disabled
2007-11-07 13:58:14,587 INFO  org.hibernate.cfg.SettingsFactory : Default entity-mode: pojo
2007-11-07 13:58:14,596 INFO  org.hibernate.impl.SessionFactoryImpl : building session factory
2007-11-07 13:58:14,630 INFO  org.hibernate.impl.SessionFactoryObjectFactory : Not binding factory to JNDI, no JNDI name configured
2007-11-07 13:58:14,834 WARN  org.springframework.aop.framework.Cglib2AopProxy : Unable to proxy method [public final void org.springframework.orm.hibernate3.support.HibernateDaoSupport.setSessionFactory(org.hibernate.SessionFactory)] because it is final: All calls to this method via a proxy will be routed directly to the proxy.
2007-11-07 13:58:14,834 WARN  org.springframework.aop.framework.Cglib2AopProxy : Unable to proxy method [public final org.hibernate.SessionFactory org.springframework.orm.hibernate3.support.HibernateDaoSupport.getSessionFactory()] because it is final: All calls to this method via a proxy will be routed directly to the proxy.
2007-11-07 13:58:14,834 WARN  org.springframework.aop.framework.Cglib2AopProxy : Unable to proxy method [public final void org.springframework.orm.hibernate3.support.HibernateDaoSupport.setHibernateTemplate(org.springframework.orm.hibernate3.HibernateTemplate)] because it is final: All calls to this method via a proxy will be routed directly to the proxy.
2007-11-07 13:58:14,838 WARN  org.springframework.aop.framework.Cglib2AopProxy : Unable to proxy method [public final org.springframework.orm.hibernate3.HibernateTemplate org.springframework.orm.hibernate3.support.HibernateDaoSupport.getHibernateTemplate()] because it is final: All calls to this method via a proxy will be routed directly to the proxy.
2007-11-07 13:58:14,838 WARN  org.springframework.aop.framework.Cglib2AopProxy : Unable to proxy method [public final void org.springframework.dao.support.DaoSupport.afterPropertiesSet() throws java.lang.IllegalArgumentException,org.springframework.beans.factory.BeanInitializationException] because it is final: All calls to this method via a proxy will be routed directly to the proxy.
2007-11-07 13:58:15,743 INFO  org.hibernate.cfg.HbmBinder : Mapping class: gov.nih.nci.security.authorization.domainobjects.Privilege -> CSM_PRIVILEGE
2007-11-07 13:58:15,791 INFO  org.hibernate.cfg.HbmBinder : Mapping class: gov.nih.nci.security.authorization.domainobjects.Application -> CSM_APPLICATION
2007-11-07 13:58:15,830 INFO  org.hibernate.cfg.HbmBinder : Mapping class: gov.nih.nci.security.authorization.domainobjects.Role -> CSM_ROLE
2007-11-07 13:58:15,832 INFO  org.hibernate.cfg.HbmBinder : Mapping collection: gov.nih.nci.security.authorization.domainobjects.Role.privileges -> CSM_ROLE_PRIVILEGE
2007-11-07 13:58:15,859 INFO  org.hibernate.cfg.HbmBinder : Mapping class: gov.nih.nci.security.dao.hibernate.RolePrivilege -> CSM_ROLE_PRIVILEGE
2007-11-07 13:58:15,876 INFO  org.hibernate.cfg.HbmBinder : Mapping class: gov.nih.nci.security.dao.hibernate.UserGroup -> CSM_USER_GROUP
2007-11-07 13:58:15,897 INFO  org.hibernate.cfg.HbmBinder : Mapping class: gov.nih.nci.security.dao.hibernate.ProtectionGroupProtectionElement -> CSM_PG_PE
2007-11-07 13:58:15,910 INFO  org.hibernate.cfg.HbmBinder : Mapping class: gov.nih.nci.security.authorization.domainobjects.Group -> CSM_GROUP
2007-11-07 13:58:15,911 INFO  org.hibernate.cfg.HbmBinder : Mapping collection: gov.nih.nci.security.authorization.domainobjects.Group.users -> CSM_USER_GROUP
2007-11-07 13:58:15,943 INFO  org.hibernate.cfg.HbmBinder : Mapping class: gov.nih.nci.security.authorization.domainobjects.User -> CSM_USER
2007-11-07 13:58:15,945 INFO  org.hibernate.cfg.HbmBinder : Mapping collection: gov.nih.nci.security.authorization.domainobjects.User.groups -> CSM_USER_GROUP
2007-11-07 13:58:15,963 INFO  org.hibernate.cfg.HbmBinder : Mapping class: gov.nih.nci.security.authorization.domainobjects.ProtectionGroup -> CSM_PROTECTION_GROUP
2007-11-07 13:58:15,964 INFO  org.hibernate.cfg.HbmBinder : Mapping collection: gov.nih.nci.security.authorization.domainobjects.ProtectionGroup.protectionElements -> CSM_PG_PE
2007-11-07 13:58:15,986 INFO  org.hibernate.cfg.HbmBinder : Mapping class: gov.nih.nci.security.authorization.domainobjects.ProtectionElement -> CSM_PROTECTION_ELEMENT
2007-11-07 13:58:15,987 INFO  org.hibernate.cfg.HbmBinder : Mapping collection: gov.nih.nci.security.authorization.domainobjects.ProtectionElement.protectionGroups -> CSM_PG_PE
2007-11-07 13:58:15,988 INFO  org.hibernate.cfg.HbmBinder : Mapping collection: gov.nih.nci.security.authorization.domainobjects.ProtectionElement.owners -> CSM_USER_PE
2007-11-07 13:58:16,003 INFO  org.hibernate.cfg.HbmBinder : Mapping class: gov.nih.nci.security.authorization.domainobjects.UserGroupRoleProtectionGroup -> CSM_USER_GROUP_ROLE_PG
2007-11-07 13:58:16,017 INFO  org.hibernate.cfg.HbmBinder : Mapping class: gov.nih.nci.security.authorization.domainobjects.UserProtectionElement -> CSM_USER_PE
2007-11-07 13:58:16,018 INFO  org.springframework.orm.hibernate3.LocalSessionFactoryBean : Building new Hibernate SessionFactory
2007-11-07 13:58:16,022 INFO  org.hibernate.connection.ConnectionProviderFactory : Initializing connection provider: org.springframework.orm.hibernate3.LocalDataSourceConnectionProvider
2007-11-07 13:58:16,023 INFO  org.hibernate.cfg.SettingsFactory : RDBMS: PostgreSQL, version: 8.2.4
2007-11-07 13:58:16,023 INFO  org.hibernate.cfg.SettingsFactory : JDBC driver: PostgreSQL Native Driver, version: PostgreSQL 8.1 JDBC3 with SSL (build 407)
2007-11-07 13:58:16,023 INFO  org.hibernate.dialect.Dialect : Using dialect: org.hibernate.dialect.PostgreSQLDialect
2007-11-07 13:58:16,024 INFO  org.hibernate.transaction.TransactionFactoryFactory : Using default transaction strategy (direct JDBC transactions)
2007-11-07 13:58:16,024 INFO  org.hibernate.transaction.TransactionManagerLookupFactory : No TransactionManagerLookup configured (in JTA environment, use of read-write or transactional second-level cache is not recommended)
2007-11-07 13:58:16,024 INFO  org.hibernate.cfg.SettingsFactory : Automatic flush during beforeCompletion(): disabled
2007-11-07 13:58:16,025 INFO  org.hibernate.cfg.SettingsFactory : Automatic session close at end of transaction: disabled
2007-11-07 13:58:16,025 INFO  org.hibernate.cfg.SettingsFactory : JDBC batch size: 30
2007-11-07 13:58:16,025 INFO  org.hibernate.cfg.SettingsFactory : JDBC batch updates for versioned data: disabled
2007-11-07 13:58:16,025 INFO  org.hibernate.cfg.SettingsFactory : Scrollable result sets: enabled
2007-11-07 13:58:16,026 INFO  org.hibernate.cfg.SettingsFactory : JDBC3 getGeneratedKeys(): disabled
2007-11-07 13:58:16,026 INFO  org.hibernate.cfg.SettingsFactory : Connection release mode: on_close
2007-11-07 13:58:16,026 INFO  org.hibernate.cfg.SettingsFactory : Default batch fetch size: 1
2007-11-07 13:58:16,030 INFO  org.hibernate.cfg.SettingsFactory : Generate SQL with comments: disabled
2007-11-07 13:58:16,030 INFO  org.hibernate.cfg.SettingsFactory : Order SQL updates by primary key: disabled
2007-11-07 13:58:16,030 INFO  org.hibernate.cfg.SettingsFactory : Query translator: org.hibernate.hql.ast.ASTQueryTranslatorFactory
2007-11-07 13:58:16,030 INFO  org.hibernate.hql.ast.ASTQueryTranslatorFactory : Using ASTQueryTranslatorFactory
2007-11-07 13:58:16,030 INFO  org.hibernate.cfg.SettingsFactory : Query language substitutions: {no='N', true=1, yes='Y', false=0}
2007-11-07 13:58:16,038 INFO  org.hibernate.cfg.SettingsFactory : JPA-QL strict compliance: disabled
2007-11-07 13:58:16,038 INFO  org.hibernate.cfg.SettingsFactory : Second-level cache: enabled
2007-11-07 13:58:16,038 INFO  org.hibernate.cfg.SettingsFactory : Query cache: disabled
2007-11-07 13:58:16,038 INFO  org.hibernate.cfg.SettingsFactory : Cache provider: org.hibernate.cache.NoCacheProvider
2007-11-07 13:58:16,038 INFO  org.hibernate.cfg.SettingsFactory : Optimize cache for minimal puts: disabled
2007-11-07 13:58:16,042 INFO  org.hibernate.cfg.SettingsFactory : Structured second-level cache entries: disabled
2007-11-07 13:58:16,042 INFO  org.hibernate.cfg.SettingsFactory : Echoing all SQL to stdout
2007-11-07 13:58:16,042 INFO  org.hibernate.cfg.SettingsFactory : Statistics: disabled
2007-11-07 13:58:16,042 INFO  org.hibernate.cfg.SettingsFactory : Deleted entity synthetic identifier rollback: disabled
2007-11-07 13:58:16,042 INFO  org.hibernate.cfg.SettingsFactory : Default entity-mode: pojo
2007-11-07 13:58:16,047 INFO  org.hibernate.impl.SessionFactoryImpl : building session factory
2007-11-07 13:58:16,173 INFO  org.hibernate.impl.SessionFactoryObjectFactory : Not binding factory to JNDI, no JNDI name configured
Hibernate: select applicatio0_.APPLICATION_ID as APPLICAT1_83_, applicatio0_.APPLICATION_NAME as APPLICAT2_83_, applicatio0_.APPLICATION_DESCRIPTION as APPLICAT3_83_, applicatio0_.ACTIVE_FLAG as ACTIVE4_83_, applicatio0_.DECLARATIVE_FLAG as DECLARAT5_83_, applicatio0_.UPDATE_DATE as UPDATE6_83_, applicatio0_.DATABASE_URL as DATABASE7_83_, applicatio0_.DATABASE_USER_NAME as DATABASE8_83_, applicatio0_.DATABASE_PASSWORD as DATABASE9_83_, applicatio0_.DATABASE_DIALECT as DATABASE10_83_, applicatio0_.DATABASE_DRIVER as DATABASE11_83_ from CSM_APPLICATION applicatio0_ where applicatio0_.APPLICATION_NAME='c3pr'
2007-11-07 13:58:17,429 INFO  edu.duke.cabig.c3pr.xml.CCTSRegistrationMessageTest : -- beginning DaoTestCase interceptor session --
Hibernate: select studysubje0_.id as id6_, studysubje0_.version as version6_, studysubje0_.grid_id as grid3_6_, studysubje0_.retired_indicator as retired4_6_, studysubje0_.sto_id as sto17_6_, studysubje0_.prt_id as prt16_6_, studysubje0_.start_date as start5_6_, studysubje0_.reg_data_entry_status as reg6_6_, studysubje0_.informed_consent_version as informed7_6_, studysubje0_.reg_workflow_status as reg8_6_, studysubje0_.stratum_group_number as stratum9_6_, studysubje0_.disease_history_id as disease14_6_, studysubje0_.informed_consent_signed_date as informed10_6_, studysubje0_.sti_id as sti15_6_, studysubje0_.other_treating_physician as other11_6_, studysubje0_.off_study_date as off12_6_, studysubje0_.off_study_reason_text as off13_6_ from study_subjects studysubje0_
Hibernate: select studysite0_.id as id3_3_, studysite0_.version as version3_3_, studysite0_.grid_id as grid4_3_3_, studysite0_.retired_indicator as retired5_3_3_, studysite0_.hcs_id as hcs12_3_3_, studysite0_.study_id as study13_3_3_, studysite0_.site_study_status as site6_3_3_, studysite0_.irb_approval_date as irb7_3_3_, studysite0_.start_date as start8_3_3_, studysite0_.target_accrual_number as target9_3_3_, studysite0_.role_code as role10_3_3_, studysite0_.end_date as end11_3_3_, healthcare1_.id as id4_0_, healthcare1_.version as version4_0_, healthcare1_.grid_id as grid3_4_0_, healthcare1_.retired_indicator as retired4_4_0_, healthcare1_.address_id as address8_4_0_, healthcare1_.name as name4_0_, healthcare1_.description_text as descript6_4_0_, healthcare1_.nci_institute_code as nci7_4_0_, address2_.id as id5_1_, address2_.version as version5_1_, address2_.grid_id as grid3_5_1_, address2_.retired_indicator as retired4_5_1_, address2_.street_address as street5_5_1_, address2_.city as city5_1_, address2_.state_code as state7_5_1_, address2_.postal_code as postal8_5_1_, address2_.country_code as country9_5_1_, study3_.id as id0_2_, study3_.version as version0_2_, study3_.grid_id as grid3_0_2_, study3_.retired_indicator as retired4_0_2_, study3_.type as type0_2_, study3_.short_title_text as short6_0_2_, study3_.randomized_indicator as randomized7_0_2_, study3_.randomization_type as randomiz8_0_2_, study3_.status as status0_2_, study3_.multi_institution_indicator as multi10_0_2_, study3_.description_text as descrip11_0_2_, study3_.long_title_text as long12_0_2_, study3_.phase_code as phase13_0_2_, study3_.precis_text as precis14_0_2_, study3_.target_accrual_number as target15_0_2_, study3_.blinded_indicator as blinded16_0_2_, study3_.data_entry_status as data17_0_2_, study3_.consent_version as consent18_0_2_ from study_organizations studysite0_ inner join organizations healthcare1_ on studysite0_.hcs_id=healthcare1_.id left outer join addresses address2_ on healthcare1_.address_id=address2_.id inner join studies study3_ on studysite0_.study_id=study3_.id where studysite0_.id=? and studysite0_.type='SST'
Hibernate: select participan0_.id as id10_1_, participan0_.version as version10_1_, participan0_.grid_id as grid3_10_1_, participan0_.retired_indicator as retired4_10_1_, participan0_.first_name as first5_10_1_, participan0_.last_name as last6_10_1_, participan0_.add_id as add14_10_1_, participan0_.maiden_name as maiden7_10_1_, participan0_.middle_name as middle8_10_1_, participan0_.birth_date as birth9_10_1_, participan0_.race_code as race10_10_1_, participan0_.administrative_gender_code as adminis11_10_1_, participan0_.ethnic_group_code as ethnic12_10_1_, participan0_.marital_status_code as marital13_10_1_, address1_.id as id5_0_, address1_.version as version5_0_, address1_.grid_id as grid3_5_0_, address1_.retired_indicator as retired4_5_0_, address1_.street_address as street5_5_0_, address1_.city as city5_0_, address1_.state_code as state7_5_0_, address1_.postal_code as postal8_5_0_, address1_.country_code as country9_5_0_ from participants participan0_ left outer join addresses address1_ on participan0_.add_id=address1_.id where participan0_.id=?
Inside getMapping

Hibernate: select identifier0_.stu_id as stu13_3_, identifier0_.id as id3_, identifier0_.id as id14_2_, identifier0_.version as version14_2_, identifier0_.grid_id as grid4_14_2_, identifier0_.retired_indicator as retired5_14_2_, identifier0_.value as value14_2_, identifier0_.type as type14_2_, identifier0_.primary_indicator as primary8_14_2_, identifier0_.system_name as system9_14_2_, identifier0_.hcs_id as hcs10_14_2_, identifier0_.dtype as dtype14_2_, healthcare1_.id as id4_0_, healthcare1_.version as version4_0_, healthcare1_.grid_id as grid3_4_0_, healthcare1_.retired_indicator as retired4_4_0_, healthcare1_.address_id as address8_4_0_, healthcare1_.name as name4_0_, healthcare1_.description_text as descript6_4_0_, healthcare1_.nci_institute_code as nci7_4_0_, address2_.id as id5_1_, address2_.version as version5_1_, address2_.grid_id as grid3_5_1_, address2_.retired_indicator as retired4_5_1_, address2_.street_address as street5_5_1_, address2_.city as city5_1_, address2_.state_code as state7_5_1_, address2_.postal_code as postal8_5_1_, address2_.country_code as country9_5_1_ from identifiers identifier0_ left outer join organizations healthcare1_ on identifier0_.hcs_id=healthcare1_.id left outer join addresses address2_ on healthcare1_.address_id=address2_.id where  ( identifier0_.retired_indicator  = 'false')  and identifier0_.stu_id=? order by identifier0_.id asc
Hibernate: select identifier0_.prt_id as prt11_3_, identifier0_.id as id3_, identifier0_.id as id14_2_, identifier0_.version as version14_2_, identifier0_.grid_id as grid4_14_2_, identifier0_.retired_indicator as retired5_14_2_, identifier0_.value as value14_2_, identifier0_.type as type14_2_, identifier0_.primary_indicator as primary8_14_2_, identifier0_.system_name as system9_14_2_, identifier0_.hcs_id as hcs10_14_2_, identifier0_.dtype as dtype14_2_, healthcare1_.id as id4_0_, healthcare1_.version as version4_0_, healthcare1_.grid_id as grid3_4_0_, healthcare1_.retired_indicator as retired4_4_0_, healthcare1_.address_id as address8_4_0_, healthcare1_.name as name4_0_, healthcare1_.description_text as descript6_4_0_, healthcare1_.nci_institute_code as nci7_4_0_, address2_.id as id5_1_, address2_.version as version5_1_, address2_.grid_id as grid3_5_1_, address2_.retired_indicator as retired4_5_1_, address2_.street_address as street5_5_1_, address2_.city as city5_1_, address2_.state_code as state7_5_1_, address2_.postal_code as postal8_5_1_, address2_.country_code as country9_5_1_ from identifiers identifier0_ left outer join organizations healthcare1_ on identifier0_.hcs_id=healthcare1_.id left outer join addresses address2_ on healthcare1_.address_id=address2_.id where identifier0_.prt_id=? order by identifier0_.id asc
Hibernate: select identifier0_.spa_id as spa12_3_, identifier0_.id as id3_, identifier0_.id as id14_2_, identifier0_.version as version14_2_, identifier0_.grid_id as grid4_14_2_, identifier0_.retired_indicator as retired5_14_2_, identifier0_.value as value14_2_, identifier0_.type as type14_2_, identifier0_.primary_indicator as primary8_14_2_, identifier0_.system_name as system9_14_2_, identifier0_.hcs_id as hcs10_14_2_, identifier0_.dtype as dtype14_2_, healthcare1_.id as id4_0_, healthcare1_.version as version4_0_, healthcare1_.grid_id as grid3_4_0_, healthcare1_.retired_indicator as retired4_4_0_, healthcare1_.address_id as address8_4_0_, healthcare1_.name as name4_0_, healthcare1_.description_text as descript6_4_0_, healthcare1_.nci_institute_code as nci7_4_0_, address2_.id as id5_1_, address2_.version as version5_1_, address2_.grid_id as grid3_5_1_, address2_.retired_indicator as retired4_5_1_, address2_.street_address as street5_5_1_, address2_.city as city5_1_, address2_.state_code as state7_5_1_, address2_.postal_code as postal8_5_1_, address2_.country_code as country9_5_1_ from identifiers identifier0_ left outer join organizations healthcare1_ on identifier0_.hcs_id=healthcare1_.id left outer join addresses address2_ on healthcare1_.address_id=address2_.id where  ( identifier0_.retired_indicator  = 'false')  and identifier0_.spa_id=? order by identifier0_.id asc
Hibernate: select schedulede0_.spa_id as spa13_3_, schedulede0_.id as id3_, schedulede0_.id as id26_2_, schedulede0_.version as version26_2_, schedulede0_.grid_id as grid4_26_2_, schedulede0_.retired_indicator as retired5_26_2_, schedulede0_.eph_id as eph12_26_2_, schedulede0_.start_date as start6_26_2_, schedulede0_.sc_epoch_data_entry_status as sc7_26_2_, schedulede0_.sc_epoch_workflow_status as sc8_26_2_, schedulede0_.disapproval_reason_text as disappro9_26_2_, schedulede0_.eligibility_indicator as eligibi10_26_2_, schedulede0_.eligibility_waiver_reason_text as eligibi11_26_2_, schedulede0_.type as type26_2_, epoch1_.id as id1_0_, epoch1_.version as version1_0_, epoch1_.grid_id as grid4_1_0_, epoch1_.retired_indicator as retired5_1_0_, epoch1_.name as name1_0_, epoch1_.stu_id as stu15_1_0_, epoch1_.description_text as descript7_1_0_, epoch1_.epoch_order as epoch8_1_0_, epoch1_.accrual_ceiling as accrual9_1_0_, epoch1_.enrollment_indicator as enrollment10_1_0_, epoch1_.reservation_indicator as reserva11_1_0_, epoch1_.accrual_indicator as accrual12_1_0_, epoch1_.randomized_indicator as randomized13_1_0_, epoch1_.rndm_id as rndm14_1_0_, epoch1_.type as type1_0_, randomizat2_.id as id29_1_, randomizat2_.version as version29_1_, randomizat2_.grid_id as grid4_29_1_, randomizat2_.retired_indicator as retired5_29_1_, randomizat2_.callout_url as callout6_29_1_, randomizat2_.phone_number as phone7_29_1_, randomizat2_.dtype as dtype29_1_ from scheduled_epochs schedulede0_ left outer join epochs epoch1_ on schedulede0_.eph_id=epoch1_.id left outer join randomizations randomizat2_ on epoch1_.rndm_id=randomizat2_.id where schedulede0_.spa_id=?
Hibernate: select scheduleda0_.sceph_id as sceph10_4_, scheduleda0_.id as id4_, scheduleda0_.id as id13_3_, scheduleda0_.version as version13_3_, scheduleda0_.grid_id as grid3_13_3_, scheduleda0_.retired_indicator as retired4_13_3_, scheduleda0_.start_date as start5_13_3_, scheduleda0_.arm_id as arm9_13_3_, scheduleda0_.eligibility_indicator as eligibil6_13_3_, scheduleda0_.eligibility_waiver_reason_text as eligibil7_13_3_, scheduleda0_.kit_number as kit8_13_3_, arm1_.id as id2_0_, arm1_.version as version2_0_, arm1_.grid_id as grid3_2_0_, arm1_.retired_indicator as retired4_2_0_, arm1_.name as name2_0_, arm1_.description_text as descript6_2_0_, arm1_.target_accrual_number as target7_2_0_, arm1_.eph_id as eph8_2_0_, treatmente2_.id as id1_1_, treatmente2_.version as version1_1_, treatmente2_.grid_id as grid4_1_1_, treatmente2_.retired_indicator as retired5_1_1_, treatmente2_.name as name1_1_, treatmente2_.stu_id as stu15_1_1_, treatmente2_.description_text as descript7_1_1_, treatmente2_.epoch_order as epoch8_1_1_, treatmente2_.randomized_indicator as randomized13_1_1_, treatmente2_.rndm_id as rndm14_1_1_, randomizat3_.id as id29_2_, randomizat3_.version as version29_2_, randomizat3_.grid_id as grid4_29_2_, randomizat3_.retired_indicator as retired5_29_2_, randomizat3_.callout_url as callout6_29_2_, randomizat3_.phone_number as phone7_29_2_, randomizat3_.dtype as dtype29_2_ from scheduled_arms scheduleda0_ left outer join arms arm1_ on scheduleda0_.arm_id=arm1_.id left outer join epochs treatmente2_ on arm1_.eph_id=treatmente2_.id left outer join randomizations randomizat3_ on treatmente2_.rndm_id=randomizat3_.id where scheduleda0_.sceph_id=?
Hibernate: select subjectstr0_.sceph_id as sceph7_3_, subjectstr0_.id as id3_, subjectstr0_.id as id22_2_, subjectstr0_.version as version22_2_, subjectstr0_.grid_id as grid3_22_2_, subjectstr0_.retired_indicator as retired4_22_2_, subjectstr0_.strat_ans_id as strat5_22_2_, subjectstr0_.str_cri_id as str6_22_2_, stratifica1_.id as id21_0_, stratifica1_.version as version21_0_, stratifica1_.grid_id as grid3_21_0_, stratifica1_.retired_indicator as retired4_21_0_, stratifica1_.permissible_answer as permissi5_21_0_, stratifica2_.id as id20_1_, stratifica2_.version as version20_1_, stratifica2_.grid_id as grid3_20_1_, stratifica2_.retired_indicator as retired4_20_1_, stratifica2_.question_number as question5_20_1_, stratifica2_.question_text as question6_20_1_ from subject_strat_ans subjectstr0_ left outer join strat_cri_per_ans stratifica1_ on subjectstr0_.strat_ans_id=stratifica1_.id left outer join strat_criteria stratifica2_ on subjectstr0_.str_cri_id=stratifica2_.id where subjectstr0_.sceph_id=?
2007-11-07 13:58:17,906 WARN  edu.duke.cabig.c3pr.xml.StratumGroupFieldHandler : java.lang.ClassCastException: edu.duke.cabig.c3pr.domain.NonTreatmentEpoch
<?xml version="1.0" encoding="UTF-8"?>
<registration xmlns="gme://c3pr.cabig/2.0/edu.duke.cabig.c3pr.domain"><studySite><healthcareSite><nciInstituteCode>code</nciInstituteCode></healthcareSite><irbApprovalDate>0006-06-23T00:00:00.000-05:00</irbApprovalDate><roleCode>role</roleCode><startDate>0006-06-24T00:00:00.000-05:00</startDate><endDate>0006-06-25T00:00:00.000-05:00</endDate></studySite><studyRef><shortTitleText>short_title_text</shortTitleText><longTitleText>long_title_text</longTitleText><identifier xmlns:xsi="http://www.w3.org/2001/XMLSchema-instance" xsi:type="SystemAssignedIdentifierType"><type>local</type><value>nci</value><primaryIndicator>false</primaryIndicator><systemName>nci</systemName></identifier></studyRef><participant xmlns:ns1="gme://c3pr.cabig/2.0/edu.duke.cabig.c3pr.domain"><ns1:firstName>Rudolph</ns1:firstName><ns1:lastName>Clooney</ns1:lastName><ns1:address><ns1:streetAddress>12359 sunrise valley drive</ns1:streetAddress><ns1:city>Reston</ns1:city><ns1:stateCode>VA</ns1:stateCode><ns1:postalCode>20191</ns1:postalCode><ns1:countryCode>USA</ns1:countryCode></ns1:address><ns1:administrativeGenderCode>M</ns1:administrativeGenderCode><ns1:birthDate>0006-06-23</ns1:birthDate><ns1:raceCode>White</ns1:raceCode></participant><startDate>0006-06-23</startDate><informedConsentFormSignedDate>0006-06-23</informedConsentFormSignedDate><regDataEntryStatus>INCOMPLETE</regDataEntryStatus><regWorkflowStatus>INVALID</regWorkflowStatus><scheduledEpoch xmlns:xsi="http://www.w3.org/2001/XMLSchema-instance" xsi:type="ScheduledTreatmentEpochType"><startDate>0006-06-23</startDate><epoch xsi:type="NonTreatmentEpochType"><name>NonTreatment1005</name><descriptionText>non treatment cancer desc</descriptionText><accrualCeiling>0</accrualCeiling></epoch></scheduledEpoch></registration>
Inside getMapping

Hibernate: select identifier0_.spa_id as spa12_3_, identifier0_.id as id3_, identifier0_.id as id14_2_, identifier0_.version as version14_2_, identifier0_.grid_id as grid4_14_2_, identifier0_.retired_indicator as retired5_14_2_, identifier0_.value as value14_2_, identifier0_.type as type14_2_, identifier0_.primary_indicator as primary8_14_2_, identifier0_.system_name as system9_14_2_, identifier0_.hcs_id as hcs10_14_2_, identifier0_.dtype as dtype14_2_, healthcare1_.id as id4_0_, healthcare1_.version as version4_0_, healthcare1_.grid_id as grid3_4_0_, healthcare1_.retired_indicator as retired4_4_0_, healthcare1_.address_id as address8_4_0_, healthcare1_.name as name4_0_, healthcare1_.description_text as descript6_4_0_, healthcare1_.nci_institute_code as nci7_4_0_, address2_.id as id5_1_, address2_.version as version5_1_, address2_.grid_id as grid3_5_1_, address2_.retired_indicator as retired4_5_1_, address2_.street_address as street5_5_1_, address2_.city as city5_1_, address2_.state_code as state7_5_1_, address2_.postal_code as postal8_5_1_, address2_.country_code as country9_5_1_ from identifiers identifier0_ left outer join organizations healthcare1_ on identifier0_.hcs_id=healthcare1_.id left outer join addresses address2_ on healthcare1_.address_id=address2_.id where  ( identifier0_.retired_indicator  = 'false')  and identifier0_.spa_id=? order by identifier0_.id asc
Hibernate: select schedulede0_.spa_id as spa13_3_, schedulede0_.id as id3_, schedulede0_.id as id26_2_, schedulede0_.version as version26_2_, schedulede0_.grid_id as grid4_26_2_, schedulede0_.retired_indicator as retired5_26_2_, schedulede0_.eph_id as eph12_26_2_, schedulede0_.start_date as start6_26_2_, schedulede0_.sc_epoch_data_entry_status as sc7_26_2_, schedulede0_.sc_epoch_workflow_status as sc8_26_2_, schedulede0_.disapproval_reason_text as disappro9_26_2_, schedulede0_.eligibility_indicator as eligibi10_26_2_, schedulede0_.eligibility_waiver_reason_text as eligibi11_26_2_, schedulede0_.type as type26_2_, epoch1_.id as id1_0_, epoch1_.version as version1_0_, epoch1_.grid_id as grid4_1_0_, epoch1_.retired_indicator as retired5_1_0_, epoch1_.name as name1_0_, epoch1_.stu_id as stu15_1_0_, epoch1_.description_text as descript7_1_0_, epoch1_.epoch_order as epoch8_1_0_, epoch1_.accrual_ceiling as accrual9_1_0_, epoch1_.enrollment_indicator as enrollment10_1_0_, epoch1_.reservation_indicator as reserva11_1_0_, epoch1_.accrual_indicator as accrual12_1_0_, epoch1_.randomized_indicator as randomized13_1_0_, epoch1_.rndm_id as rndm14_1_0_, epoch1_.type as type1_0_, randomizat2_.id as id29_1_, randomizat2_.version as version29_1_, randomizat2_.grid_id as grid4_29_1_, randomizat2_.retired_indicator as retired5_29_1_, randomizat2_.callout_url as callout6_29_1_, randomizat2_.phone_number as phone7_29_1_, randomizat2_.dtype as dtype29_1_ from scheduled_epochs schedulede0_ left outer join epochs epoch1_ on schedulede0_.eph_id=epoch1_.id left outer join randomizations randomizat2_ on epoch1_.rndm_id=randomizat2_.id where schedulede0_.spa_id=?
2007-11-07 13:58:18,016 WARN  edu.duke.cabig.c3pr.xml.StratumGroupFieldHandler : java.lang.NullPointerException
<?xml version="1.0" encoding="UTF-8"?>
<registration xmlns="gme://c3pr.cabig/2.0/edu.duke.cabig.c3pr.domain"><studySite><healthcareSite><nciInstituteCode>code</nciInstituteCode></healthcareSite><irbApprovalDate>0006-06-23T00:00:00.000-05:00</irbApprovalDate><roleCode>role</roleCode><startDate>0006-06-24T00:00:00.000-05:00</startDate><endDate>0006-06-25T00:00:00.000-05:00</endDate></studySite><studyRef><shortTitleText>short_title_text</shortTitleText><longTitleText>long_title_text</longTitleText><identifier xmlns:xsi="http://www.w3.org/2001/XMLSchema-instance" xsi:type="SystemAssignedIdentifierType"><type>local</type><value>nci</value><primaryIndicator>false</primaryIndicator><systemName>nci</systemName></identifier></studyRef><participant xmlns:ns1="gme://c3pr.cabig/2.0/edu.duke.cabig.c3pr.domain"><ns1:firstName>Rudolph</ns1:firstName><ns1:lastName>Clooney</ns1:lastName><ns1:address><ns1:streetAddress>12359 sunrise valley drive</ns1:streetAddress><ns1:city>Reston</ns1:city><ns1:stateCode>VA</ns1:stateCode><ns1:postalCode>20191</ns1:postalCode><ns1:countryCode>USA</ns1:countryCode></ns1:address><ns1:administrativeGenderCode>M</ns1:administrativeGenderCode><ns1:birthDate>0006-06-23</ns1:birthDate><ns1:raceCode>White</ns1:raceCode></participant><startDate>0006-06-23</startDate><informedConsentFormSignedDate>0006-06-23</informedConsentFormSignedDate><regDataEntryStatus>INCOMPLETE</regDataEntryStatus><regWorkflowStatus>INVALID</regWorkflowStatus></registration>
]]></system-out>
  <system-err><![CDATA[]]></system-err>
</testsuite>
