<?xml version="1.0" encoding="UTF-8" ?>
<testsuite errors="0" failures="0" hostname="Vinay-Office-PC" name="edu.duke.cabig.c3pr.service.StudyXMLImporterTestCase" tests="2" time="10.479" timestamp="2007-11-07T18:57:43">
  <properties>
    <property name="file.encoding.pkg" value="sun.io" />
    <property name="env.PROMPT" value="$P$G" />
    <property name="ant.file.c3prv2 custom ant tasks" value="C:\eclipse\WorkspaceSemanticBits\c3prv2\codebase\antfiles\build-ant-tasks.xml" />
    <property name="ant.file.c3pr-2.0-core" value="C:\eclipse\WorkspaceSemanticBits\c3prv2\codebase\projects\core\build.xml" />
    <property name="env.RoxioCentral" value="C:\Program Files\Common Files\Roxio Shared\9.0\Roxio Central33\" />
    <property name="java.home" value="C:\Program Files\Java\jdk1.5.0_12\jre" />
    <property name="test.src.dir" value="C:\eclipse\WorkspaceSemanticBits\c3prv2\codebase\projects\core\test\src" />
    <property name="test.project.jar" value="C:\eclipse\WorkspaceSemanticBits\c3prv2\codebase\projects\core\build\jars\c3pr-2.0-core-tests-1.0.jar" />
    <property name="env.PCBRAND" value="Pavilion" />
    <property name="debug" value="on" />
    <property name="java.endorsed.dirs" value="C:\Program Files\Java\jdk1.5.0_12\jre\lib\endorsed" />
    <property name="env.USERNAME" value="Vinay" />
    <property name="src.dir" value="C:\eclipse\WorkspaceSemanticBits\c3prv2\codebase\projects\core/src" />
    <property name="sun.os.patch.level" value="" />
    <property name="java.vendor.url" value="http://java.sun.com/" />
    <property name="env.COMPUTERNAME" value="VINAY-OFFICE-PC" />
    <property name="ant.file.c3pr-2.0" value="C:\eclipse\WorkspaceSemanticBits\c3prv2\codebase\antfiles\build.xml" />
    <property name="java.version" value="1.5.0_12" />
    <property name="csm.conf.dir" value="C:\eclipse\WorkspaceSemanticBits\c3prv2\codebase\projects\core/conf//csm" />
    <property name="test.logs.dir" value="C:\eclipse\WorkspaceSemanticBits\c3prv2\codebase\projects\core\test\logs" />
    <property name="conf.dir" value="C:\eclipse\WorkspaceSemanticBits\c3prv2\codebase\projects\core/conf/" />
    <property name="java.vendor.url.bug" value="http://java.sun.com/cgi-bin/bugreport.cgi" />
    <property name="env.USERPROFILE" value="C:\Users\Vinay" />
    <property name="test.lib.dir" value="C:\eclipse\WorkspaceSemanticBits\c3prv2\codebase\projects\core\test\lib" />
    <property name="env.SystemRoot" value="C:\Windows" />
    <property name="user.name" value="Vinay" />
    <property name="postgresql.csm.db.scripts.dir" value="C:\eclipse\WorkspaceSemanticBits\c3prv2\codebase\projects\core/db/PostGreSQL/csm" />
    <property name="oracle.db.script.dir" value="C:\eclipse\WorkspaceSemanticBits\c3prv2\codebase\projects\core/db/oracle" />
    <property name="ext.dir" value="C:\eclipse\WorkspaceSemanticBits\c3prv2\codebase\projects\core/ext" />
    <property name="sun.io.unicode.encoding" value="UnicodeLittle" />
    <property name="sun.jnu.encoding" value="Cp1252" />
    <property name="java.runtime.name" value="Java(TM) 2 Runtime Environment, Standard Edition" />
    <property name="env.LOCALAPPDATA" value="C:\Users\Vinay\AppData\Local" />
    <property name="lib.dir" value="C:\eclipse\WorkspaceSemanticBits\c3prv2\codebase\projects\core/lib" />
    <property name="project.version" value="1.0" />
    <property name="java.specification.name" value="Java Platform API Specification" />
    <property name="user.timezone" value="" />
    <property name="ant.file.c3pr-2.0-reports" value="C:\eclipse\WorkspaceSemanticBits\c3prv2\codebase\antfiles\build-reports.xml" />
    <property name="path.separator" value=";" />
    <property name="env.PROCESSOR_IDENTIFIER" value="x86 Family 6 Model 15 Stepping 6, GenuineIntel" />
    <property name="env._JAVACMD" value="C:\Program Files\Java\jdk1.5.0_12\bin\java.exe" />
    <property name="project.name" value="core" />
    <property name="file.encoding" value="Cp1252" />
    <property name="ext.resources.dir" value="C:\eclipse\WorkspaceSemanticBits\c3prv2\codebase\projects\core\ext\resources" />
    <property name="junit.results.dir" value="C:\eclipse\WorkspaceSemanticBits\c3prv2\codebase\test\logs" />
    <property name="env.NUMBER_OF_PROCESSORS" value="2" />
    <property name="env.APPDATA" value="C:\Users\Vinay\AppData\Roaming" />
    <property name="ant.file" value="C:\eclipse\WorkspaceSemanticBits\c3prv2\codebase\projects\core\build.xml" />
    <property name="src.java.dir" value="C:\eclipse\WorkspaceSemanticBits\c3prv2\codebase\projects\core/src/java" />
    <property name="ant.file.c3pr-2.0-artifacts" value="C:\eclipse\WorkspaceSemanticBits\c3prv2\codebase\antfiles\build-artifacts.xml" />
    <property name="java.io.tmpdir" value="C:\Users\Vinay\AppData\Local\Temp\" />
    <property name="ant.file.c3pr-2.0-core-test" value="C:\eclipse\WorkspaceSemanticBits\c3prv2\codebase\projects\core\antfiles\build-test.xml" />
    <property name="user.language" value="en" />
    <property name="env.SystemDrive" value="C:" />
    <property name="line.separator" value="
" />
    <property name="bering.migration.dir" value="C:\eclipse\WorkspaceSemanticBits\c3prv2\codebase\projects\core/db/bering" />
    <property name="java.vm.info" value="mixed mode" />
    <property name="sun.desktop" value="windows" />
    <property name="java.vm.specification.name" value="Java Virtual Machine Specification" />
    <property name="env.PATHEXT" value=".COM;.EXE;.BAT;.CMD;.VBS;.VBE;.JS;.JSE;.WSF;.WSH;.MSC" />
    <property name="test.classes.dir" value="C:\eclipse\WorkspaceSemanticBits\c3prv2\codebase\projects\core\build\classes-test" />
    <property name="ant.file.catrip-1.0-codedrop" value="C:\eclipse\WorkspaceSemanticBits\c3prv2\codebase\antfiles\build-codedrop.xml" />
    <property name="env.LOGONSERVER" value="\\VINAY-OFFICE-PC" />
    <property name="test.src.java.dir" value="C:\eclipse\WorkspaceSemanticBits\c3prv2\codebase\projects\core\test\src\java" />
    <property name="java.awt.printerjob" value="sun.awt.windows.WPrinterJob" />
    <property name="env.PUBLIC" value="C:\Users\Public" />
    <property name="catalina.home" value="C:\Tomcat 5.5" />
    <property name="env.USERDOMAIN" value="Vinay-Office-PC" />
    <property name="env.PROCESSOR_LEVEL" value="6" />
    <property name="env.windir" value="C:\Windows" />
    <property name="os.name" value="Windows Vista" />
    <property name="java.specification.vendor" value="Sun Microsystems Inc." />
    <property name="env.TMP" value="C:\Users\Vinay\AppData\Local\Temp" />
    <property name="postgresql.db.script.dir" value="C:\eclipse\WorkspaceSemanticBits\c3prv2\codebase\projects\core/db/PostGreSQL" />
    <property name="java.vm.name" value="Java HotSpot(TM) Client VM" />
    <property name="env.ProgramData" value="C:\ProgramData" />
    <property name="env.OS" value="Windows_NT" />
    <property name="java.library.path" value="C:\Program Files\Java\jdk1.5.0_12\jre\bin;.;C:\Windows\system32;C:\Windows;C:\Program Files\Java\jdk1.5.0_12\bin;C:\Windows\system32;C:\Windows;C:\Windows\System32\Wbem;C:\Program Files\Common Files\Roxio Shared\DLLShared\;C:\Program Files\Common Files\Roxio Shared\9.0\DLLShared\;C:\Tomcat 5.5\bin;C:\apache-ant-1.7.0\bin;" />
    <property name="ant.java.version" value="1.5" />
    <property name="basedir" value="C:\eclipse\WorkspaceSemanticBits\c3prv2\codebase\projects\core" />
    <property name="java.class.version" value="49.0" />
    <property name="ext.lib.dir" value="C:\eclipse\WorkspaceSemanticBits\c3prv2\codebase\projects\core/ext/lib" />
    <property name="ant.home" value="C:\apache-ant-1.7.0" />
    <property name="env.Path" value="C:\Program Files\Java\jdk1.5.0_12\bin;C:\Windows\system32;C:\Windows;C:\Windows\System32\Wbem;C:\Program Files\Common Files\Roxio Shared\DLLShared\;C:\Program Files\Common Files\Roxio Shared\9.0\DLLShared\;C:\Tomcat 5.5\bin;C:\apache-ant-1.7.0\bin;" />
    <property name="ext.test.lib.dir" value="C:\eclipse\WorkspaceSemanticBits\c3prv2\codebase\projects\core\ext\test\lib" />
    <property name="env.HOMEDRIVE" value="C:" />
    <property name="net.sourceforge.cobertura.datafile" value="C:\eclipse\WorkspaceSemanticBits\c3prv2\codebase\projects\core\test\logs\queryengine.ser" />
    <property name="sun.boot.library.path" value="C:\Program Files\Java\jdk1.5.0_12\jre\bin" />
    <property name="build.dir" value="C:\eclipse\WorkspaceSemanticBits\c3prv2\codebase\projects\core/build" />
    <property name="env.PROCESSOR_REVISION" value="0f06" />
    <property name="sun.management.compiler" value="HotSpot Client Compiler" />
    <property name="java.awt.graphicsenv" value="sun.awt.Win32GraphicsEnvironment" />
    <property name="user.variant" value="" />
    <property name="src.resources.dir" value="C:\eclipse\WorkspaceSemanticBits\c3prv2\codebase\projects\core/src/resources" />
    <property name="ant.file.c3pr-2.0-test" value="C:\eclipse\WorkspaceSemanticBits\c3prv2\codebase\antfiles\build-test.xml" />
    <property name="jar.dir" value="C:\eclipse\WorkspaceSemanticBits\c3prv2\codebase\projects\core/build/jars" />
    <property name="ant.project.name" value="c3pr-2.0-core" />
    <property name="java.vm.specification.version" value="1.0" />
    <property name="env.GLOBUS_LOCATION" value="C:\Globus\ws-core-4.0.3" />
    <property name="resources.dir" value="C:\eclipse\WorkspaceSemanticBits\c3prv2\codebase\projects\core/resources" />
    <property name="awt.toolkit" value="sun.awt.windows.WToolkit" />
    <property name="env.MAVEN_HOME" value="C:\Program Files\maven-2.0.7-bin\maven-2.0.7" />
    <property name="sun.cpu.isalist" value="pentium_pro+mmx pentium_pro pentium+mmx pentium i486 i386 i86" />
    <property name="build.context.dir" value="C:\eclipse\WorkspaceSemanticBits\c3prv2\codebase\projects\core/build/classes/context" />
    <property name="java.ext.dirs" value="C:\Program Files\Java\jdk1.5.0_12\jre\lib\ext" />
    <property name="os.version" value="6.0" />
    <property name="cobertura.home" value="C:\eclipse\WorkspaceSemanticBits\c3prv2\codebase\share\cobertura-1.8" />
    <property name="db.scripts.dir" value="C:\eclipse\WorkspaceSemanticBits\c3prv2\codebase\projects\core/db" />
    <property name="test.src.resources.dir" value="C:\eclipse\WorkspaceSemanticBits\c3prv2\codebase\projects\core\test\src\resources" />
    <property name="user.home" value="C:\Users\Vinay" />
    <property name="java.vm.vendor" value="Sun Microsystems Inc." />
    <property name="env.JAVA_HOME" value="C:\Program Files\Java\jdk1.5.0_12" />
    <property name="antfiles.dir" value="C:\eclipse\WorkspaceSemanticBits\c3prv2\codebase\projects\core/antfiles" />
    <property name="user.dir" value="C:\eclipse\WorkspaceSemanticBits\c3prv2\codebase\projects\core" />
    <property name="env.FP_NO_HOST_CHECK" value="NO" />
    <property name="test.dir" value="C:\eclipse\WorkspaceSemanticBits\c3prv2\codebase\projects\core\test" />
    <property name="env.OnlineServices" value="Online Services" />
    <property name="sun.cpu.endian" value="little" />
    <property name="env._USE_CLASSPATH" value="no" />
    <property name="env.ALLUSERSPROFILE" value="C:\ProgramData" />
    <property name="env.PROCESSOR_ARCHITECTURE" value="x86" />
    <property name="java.vm.version" value="1.5.0_12-b04" />
    <property name="java.class.path" value="C:\eclipse\WorkspaceSemanticBits\c3prv2\codebase\projects\core\lib\activation-1.0.2.jar;C:\eclipse\WorkspaceSemanticBits\c3prv2\codebase\projects\core\lib\avalon-framework-cvs-20020806.jar;C:\eclipse\WorkspaceSemanticBits\c3prv2\codebase\projects\core\lib\castor-1.1.2.1.jar;C:\eclipse\WorkspaceSemanticBits\c3prv2\codebase\projects\core\lib\commons-beanutils-1.7.0.jar;C:\eclipse\WorkspaceSemanticBits\c3prv2\codebase\projects\core\lib\commons-collections-3.2.jar;C:\eclipse\WorkspaceSemanticBits\c3prv2\codebase\projects\core\lib\commons-dbcp-1.2.1.jar;C:\eclipse\WorkspaceSemanticBits\c3prv2\codebase\projects\core\lib\commons-lang-2.1.jar;C:\eclipse\WorkspaceSemanticBits\c3prv2\codebase\projects\core\lib\ejb3-persistence.jar;C:\eclipse\WorkspaceSemanticBits\c3prv2\codebase\projects\core\lib\fop.jar;C:\eclipse\WorkspaceSemanticBits\c3prv2\codebase\projects\core\lib\jakarta-oro-2.0.8.jar;C:\eclipse\WorkspaceSemanticBits\c3prv2\codebase\projects\core\lib\jstl.jar;C:\eclipse\WorkspaceSemanticBits\c3prv2\codebase\projects\core\lib\jta.jar;C:\eclipse\WorkspaceSemanticBits\c3prv2\codebase\projects\core\lib\mail-1.3.2.jar;C:\eclipse\WorkspaceSemanticBits\c3prv2\codebase\projects\core\lib\northwestern-core-commons.jar;C:\eclipse\WorkspaceSemanticBits\c3prv2\codebase\projects\core\lib\ojdbc14.jar;C:\eclipse\WorkspaceSemanticBits\c3prv2\codebase\projects\core\lib\postgresql-8.1-407.jdbc3.jar;C:\eclipse\WorkspaceSemanticBits\c3prv2\codebase\projects\core\lib\standard.jar;C:\eclipse\WorkspaceSemanticBits\c3prv2\codebase\projects\core\lib\xbean-spring-2.7.jar;C:\eclipse\WorkspaceSemanticBits\c3prv2\codebase\projects\core\ext\lib\acegi-csm-0.3.jar;C:\eclipse\WorkspaceSemanticBits\c3prv2\codebase\projects\core\ext\lib\acegi-csm-0.5.jar;C:\eclipse\WorkspaceSemanticBits\c3prv2\codebase\projects\core\ext\lib\acegi-security-1.0.3.jar;C:\eclipse\WorkspaceSemanticBits\c3prv2\codebase\projects\core\ext\lib\acegi-security-cas-1.0.3.jar;C:\eclipse\WorkspaceSemanticBits\c3prv2\codebase\projects\core\ext\lib\acegi-security-tiger-1.0.3.jar;C:\eclipse\WorkspaceSemanticBits\c3prv2\codebase\projects\core\ext\lib\activeio-core-3.0-beta4.jar;C:\eclipse\WorkspaceSemanticBits\c3prv2\codebase\projects\core\ext\lib\activemq-core-4.0.2.jar;C:\eclipse\WorkspaceSemanticBits\c3prv2\codebase\projects\core\ext\lib\addressing-1.0.jar;C:\eclipse\WorkspaceSemanticBits\c3prv2\codebase\projects\core\ext\lib\ant-contrib.jar;C:\eclipse\WorkspaceSemanticBits\c3prv2\codebase\projects\core\ext\lib\antlr-2.7.6.jar;C:\eclipse\WorkspaceSemanticBits\c3prv2\codebase\projects\core\ext\lib\aopalliance.jar;C:\eclipse\WorkspaceSemanticBits\c3prv2\codebase\projects\core\ext\lib\asm-2.2.3.jar;C:\eclipse\WorkspaceSemanticBits\c3prv2\codebase\projects\core\ext\lib\asm-commons-2.2.3.jar;C:\eclipse\WorkspaceSemanticBits\c3prv2\codebase\projects\core\ext\lib\asm-util-2.2.3.jar;C:\eclipse\WorkspaceSemanticBits\c3prv2\codebase\projects\core\ext\lib\aspectjrt-1.5.3.jar;C:\eclipse\WorkspaceSemanticBits\c3prv2\codebase\projects\core\ext\lib\aspectjweaver-1.5.3.jar;C:\eclipse\WorkspaceSemanticBits\c3prv2\codebase\projects\core\ext\lib\axis-url.jar;C:\eclipse\WorkspaceSemanticBits\c3prv2\codebase\projects\core\ext\lib\axis.jar;C:\eclipse\WorkspaceSemanticBits\c3prv2\codebase\projects\core\ext\lib\backport-util-concurrent-2.1.jar;C:\eclipse\WorkspaceSemanticBits\c3prv2\codebase\projects\core\ext\lib\bootstrap.jar;C:\eclipse\WorkspaceSemanticBits\c3prv2\codebase\projects\core\ext\lib\c3p0-0.8.5.2.jar;C:\eclipse\WorkspaceSemanticBits\c3prv2\codebase\projects\core\ext\lib\c3pr-2.0-esb-client-1.0.jar;C:\eclipse\WorkspaceSemanticBits\c3prv2\codebase\projects\core\ext\lib\caGrid-1.1-ServiceSecurityProvider-client.jar;C:\eclipse\WorkspaceSemanticBits\c3prv2\codebase\projects\core\ext\lib\caGrid-1.1-ServiceSecurityProvider-common.jar;C:\eclipse\WorkspaceSemanticBits\c3prv2\codebase\projects\core\ext\lib\caGrid-1.1-ServiceSecurityProvider-stubs.jar;C:\eclipse\WorkspaceSemanticBits\c3prv2\codebase\projects\core\ext\lib\caGrid-1.1-authentication-service-client.jar;C:\eclipse\WorkspaceSemanticBits\c3prv2\codebase\projects\core\ext\lib\caGrid-1.1-authentication-service-common.jar;C:\eclipse\WorkspaceSemanticBits\c3prv2\codebase\projects\core\ext\lib\caGrid-1.1-authentication-service-stubs.jar;C:\eclipse\WorkspaceSemanticBits\c3prv2\codebase\projects\core\ext\lib\caGrid-1.1-dorian-client.jar;C:\eclipse\WorkspaceSemanticBits\c3prv2\codebase\projects\core\ext\lib\caGrid-1.1-dorian-common.jar;C:\eclipse\WorkspaceSemanticBits\c3prv2\codebase\projects\core\ext\lib\caGrid-1.1-dorian-stubs.jar;C:\eclipse\WorkspaceSemanticBits\c3prv2\codebase\projects\core\ext\lib\caGrid-1.1-metadata-security.jar;C:\eclipse\WorkspaceSemanticBits\c3prv2\codebase\projects\core\ext\lib\caGrid-1.1-opensaml-1.1.jar;C:\eclipse\WorkspaceSemanticBits\c3prv2\codebase\projects\core\ext\lib\cglib-nodep-2.1_3.jar;C:\eclipse\WorkspaceSemanticBits\c3prv2\codebase\projects\core\ext\lib\client.jar;C:\eclipse\WorkspaceSemanticBits\c3prv2\codebase\projects\core\ext\lib\clm-3.2.1-ctms00.jar;C:\eclipse\WorkspaceSemanticBits\c3prv2\codebase\projects\core\ext\lib\clm.jar;C:\eclipse\WorkspaceSemanticBits\c3prv2\codebase\projects\core\ext\lib\cog-axis.jar;C:\eclipse\WorkspaceSemanticBits\c3prv2\codebase\projects\core\ext\lib\cog-jglobus.jar;C:\eclipse\WorkspaceSemanticBits\c3prv2\codebase\projects\core\ext\lib\cog-tomcat.jar;C:\eclipse\WorkspaceSemanticBits\c3prv2\codebase\projects\core\ext\lib\cog-url.jar;C:\eclipse\WorkspaceSemanticBits\c3prv2\codebase\projects\core\ext\lib\collections-generic-4.01.jar;C:\eclipse\WorkspaceSemanticBits\c3prv2\codebase\projects\core\ext\lib\commonj.jar;C:\eclipse\WorkspaceSemanticBits\c3prv2\codebase\projects\core\ext\lib\commons-cli-2.0.jar;C:\eclipse\WorkspaceSemanticBits\c3prv2\codebase\projects\core\ext\lib\commons-collections-3.1.jar;C:\eclipse\WorkspaceSemanticBits\c3prv2\codebase\projects\core\ext\lib\commons-digester.jar;C:\eclipse\WorkspaceSemanticBits\c3prv2\codebase\projects\core\ext\lib\commons-discovery.jar;C:\eclipse\WorkspaceSemanticBits\c3prv2\codebase\projects\core\ext\lib\commons-io-1.3.1.jar;C:\eclipse\WorkspaceSemanticBits\c3prv2\codebase\projects\core\ext\lib\commons-logging.jar;C:\eclipse\WorkspaceSemanticBits\c3prv2\codebase\projects\core\ext\lib\commons-pool-1.2.jar;C:\eclipse\WorkspaceSemanticBits\c3prv2\codebase\projects\core\ext\lib\concurrent.jar;C:\eclipse\WorkspaceSemanticBits\c3prv2\codebase\projects\core\ext\lib\cryptix-asn1.jar;C:\eclipse\WorkspaceSemanticBits\c3prv2\codebase\projects\core\ext\lib\cryptix.jar;C:\eclipse\WorkspaceSemanticBits\c3prv2\codebase\projects\core\ext\lib\cryptix32.jar;C:\eclipse\WorkspaceSemanticBits\c3prv2\codebase\projects\core\ext\lib\csmapi-3.2.1-ctms00.jar;C:\eclipse\WorkspaceSemanticBits\c3prv2\codebase\projects\core\ext\lib\ctms-commons-base-0.5-SNAPSHOT.jar;C:\eclipse\WorkspaceSemanticBits\c3prv2\codebase\projects\core\ext\lib\ctms-commons-base-0.5.jar;C:\eclipse\WorkspaceSemanticBits\c3prv2\codebase\projects\core\ext\lib\ctms-commons-core-0.5-SNAPSHOT.jar;C:\eclipse\WorkspaceSemanticBits\c3prv2\codebase\projects\core\ext\lib\ctms-commons-core-0.5.jar;C:\eclipse\WorkspaceSemanticBits\c3prv2\codebase\projects\core\ext\lib\ctms-commons-laf-0.5-SNAPSHOT.jar;C:\eclipse\WorkspaceSemanticBits\c3prv2\codebase\projects\core\ext\lib\ctms-commons-lang-0.5-SNAPSHOT.jar;C:\eclipse\WorkspaceSemanticBits\c3prv2\codebase\projects\core\ext\lib\ctms-commons-lang-0.5.jar;C:\eclipse\WorkspaceSemanticBits\c3prv2\codebase\projects\core\ext\lib\ctms-commons-web-0.5-SNAPSHOT.jar;C:\eclipse\WorkspaceSemanticBits\c3prv2\codebase\projects\core\ext\lib\ctms-commons-web-0.5.jar;C:\eclipse\WorkspaceSemanticBits\c3prv2\codebase\projects\core\ext\lib\dom4j-1.6.1.jar;C:\eclipse\WorkspaceSemanticBits\c3prv2\codebase\projects\core\ext\lib\ehcache-1.2.3.jar;C:\eclipse\WorkspaceSemanticBits\c3prv2\codebase\projects\core\ext\lib\globus_wsrf_mds_aggregator.jar;C:\eclipse\WorkspaceSemanticBits\c3prv2\codebase\projects\core\ext\lib\globus_wsrf_mds_aggregator_stubs.jar;C:\eclipse\WorkspaceSemanticBits\c3prv2\codebase\projects\core\ext\lib\globus_wsrf_servicegroup.jar;C:\eclipse\WorkspaceSemanticBits\c3prv2\codebase\projects\core\ext\lib\globus_wsrf_servicegroup_stubs.jar;C:\eclipse\WorkspaceSemanticBits\c3prv2\codebase\projects\core\ext\lib\grid-security-plugin-1.0.jar;C:\eclipse\WorkspaceSemanticBits\c3prv2\codebase\projects\core\ext\lib\handle.jar;C:\eclipse\WorkspaceSemanticBits\c3prv2\codebase\projects\core\ext\lib\handlerservice.jar;C:\eclipse\WorkspaceSemanticBits\c3prv2\codebase\projects\core\ext\lib\hibernate-annotations.jar;C:\eclipse\WorkspaceSemanticBits\c3prv2\codebase\projects\core\ext\lib\hibernate3.2.1.jar;C:\eclipse\WorkspaceSemanticBits\c3prv2\codebase\projects\core\ext\lib\jaxen-core.jar;C:\eclipse\WorkspaceSemanticBits\c3prv2\codebase\projects\core\ext\lib\jaxen-jdom.jar;C:\eclipse\WorkspaceSemanticBits\c3prv2\codebase\projects\core\ext\lib\jaxrpc.jar;C:\eclipse\WorkspaceSemanticBits\c3prv2\codebase\projects\core\ext\lib\jboss-j2ee-4.0.5.jar;C:\eclipse\WorkspaceSemanticBits\c3prv2\codebase\projects\core\ext\lib\jboss-jsr77.jar;C:\eclipse\WorkspaceSemanticBits\c3prv2\codebase\projects\core\ext\lib\jce-jdk13-125.jar;C:\eclipse\WorkspaceSemanticBits\c3prv2\codebase\projects\core\ext\lib\jdom.jar;C:\eclipse\WorkspaceSemanticBits\c3prv2\codebase\projects\core\ext\lib\jgss.jar;C:\eclipse\WorkspaceSemanticBits\c3prv2\codebase\projects\core\ext\lib\log4j-1.2.13.jar;C:\eclipse\WorkspaceSemanticBits\c3prv2\codebase\projects\core\ext\lib\mobius_common_client-1.1.jar;C:\eclipse\WorkspaceSemanticBits\c3prv2\codebase\projects\core\ext\lib\mobius_factories-1.1.jar;C:\eclipse\WorkspaceSemanticBits\c3prv2\codebase\projects\core\ext\lib\mobius_gme_client-1.1.jar;C:\eclipse\WorkspaceSemanticBits\c3prv2\codebase\projects\core\ext\lib\mobius_mako_client-1.1.jar;C:\eclipse\WorkspaceSemanticBits\c3prv2\codebase\projects\core\ext\lib\mobius_tools-1.1.jar;C:\eclipse\WorkspaceSemanticBits\c3prv2\codebase\projects\core\ext\lib\naming-java.jar;C:\eclipse\WorkspaceSemanticBits\c3prv2\codebase\projects\core\ext\lib\puretls.jar;C:\eclipse\WorkspaceSemanticBits\c3prv2\codebase\projects\core\ext\lib\saaj.jar;C:\eclipse\WorkspaceSemanticBits\c3prv2\codebase\projects\core\ext\lib\saxpath.jar;C:\eclipse\WorkspaceSemanticBits\c3prv2\codebase\projects\core\ext\lib\spring-aspects.jar;C:\eclipse\WorkspaceSemanticBits\c3prv2\codebase\projects\core\ext\lib\spring.jar;C:\eclipse\WorkspaceSemanticBits\c3prv2\codebase\projects\core\ext\lib\wsdl4j.jar;C:\eclipse\WorkspaceSemanticBits\c3prv2\codebase\projects\core\ext\lib\wsrf_core.jar;C:\eclipse\WorkspaceSemanticBits\c3prv2\codebase\projects\core\ext\lib\wsrf_core_stubs.jar;C:\eclipse\WorkspaceSemanticBits\c3prv2\codebase\projects\core\ext\lib\wss4j.jar;C:\eclipse\WorkspaceSemanticBits\c3prv2\codebase\projects\core\ext\lib\xerces-2.6.2.jar;C:\eclipse\WorkspaceSemanticBits\c3prv2\codebase\projects\core\ext\lib\xerces.jar;C:\eclipse\WorkspaceSemanticBits\c3prv2\codebase\projects\core\ext\lib\xercesImpl.jar;C:\eclipse\WorkspaceSemanticBits\c3prv2\codebase\projects\core\ext\lib\xmlsec.jar;C:\eclipse\WorkspaceSemanticBits\c3prv2\codebase\projects\core\ext\compile\lib\c3pr-management-1.0.jar;C:\eclipse\WorkspaceSemanticBits\c3prv2\codebase\projects\core\build\jars\c3pr-2.0-core-1.0.jar;C:\eclipse\WorkspaceSemanticBits\c3prv2\codebase\projects\core\build\jars\c3pr-2.0-core-tests-1.0.jar;C:\eclipse\WorkspaceSemanticBits\c3prv2\codebase\projects\core\test\lib\catrip-test-report-1.0.jar;C:\eclipse\WorkspaceSemanticBits\c3prv2\codebase\projects\core\test\lib\core-commons-testing.jar;C:\eclipse\WorkspaceSemanticBits\c3prv2\codebase\projects\core\test\lib\dbunit-2.1.jar;C:\eclipse\WorkspaceSemanticBits\c3prv2\codebase\projects\core\test\lib\easymock.jar;C:\eclipse\WorkspaceSemanticBits\c3prv2\codebase\projects\core\test\lib\easymockclassextension.jar;C:\eclipse\WorkspaceSemanticBits\c3prv2\codebase\projects\core\test\lib\hsqldb.jar;C:\eclipse\WorkspaceSemanticBits\c3prv2\codebase\projects\core\test\lib\servlet-api.jar;C:\eclipse\WorkspaceSemanticBits\c3prv2\codebase\projects\core\ext\test\lib\junit-3.8.1.jar;C:\eclipse\WorkspaceSemanticBits\c3prv2\codebase\projects\core\ext\test\lib\spring-mock.jar;C:\eclipse\WorkspaceSemanticBits\c3prv2\codebase\share\cobertura-1.8\cobertura.jar;C:\eclipse\WorkspaceSemanticBits\c3prv2\codebase\share\cobertura-1.8\lib\asm-2.2.1.jar;C:\eclipse\WorkspaceSemanticBits\c3prv2\codebase\share\cobertura-1.8\lib\jakarta-oro-2.0.8.jar;C:\eclipse\WorkspaceSemanticBits\c3prv2\codebase\share\cobertura-1.8\lib\log4j-1.2.9.jar;C:\apache-ant-1.7.0\lib\ant-launcher.jar;C:\apache-ant-1.7.0\lib\ant.jar;C:\apache-ant-1.7.0\lib\ant-junit.jar" />
    <property name="env.HOMEPATH" value="\Users\Vinay" />
    <property name="oracle.csm.db.scripts.dir" value="C:\eclipse\WorkspaceSemanticBits\c3prv2\codebase\projects\core/db/oracle/csm" />
    <property name="ant.library.dir" value="C:\apache-ant-1.7.0\lib" />
    <property name="os.arch" value="x86" />
    <property name="testcoverage.datafile" value="C:\eclipse\WorkspaceSemanticBits\c3prv2\codebase\projects\core\test\logs\queryengine.ser" />
    <property name="env.PLATFORM" value="MCD" />
    <property name="env.SESSIONNAME" value="Console" />
    <property name="sun.java.launcher" value="SUN_STANDARD" />
    <property name="classes.dir" value="C:\eclipse\WorkspaceSemanticBits\c3prv2\codebase\projects\core/build/classes" />
    <property name="env.CommonProgramFiles" value="C:\Program Files\Common Files" />
    <property name="env.ProgramFiles" value="C:\Program Files" />
    <property name="java.vm.specification.vendor" value="Sun Microsystems Inc." />
    <property name="ant.file.c3pr-2.0-utilities" value="C:\eclipse\WorkspaceSemanticBits\c3prv2\codebase\antfiles\build-utilities.xml" />
    <property name="file.separator" value="\" />
    <property name="env.ANT_CMD_LINE_ARGS" value="test" />
    <property name="java.runtime.version" value="1.5.0_12-b04" />
    <property name="project.jarfile" value="C:\eclipse\WorkspaceSemanticBits\c3prv2\codebase\projects\core/build/jars/c3pr-2.0-core-1.0.jar" />
    <property name="sun.boot.class.path" value="C:\Program Files\Java\jdk1.5.0_12\jre\lib\rt.jar;C:\Program Files\Java\jdk1.5.0_12\jre\lib\i18n.jar;C:\Program Files\Java\jdk1.5.0_12\jre\lib\sunrsasign.jar;C:\Program Files\Java\jdk1.5.0_12\jre\lib\jsse.jar;C:\Program Files\Java\jdk1.5.0_12\jre\lib\jce.jar;C:\Program Files\Java\jdk1.5.0_12\jre\lib\charsets.jar;C:\Program Files\Java\jdk1.5.0_12\jre\classes" />
    <property name="env.ComSpec" value="C:\Windows\system32\cmd.exe" />
    <property name="env.TEMP" value="C:\Users\Vinay\AppData\Local\Temp" />
    <property name="user.country" value="US" />
    <property name="env.ANT_HOME" value="C:\apache-ant-1.7.0" />
    <property name="java.vendor" value="Sun Microsystems Inc." />
    <property name="c3pr.properties.file" value="c3pr.properties" />
    <property name="env.CATALINA_HOME" value="C:\Tomcat 5.5" />
    <property name="java.specification.version" value="1.5" />
    <property name="sun.arch.data.model" value="32" />
  </properties>
  <testcase classname="edu.duke.cabig.c3pr.service.StudyXMLImporterTestCase" name="testStudyValidation" time="7.934" />
  <testcase classname="edu.duke.cabig.c3pr.service.StudyXMLImporterTestCase" name="testGetStudies" time="2.475" />
  <system-out><![CDATA[2007-11-07 13:57:43,597 INFO  org.springframework.context.support.ClassPathXmlApplicationContext : Refreshing org.springframework.context.support.ClassPathXmlApplicationContext@160a26f: display name [org.springframework.context.support.ClassPathXmlApplicationContext@160a26f]; startup date [Wed Nov 07 13:57:43 EST 2007]; root of context hierarchy
2007-11-07 13:57:43,682 INFO  org.springframework.beans.factory.xml.XmlBeanDefinitionReader : Loading XML bean definitions from URL [jar:file:/C:/eclipse/WorkspaceSemanticBits/c3prv2/codebase/projects/core/build/jars/c3pr-2.0-core-1.0.jar!/edu/duke/cabig/c3pr/applicationContext-core.xml]
2007-11-07 13:57:44,296 INFO  org.springframework.beans.factory.xml.XmlBeanDefinitionReader : Loading XML bean definitions from URL [jar:file:/C:/eclipse/WorkspaceSemanticBits/c3prv2/codebase/projects/core/build/jars/c3pr-2.0-core-1.0.jar!/edu/duke/cabig/c3pr/applicationContext-core-db.xml]
2007-11-07 13:57:44,352 INFO  org.springframework.beans.factory.xml.XmlBeanDefinitionReader : Loading XML bean definitions from URL [jar:file:/C:/eclipse/WorkspaceSemanticBits/c3prv2/codebase/projects/core/build/jars/c3pr-2.0-core-1.0.jar!/edu/duke/cabig/c3pr/applicationContext-csm.xml]
2007-11-07 13:57:44,432 INFO  org.springframework.context.support.ClassPathXmlApplicationContext : Bean factory for application context [org.springframework.context.support.ClassPathXmlApplicationContext@160a26f]: org.springframework.beans.factory.support.DefaultListableBeanFactory@15d17d7
2007-11-07 13:57:44,609 INFO  org.springframework.beans.factory.config.PropertyPlaceholderConfigurer : Loading properties file from class path resource [context/c3pr.properties]
2007-11-07 13:57:44,611 INFO  org.springframework.beans.factory.config.PropertyPlaceholderConfigurer : Loading properties file from URL [file:C:/Users/Vinay/.c3pr/c3pr.properties]
2007-11-07 13:57:44,613 WARN  org.springframework.beans.factory.config.PropertyPlaceholderConfigurer : Could not load properties from URL [file:C:/Users/Vinay/.c3pr/c3pr.properties]: C:\Users\Vinay\.c3pr\c3pr.properties (The system cannot find the path specified)
2007-11-07 13:57:44,613 INFO  org.springframework.beans.factory.config.PropertyPlaceholderConfigurer : Loading properties file from URL [file:C:/Tomcat 5.5/conf/c3pr.properties]
2007-11-07 13:57:44,613 WARN  org.springframework.beans.factory.config.PropertyPlaceholderConfigurer : Could not load properties from URL [file:C:/Tomcat 5.5/conf/c3pr.properties]: C:\Tomcat 5.5\conf\c3pr.properties (The system cannot find the file specified)
2007-11-07 13:57:44,656 INFO  org.springframework.context.support.ClassPathXmlApplicationContext : Bean 'org.springframework.aop.config.internalAutoProxyCreator' is not eligible for getting processed by all BeanPostProcessors (for example: not eligible for auto-proxying)
2007-11-07 13:57:44,665 INFO  org.springframework.context.support.ClassPathXmlApplicationContext : Bean 'org.springframework.beans.factory.annotation.RequiredAnnotationBeanPostProcessor' is not eligible for getting processed by all BeanPostProcessors (for example: not eligible for auto-proxying)
2007-11-07 13:57:44,779 INFO  org.springframework.context.support.ClassPathXmlApplicationContext : Bean 'dataSource' is not eligible for getting processed by all BeanPostProcessors (for example: not eligible for auto-proxying)
2007-11-07 13:57:44,787 INFO  org.springframework.context.support.ClassPathXmlApplicationContext : Bean 'org.hibernate.cfg.ImprovedNamingStrategy#1ad98ef' is not eligible for getting processed by all BeanPostProcessors (for example: not eligible for auto-proxying)
2007-11-07 13:57:44,804 INFO  org.springframework.context.support.ClassPathXmlApplicationContext : Bean 'gridIdentifierCreator' is not eligible for getting processed by all BeanPostProcessors (for example: not eligible for auto-proxying)
2007-11-07 13:57:44,804 INFO  org.springframework.context.support.ClassPathXmlApplicationContext : Bean 'gridIdentifierInterceptor' is not eligible for getting processed by all BeanPostProcessors (for example: not eligible for auto-proxying)
2007-11-07 13:57:44,809 INFO  org.springframework.context.support.ClassPathXmlApplicationContext : Bean 'chainedInterceptor' is not eligible for getting processed by all BeanPostProcessors (for example: not eligible for auto-proxying)
2007-11-07 13:57:44,825 INFO  org.springframework.context.support.ClassPathXmlApplicationContext : Bean 'hibernateProperties' is not eligible for getting processed by all BeanPostProcessors (for example: not eligible for auto-proxying)
2007-11-07 13:57:44,825 INFO  org.springframework.context.support.ClassPathXmlApplicationContext : Bean 'hibernateProperties' is not eligible for getting processed by all BeanPostProcessors (for example: not eligible for auto-proxying)
2007-11-07 13:57:44,885 INFO  org.hibernate.cfg.annotations.Version : Hibernate Annotations 3.2.0.CR2
2007-11-07 13:57:44,899 INFO  org.hibernate.cfg.Environment : Hibernate 3.2.1
2007-11-07 13:57:44,905 INFO  org.hibernate.cfg.Environment : hibernate.properties not found
2007-11-07 13:57:44,908 INFO  org.hibernate.cfg.Environment : Bytecode provider name : cglib
2007-11-07 13:57:44,913 INFO  org.hibernate.cfg.Environment : using JDK 1.4 java.sql.Timestamp handling
2007-11-07 13:57:45,098 INFO  org.springframework.orm.hibernate3.annotation.AnnotationSessionFactoryBean : Building new Hibernate SessionFactory
2007-11-07 13:57:45,242 INFO  org.hibernate.cfg.AnnotationBinder : Binding entity from annotated class: edu.duke.cabig.c3pr.domain.Study
2007-11-07 13:57:45,295 INFO  org.hibernate.cfg.annotations.EntityBinder : Bind entity edu.duke.cabig.c3pr.domain.Study on table studies
2007-11-07 13:57:45,462 INFO  org.hibernate.cfg.AnnotationBinder : Binding entity from annotated class: edu.duke.cabig.c3pr.domain.Epoch
2007-11-07 13:57:45,462 INFO  org.hibernate.cfg.annotations.EntityBinder : Bind entity edu.duke.cabig.c3pr.domain.Epoch on table epochs
2007-11-07 13:57:45,563 INFO  org.hibernate.cfg.AnnotationBinder : Binding entity from annotated class: edu.duke.cabig.c3pr.domain.NonTreatmentEpoch
2007-11-07 13:57:45,594 INFO  org.hibernate.cfg.AnnotationBinder : Binding entity from annotated class: edu.duke.cabig.c3pr.domain.TreatmentEpoch
2007-11-07 13:57:45,619 INFO  org.hibernate.cfg.AnnotationBinder : Binding entity from annotated class: edu.duke.cabig.c3pr.domain.Arm
2007-11-07 13:57:45,620 INFO  org.hibernate.cfg.annotations.EntityBinder : Bind entity edu.duke.cabig.c3pr.domain.Arm on table arms
2007-11-07 13:57:45,628 INFO  org.hibernate.cfg.AnnotationBinder : Binding entity from annotated class: edu.duke.cabig.c3pr.domain.StudyOrganization
2007-11-07 13:57:45,629 INFO  org.hibernate.cfg.annotations.EntityBinder : Bind entity edu.duke.cabig.c3pr.domain.StudyOrganization on table study_organizations
2007-11-07 13:57:45,646 INFO  org.hibernate.cfg.AnnotationBinder : Binding entity from annotated class: edu.duke.cabig.c3pr.domain.StudySite
2007-11-07 13:57:45,654 INFO  org.hibernate.cfg.AnnotationBinder : Binding entity from annotated class: edu.duke.cabig.c3pr.domain.StudyCoordinatingCenter
2007-11-07 13:57:45,656 INFO  org.hibernate.cfg.AnnotationBinder : Binding entity from annotated class: edu.duke.cabig.c3pr.domain.StudyFundingSponsor
2007-11-07 13:57:45,657 INFO  org.hibernate.cfg.AnnotationBinder : Binding entity from annotated class: edu.duke.cabig.c3pr.domain.HealthcareSite
2007-11-07 13:57:45,657 INFO  org.hibernate.cfg.annotations.EntityBinder : Bind entity edu.duke.cabig.c3pr.domain.HealthcareSite on table organizations
2007-11-07 13:57:45,673 INFO  org.hibernate.cfg.AnnotationBinder : Binding entity from annotated class: edu.duke.cabig.c3pr.domain.Address
2007-11-07 13:57:45,674 INFO  org.hibernate.cfg.annotations.EntityBinder : Bind entity edu.duke.cabig.c3pr.domain.Address on table addresses
2007-11-07 13:57:45,682 INFO  org.hibernate.cfg.AnnotationBinder : Binding entity from annotated class: edu.duke.cabig.c3pr.domain.StudySubject
2007-11-07 13:57:45,683 INFO  org.hibernate.cfg.annotations.EntityBinder : Bind entity edu.duke.cabig.c3pr.domain.StudySubject on table study_subjects
2007-11-07 13:57:45,712 INFO  org.hibernate.cfg.AnnotationBinder : Binding entity from annotated class: edu.duke.cabig.c3pr.domain.StudyInvestigator
2007-11-07 13:57:45,712 INFO  org.hibernate.cfg.annotations.EntityBinder : Bind entity edu.duke.cabig.c3pr.domain.StudyInvestigator on table study_investigators
2007-11-07 13:57:45,721 INFO  org.hibernate.cfg.AnnotationBinder : Binding entity from annotated class: edu.duke.cabig.c3pr.domain.HealthcareSiteInvestigator
2007-11-07 13:57:45,722 INFO  org.hibernate.cfg.annotations.EntityBinder : Bind entity edu.duke.cabig.c3pr.domain.HealthcareSiteInvestigator on table hc_site_investigators
2007-11-07 13:57:45,732 INFO  org.hibernate.cfg.AnnotationBinder : Binding entity from annotated class: edu.duke.cabig.c3pr.domain.StudyPersonnel
2007-11-07 13:57:45,733 INFO  org.hibernate.cfg.annotations.EntityBinder : Bind entity edu.duke.cabig.c3pr.domain.StudyPersonnel on table study_personnel
2007-11-07 13:57:45,743 INFO  org.hibernate.cfg.AnnotationBinder : Binding entity from annotated class: edu.duke.cabig.c3pr.domain.Participant
2007-11-07 13:57:45,744 INFO  org.hibernate.cfg.annotations.EntityBinder : Bind entity edu.duke.cabig.c3pr.domain.Participant on table participants
2007-11-07 13:57:45,764 INFO  org.hibernate.cfg.AnnotationBinder : Binding entity from annotated class: edu.duke.cabig.c3pr.domain.ResearchStaff
2007-11-07 13:57:45,764 INFO  org.hibernate.cfg.annotations.EntityBinder : Bind entity edu.duke.cabig.c3pr.domain.ResearchStaff on table research_staff
2007-11-07 13:57:45,781 INFO  org.hibernate.cfg.AnnotationBinder : Binding entity from annotated class: edu.duke.cabig.c3pr.domain.Investigator
2007-11-07 13:57:45,782 INFO  org.hibernate.cfg.annotations.EntityBinder : Bind entity edu.duke.cabig.c3pr.domain.Investigator on table investigators
2007-11-07 13:57:45,811 INFO  org.hibernate.cfg.AnnotationBinder : Binding entity from annotated class: edu.duke.cabig.c3pr.domain.ScheduledArm
2007-11-07 13:57:45,812 INFO  org.hibernate.cfg.annotations.EntityBinder : Bind entity edu.duke.cabig.c3pr.domain.ScheduledArm on table scheduled_arms
2007-11-07 13:57:45,819 INFO  org.hibernate.cfg.AnnotationBinder : Binding entity from annotated class: edu.duke.cabig.c3pr.domain.Identifier
2007-11-07 13:57:45,820 INFO  org.hibernate.cfg.annotations.EntityBinder : Bind entity edu.duke.cabig.c3pr.domain.Identifier on table identifiers
2007-11-07 13:57:45,825 INFO  org.hibernate.cfg.AnnotationBinder : Binding entity from annotated class: edu.duke.cabig.c3pr.domain.SystemAssignedIdentifier
2007-11-07 13:57:45,826 INFO  org.hibernate.cfg.AnnotationBinder : Binding entity from annotated class: edu.duke.cabig.c3pr.domain.OrganizationAssignedIdentifier
2007-11-07 13:57:45,828 INFO  org.hibernate.cfg.AnnotationBinder : Binding entity from annotated class: edu.duke.cabig.c3pr.domain.EligibilityCriteria
2007-11-07 13:57:45,829 INFO  org.hibernate.cfg.annotations.EntityBinder : Bind entity edu.duke.cabig.c3pr.domain.EligibilityCriteria on table eligibility_criteria
2007-11-07 13:57:45,834 INFO  org.hibernate.cfg.AnnotationBinder : Binding entity from annotated class: edu.duke.cabig.c3pr.domain.SubjectEligibilityAnswer
2007-11-07 13:57:45,835 INFO  org.hibernate.cfg.annotations.EntityBinder : Bind entity edu.duke.cabig.c3pr.domain.SubjectEligibilityAnswer on table subject_eligibility_ans
2007-11-07 13:57:45,842 INFO  org.hibernate.cfg.AnnotationBinder : Binding entity from annotated class: edu.duke.cabig.c3pr.domain.InclusionEligibilityCriteria
2007-11-07 13:57:45,843 INFO  org.hibernate.cfg.AnnotationBinder : Binding entity from annotated class: edu.duke.cabig.c3pr.domain.ExclusionEligibilityCriteria
2007-11-07 13:57:45,844 INFO  org.hibernate.cfg.AnnotationBinder : Binding entity from annotated class: edu.duke.cabig.c3pr.domain.StudyDisease
2007-11-07 13:57:45,844 INFO  org.hibernate.cfg.annotations.EntityBinder : Bind entity edu.duke.cabig.c3pr.domain.StudyDisease on table study_diseases
2007-11-07 13:57:45,851 INFO  org.hibernate.cfg.AnnotationBinder : Binding entity from annotated class: edu.duke.cabig.c3pr.domain.DiseaseCategory
2007-11-07 13:57:45,851 INFO  org.hibernate.cfg.annotations.EntityBinder : Bind entity edu.duke.cabig.c3pr.domain.DiseaseCategory on table disease_categories
2007-11-07 13:57:45,858 INFO  org.hibernate.cfg.AnnotationBinder : Binding entity from annotated class: edu.duke.cabig.c3pr.domain.DiseaseTerm
2007-11-07 13:57:45,858 INFO  org.hibernate.cfg.annotations.EntityBinder : Bind entity edu.duke.cabig.c3pr.domain.DiseaseTerm on table disease_terms
2007-11-07 13:57:45,865 INFO  org.hibernate.cfg.AnnotationBinder : Binding entity from annotated class: edu.duke.cabig.c3pr.domain.StratificationCriterion
2007-11-07 13:57:45,866 INFO  org.hibernate.cfg.annotations.EntityBinder : Bind entity edu.duke.cabig.c3pr.domain.StratificationCriterion on table strat_criteria
2007-11-07 13:57:45,871 INFO  org.hibernate.cfg.AnnotationBinder : Binding entity from annotated class: edu.duke.cabig.c3pr.domain.StratificationCriterionPermissibleAnswer
2007-11-07 13:57:45,872 INFO  org.hibernate.cfg.annotations.EntityBinder : Bind entity edu.duke.cabig.c3pr.domain.StratificationCriterionPermissibleAnswer on table strat_cri_per_ans
2007-11-07 13:57:45,877 INFO  org.hibernate.cfg.AnnotationBinder : Binding entity from annotated class: edu.duke.cabig.c3pr.domain.SubjectStratificationAnswer
2007-11-07 13:57:45,877 INFO  org.hibernate.cfg.annotations.EntityBinder : Bind entity edu.duke.cabig.c3pr.domain.SubjectStratificationAnswer on table subject_strat_ans
2007-11-07 13:57:45,884 INFO  org.hibernate.cfg.AnnotationBinder : Binding entity from annotated class: edu.duke.cabig.c3pr.domain.AnatomicSite
2007-11-07 13:57:45,884 INFO  org.hibernate.cfg.annotations.EntityBinder : Bind entity edu.duke.cabig.c3pr.domain.AnatomicSite on table anatomic_sites
2007-11-07 13:57:45,889 INFO  org.hibernate.cfg.AnnotationBinder : Binding entity from annotated class: edu.duke.cabig.c3pr.domain.DiseaseHistory
2007-11-07 13:57:45,890 INFO  org.hibernate.cfg.annotations.EntityBinder : Bind entity edu.duke.cabig.c3pr.domain.DiseaseHistory on table disease_history
2007-11-07 13:57:45,895 INFO  org.hibernate.cfg.AnnotationBinder : Binding entity from annotated class: edu.duke.cabig.c3pr.domain.ContactMechanism
2007-11-07 13:57:45,896 INFO  org.hibernate.cfg.annotations.EntityBinder : Bind entity edu.duke.cabig.c3pr.domain.ContactMechanism on table contact_mechanisms
2007-11-07 13:57:45,901 INFO  org.hibernate.cfg.AnnotationBinder : Binding entity from annotated class: edu.duke.cabig.c3pr.domain.ScheduledEpoch
2007-11-07 13:57:45,902 INFO  org.hibernate.cfg.annotations.EntityBinder : Bind entity edu.duke.cabig.c3pr.domain.ScheduledEpoch on table scheduled_epochs
2007-11-07 13:57:45,911 INFO  org.hibernate.cfg.AnnotationBinder : Binding entity from annotated class: edu.duke.cabig.c3pr.domain.ScheduledTreatmentEpoch
2007-11-07 13:57:45,921 INFO  org.hibernate.cfg.AnnotationBinder : Binding entity from annotated class: edu.duke.cabig.c3pr.domain.ScheduledNonTreatmentEpoch
2007-11-07 13:57:45,923 INFO  org.hibernate.cfg.AnnotationBinder : Binding entity from annotated class: edu.duke.cabig.c3pr.domain.StratumGroup
2007-11-07 13:57:45,924 INFO  org.hibernate.cfg.annotations.EntityBinder : Bind entity edu.duke.cabig.c3pr.domain.StratumGroup on table stratum_groups
2007-11-07 13:57:45,931 INFO  org.hibernate.cfg.AnnotationBinder : Binding entity from annotated class: edu.duke.cabig.c3pr.domain.BookRandomizationEntry
2007-11-07 13:57:45,932 INFO  org.hibernate.cfg.annotations.EntityBinder : Bind entity edu.duke.cabig.c3pr.domain.BookRandomizationEntry on table book_rndm_entry
2007-11-07 13:57:46,018 INFO  org.hibernate.cfg.AnnotationBinder : Binding entity from annotated class: edu.duke.cabig.c3pr.domain.Randomization
2007-11-07 13:57:46,018 INFO  org.hibernate.cfg.annotations.EntityBinder : Bind entity edu.duke.cabig.c3pr.domain.Randomization on table randomizations
2007-11-07 13:57:46,021 INFO  org.hibernate.cfg.AnnotationBinder : Binding entity from annotated class: edu.duke.cabig.c3pr.domain.BookRandomization
2007-11-07 13:57:46,025 INFO  org.hibernate.cfg.AnnotationBinder : Binding entity from annotated class: edu.duke.cabig.c3pr.domain.CalloutRandomization
2007-11-07 13:57:46,027 INFO  org.hibernate.cfg.AnnotationBinder : Binding entity from annotated class: edu.duke.cabig.c3pr.domain.PhonecallRandomization
2007-11-07 13:57:46,028 INFO  org.hibernate.cfg.AnnotationBinder : Binding entity from annotated class: edu.duke.cabig.c3pr.domain.StratificationCriterionAnswerCombination
2007-11-07 13:57:46,028 INFO  org.hibernate.cfg.annotations.EntityBinder : Bind entity edu.duke.cabig.c3pr.domain.StratificationCriterionAnswerCombination on table strat_cri_ans_cmb
2007-11-07 13:57:46,034 INFO  org.hibernate.cfg.AnnotationBinder : Binding entity from annotated class: edu.duke.cabig.c3pr.domain.StudyAmendment
2007-11-07 13:57:46,034 INFO  org.hibernate.cfg.annotations.EntityBinder : Bind entity edu.duke.cabig.c3pr.domain.StudyAmendment on table study_amendments
2007-11-07 13:57:46,060 INFO  org.hibernate.cfg.annotations.CollectionBinder : Mapping collection: edu.duke.cabig.c3pr.domain.BookRandomization.bookRandomizationEntryInternal -> book_rndm_entry
2007-11-07 13:57:46,062 INFO  org.hibernate.cfg.annotations.CollectionBinder : Mapping collection: edu.duke.cabig.c3pr.domain.StratumGroup.stratificationCriterionAnswerCombinationInternal -> strat_cri_ans_cmb
2007-11-07 13:57:46,062 INFO  org.hibernate.cfg.annotations.CollectionBinder : Mapping collection: edu.duke.cabig.c3pr.domain.ScheduledTreatmentEpoch.scheduledArmsInternal -> scheduled_arms
2007-11-07 13:57:46,063 INFO  org.hibernate.cfg.annotations.CollectionBinder : Mapping collection: edu.duke.cabig.c3pr.domain.ScheduledTreatmentEpoch.subjectStratificationAnswersInternal -> subject_strat_ans
2007-11-07 13:57:46,063 INFO  org.hibernate.cfg.annotations.CollectionBinder : Mapping collection: edu.duke.cabig.c3pr.domain.ScheduledTreatmentEpoch.subjectEligibilityAnswersInternal -> subject_eligibility_ans
2007-11-07 13:57:46,065 INFO  org.hibernate.cfg.annotations.CollectionBinder : Mapping collection: edu.duke.cabig.c3pr.domain.StratificationCriterion.permissibleAnswersInternal -> strat_cri_per_ans
2007-11-07 13:57:46,066 INFO  org.hibernate.cfg.annotations.CollectionBinder : Mapping collection: edu.duke.cabig.c3pr.domain.Investigator.contactMechanisms -> contact_mechanisms
2007-11-07 13:57:46,066 INFO  org.hibernate.cfg.annotations.CollectionBinder : Mapping collection: edu.duke.cabig.c3pr.domain.ResearchStaff.contactMechanisms -> contact_mechanisms
2007-11-07 13:57:46,068 INFO  org.hibernate.cfg.annotations.CollectionBinder : Mapping collection: edu.duke.cabig.c3pr.domain.Participant.contactMechanisms -> contact_mechanisms
2007-11-07 13:57:46,068 INFO  org.hibernate.cfg.annotations.CollectionBinder : Mapping collection: edu.duke.cabig.c3pr.domain.Participant.identifiers -> identifiers
2007-11-07 13:57:46,069 INFO  org.hibernate.cfg.annotations.CollectionBinder : Mapping collection: edu.duke.cabig.c3pr.domain.StudySubject.scheduledEpochs -> scheduled_epochs
2007-11-07 13:57:46,073 INFO  org.hibernate.cfg.annotations.CollectionBinder : Mapping collection: edu.duke.cabig.c3pr.domain.StudySubject.identifiers -> identifiers
2007-11-07 13:57:46,073 INFO  org.hibernate.cfg.annotations.CollectionBinder : Mapping collection: edu.duke.cabig.c3pr.domain.TreatmentEpoch.stratumGroupsInternal -> stratum_groups
2007-11-07 13:57:46,074 INFO  org.hibernate.cfg.annotations.CollectionBinder : Mapping collection: edu.duke.cabig.c3pr.domain.TreatmentEpoch.inclusionEligibilityCriteriaInternal -> eligibility_criteria
2007-11-07 13:57:46,077 INFO  org.hibernate.cfg.annotations.CollectionBinder : Mapping collection: edu.duke.cabig.c3pr.domain.TreatmentEpoch.stratificationCriteriaInternal -> strat_criteria
2007-11-07 13:57:46,077 INFO  org.hibernate.cfg.annotations.CollectionBinder : Mapping collection: edu.duke.cabig.c3pr.domain.TreatmentEpoch.exclusionEligibilityCriteriaInternal -> eligibility_criteria
2007-11-07 13:57:46,079 INFO  org.hibernate.cfg.annotations.CollectionBinder : Mapping collection: edu.duke.cabig.c3pr.domain.TreatmentEpoch.eligibilityCriteriaInternal -> eligibility_criteria
2007-11-07 13:57:46,084 INFO  org.hibernate.cfg.annotations.CollectionBinder : Mapping collection: edu.duke.cabig.c3pr.domain.TreatmentEpoch.armsInternal -> arms
2007-11-07 13:57:46,084 INFO  org.hibernate.cfg.annotations.CollectionBinder : Mapping collection: edu.duke.cabig.c3pr.domain.Study.studyAmendmentsInternal -> study_amendments
2007-11-07 13:57:46,086 INFO  org.hibernate.cfg.annotations.CollectionBinder : Mapping collection: edu.duke.cabig.c3pr.domain.Study.identifiers -> identifiers
2007-11-07 13:57:46,087 INFO  org.hibernate.cfg.annotations.CollectionBinder : Mapping collection: edu.duke.cabig.c3pr.domain.Study.studyOrganizations -> study_organizations
2007-11-07 13:57:46,088 INFO  org.hibernate.cfg.annotations.CollectionBinder : Mapping collection: edu.duke.cabig.c3pr.domain.Study.epochs -> epochs
2007-11-07 13:57:46,089 INFO  org.hibernate.cfg.annotations.CollectionBinder : Mapping collection: edu.duke.cabig.c3pr.domain.Study.studyDiseases -> study_diseases
2007-11-07 13:57:46,089 INFO  org.hibernate.cfg.annotations.CollectionBinder : Mapping collection: edu.duke.cabig.c3pr.domain.StudyOrganization.studyInvestigatorsInternal -> study_investigators
2007-11-07 13:57:46,090 INFO  org.hibernate.cfg.annotations.CollectionBinder : Mapping collection: edu.duke.cabig.c3pr.domain.StudyOrganization.studyPersonnelInternal -> study_personnel
2007-11-07 13:57:46,090 INFO  org.hibernate.cfg.annotations.CollectionBinder : Mapping collection: edu.duke.cabig.c3pr.domain.StudySite.studySubjects -> study_subjects
2007-11-07 13:57:46,095 INFO  org.hibernate.cfg.annotations.CollectionBinder : Mapping collection: edu.duke.cabig.c3pr.domain.HealthcareSite.studyOrganizations -> study_organizations
2007-11-07 13:57:46,095 INFO  org.hibernate.cfg.annotations.CollectionBinder : Mapping collection: edu.duke.cabig.c3pr.domain.HealthcareSite.identifiers -> identifiers
2007-11-07 13:57:46,097 INFO  org.hibernate.cfg.annotations.CollectionBinder : Mapping collection: edu.duke.cabig.c3pr.domain.HealthcareSite.healthcareSiteInvestigators -> hc_site_investigators
2007-11-07 13:57:46,099 INFO  org.hibernate.cfg.annotations.CollectionBinder : Mapping collection: edu.duke.cabig.c3pr.domain.HealthcareSite.researchStaffs -> research_staff
2007-11-07 13:57:46,099 INFO  org.hibernate.cfg.annotations.CollectionBinder : Mapping collection: edu.duke.cabig.c3pr.domain.HealthcareSiteInvestigator.studyInvestigators -> study_investigators
2007-11-07 13:57:46,100 INFO  org.hibernate.cfg.annotations.CollectionBinder : Mapping collection: edu.duke.cabig.c3pr.domain.Participant.studySubjects -> study_subjects
2007-11-07 13:57:46,104 INFO  org.hibernate.cfg.annotations.CollectionBinder : Mapping collection: edu.duke.cabig.c3pr.domain.ResearchStaff.studyPersonnels -> study_personnel
2007-11-07 13:57:46,104 INFO  org.hibernate.cfg.annotations.CollectionBinder : Mapping collection: edu.duke.cabig.c3pr.domain.Investigator.healthcareSiteInvestigatorsInternal -> hc_site_investigators
2007-11-07 13:57:46,105 INFO  org.hibernate.cfg.annotations.CollectionBinder : Mapping collection: edu.duke.cabig.c3pr.domain.DiseaseCategory.terms -> disease_terms
2007-11-07 13:57:46,109 INFO  org.hibernate.cfg.annotations.CollectionBinder : Mapping collection: edu.duke.cabig.c3pr.domain.DiseaseCategory.childCategories -> disease_categories
2007-11-07 13:57:46,110 INFO  org.hibernate.cfg.annotations.CollectionBinder : Mapping collection: edu.duke.cabig.c3pr.domain.StratumGroup.bookRandomizationEntryInternal -> book_rndm_entry
2007-11-07 13:57:46,426 INFO  org.hibernate.connection.ConnectionProviderFactory : Initializing connection provider: org.springframework.orm.hibernate3.LocalDataSourceConnectionProvider
AbandonedObjectPool is used (org.apache.commons.dbcp.AbandonedObjectPool@1270107)
   LogAbandoned: true
   RemoveAbandoned: true
   RemoveAbandonedTimeout: 300
2007-11-07 13:57:46,637 INFO  org.hibernate.cfg.SettingsFactory : RDBMS: PostgreSQL, version: 8.2.4
2007-11-07 13:57:46,639 INFO  org.hibernate.cfg.SettingsFactory : JDBC driver: PostgreSQL Native Driver, version: PostgreSQL 8.1 JDBC3 with SSL (build 407)
2007-11-07 13:57:46,667 INFO  org.hibernate.dialect.Dialect : Using dialect: org.hibernate.dialect.PostgreSQLDialect
2007-11-07 13:57:46,674 INFO  org.hibernate.transaction.TransactionFactoryFactory : Using default transaction strategy (direct JDBC transactions)
2007-11-07 13:57:46,677 INFO  org.hibernate.transaction.TransactionManagerLookupFactory : No TransactionManagerLookup configured (in JTA environment, use of read-write or transactional second-level cache is not recommended)
2007-11-07 13:57:46,677 INFO  org.hibernate.cfg.SettingsFactory : Automatic flush during beforeCompletion(): disabled
2007-11-07 13:57:46,677 INFO  org.hibernate.cfg.SettingsFactory : Automatic session close at end of transaction: disabled
2007-11-07 13:57:46,677 INFO  org.hibernate.cfg.SettingsFactory : JDBC batch size: 30
2007-11-07 13:57:46,677 INFO  org.hibernate.cfg.SettingsFactory : JDBC batch updates for versioned data: disabled
2007-11-07 13:57:46,678 INFO  org.hibernate.cfg.SettingsFactory : Scrollable result sets: enabled
2007-11-07 13:57:46,679 INFO  org.hibernate.cfg.SettingsFactory : JDBC3 getGeneratedKeys(): disabled
2007-11-07 13:57:46,679 INFO  org.hibernate.cfg.SettingsFactory : Connection release mode: on_close
2007-11-07 13:57:46,679 INFO  org.hibernate.cfg.SettingsFactory : Default batch fetch size: 1
2007-11-07 13:57:46,679 INFO  org.hibernate.cfg.SettingsFactory : Generate SQL with comments: disabled
2007-11-07 13:57:46,679 INFO  org.hibernate.cfg.SettingsFactory : Order SQL updates by primary key: disabled
2007-11-07 13:57:46,679 INFO  org.hibernate.cfg.SettingsFactory : Query translator: org.hibernate.hql.ast.ASTQueryTranslatorFactory
2007-11-07 13:57:46,687 INFO  org.hibernate.hql.ast.ASTQueryTranslatorFactory : Using ASTQueryTranslatorFactory
2007-11-07 13:57:46,688 INFO  org.hibernate.cfg.SettingsFactory : Query language substitutions: {no='N', true=1, yes='Y', false=0}
2007-11-07 13:57:46,688 INFO  org.hibernate.cfg.SettingsFactory : JPA-QL strict compliance: disabled
2007-11-07 13:57:46,688 INFO  org.hibernate.cfg.SettingsFactory : Second-level cache: enabled
2007-11-07 13:57:46,688 INFO  org.hibernate.cfg.SettingsFactory : Query cache: disabled
2007-11-07 13:57:46,689 INFO  org.hibernate.cfg.SettingsFactory : Cache provider: org.hibernate.cache.NoCacheProvider
2007-11-07 13:57:46,689 INFO  org.hibernate.cfg.SettingsFactory : Optimize cache for minimal puts: disabled
2007-11-07 13:57:46,689 INFO  org.hibernate.cfg.SettingsFactory : Structured second-level cache entries: disabled
2007-11-07 13:57:46,698 INFO  org.hibernate.cfg.SettingsFactory : Echoing all SQL to stdout
2007-11-07 13:57:46,698 INFO  org.hibernate.cfg.SettingsFactory : Statistics: disabled
2007-11-07 13:57:46,698 INFO  org.hibernate.cfg.SettingsFactory : Deleted entity synthetic identifier rollback: disabled
2007-11-07 13:57:46,699 INFO  org.hibernate.cfg.SettingsFactory : Default entity-mode: pojo
2007-11-07 13:57:46,737 INFO  org.hibernate.impl.SessionFactoryImpl : building session factory
2007-11-07 13:57:48,026 INFO  org.hibernate.impl.SessionFactoryObjectFactory : Not binding factory to JNDI, no JNDI name configured
2007-11-07 13:57:48,054 INFO  org.springframework.context.support.ClassPathXmlApplicationContext : Bean 'sessionFactory' is not eligible for getting processed by all BeanPostProcessors (for example: not eligible for auto-proxying)
2007-11-07 13:57:48,058 INFO  org.springframework.context.support.ClassPathXmlApplicationContext : Bean 'sessionFactory' is not eligible for getting processed by all BeanPostProcessors (for example: not eligible for auto-proxying)
2007-11-07 13:57:48,077 INFO  org.springframework.orm.hibernate3.HibernateTransactionManager : Using DataSource [org.apache.commons.dbcp.BasicDataSource@15151aa] of Hibernate SessionFactory for HibernateTransactionManager
2007-11-07 13:57:48,077 INFO  org.springframework.context.support.ClassPathXmlApplicationContext : Bean 'transactionManager' is not eligible for getting processed by all BeanPostProcessors (for example: not eligible for auto-proxying)
2007-11-07 13:57:48,084 INFO  org.springframework.context.support.ClassPathXmlApplicationContext : Bean '(inner bean)' is not eligible for getting processed by all BeanPostProcessors (for example: not eligible for auto-proxying)
2007-11-07 13:57:48,085 INFO  org.springframework.context.support.ClassPathXmlApplicationContext : Bean '(inner bean)' is not eligible for getting processed by all BeanPostProcessors (for example: not eligible for auto-proxying)
2007-11-07 13:57:48,085 INFO  org.springframework.context.support.ClassPathXmlApplicationContext : Bean 'org.springframework.transaction.interceptor.TransactionAttributeSourceAdvisor' is not eligible for getting processed by all BeanPostProcessors (for example: not eligible for auto-proxying)
2007-11-07 13:57:48,112 INFO  org.springframework.beans.factory.support.DefaultListableBeanFactory : Pre-instantiating singletons in org.springframework.beans.factory.support.DefaultListableBeanFactory@15d17d7: defining beans [transactionManager,c3prPropertyConfigurer,org.springframework.beans.factory.annotation.RequiredAnnotationBeanPostProcessor,sessionFactory,auditOpenSessionInViewInterceptor,auditSessionFactory,chainedInterceptor,auditInterceptor,dataAuditRepository,gridIdentifierInterceptor,hibernateTemplate,daoTemplate,openSessionInViewInterceptor,gridIdentifierCreator,studyValidator,studySiteValidator,epochValidator,armValidator,identifierValidator,participantValidator,org.springframework.aop.config.internalAutoProxyCreator,org.springframework.transaction.interceptor.TransactionAttributeSourceAdvisor,studyDao,studySubjectDao,studySiteDao,epochDao,scheduledEpochDao,armDao,participantDao,healthcareSiteDao,healthcareSiteInvestigatorDao,studyPersonnelDao,researchStaffDao,investigatorDao,diseaseCategoryDao,diseaseTermDao,studyInvestigatorDao,StratificationCriterionDao,anatomicSiteDao,organizationDao,stratificationAnswerDao,stratumGroupDao,studyService,participantService,studySubjectService,studyXMLImporterService,personnelService,organizationService,sitePrivilegeAndObjectIdGenerator,mailSender,confirmationEmailer,accountCreatedTemplateMessage,xmlUtility,xmlParser,c3prErrorMessages,multsiteErrorMessageSource,exceptionHelper,dataSourceTemplate,dataSource,hibernateProperties,auditHibernateProperties,csmApplicationContextName,ACCESS_PRIVILEGE,authorizationSwitch,booleanFromString,csmAuthorizationDao,csmUserProvisioningManager,csmAuthenticationManager]; root of factory hierarchy
2007-11-07 13:57:48,138 INFO  org.springframework.orm.hibernate3.annotation.AnnotationSessionFactoryBean : Building new Hibernate SessionFactory
2007-11-07 13:57:48,139 INFO  org.hibernate.cfg.AnnotationBinder : Binding entity from annotated class: gov.nih.nci.cabig.ctms.audit.domain.DataAuditEventValue
2007-11-07 13:57:48,140 INFO  org.hibernate.cfg.annotations.EntityBinder : Bind entity gov.nih.nci.cabig.ctms.audit.domain.DataAuditEventValue on table audit_event_values
2007-11-07 13:57:48,145 INFO  org.hibernate.cfg.AnnotationBinder : Binding entity from annotated class: gov.nih.nci.cabig.ctms.audit.domain.DataAuditEvent
2007-11-07 13:57:48,146 INFO  org.hibernate.cfg.annotations.EntityBinder : Bind entity gov.nih.nci.cabig.ctms.audit.domain.DataAuditEvent on table audit_events
2007-11-07 13:57:48,175 INFO  org.hibernate.cfg.annotations.CollectionBinder : Mapping collection: gov.nih.nci.cabig.ctms.audit.domain.DataAuditEvent.values -> audit_event_values
2007-11-07 13:57:48,201 INFO  org.hibernate.connection.ConnectionProviderFactory : Initializing connection provider: org.springframework.orm.hibernate3.LocalDataSourceConnectionProvider
2007-11-07 13:57:48,202 INFO  org.hibernate.cfg.SettingsFactory : RDBMS: PostgreSQL, version: 8.2.4
2007-11-07 13:57:48,202 INFO  org.hibernate.cfg.SettingsFactory : JDBC driver: PostgreSQL Native Driver, version: PostgreSQL 8.1 JDBC3 with SSL (build 407)
2007-11-07 13:57:48,204 INFO  org.hibernate.dialect.Dialect : Using dialect: edu.duke.cabig.c3pr.hibernate.ImprovedPostgreSQLDialect
2007-11-07 13:57:48,204 INFO  org.hibernate.transaction.TransactionFactoryFactory : Using default transaction strategy (direct JDBC transactions)
2007-11-07 13:57:48,204 INFO  org.hibernate.transaction.TransactionManagerLookupFactory : No TransactionManagerLookup configured (in JTA environment, use of read-write or transactional second-level cache is not recommended)
2007-11-07 13:57:48,205 INFO  org.hibernate.cfg.SettingsFactory : Automatic flush during beforeCompletion(): disabled
2007-11-07 13:57:48,205 INFO  org.hibernate.cfg.SettingsFactory : Automatic session close at end of transaction: disabled
2007-11-07 13:57:48,205 INFO  org.hibernate.cfg.SettingsFactory : JDBC batch size: 30
2007-11-07 13:57:48,206 INFO  org.hibernate.cfg.SettingsFactory : JDBC batch updates for versioned data: disabled
2007-11-07 13:57:48,207 INFO  org.hibernate.cfg.SettingsFactory : Scrollable result sets: enabled
2007-11-07 13:57:48,207 INFO  org.hibernate.cfg.SettingsFactory : JDBC3 getGeneratedKeys(): disabled
2007-11-07 13:57:48,207 INFO  org.hibernate.cfg.SettingsFactory : Connection release mode: on_close
2007-11-07 13:57:48,207 INFO  org.hibernate.cfg.SettingsFactory : Default batch fetch size: 1
2007-11-07 13:57:48,207 INFO  org.hibernate.cfg.SettingsFactory : Generate SQL with comments: disabled
2007-11-07 13:57:48,211 INFO  org.hibernate.cfg.SettingsFactory : Order SQL updates by primary key: disabled
2007-11-07 13:57:48,211 INFO  org.hibernate.cfg.SettingsFactory : Query translator: org.hibernate.hql.ast.ASTQueryTranslatorFactory
2007-11-07 13:57:48,211 INFO  org.hibernate.hql.ast.ASTQueryTranslatorFactory : Using ASTQueryTranslatorFactory
2007-11-07 13:57:48,212 INFO  org.hibernate.cfg.SettingsFactory : Query language substitutions: {no='N', true=1, yes='Y', false=0}
2007-11-07 13:57:48,212 INFO  org.hibernate.cfg.SettingsFactory : JPA-QL strict compliance: disabled
2007-11-07 13:57:48,217 INFO  org.hibernate.cfg.SettingsFactory : Second-level cache: enabled
2007-11-07 13:57:48,217 INFO  org.hibernate.cfg.SettingsFactory : Query cache: disabled
2007-11-07 13:57:48,217 INFO  org.hibernate.cfg.SettingsFactory : Cache provider: org.hibernate.cache.NoCacheProvider
2007-11-07 13:57:48,217 INFO  org.hibernate.cfg.SettingsFactory : Optimize cache for minimal puts: disabled
2007-11-07 13:57:48,219 INFO  org.hibernate.cfg.SettingsFactory : Structured second-level cache entries: disabled
2007-11-07 13:57:48,222 INFO  org.hibernate.cfg.SettingsFactory : Statistics: disabled
2007-11-07 13:57:48,222 INFO  org.hibernate.cfg.SettingsFactory : Deleted entity synthetic identifier rollback: disabled
2007-11-07 13:57:48,222 INFO  org.hibernate.cfg.SettingsFactory : Default entity-mode: pojo
2007-11-07 13:57:48,238 INFO  org.hibernate.impl.SessionFactoryImpl : building session factory
2007-11-07 13:57:48,270 INFO  org.hibernate.impl.SessionFactoryObjectFactory : Not binding factory to JNDI, no JNDI name configured
2007-11-07 13:57:48,573 WARN  org.springframework.aop.framework.Cglib2AopProxy : Unable to proxy method [public final void org.springframework.orm.hibernate3.support.HibernateDaoSupport.setSessionFactory(org.hibernate.SessionFactory)] because it is final: All calls to this method via a proxy will be routed directly to the proxy.
2007-11-07 13:57:48,574 WARN  org.springframework.aop.framework.Cglib2AopProxy : Unable to proxy method [public final org.hibernate.SessionFactory org.springframework.orm.hibernate3.support.HibernateDaoSupport.getSessionFactory()] because it is final: All calls to this method via a proxy will be routed directly to the proxy.
2007-11-07 13:57:48,574 WARN  org.springframework.aop.framework.Cglib2AopProxy : Unable to proxy method [public final void org.springframework.orm.hibernate3.support.HibernateDaoSupport.setHibernateTemplate(org.springframework.orm.hibernate3.HibernateTemplate)] because it is final: All calls to this method via a proxy will be routed directly to the proxy.
2007-11-07 13:57:48,576 WARN  org.springframework.aop.framework.Cglib2AopProxy : Unable to proxy method [public final org.springframework.orm.hibernate3.HibernateTemplate org.springframework.orm.hibernate3.support.HibernateDaoSupport.getHibernateTemplate()] because it is final: All calls to this method via a proxy will be routed directly to the proxy.
2007-11-07 13:57:48,576 WARN  org.springframework.aop.framework.Cglib2AopProxy : Unable to proxy method [public final void org.springframework.dao.support.DaoSupport.afterPropertiesSet() throws java.lang.IllegalArgumentException,org.springframework.beans.factory.BeanInitializationException] because it is final: All calls to this method via a proxy will be routed directly to the proxy.
2007-11-07 13:57:49,368 INFO  org.hibernate.cfg.HbmBinder : Mapping class: gov.nih.nci.security.authorization.domainobjects.Privilege -> CSM_PRIVILEGE
2007-11-07 13:57:49,425 INFO  org.hibernate.cfg.HbmBinder : Mapping class: gov.nih.nci.security.authorization.domainobjects.Application -> CSM_APPLICATION
2007-11-07 13:57:49,460 INFO  org.hibernate.cfg.HbmBinder : Mapping class: gov.nih.nci.security.authorization.domainobjects.Role -> CSM_ROLE
2007-11-07 13:57:49,462 INFO  org.hibernate.cfg.HbmBinder : Mapping collection: gov.nih.nci.security.authorization.domainobjects.Role.privileges -> CSM_ROLE_PRIVILEGE
2007-11-07 13:57:49,484 INFO  org.hibernate.cfg.HbmBinder : Mapping class: gov.nih.nci.security.dao.hibernate.RolePrivilege -> CSM_ROLE_PRIVILEGE
2007-11-07 13:57:49,507 INFO  org.hibernate.cfg.HbmBinder : Mapping class: gov.nih.nci.security.dao.hibernate.UserGroup -> CSM_USER_GROUP
2007-11-07 13:57:49,533 INFO  org.hibernate.cfg.HbmBinder : Mapping class: gov.nih.nci.security.dao.hibernate.ProtectionGroupProtectionElement -> CSM_PG_PE
2007-11-07 13:57:49,547 INFO  org.hibernate.cfg.HbmBinder : Mapping class: gov.nih.nci.security.authorization.domainobjects.Group -> CSM_GROUP
2007-11-07 13:57:49,548 INFO  org.hibernate.cfg.HbmBinder : Mapping collection: gov.nih.nci.security.authorization.domainobjects.Group.users -> CSM_USER_GROUP
2007-11-07 13:57:49,574 INFO  org.hibernate.cfg.HbmBinder : Mapping class: gov.nih.nci.security.authorization.domainobjects.User -> CSM_USER
2007-11-07 13:57:49,575 INFO  org.hibernate.cfg.HbmBinder : Mapping collection: gov.nih.nci.security.authorization.domainobjects.User.groups -> CSM_USER_GROUP
2007-11-07 13:57:49,598 INFO  org.hibernate.cfg.HbmBinder : Mapping class: gov.nih.nci.security.authorization.domainobjects.ProtectionGroup -> CSM_PROTECTION_GROUP
2007-11-07 13:57:49,599 INFO  org.hibernate.cfg.HbmBinder : Mapping collection: gov.nih.nci.security.authorization.domainobjects.ProtectionGroup.protectionElements -> CSM_PG_PE
2007-11-07 13:57:49,619 INFO  org.hibernate.cfg.HbmBinder : Mapping class: gov.nih.nci.security.authorization.domainobjects.ProtectionElement -> CSM_PROTECTION_ELEMENT
2007-11-07 13:57:49,620 INFO  org.hibernate.cfg.HbmBinder : Mapping collection: gov.nih.nci.security.authorization.domainobjects.ProtectionElement.protectionGroups -> CSM_PG_PE
2007-11-07 13:57:49,621 INFO  org.hibernate.cfg.HbmBinder : Mapping collection: gov.nih.nci.security.authorization.domainobjects.ProtectionElement.owners -> CSM_USER_PE
2007-11-07 13:57:49,637 INFO  org.hibernate.cfg.HbmBinder : Mapping class: gov.nih.nci.security.authorization.domainobjects.UserGroupRoleProtectionGroup -> CSM_USER_GROUP_ROLE_PG
2007-11-07 13:57:49,649 INFO  org.hibernate.cfg.HbmBinder : Mapping class: gov.nih.nci.security.authorization.domainobjects.UserProtectionElement -> CSM_USER_PE
2007-11-07 13:57:49,650 INFO  org.springframework.orm.hibernate3.LocalSessionFactoryBean : Building new Hibernate SessionFactory
2007-11-07 13:57:49,654 INFO  org.hibernate.connection.ConnectionProviderFactory : Initializing connection provider: org.springframework.orm.hibernate3.LocalDataSourceConnectionProvider
2007-11-07 13:57:49,654 INFO  org.hibernate.cfg.SettingsFactory : RDBMS: PostgreSQL, version: 8.2.4
2007-11-07 13:57:49,654 INFO  org.hibernate.cfg.SettingsFactory : JDBC driver: PostgreSQL Native Driver, version: PostgreSQL 8.1 JDBC3 with SSL (build 407)
2007-11-07 13:57:49,793 INFO  org.hibernate.dialect.Dialect : Using dialect: org.hibernate.dialect.PostgreSQLDialect
2007-11-07 13:57:49,795 INFO  org.hibernate.transaction.TransactionFactoryFactory : Using default transaction strategy (direct JDBC transactions)
2007-11-07 13:57:49,795 INFO  org.hibernate.transaction.TransactionManagerLookupFactory : No TransactionManagerLookup configured (in JTA environment, use of read-write or transactional second-level cache is not recommended)
2007-11-07 13:57:49,795 INFO  org.hibernate.cfg.SettingsFactory : Automatic flush during beforeCompletion(): disabled
2007-11-07 13:57:49,795 INFO  org.hibernate.cfg.SettingsFactory : Automatic session close at end of transaction: disabled
2007-11-07 13:57:49,795 INFO  org.hibernate.cfg.SettingsFactory : JDBC batch size: 30
2007-11-07 13:57:49,796 INFO  org.hibernate.cfg.SettingsFactory : JDBC batch updates for versioned data: disabled
2007-11-07 13:57:49,796 INFO  org.hibernate.cfg.SettingsFactory : Scrollable result sets: enabled
2007-11-07 13:57:49,796 INFO  org.hibernate.cfg.SettingsFactory : JDBC3 getGeneratedKeys(): disabled
2007-11-07 13:57:49,796 INFO  org.hibernate.cfg.SettingsFactory : Connection release mode: on_close
2007-11-07 13:57:49,796 INFO  org.hibernate.cfg.SettingsFactory : Default batch fetch size: 1
2007-11-07 13:57:49,796 INFO  org.hibernate.cfg.SettingsFactory : Generate SQL with comments: disabled
2007-11-07 13:57:49,800 INFO  org.hibernate.cfg.SettingsFactory : Order SQL updates by primary key: disabled
2007-11-07 13:57:49,800 INFO  org.hibernate.cfg.SettingsFactory : Query translator: org.hibernate.hql.ast.ASTQueryTranslatorFactory
2007-11-07 13:57:49,800 INFO  org.hibernate.hql.ast.ASTQueryTranslatorFactory : Using ASTQueryTranslatorFactory
2007-11-07 13:57:49,800 INFO  org.hibernate.cfg.SettingsFactory : Query language substitutions: {no='N', true=1, yes='Y', false=0}
2007-11-07 13:57:49,801 INFO  org.hibernate.cfg.SettingsFactory : JPA-QL strict compliance: disabled
2007-11-07 13:57:49,806 INFO  org.hibernate.cfg.SettingsFactory : Second-level cache: enabled
2007-11-07 13:57:49,806 INFO  org.hibernate.cfg.SettingsFactory : Query cache: disabled
2007-11-07 13:57:49,806 INFO  org.hibernate.cfg.SettingsFactory : Cache provider: org.hibernate.cache.NoCacheProvider
2007-11-07 13:57:49,806 INFO  org.hibernate.cfg.SettingsFactory : Optimize cache for minimal puts: disabled
2007-11-07 13:57:49,806 INFO  org.hibernate.cfg.SettingsFactory : Structured second-level cache entries: disabled
2007-11-07 13:57:49,811 INFO  org.hibernate.cfg.SettingsFactory : Echoing all SQL to stdout
2007-11-07 13:57:49,811 INFO  org.hibernate.cfg.SettingsFactory : Statistics: disabled
2007-11-07 13:57:49,812 INFO  org.hibernate.cfg.SettingsFactory : Deleted entity synthetic identifier rollback: disabled
2007-11-07 13:57:49,812 INFO  org.hibernate.cfg.SettingsFactory : Default entity-mode: pojo
2007-11-07 13:57:49,822 INFO  org.hibernate.impl.SessionFactoryImpl : building session factory
2007-11-07 13:57:49,943 INFO  org.hibernate.impl.SessionFactoryObjectFactory : Not binding factory to JNDI, no JNDI name configured
Hibernate: select applicatio0_.APPLICATION_ID as APPLICAT1_83_, applicatio0_.APPLICATION_NAME as APPLICAT2_83_, applicatio0_.APPLICATION_DESCRIPTION as APPLICAT3_83_, applicatio0_.ACTIVE_FLAG as ACTIVE4_83_, applicatio0_.DECLARATIVE_FLAG as DECLARAT5_83_, applicatio0_.UPDATE_DATE as UPDATE6_83_, applicatio0_.DATABASE_URL as DATABASE7_83_, applicatio0_.DATABASE_USER_NAME as DATABASE8_83_, applicatio0_.DATABASE_PASSWORD as DATABASE9_83_, applicatio0_.DATABASE_DIALECT as DATABASE10_83_, applicatio0_.DATABASE_DRIVER as DATABASE11_83_ from CSM_APPLICATION applicatio0_ where applicatio0_.APPLICATION_NAME='c3pr'
2007-11-07 13:57:51,078 INFO  edu.duke.cabig.c3pr.service.StudyXMLImporterTestCase : -- beginning DaoTestCase interceptor session --
Hibernate: select study0_.id as id0_0_, study0_.version as version0_0_, study0_.grid_id as grid3_0_0_, study0_.retired_indicator as retired4_0_0_, study0_.type as type0_0_, study0_.short_title_text as short6_0_0_, study0_.randomized_indicator as randomized7_0_0_, study0_.randomization_type as randomiz8_0_0_, study0_.status as status0_0_, study0_.multi_institution_indicator as multi10_0_0_, study0_.description_text as descrip11_0_0_, study0_.long_title_text as long12_0_0_, study0_.phase_code as phase13_0_0_, study0_.precis_text as precis14_0_0_, study0_.target_accrual_number as target15_0_0_, study0_.blinded_indicator as blinded16_0_0_, study0_.data_entry_status as data17_0_0_, study0_.consent_version as consent18_0_0_ from studies study0_ where study0_.id=?
Hibernate: select studyorgan0_.study_id as study13_3_, studyorgan0_.id as id3_, studyorgan0_.id as id3_2_, studyorgan0_.version as version3_2_, studyorgan0_.grid_id as grid4_3_2_, studyorgan0_.retired_indicator as retired5_3_2_, studyorgan0_.hcs_id as hcs12_3_2_, studyorgan0_.study_id as study13_3_2_, studyorgan0_.site_study_status as site6_3_2_, studyorgan0_.irb_approval_date as irb7_3_2_, studyorgan0_.start_date as start8_3_2_, studyorgan0_.target_accrual_number as target9_3_2_, studyorgan0_.role_code as role10_3_2_, studyorgan0_.end_date as end11_3_2_, studyorgan0_.type as type3_2_, healthcare1_.id as id4_0_, healthcare1_.version as version4_0_, healthcare1_.grid_id as grid3_4_0_, healthcare1_.retired_indicator as retired4_4_0_, healthcare1_.address_id as address8_4_0_, healthcare1_.name as name4_0_, healthcare1_.description_text as descript6_4_0_, healthcare1_.nci_institute_code as nci7_4_0_, address2_.id as id5_1_, address2_.version as version5_1_, address2_.grid_id as grid3_5_1_, address2_.retired_indicator as retired4_5_1_, address2_.street_address as street5_5_1_, address2_.city as city5_1_, address2_.state_code as state7_5_1_, address2_.postal_code as postal8_5_1_, address2_.country_code as country9_5_1_ from study_organizations studyorgan0_ inner join organizations healthcare1_ on studyorgan0_.hcs_id=healthcare1_.id left outer join addresses address2_ on healthcare1_.address_id=address2_.id where studyorgan0_.study_id=? order by studyorgan0_.id asc
Hibernate: select healthcare0_.id as id4_, healthcare0_.version as version4_, healthcare0_.grid_id as grid3_4_, healthcare0_.retired_indicator as retired4_4_, healthcare0_.address_id as address8_4_, healthcare0_.name as name4_, healthcare0_.description_text as descript6_4_, healthcare0_.nci_institute_code as nci7_4_ from organizations healthcare0_ where healthcare0_.nci_institute_code=?
Hibernate: select healthcare0_.id as id4_, healthcare0_.version as version4_, healthcare0_.grid_id as grid3_4_, healthcare0_.retired_indicator as retired4_4_, healthcare0_.address_id as address8_4_, healthcare0_.name as name4_, healthcare0_.description_text as descript6_4_, healthcare0_.nci_institute_code as nci7_4_ from organizations healthcare0_ where healthcare0_.nci_institute_code=?
Hibernate: select healthcare0_.id as id4_, healthcare0_.version as version4_, healthcare0_.grid_id as grid3_4_, healthcare0_.retired_indicator as retired4_4_, healthcare0_.address_id as address8_4_, healthcare0_.name as name4_, healthcare0_.description_text as descript6_4_, healthcare0_.nci_institute_code as nci7_4_ from organizations healthcare0_ where healthcare0_.nci_institute_code=?
2007-11-07 13:57:51,948 INFO  edu.duke.cabig.c3pr.service.StudyXMLImporterTestCase : -- beginning DaoTestCase interceptor session --
Inside getMapping

Hibernate: select identifier0_.stu_id as stu13_3_, identifier0_.id as id3_, identifier0_.id as id14_2_, identifier0_.version as version14_2_, identifier0_.grid_id as grid4_14_2_, identifier0_.retired_indicator as retired5_14_2_, identifier0_.value as value14_2_, identifier0_.type as type14_2_, identifier0_.primary_indicator as primary8_14_2_, identifier0_.system_name as system9_14_2_, identifier0_.hcs_id as hcs10_14_2_, identifier0_.dtype as dtype14_2_, healthcare1_.id as id4_0_, healthcare1_.version as version4_0_, healthcare1_.grid_id as grid3_4_0_, healthcare1_.retired_indicator as retired4_4_0_, healthcare1_.address_id as address8_4_0_, healthcare1_.name as name4_0_, healthcare1_.description_text as descript6_4_0_, healthcare1_.nci_institute_code as nci7_4_0_, address2_.id as id5_1_, address2_.version as version5_1_, address2_.grid_id as grid3_5_1_, address2_.retired_indicator as retired4_5_1_, address2_.street_address as street5_5_1_, address2_.city as city5_1_, address2_.state_code as state7_5_1_, address2_.postal_code as postal8_5_1_, address2_.country_code as country9_5_1_ from identifiers identifier0_ left outer join organizations healthcare1_ on identifier0_.hcs_id=healthcare1_.id left outer join addresses address2_ on healthcare1_.address_id=address2_.id where  ( identifier0_.retired_indicator  = 'false')  and identifier0_.stu_id=? order by identifier0_.id asc
Hibernate: select epochs0_.stu_id as stu15_2_, epochs0_.id as id2_, epochs0_.id as id1_1_, epochs0_.version as version1_1_, epochs0_.grid_id as grid4_1_1_, epochs0_.retired_indicator as retired5_1_1_, epochs0_.name as name1_1_, epochs0_.stu_id as stu15_1_1_, epochs0_.description_text as descript7_1_1_, epochs0_.epoch_order as epoch8_1_1_, epochs0_.accrual_ceiling as accrual9_1_1_, epochs0_.enrollment_indicator as enrollment10_1_1_, epochs0_.reservation_indicator as reserva11_1_1_, epochs0_.accrual_indicator as accrual12_1_1_, epochs0_.randomized_indicator as randomized13_1_1_, epochs0_.rndm_id as rndm14_1_1_, epochs0_.type as type1_1_, randomizat1_.id as id29_0_, randomizat1_.version as version29_0_, randomizat1_.grid_id as grid4_29_0_, randomizat1_.retired_indicator as retired5_29_0_, randomizat1_.callout_url as callout6_29_0_, randomizat1_.phone_number as phone7_29_0_, randomizat1_.dtype as dtype29_0_ from epochs epochs0_ left outer join randomizations randomizat1_ on epochs0_.rndm_id=randomizat1_.id where  ( epochs0_.retired_indicator  = 'false')  and epochs0_.stu_id=? order by epochs0_.epoch_order asc
Hibernate: select armsintern0_.eph_id as eph8_1_, armsintern0_.id as id1_, armsintern0_.id as id2_0_, armsintern0_.version as version2_0_, armsintern0_.grid_id as grid3_2_0_, armsintern0_.retired_indicator as retired4_2_0_, armsintern0_.name as name2_0_, armsintern0_.description_text as descript6_2_0_, armsintern0_.target_accrual_number as target7_2_0_, armsintern0_.eph_id as eph8_2_0_ from arms armsintern0_ where  ( armsintern0_.retired_indicator  = 'false')  and armsintern0_.eph_id=?
Hibernate: select eligibilit0_.eph_id as eph9_1_, eligibilit0_.id as id1_, eligibilit0_.id as id15_0_, eligibilit0_.version as version15_0_, eligibilit0_.grid_id as grid4_15_0_, eligibilit0_.retired_indicator as retired5_15_0_, eligibilit0_.not_applicable_indicator as not6_15_0_, eligibilit0_.question_number as question7_15_0_, eligibilit0_.question_text as question8_15_0_, eligibilit0_.dtype as dtype15_0_ from eligibility_criteria eligibilit0_ where  ( eligibilit0_.retired_indicator  = 'false')  and eligibilit0_.eph_id=?
Hibernate: select stratifica0_.eph_id as eph7_1_, stratifica0_.id as id1_, stratifica0_.id as id20_0_, stratifica0_.version as version20_0_, stratifica0_.grid_id as grid3_20_0_, stratifica0_.retired_indicator as retired4_20_0_, stratifica0_.question_number as question5_20_0_, stratifica0_.question_text as question6_20_0_ from strat_criteria stratifica0_ where  ( stratifica0_.retired_indicator  = 'false')  and stratifica0_.eph_id=?
Hibernate: select armsintern0_.eph_id as eph8_1_, armsintern0_.id as id1_, armsintern0_.id as id2_0_, armsintern0_.version as version2_0_, armsintern0_.grid_id as grid3_2_0_, armsintern0_.retired_indicator as retired4_2_0_, armsintern0_.name as name2_0_, armsintern0_.description_text as descript6_2_0_, armsintern0_.target_accrual_number as target7_2_0_, armsintern0_.eph_id as eph8_2_0_ from arms armsintern0_ where  ( armsintern0_.retired_indicator  = 'false')  and armsintern0_.eph_id=?
Hibernate: select eligibilit0_.eph_id as eph9_1_, eligibilit0_.id as id1_, eligibilit0_.id as id15_0_, eligibilit0_.version as version15_0_, eligibilit0_.grid_id as grid4_15_0_, eligibilit0_.retired_indicator as retired5_15_0_, eligibilit0_.not_applicable_indicator as not6_15_0_, eligibilit0_.question_number as question7_15_0_, eligibilit0_.question_text as question8_15_0_, eligibilit0_.dtype as dtype15_0_ from eligibility_criteria eligibilit0_ where  ( eligibilit0_.retired_indicator  = 'false')  and eligibilit0_.eph_id=?
Hibernate: select stratifica0_.eph_id as eph7_1_, stratifica0_.id as id1_, stratifica0_.id as id20_0_, stratifica0_.version as version20_0_, stratifica0_.grid_id as grid3_20_0_, stratifica0_.retired_indicator as retired4_20_0_, stratifica0_.question_number as question5_20_0_, stratifica0_.question_text as question6_20_0_ from strat_criteria stratifica0_ where  ( stratifica0_.retired_indicator  = 'false')  and stratifica0_.eph_id=?
Hibernate: select armsintern0_.eph_id as eph8_1_, armsintern0_.id as id1_, armsintern0_.id as id2_0_, armsintern0_.version as version2_0_, armsintern0_.grid_id as grid3_2_0_, armsintern0_.retired_indicator as retired4_2_0_, armsintern0_.name as name2_0_, armsintern0_.description_text as descript6_2_0_, armsintern0_.target_accrual_number as target7_2_0_, armsintern0_.eph_id as eph8_2_0_ from arms armsintern0_ where  ( armsintern0_.retired_indicator  = 'false')  and armsintern0_.eph_id=?
Hibernate: select eligibilit0_.eph_id as eph9_1_, eligibilit0_.id as id1_, eligibilit0_.id as id15_0_, eligibilit0_.version as version15_0_, eligibilit0_.grid_id as grid4_15_0_, eligibilit0_.retired_indicator as retired5_15_0_, eligibilit0_.not_applicable_indicator as not6_15_0_, eligibilit0_.question_number as question7_15_0_, eligibilit0_.question_text as question8_15_0_, eligibilit0_.dtype as dtype15_0_ from eligibility_criteria eligibilit0_ where  ( eligibilit0_.retired_indicator  = 'false')  and eligibilit0_.eph_id=?
Hibernate: select stratifica0_.eph_id as eph7_1_, stratifica0_.id as id1_, stratifica0_.id as id20_0_, stratifica0_.version as version20_0_, stratifica0_.grid_id as grid3_20_0_, stratifica0_.retired_indicator as retired4_20_0_, stratifica0_.question_number as question5_20_0_, stratifica0_.question_text as question6_20_0_ from strat_criteria stratifica0_ where  ( stratifica0_.retired_indicator  = 'false')  and stratifica0_.eph_id=?
Hibernate: select armsintern0_.eph_id as eph8_1_, armsintern0_.id as id1_, armsintern0_.id as id2_0_, armsintern0_.version as version2_0_, armsintern0_.grid_id as grid3_2_0_, armsintern0_.retired_indicator as retired4_2_0_, armsintern0_.name as name2_0_, armsintern0_.description_text as descript6_2_0_, armsintern0_.target_accrual_number as target7_2_0_, armsintern0_.eph_id as eph8_2_0_ from arms armsintern0_ where  ( armsintern0_.retired_indicator  = 'false')  and armsintern0_.eph_id=?
Hibernate: select eligibilit0_.eph_id as eph9_1_, eligibilit0_.id as id1_, eligibilit0_.id as id15_0_, eligibilit0_.version as version15_0_, eligibilit0_.grid_id as grid4_15_0_, eligibilit0_.retired_indicator as retired5_15_0_, eligibilit0_.not_applicable_indicator as not6_15_0_, eligibilit0_.question_number as question7_15_0_, eligibilit0_.question_text as question8_15_0_, eligibilit0_.dtype as dtype15_0_ from eligibility_criteria eligibilit0_ where  ( eligibilit0_.retired_indicator  = 'false')  and eligibilit0_.eph_id=?
Hibernate: select stratifica0_.eph_id as eph7_1_, stratifica0_.id as id1_, stratifica0_.id as id20_0_, stratifica0_.version as version20_0_, stratifica0_.grid_id as grid3_20_0_, stratifica0_.retired_indicator as retired4_20_0_, stratifica0_.question_number as question5_20_0_, stratifica0_.question_text as question6_20_0_ from strat_criteria stratifica0_ where  ( stratifica0_.retired_indicator  = 'false')  and stratifica0_.eph_id=?
<?xml version="1.0" encoding="UTF-8"?>
<study xmlns="gme://c3pr.cabig/2.0/edu.duke.cabig.c3pr.domain" version="1"><blindedIndicator>true</blindedIndicator><multiInstitutionIndicator>true</multiInstitutionIndicator><randomizedIndicator>true</randomizedIndicator><shortTitleText>short_title_text</shortTitleText><longTitleText>long_title_text</longTitleText><descriptionText>description</descriptionText><precisText>precis_text</precisText><phaseCode>Ph</phaseCode><dataEntryStatus>COMPLETE</dataEntryStatus><coordinatingCenterStudyStatus>ACTIVE</coordinatingCenterStudyStatus><type>ty</type><targetAccrualNumber>123</targetAccrualNumber><systemAssignedIdentifier><type>local</type><value>nci</value><primaryIndicator>false</primaryIndicator><systemName>nci</systemName></systemAssignedIdentifier><treatmentEpoch><name>Treatment1000</name><descriptionText>treatement desc</descriptionText><arm><name>Arm 1000</name><descriptionText>Arm 1000 desc</descriptionText><targetAccrualNumber>1000</targetAccrualNumber></arm><arm><name>Arm 1001</name><descriptionText>Arm 1001 desc</descriptionText><targetAccrualNumber>1001</targetAccrualNumber></arm><incCriteria><questionNumber>1</questionNumber><questionText>inclusion question 1</questionText></incCriteria><incCriteria><questionNumber>2</questionNumber><questionText>inclusion question 2</questionText></incCriteria><excCriteria><questionNumber>3</questionNumber><questionText>exclusion question 1</questionText></excCriteria></treatmentEpoch><nonTreatmentEpoch><name>NonTreatment1004</name><descriptionText>non treatement desc</descriptionText><accrualCeiling>0</accrualCeiling></nonTreatmentEpoch><treatmentEpoch><name>Treatment1003</name><descriptionText>cancer desc</descriptionText><arm><name>Arm 1006</name><descriptionText>Arm 1006 desc</descriptionText><targetAccrualNumber>1006</targetAccrualNumber></arm><arm><name>Arm 1007</name><descriptionText>Arm 1007 desc</descriptionText><targetAccrualNumber>1007</targetAccrualNumber></arm></treatmentEpoch><nonTreatmentEpoch><name>NonTreatment1005</name><descriptionText>non treatment cancer desc</descriptionText><accrualCeiling>0</accrualCeiling></nonTreatmentEpoch><treatmentEpoch><name>Treatment1001</name><descriptionText>cancer desc</descriptionText><arm><name>Arm 1002</name><descriptionText>Arm 1002 desc</descriptionText><targetAccrualNumber>1002</targetAccrualNumber></arm><arm><name>Arm 1003</name><descriptionText>Arm 1003 desc</descriptionText><targetAccrualNumber>1003</targetAccrualNumber></arm></treatmentEpoch><treatmentEpoch><name>Treatment1002</name><descriptionText>treatement desc</descriptionText><arm><name>Arm 1004</name><descriptionText>Arm 1004 desc</descriptionText><targetAccrualNumber>1004</targetAccrualNumber></arm><arm><name>Arm 1005</name><descriptionText>Arm 1005 desc</descriptionText><targetAccrualNumber>1005</targetAccrualNumber></arm></treatmentEpoch><studySite><healthcareSite><name>duke healthcare</name><descriptionText>duke healthcare</descriptionText><address><streetAddress>12359 sunrise valley drive</streetAddress><city>Reston</city><stateCode>VA</stateCode><postalCode>20191</postalCode><countryCode>USA</countryCode></address><nciInstituteCode>code</nciInstituteCode></healthcareSite><irbApprovalDate>0006-06-23</irbApprovalDate><roleCode>role</roleCode><startDate>0006-06-24</startDate><endDate>0006-06-25</endDate></studySite><studyFundingSponsor><healthcareSite><name>National Cancer Institute</name><descriptionText>National Cancer Institute</descriptionText><address><streetAddress>Coppermine Dr</streetAddress><city>Herndon</city><stateCode>VA</stateCode><postalCode>20171</postalCode><countryCode>USA</countryCode></address><nciInstituteCode>code</nciInstituteCode></healthcareSite></studyFundingSponsor><studyCoordinatingCenter><healthcareSite><name>CALGB</name><descriptionText>CALGB</descriptionText><address><streetAddress>12359 sunrise valley drive</streetAddress><city>Reston</city><stateCode>VA</stateCode><postalCode>20191</postalCode><countryCode>USA</countryCode></address><nciInstituteCode>code</nciInstituteCode></healthcareSite></studyCoordinatingCenter></study>
Hibernate: select healthcare0_.id as id4_, healthcare0_.version as version4_, healthcare0_.grid_id as grid3_4_, healthcare0_.retired_indicator as retired4_4_, healthcare0_.address_id as address8_4_, healthcare0_.name as name4_, healthcare0_.description_text as descript6_4_, healthcare0_.nci_institute_code as nci7_4_ from organizations healthcare0_ where healthcare0_.nci_institute_code=?
Hibernate: select healthcare0_.id as id4_, healthcare0_.version as version4_, healthcare0_.grid_id as grid3_4_, healthcare0_.retired_indicator as retired4_4_, healthcare0_.address_id as address8_4_, healthcare0_.name as name4_, healthcare0_.description_text as descript6_4_, healthcare0_.nci_institute_code as nci7_4_ from organizations healthcare0_ where healthcare0_.nci_institute_code=?
Hibernate: select healthcare0_.id as id4_, healthcare0_.version as version4_, healthcare0_.grid_id as grid3_4_, healthcare0_.retired_indicator as retired4_4_, healthcare0_.address_id as address8_4_, healthcare0_.name as name4_, healthcare0_.description_text as descript6_4_, healthcare0_.nci_institute_code as nci7_4_ from organizations healthcare0_ where healthcare0_.nci_institute_code=?
Hibernate: select healthcare0_.id as id4_, healthcare0_.version as version4_, healthcare0_.grid_id as grid3_4_, healthcare0_.retired_indicator as retired4_4_, healthcare0_.address_id as address8_4_, healthcare0_.name as name4_, healthcare0_.description_text as descript6_4_, healthcare0_.nci_institute_code as nci7_4_ from organizations healthcare0_ where healthcare0_.nci_institute_code=?
Hibernate: select healthcare0_.id as id4_, healthcare0_.version as version4_, healthcare0_.grid_id as grid3_4_, healthcare0_.retired_indicator as retired4_4_, healthcare0_.address_id as address8_4_, healthcare0_.name as name4_, healthcare0_.description_text as descript6_4_, healthcare0_.nci_institute_code as nci7_4_ from organizations healthcare0_ where healthcare0_.nci_institute_code=?
Hibernate: select healthcare0_.id as id4_, healthcare0_.version as version4_, healthcare0_.grid_id as grid3_4_, healthcare0_.retired_indicator as retired4_4_, healthcare0_.address_id as address8_4_, healthcare0_.name as name4_, healthcare0_.description_text as descript6_4_, healthcare0_.nci_institute_code as nci7_4_ from organizations healthcare0_ where healthcare0_.nci_institute_code=?
Hibernate: select nextval ('STUDIES_ID_SEQ')
Hibernate: select nextval ('STUDY_ORGANIZATIONS_ID_SEQ')
Hibernate: select nextval ('STUDY_ORGANIZATIONS_ID_SEQ')
Hibernate: select nextval ('STUDY_ORGANIZATIONS_ID_SEQ')
Hibernate: select nextval ('IDENTIFIERS_ID_SEQ')
Hibernate: select nextval ('EPOCHS_ID_SEQ')
Hibernate: select nextval ('ARMS_ID_SEQ')
Hibernate: select nextval ('ARMS_ID_SEQ')
Hibernate: select nextval ('ELIGIBILITY_CRITERIA_ID_SEQ')
Hibernate: select nextval ('ELIGIBILITY_CRITERIA_ID_SEQ')
Hibernate: select nextval ('ELIGIBILITY_CRITERIA_ID_SEQ')
Hibernate: select nextval ('EPOCHS_ID_SEQ')
Hibernate: select nextval ('EPOCHS_ID_SEQ')
Hibernate: select nextval ('ARMS_ID_SEQ')
Hibernate: select nextval ('ARMS_ID_SEQ')
Hibernate: select nextval ('EPOCHS_ID_SEQ')
Hibernate: select nextval ('EPOCHS_ID_SEQ')
Hibernate: select nextval ('ARMS_ID_SEQ')
Hibernate: select nextval ('ARMS_ID_SEQ')
Hibernate: select nextval ('EPOCHS_ID_SEQ')
Hibernate: select nextval ('ARMS_ID_SEQ')
Hibernate: select nextval ('ARMS_ID_SEQ')
Hibernate: insert into studies (version, grid_id, retired_indicator, type, short_title_text, randomized_indicator, randomization_type, status, multi_institution_indicator, description_text, long_title_text, phase_code, precis_text, target_accrual_number, blinded_indicator, data_entry_status, consent_version, id) values (?, ?, ?, ?, ?, ?, ?, ?, ?, ?, ?, ?, ?, ?, ?, ?, ?, ?)
Hibernate: insert into study_organizations (version, grid_id, retired_indicator, hcs_id, study_id, site_study_status, irb_approval_date, start_date, target_accrual_number, role_code, end_date, type, id) values (?, ?, ?, ?, ?, ?, ?, ?, ?, ?, ?, 'SST', ?)
Hibernate: insert into study_organizations (version, grid_id, retired_indicator, hcs_id, study_id, type, id) values (?, ?, ?, ?, ?, 'SFS', ?)
Hibernate: insert into study_organizations (version, grid_id, retired_indicator, hcs_id, study_id, type, id) values (?, ?, ?, ?, ?, 'SCC', ?)
Hibernate: insert into identifiers (version, grid_id, retired_indicator, value, type, primary_indicator, system_name, dtype, id) values (?, ?, ?, ?, ?, ?, ?, 'SAI', ?)
Hibernate: insert into epochs (version, grid_id, retired_indicator, name, stu_id, description_text, epoch_order, randomized_indicator, rndm_id, type, id) values (?, ?, ?, ?, ?, ?, ?, ?, ?, 'TREATMENT', ?)
Hibernate: insert into arms (version, grid_id, retired_indicator, name, description_text, target_accrual_number, eph_id, id) values (?, ?, ?, ?, ?, ?, ?, ?)
Hibernate: insert into arms (version, grid_id, retired_indicator, name, description_text, target_accrual_number, eph_id, id) values (?, ?, ?, ?, ?, ?, ?, ?)
Hibernate: insert into eligibility_criteria (version, grid_id, retired_indicator, not_applicable_indicator, question_number, question_text, dtype, id) values (?, ?, ?, ?, ?, ?, 'I', ?)
Hibernate: insert into eligibility_criteria (version, grid_id, retired_indicator, not_applicable_indicator, question_number, question_text, dtype, id) values (?, ?, ?, ?, ?, ?, 'I', ?)
Hibernate: insert into eligibility_criteria (version, grid_id, retired_indicator, not_applicable_indicator, question_number, question_text, dtype, id) values (?, ?, ?, ?, ?, ?, 'E', ?)
Hibernate: insert into epochs (version, grid_id, retired_indicator, name, stu_id, description_text, epoch_order, accrual_ceiling, enrollment_indicator, reservation_indicator, accrual_indicator, type, id) values (?, ?, ?, ?, ?, ?, ?, ?, ?, ?, ?, 'NON-TREATMENT', ?)
Hibernate: insert into epochs (version, grid_id, retired_indicator, name, stu_id, description_text, epoch_order, randomized_indicator, rndm_id, type, id) values (?, ?, ?, ?, ?, ?, ?, ?, ?, 'TREATMENT', ?)
Hibernate: insert into arms (version, grid_id, retired_indicator, name, description_text, target_accrual_number, eph_id, id) values (?, ?, ?, ?, ?, ?, ?, ?)
Hibernate: insert into arms (version, grid_id, retired_indicator, name, description_text, target_accrual_number, eph_id, id) values (?, ?, ?, ?, ?, ?, ?, ?)
Hibernate: insert into epochs (version, grid_id, retired_indicator, name, stu_id, description_text, epoch_order, accrual_ceiling, enrollment_indicator, reservation_indicator, accrual_indicator, type, id) values (?, ?, ?, ?, ?, ?, ?, ?, ?, ?, ?, 'NON-TREATMENT', ?)
Hibernate: insert into epochs (version, grid_id, retired_indicator, name, stu_id, description_text, epoch_order, randomized_indicator, rndm_id, type, id) values (?, ?, ?, ?, ?, ?, ?, ?, ?, 'TREATMENT', ?)
Hibernate: insert into arms (version, grid_id, retired_indicator, name, description_text, target_accrual_number, eph_id, id) values (?, ?, ?, ?, ?, ?, ?, ?)
Hibernate: insert into arms (version, grid_id, retired_indicator, name, description_text, target_accrual_number, eph_id, id) values (?, ?, ?, ?, ?, ?, ?, ?)
Hibernate: insert into epochs (version, grid_id, retired_indicator, name, stu_id, description_text, epoch_order, randomized_indicator, rndm_id, type, id) values (?, ?, ?, ?, ?, ?, ?, ?, ?, 'TREATMENT', ?)
Hibernate: insert into arms (version, grid_id, retired_indicator, name, description_text, target_accrual_number, eph_id, id) values (?, ?, ?, ?, ?, ?, ?, ?)
Hibernate: insert into arms (version, grid_id, retired_indicator, name, description_text, target_accrual_number, eph_id, id) values (?, ?, ?, ?, ?, ?, ?, ?)
Hibernate: update identifiers set version=?, grid_id=?, retired_indicator=?, value=?, type=?, primary_indicator=?, system_name=? where id=? and version=?
Hibernate: update identifiers set stu_id=? where id=?
Hibernate: update arms set eph_id=? where id=?
Hibernate: update arms set eph_id=? where id=?
Hibernate: update eligibility_criteria set eph_id=? where id=?
Hibernate: update eligibility_criteria set eph_id=? where id=?
Hibernate: update eligibility_criteria set eph_id=? where id=?
Hibernate: update arms set eph_id=? where id=?
Hibernate: update arms set eph_id=? where id=?
Hibernate: update arms set eph_id=? where id=?
Hibernate: update arms set eph_id=? where id=?
Hibernate: update arms set eph_id=? where id=?
Hibernate: update arms set eph_id=? where id=?
Hibernate: select study0_.id as id0_, study0_.version as version0_, study0_.grid_id as grid3_0_, study0_.retired_indicator as retired4_0_, study0_.type as type0_, study0_.short_title_text as short6_0_, study0_.randomized_indicator as randomized7_0_, study0_.randomization_type as randomiz8_0_, study0_.status as status0_, study0_.multi_institution_indicator as multi10_0_, study0_.description_text as descrip11_0_, study0_.long_title_text as long12_0_, study0_.phase_code as phase13_0_, study0_.precis_text as precis14_0_, study0_.target_accrual_number as target15_0_, study0_.blinded_indicator as blinded16_0_, study0_.data_entry_status as data17_0_, study0_.consent_version as consent18_0_ from studies study0_ where study0_.grid_id=?
Hibernate: select healthcare0_.id as id4_, healthcare0_.version as version4_, healthcare0_.grid_id as grid3_4_, healthcare0_.retired_indicator as retired4_4_, healthcare0_.address_id as address8_4_, healthcare0_.name as name4_, healthcare0_.description_text as descript6_4_, healthcare0_.nci_institute_code as nci7_4_ from organizations healthcare0_ where healthcare0_.nci_institute_code=?
Hibernate: select healthcare0_.id as id4_, healthcare0_.version as version4_, healthcare0_.grid_id as grid3_4_, healthcare0_.retired_indicator as retired4_4_, healthcare0_.address_id as address8_4_, healthcare0_.name as name4_, healthcare0_.description_text as descript6_4_, healthcare0_.nci_institute_code as nci7_4_ from organizations healthcare0_ where healthcare0_.nci_institute_code=?
Hibernate: select healthcare0_.id as id4_, healthcare0_.version as version4_, healthcare0_.grid_id as grid3_4_, healthcare0_.retired_indicator as retired4_4_, healthcare0_.address_id as address8_4_, healthcare0_.name as name4_, healthcare0_.description_text as descript6_4_, healthcare0_.nci_institute_code as nci7_4_ from organizations healthcare0_ where healthcare0_.nci_institute_code=?
Hibernate: select healthcare0_.id as id4_, healthcare0_.version as version4_, healthcare0_.grid_id as grid3_4_, healthcare0_.retired_indicator as retired4_4_, healthcare0_.address_id as address8_4_, healthcare0_.name as name4_, healthcare0_.description_text as descript6_4_, healthcare0_.nci_institute_code as nci7_4_ from organizations healthcare0_ where healthcare0_.nci_institute_code=?
Hibernate: select healthcare0_.id as id4_, healthcare0_.version as version4_, healthcare0_.grid_id as grid3_4_, healthcare0_.retired_indicator as retired4_4_, healthcare0_.address_id as address8_4_, healthcare0_.name as name4_, healthcare0_.description_text as descript6_4_, healthcare0_.nci_institute_code as nci7_4_ from organizations healthcare0_ where healthcare0_.nci_institute_code=?
Hibernate: select healthcare0_.id as id4_, healthcare0_.version as version4_, healthcare0_.grid_id as grid3_4_, healthcare0_.retired_indicator as retired4_4_, healthcare0_.address_id as address8_4_, healthcare0_.name as name4_, healthcare0_.description_text as descript6_4_, healthcare0_.nci_institute_code as nci7_4_ from organizations healthcare0_ where healthcare0_.nci_institute_code=?
Hibernate: select nextval ('STUDIES_ID_SEQ')
Hibernate: select nextval ('STUDY_ORGANIZATIONS_ID_SEQ')
Hibernate: select nextval ('STUDY_ORGANIZATIONS_ID_SEQ')
Hibernate: select nextval ('STUDY_ORGANIZATIONS_ID_SEQ')
Hibernate: select nextval ('IDENTIFIERS_ID_SEQ')
Hibernate: select nextval ('EPOCHS_ID_SEQ')
Hibernate: select nextval ('ARMS_ID_SEQ')
Hibernate: select nextval ('ARMS_ID_SEQ')
Hibernate: select nextval ('ELIGIBILITY_CRITERIA_ID_SEQ')
Hibernate: select nextval ('ELIGIBILITY_CRITERIA_ID_SEQ')
Hibernate: select nextval ('ELIGIBILITY_CRITERIA_ID_SEQ')
Hibernate: select nextval ('EPOCHS_ID_SEQ')
Hibernate: select nextval ('EPOCHS_ID_SEQ')
Hibernate: select nextval ('ARMS_ID_SEQ')
Hibernate: select nextval ('ARMS_ID_SEQ')
Hibernate: select nextval ('EPOCHS_ID_SEQ')
Hibernate: select nextval ('EPOCHS_ID_SEQ')
Hibernate: select nextval ('ARMS_ID_SEQ')
Hibernate: select nextval ('ARMS_ID_SEQ')
Hibernate: select nextval ('EPOCHS_ID_SEQ')
Hibernate: select nextval ('ARMS_ID_SEQ')
Hibernate: select nextval ('ARMS_ID_SEQ')
Hibernate: insert into studies (version, grid_id, retired_indicator, type, short_title_text, randomized_indicator, randomization_type, status, multi_institution_indicator, description_text, long_title_text, phase_code, precis_text, target_accrual_number, blinded_indicator, data_entry_status, consent_version, id) values (?, ?, ?, ?, ?, ?, ?, ?, ?, ?, ?, ?, ?, ?, ?, ?, ?, ?)
Hibernate: insert into study_organizations (version, grid_id, retired_indicator, hcs_id, study_id, site_study_status, irb_approval_date, start_date, target_accrual_number, role_code, end_date, type, id) values (?, ?, ?, ?, ?, ?, ?, ?, ?, ?, ?, 'SST', ?)
Hibernate: insert into study_organizations (version, grid_id, retired_indicator, hcs_id, study_id, type, id) values (?, ?, ?, ?, ?, 'SFS', ?)
Hibernate: insert into study_organizations (version, grid_id, retired_indicator, hcs_id, study_id, type, id) values (?, ?, ?, ?, ?, 'SCC', ?)
Hibernate: insert into identifiers (version, grid_id, retired_indicator, value, type, primary_indicator, system_name, dtype, id) values (?, ?, ?, ?, ?, ?, ?, 'SAI', ?)
Hibernate: insert into epochs (version, grid_id, retired_indicator, name, stu_id, description_text, epoch_order, randomized_indicator, rndm_id, type, id) values (?, ?, ?, ?, ?, ?, ?, ?, ?, 'TREATMENT', ?)
Hibernate: insert into arms (version, grid_id, retired_indicator, name, description_text, target_accrual_number, eph_id, id) values (?, ?, ?, ?, ?, ?, ?, ?)
Hibernate: insert into arms (version, grid_id, retired_indicator, name, description_text, target_accrual_number, eph_id, id) values (?, ?, ?, ?, ?, ?, ?, ?)
Hibernate: insert into eligibility_criteria (version, grid_id, retired_indicator, not_applicable_indicator, question_number, question_text, dtype, id) values (?, ?, ?, ?, ?, ?, 'I', ?)
Hibernate: insert into eligibility_criteria (version, grid_id, retired_indicator, not_applicable_indicator, question_number, question_text, dtype, id) values (?, ?, ?, ?, ?, ?, 'I', ?)
Hibernate: insert into eligibility_criteria (version, grid_id, retired_indicator, not_applicable_indicator, question_number, question_text, dtype, id) values (?, ?, ?, ?, ?, ?, 'E', ?)
Hibernate: insert into epochs (version, grid_id, retired_indicator, name, stu_id, description_text, epoch_order, accrual_ceiling, enrollment_indicator, reservation_indicator, accrual_indicator, type, id) values (?, ?, ?, ?, ?, ?, ?, ?, ?, ?, ?, 'NON-TREATMENT', ?)
Hibernate: insert into epochs (version, grid_id, retired_indicator, name, stu_id, description_text, epoch_order, randomized_indicator, rndm_id, type, id) values (?, ?, ?, ?, ?, ?, ?, ?, ?, 'TREATMENT', ?)
Hibernate: insert into arms (version, grid_id, retired_indicator, name, description_text, target_accrual_number, eph_id, id) values (?, ?, ?, ?, ?, ?, ?, ?)
Hibernate: insert into arms (version, grid_id, retired_indicator, name, description_text, target_accrual_number, eph_id, id) values (?, ?, ?, ?, ?, ?, ?, ?)
Hibernate: insert into epochs (version, grid_id, retired_indicator, name, stu_id, description_text, epoch_order, accrual_ceiling, enrollment_indicator, reservation_indicator, accrual_indicator, type, id) values (?, ?, ?, ?, ?, ?, ?, ?, ?, ?, ?, 'NON-TREATMENT', ?)
Hibernate: insert into epochs (version, grid_id, retired_indicator, name, stu_id, description_text, epoch_order, randomized_indicator, rndm_id, type, id) values (?, ?, ?, ?, ?, ?, ?, ?, ?, 'TREATMENT', ?)
Hibernate: insert into arms (version, grid_id, retired_indicator, name, description_text, target_accrual_number, eph_id, id) values (?, ?, ?, ?, ?, ?, ?, ?)
Hibernate: insert into arms (version, grid_id, retired_indicator, name, description_text, target_accrual_number, eph_id, id) values (?, ?, ?, ?, ?, ?, ?, ?)
Hibernate: insert into epochs (version, grid_id, retired_indicator, name, stu_id, description_text, epoch_order, randomized_indicator, rndm_id, type, id) values (?, ?, ?, ?, ?, ?, ?, ?, ?, 'TREATMENT', ?)
Hibernate: insert into arms (version, grid_id, retired_indicator, name, description_text, target_accrual_number, eph_id, id) values (?, ?, ?, ?, ?, ?, ?, ?)
Hibernate: insert into arms (version, grid_id, retired_indicator, name, description_text, target_accrual_number, eph_id, id) values (?, ?, ?, ?, ?, ?, ?, ?)
Hibernate: update identifiers set stu_id=? where id=?
Hibernate: update arms set eph_id=? where id=?
Hibernate: update arms set eph_id=? where id=?
Hibernate: update eligibility_criteria set eph_id=? where id=?
Hibernate: update eligibility_criteria set eph_id=? where id=?
Hibernate: update eligibility_criteria set eph_id=? where id=?
Hibernate: update arms set eph_id=? where id=?
Hibernate: update arms set eph_id=? where id=?
Hibernate: update arms set eph_id=? where id=?
Hibernate: update arms set eph_id=? where id=?
Hibernate: update arms set eph_id=? where id=?
Hibernate: update arms set eph_id=? where id=?
Hibernate: select study0_.id as id0_, study0_.version as version0_, study0_.grid_id as grid3_0_, study0_.retired_indicator as retired4_0_, study0_.type as type0_, study0_.short_title_text as short6_0_, study0_.randomized_indicator as randomized7_0_, study0_.randomization_type as randomiz8_0_, study0_.status as status0_, study0_.multi_institution_indicator as multi10_0_, study0_.description_text as descrip11_0_, study0_.long_title_text as long12_0_, study0_.phase_code as phase13_0_, study0_.precis_text as precis14_0_, study0_.target_accrual_number as target15_0_, study0_.blinded_indicator as blinded16_0_, study0_.data_entry_status as data17_0_, study0_.consent_version as consent18_0_ from studies study0_ where study0_.grid_id=?
Hibernate: select study0_.id as id0_0_, study0_.version as version0_0_, study0_.grid_id as grid3_0_0_, study0_.retired_indicator as retired4_0_0_, study0_.type as type0_0_, study0_.short_title_text as short6_0_0_, study0_.randomized_indicator as randomized7_0_0_, study0_.randomization_type as randomiz8_0_0_, study0_.status as status0_0_, study0_.multi_institution_indicator as multi10_0_0_, study0_.description_text as descrip11_0_0_, study0_.long_title_text as long12_0_0_, study0_.phase_code as phase13_0_0_, study0_.precis_text as precis14_0_0_, study0_.target_accrual_number as target15_0_0_, study0_.blinded_indicator as blinded16_0_0_, study0_.data_entry_status as data17_0_0_, study0_.consent_version as consent18_0_0_ from studies study0_ where study0_.id=?
Inside getMapping

Hibernate: select identifier0_.stu_id as stu13_3_, identifier0_.id as id3_, identifier0_.id as id14_2_, identifier0_.version as version14_2_, identifier0_.grid_id as grid4_14_2_, identifier0_.retired_indicator as retired5_14_2_, identifier0_.value as value14_2_, identifier0_.type as type14_2_, identifier0_.primary_indicator as primary8_14_2_, identifier0_.system_name as system9_14_2_, identifier0_.hcs_id as hcs10_14_2_, identifier0_.dtype as dtype14_2_, healthcare1_.id as id4_0_, healthcare1_.version as version4_0_, healthcare1_.grid_id as grid3_4_0_, healthcare1_.retired_indicator as retired4_4_0_, healthcare1_.address_id as address8_4_0_, healthcare1_.name as name4_0_, healthcare1_.description_text as descript6_4_0_, healthcare1_.nci_institute_code as nci7_4_0_, address2_.id as id5_1_, address2_.version as version5_1_, address2_.grid_id as grid3_5_1_, address2_.retired_indicator as retired4_5_1_, address2_.street_address as street5_5_1_, address2_.city as city5_1_, address2_.state_code as state7_5_1_, address2_.postal_code as postal8_5_1_, address2_.country_code as country9_5_1_ from identifiers identifier0_ left outer join organizations healthcare1_ on identifier0_.hcs_id=healthcare1_.id left outer join addresses address2_ on healthcare1_.address_id=address2_.id where  ( identifier0_.retired_indicator  = 'false')  and identifier0_.stu_id=? order by identifier0_.id asc
Hibernate: select epochs0_.stu_id as stu15_2_, epochs0_.id as id2_, epochs0_.id as id1_1_, epochs0_.version as version1_1_, epochs0_.grid_id as grid4_1_1_, epochs0_.retired_indicator as retired5_1_1_, epochs0_.name as name1_1_, epochs0_.stu_id as stu15_1_1_, epochs0_.description_text as descript7_1_1_, epochs0_.epoch_order as epoch8_1_1_, epochs0_.accrual_ceiling as accrual9_1_1_, epochs0_.enrollment_indicator as enrollment10_1_1_, epochs0_.reservation_indicator as reserva11_1_1_, epochs0_.accrual_indicator as accrual12_1_1_, epochs0_.randomized_indicator as randomized13_1_1_, epochs0_.rndm_id as rndm14_1_1_, epochs0_.type as type1_1_, randomizat1_.id as id29_0_, randomizat1_.version as version29_0_, randomizat1_.grid_id as grid4_29_0_, randomizat1_.retired_indicator as retired5_29_0_, randomizat1_.callout_url as callout6_29_0_, randomizat1_.phone_number as phone7_29_0_, randomizat1_.dtype as dtype29_0_ from epochs epochs0_ left outer join randomizations randomizat1_ on epochs0_.rndm_id=randomizat1_.id where  ( epochs0_.retired_indicator  = 'false')  and epochs0_.stu_id=? order by epochs0_.epoch_order asc
Hibernate: select studyorgan0_.study_id as study13_3_, studyorgan0_.id as id3_, studyorgan0_.id as id3_2_, studyorgan0_.version as version3_2_, studyorgan0_.grid_id as grid4_3_2_, studyorgan0_.retired_indicator as retired5_3_2_, studyorgan0_.hcs_id as hcs12_3_2_, studyorgan0_.study_id as study13_3_2_, studyorgan0_.site_study_status as site6_3_2_, studyorgan0_.irb_approval_date as irb7_3_2_, studyorgan0_.start_date as start8_3_2_, studyorgan0_.target_accrual_number as target9_3_2_, studyorgan0_.role_code as role10_3_2_, studyorgan0_.end_date as end11_3_2_, studyorgan0_.type as type3_2_, healthcare1_.id as id4_0_, healthcare1_.version as version4_0_, healthcare1_.grid_id as grid3_4_0_, healthcare1_.retired_indicator as retired4_4_0_, healthcare1_.address_id as address8_4_0_, healthcare1_.name as name4_0_, healthcare1_.description_text as descript6_4_0_, healthcare1_.nci_institute_code as nci7_4_0_, address2_.id as id5_1_, address2_.version as version5_1_, address2_.grid_id as grid3_5_1_, address2_.retired_indicator as retired4_5_1_, address2_.street_address as street5_5_1_, address2_.city as city5_1_, address2_.state_code as state7_5_1_, address2_.postal_code as postal8_5_1_, address2_.country_code as country9_5_1_ from study_organizations studyorgan0_ inner join organizations healthcare1_ on studyorgan0_.hcs_id=healthcare1_.id left outer join addresses address2_ on healthcare1_.address_id=address2_.id where studyorgan0_.study_id=? order by studyorgan0_.id asc
<?xml version="1.0" encoding="UTF-8"?>
<study xmlns="gme://c3pr.cabig/2.0/edu.duke.cabig.c3pr.domain" version="1"><blindedIndicator>false</blindedIndicator><multiInstitutionIndicator>true</multiInstitutionIndicator><randomizedIndicator>true</randomizedIndicator><shortTitleText>short_title_text2</shortTitleText><longTitleText>long_title_text2</longTitleText><descriptionText>description2</descriptionText><precisText>precis_text2</precisText><phaseCode>Ph2</phaseCode><dataEntryStatus>COMPLETE</dataEntryStatus><coordinatingCenterStudyStatus>ACTIVE</coordinatingCenterStudyStatus><type>ty</type><targetAccrualNumber>123</targetAccrualNumber><studySite><healthcareSite><name>duke healthcare</name><descriptionText>duke healthcare</descriptionText><address><streetAddress>12359 sunrise valley drive</streetAddress><city>Reston</city><stateCode>VA</stateCode><postalCode>20191</postalCode><countryCode>USA</countryCode></address><nciInstituteCode>code</nciInstituteCode></healthcareSite><irbApprovalDate>0006-06-23</irbApprovalDate><roleCode>role</roleCode><startDate>0006-06-24</startDate><endDate>0006-06-25</endDate></studySite><studyFundingSponsor><healthcareSite><name>National Cancer Institute</name><descriptionText>National Cancer Institute</descriptionText><address><streetAddress>Coppermine Dr</streetAddress><city>Herndon</city><stateCode>VA</stateCode><postalCode>20171</postalCode><countryCode>USA</countryCode></address><nciInstituteCode>code</nciInstituteCode></healthcareSite></studyFundingSponsor><studyCoordinatingCenter><healthcareSite><name>CALGB</name><descriptionText>CALGB</descriptionText><address><streetAddress>12359 sunrise valley drive</streetAddress><city>Reston</city><stateCode>VA</stateCode><postalCode>20191</postalCode><countryCode>USA</countryCode></address><nciInstituteCode>code</nciInstituteCode></healthcareSite></studyCoordinatingCenter></study>
Hibernate: select healthcare0_.id as id4_, healthcare0_.version as version4_, healthcare0_.grid_id as grid3_4_, healthcare0_.retired_indicator as retired4_4_, healthcare0_.address_id as address8_4_, healthcare0_.name as name4_, healthcare0_.description_text as descript6_4_, healthcare0_.nci_institute_code as nci7_4_ from organizations healthcare0_ where healthcare0_.nci_institute_code=?
Hibernate: select healthcare0_.id as id4_, healthcare0_.version as version4_, healthcare0_.grid_id as grid3_4_, healthcare0_.retired_indicator as retired4_4_, healthcare0_.address_id as address8_4_, healthcare0_.name as name4_, healthcare0_.description_text as descript6_4_, healthcare0_.nci_institute_code as nci7_4_ from organizations healthcare0_ where healthcare0_.nci_institute_code=?
Hibernate: select healthcare0_.id as id4_, healthcare0_.version as version4_, healthcare0_.grid_id as grid3_4_, healthcare0_.retired_indicator as retired4_4_, healthcare0_.address_id as address8_4_, healthcare0_.name as name4_, healthcare0_.description_text as descript6_4_, healthcare0_.nci_institute_code as nci7_4_ from organizations healthcare0_ where healthcare0_.nci_institute_code=?
Hibernate: select healthcare0_.id as id4_, healthcare0_.version as version4_, healthcare0_.grid_id as grid3_4_, healthcare0_.retired_indicator as retired4_4_, healthcare0_.address_id as address8_4_, healthcare0_.name as name4_, healthcare0_.description_text as descript6_4_, healthcare0_.nci_institute_code as nci7_4_ from organizations healthcare0_ where healthcare0_.nci_institute_code=?
Hibernate: select healthcare0_.id as id4_, healthcare0_.version as version4_, healthcare0_.grid_id as grid3_4_, healthcare0_.retired_indicator as retired4_4_, healthcare0_.address_id as address8_4_, healthcare0_.name as name4_, healthcare0_.description_text as descript6_4_, healthcare0_.nci_institute_code as nci7_4_ from organizations healthcare0_ where healthcare0_.nci_institute_code=?
Hibernate: select healthcare0_.id as id4_, healthcare0_.version as version4_, healthcare0_.grid_id as grid3_4_, healthcare0_.retired_indicator as retired4_4_, healthcare0_.address_id as address8_4_, healthcare0_.name as name4_, healthcare0_.description_text as descript6_4_, healthcare0_.nci_institute_code as nci7_4_ from organizations healthcare0_ where healthcare0_.nci_institute_code=?
Hibernate: select nextval ('STUDIES_ID_SEQ')
Hibernate: select nextval ('STUDY_ORGANIZATIONS_ID_SEQ')
Hibernate: select nextval ('STUDY_ORGANIZATIONS_ID_SEQ')
Hibernate: select nextval ('STUDY_ORGANIZATIONS_ID_SEQ')
Hibernate: insert into studies (version, grid_id, retired_indicator, type, short_title_text, randomized_indicator, randomization_type, status, multi_institution_indicator, description_text, long_title_text, phase_code, precis_text, target_accrual_number, blinded_indicator, data_entry_status, consent_version, id) values (?, ?, ?, ?, ?, ?, ?, ?, ?, ?, ?, ?, ?, ?, ?, ?, ?, ?)
Hibernate: insert into study_organizations (version, grid_id, retired_indicator, hcs_id, study_id, site_study_status, irb_approval_date, start_date, target_accrual_number, role_code, end_date, type, id) values (?, ?, ?, ?, ?, ?, ?, ?, ?, ?, ?, 'SST', ?)
Hibernate: insert into study_organizations (version, grid_id, retired_indicator, hcs_id, study_id, type, id) values (?, ?, ?, ?, ?, 'SFS', ?)
Hibernate: insert into study_organizations (version, grid_id, retired_indicator, hcs_id, study_id, type, id) values (?, ?, ?, ?, ?, 'SCC', ?)
Hibernate: select study0_.id as id0_, study0_.version as version0_, study0_.grid_id as grid3_0_, study0_.retired_indicator as retired4_0_, study0_.type as type0_, study0_.short_title_text as short6_0_, study0_.randomized_indicator as randomized7_0_, study0_.randomization_type as randomiz8_0_, study0_.status as status0_, study0_.multi_institution_indicator as multi10_0_, study0_.description_text as descrip11_0_, study0_.long_title_text as long12_0_, study0_.phase_code as phase13_0_, study0_.precis_text as precis14_0_, study0_.target_accrual_number as target15_0_, study0_.blinded_indicator as blinded16_0_, study0_.data_entry_status as data17_0_, study0_.consent_version as consent18_0_ from studies study0_ where study0_.grid_id=?
Hibernate: select healthcare0_.id as id4_, healthcare0_.version as version4_, healthcare0_.grid_id as grid3_4_, healthcare0_.retired_indicator as retired4_4_, healthcare0_.address_id as address8_4_, healthcare0_.name as name4_, healthcare0_.description_text as descript6_4_, healthcare0_.nci_institute_code as nci7_4_ from organizations healthcare0_ where healthcare0_.nci_institute_code=?
Hibernate: select healthcare0_.id as id4_, healthcare0_.version as version4_, healthcare0_.grid_id as grid3_4_, healthcare0_.retired_indicator as retired4_4_, healthcare0_.address_id as address8_4_, healthcare0_.name as name4_, healthcare0_.description_text as descript6_4_, healthcare0_.nci_institute_code as nci7_4_ from organizations healthcare0_ where healthcare0_.nci_institute_code=?
Hibernate: select healthcare0_.id as id4_, healthcare0_.version as version4_, healthcare0_.grid_id as grid3_4_, healthcare0_.retired_indicator as retired4_4_, healthcare0_.address_id as address8_4_, healthcare0_.name as name4_, healthcare0_.description_text as descript6_4_, healthcare0_.nci_institute_code as nci7_4_ from organizations healthcare0_ where healthcare0_.nci_institute_code=?
Hibernate: select healthcare0_.id as id4_, healthcare0_.version as version4_, healthcare0_.grid_id as grid3_4_, healthcare0_.retired_indicator as retired4_4_, healthcare0_.address_id as address8_4_, healthcare0_.name as name4_, healthcare0_.description_text as descript6_4_, healthcare0_.nci_institute_code as nci7_4_ from organizations healthcare0_ where healthcare0_.nci_institute_code=?
Hibernate: select healthcare0_.id as id4_, healthcare0_.version as version4_, healthcare0_.grid_id as grid3_4_, healthcare0_.retired_indicator as retired4_4_, healthcare0_.address_id as address8_4_, healthcare0_.name as name4_, healthcare0_.description_text as descript6_4_, healthcare0_.nci_institute_code as nci7_4_ from organizations healthcare0_ where healthcare0_.nci_institute_code=?
Hibernate: select healthcare0_.id as id4_, healthcare0_.version as version4_, healthcare0_.grid_id as grid3_4_, healthcare0_.retired_indicator as retired4_4_, healthcare0_.address_id as address8_4_, healthcare0_.name as name4_, healthcare0_.description_text as descript6_4_, healthcare0_.nci_institute_code as nci7_4_ from organizations healthcare0_ where healthcare0_.nci_institute_code=?
Hibernate: select nextval ('STUDIES_ID_SEQ')
Hibernate: select nextval ('STUDY_ORGANIZATIONS_ID_SEQ')
Hibernate: select nextval ('STUDY_ORGANIZATIONS_ID_SEQ')
Hibernate: select nextval ('STUDY_ORGANIZATIONS_ID_SEQ')
Hibernate: insert into studies (version, grid_id, retired_indicator, type, short_title_text, randomized_indicator, randomization_type, status, multi_institution_indicator, description_text, long_title_text, phase_code, precis_text, target_accrual_number, blinded_indicator, data_entry_status, consent_version, id) values (?, ?, ?, ?, ?, ?, ?, ?, ?, ?, ?, ?, ?, ?, ?, ?, ?, ?)
Hibernate: insert into study_organizations (version, grid_id, retired_indicator, hcs_id, study_id, site_study_status, irb_approval_date, start_date, target_accrual_number, role_code, end_date, type, id) values (?, ?, ?, ?, ?, ?, ?, ?, ?, ?, ?, 'SST', ?)
Hibernate: insert into study_organizations (version, grid_id, retired_indicator, hcs_id, study_id, type, id) values (?, ?, ?, ?, ?, 'SFS', ?)
Hibernate: insert into study_organizations (version, grid_id, retired_indicator, hcs_id, study_id, type, id) values (?, ?, ?, ?, ?, 'SCC', ?)
Hibernate: select study0_.id as id0_, study0_.version as version0_, study0_.grid_id as grid3_0_, study0_.retired_indicator as retired4_0_, study0_.type as type0_, study0_.short_title_text as short6_0_, study0_.randomized_indicator as randomized7_0_, study0_.randomization_type as randomiz8_0_, study0_.status as status0_, study0_.multi_institution_indicator as multi10_0_, study0_.description_text as descrip11_0_, study0_.long_title_text as long12_0_, study0_.phase_code as phase13_0_, study0_.precis_text as precis14_0_, study0_.target_accrual_number as target15_0_, study0_.blinded_indicator as blinded16_0_, study0_.data_entry_status as data17_0_, study0_.consent_version as consent18_0_ from studies study0_ where study0_.grid_id=?
Hibernate: select study0_.id as id0_0_, study0_.version as version0_0_, study0_.grid_id as grid3_0_0_, study0_.retired_indicator as retired4_0_0_, study0_.type as type0_0_, study0_.short_title_text as short6_0_0_, study0_.randomized_indicator as randomized7_0_0_, study0_.randomization_type as randomiz8_0_0_, study0_.status as status0_0_, study0_.multi_institution_indicator as multi10_0_0_, study0_.description_text as descrip11_0_0_, study0_.long_title_text as long12_0_0_, study0_.phase_code as phase13_0_0_, study0_.precis_text as precis14_0_0_, study0_.target_accrual_number as target15_0_0_, study0_.blinded_indicator as blinded16_0_0_, study0_.data_entry_status as data17_0_0_, study0_.consent_version as consent18_0_0_ from studies study0_ where study0_.id=?
Inside getMapping

Hibernate: select identifier0_.stu_id as stu13_3_, identifier0_.id as id3_, identifier0_.id as id14_2_, identifier0_.version as version14_2_, identifier0_.grid_id as grid4_14_2_, identifier0_.retired_indicator as retired5_14_2_, identifier0_.value as value14_2_, identifier0_.type as type14_2_, identifier0_.primary_indicator as primary8_14_2_, identifier0_.system_name as system9_14_2_, identifier0_.hcs_id as hcs10_14_2_, identifier0_.dtype as dtype14_2_, healthcare1_.id as id4_0_, healthcare1_.version as version4_0_, healthcare1_.grid_id as grid3_4_0_, healthcare1_.retired_indicator as retired4_4_0_, healthcare1_.address_id as address8_4_0_, healthcare1_.name as name4_0_, healthcare1_.description_text as descript6_4_0_, healthcare1_.nci_institute_code as nci7_4_0_, address2_.id as id5_1_, address2_.version as version5_1_, address2_.grid_id as grid3_5_1_, address2_.retired_indicator as retired4_5_1_, address2_.street_address as street5_5_1_, address2_.city as city5_1_, address2_.state_code as state7_5_1_, address2_.postal_code as postal8_5_1_, address2_.country_code as country9_5_1_ from identifiers identifier0_ left outer join organizations healthcare1_ on identifier0_.hcs_id=healthcare1_.id left outer join addresses address2_ on healthcare1_.address_id=address2_.id where  ( identifier0_.retired_indicator  = 'false')  and identifier0_.stu_id=? order by identifier0_.id asc
Hibernate: select epochs0_.stu_id as stu15_2_, epochs0_.id as id2_, epochs0_.id as id1_1_, epochs0_.version as version1_1_, epochs0_.grid_id as grid4_1_1_, epochs0_.retired_indicator as retired5_1_1_, epochs0_.name as name1_1_, epochs0_.stu_id as stu15_1_1_, epochs0_.description_text as descript7_1_1_, epochs0_.epoch_order as epoch8_1_1_, epochs0_.accrual_ceiling as accrual9_1_1_, epochs0_.enrollment_indicator as enrollment10_1_1_, epochs0_.reservation_indicator as reserva11_1_1_, epochs0_.accrual_indicator as accrual12_1_1_, epochs0_.randomized_indicator as randomized13_1_1_, epochs0_.rndm_id as rndm14_1_1_, epochs0_.type as type1_1_, randomizat1_.id as id29_0_, randomizat1_.version as version29_0_, randomizat1_.grid_id as grid4_29_0_, randomizat1_.retired_indicator as retired5_29_0_, randomizat1_.callout_url as callout6_29_0_, randomizat1_.phone_number as phone7_29_0_, randomizat1_.dtype as dtype29_0_ from epochs epochs0_ left outer join randomizations randomizat1_ on epochs0_.rndm_id=randomizat1_.id where  ( epochs0_.retired_indicator  = 'false')  and epochs0_.stu_id=? order by epochs0_.epoch_order asc
Hibernate: select studyorgan0_.study_id as study13_3_, studyorgan0_.id as id3_, studyorgan0_.id as id3_2_, studyorgan0_.version as version3_2_, studyorgan0_.grid_id as grid4_3_2_, studyorgan0_.retired_indicator as retired5_3_2_, studyorgan0_.hcs_id as hcs12_3_2_, studyorgan0_.study_id as study13_3_2_, studyorgan0_.site_study_status as site6_3_2_, studyorgan0_.irb_approval_date as irb7_3_2_, studyorgan0_.start_date as start8_3_2_, studyorgan0_.target_accrual_number as target9_3_2_, studyorgan0_.role_code as role10_3_2_, studyorgan0_.end_date as end11_3_2_, studyorgan0_.type as type3_2_, healthcare1_.id as id4_0_, healthcare1_.version as version4_0_, healthcare1_.grid_id as grid3_4_0_, healthcare1_.retired_indicator as retired4_4_0_, healthcare1_.address_id as address8_4_0_, healthcare1_.name as name4_0_, healthcare1_.description_text as descript6_4_0_, healthcare1_.nci_institute_code as nci7_4_0_, address2_.id as id5_1_, address2_.version as version5_1_, address2_.grid_id as grid3_5_1_, address2_.retired_indicator as retired4_5_1_, address2_.street_address as street5_5_1_, address2_.city as city5_1_, address2_.state_code as state7_5_1_, address2_.postal_code as postal8_5_1_, address2_.country_code as country9_5_1_ from study_organizations studyorgan0_ inner join organizations healthcare1_ on studyorgan0_.hcs_id=healthcare1_.id left outer join addresses address2_ on healthcare1_.address_id=address2_.id where studyorgan0_.study_id=? order by studyorgan0_.id asc
<?xml version="1.0" encoding="UTF-8"?>
<study xmlns="gme://c3pr.cabig/2.0/edu.duke.cabig.c3pr.domain" version="1"><blindedIndicator>false</blindedIndicator><multiInstitutionIndicator>true</multiInstitutionIndicator><randomizedIndicator>true</randomizedIndicator><shortTitleText>short_title_text</shortTitleText><longTitleText>long_title_text</longTitleText><descriptionText>description</descriptionText><precisText>precis_text</precisText><phaseCode>Ph</phaseCode><dataEntryStatus>COMPLETE</dataEntryStatus><coordinatingCenterStudyStatus>ACTIVE</coordinatingCenterStudyStatus><type>ty</type><targetAccrualNumber>123</targetAccrualNumber></study>
Hibernate: select nextval ('STUDIES_ID_SEQ')
Hibernate: insert into studies (version, grid_id, retired_indicator, type, short_title_text, randomized_indicator, randomization_type, status, multi_institution_indicator, description_text, long_title_text, phase_code, precis_text, target_accrual_number, blinded_indicator, data_entry_status, consent_version, id) values (?, ?, ?, ?, ?, ?, ?, ?, ?, ?, ?, ?, ?, ?, ?, ?, ?, ?)
Hibernate: select study0_.id as id0_, study0_.version as version0_, study0_.grid_id as grid3_0_, study0_.retired_indicator as retired4_0_, study0_.type as type0_, study0_.short_title_text as short6_0_, study0_.randomized_indicator as randomized7_0_, study0_.randomization_type as randomiz8_0_, study0_.status as status0_, study0_.multi_institution_indicator as multi10_0_, study0_.description_text as descrip11_0_, study0_.long_title_text as long12_0_, study0_.phase_code as phase13_0_, study0_.precis_text as precis14_0_, study0_.target_accrual_number as target15_0_, study0_.blinded_indicator as blinded16_0_, study0_.data_entry_status as data17_0_, study0_.consent_version as consent18_0_ from studies study0_ where study0_.grid_id=?
Hibernate: select nextval ('STUDIES_ID_SEQ')
Hibernate: insert into studies (version, grid_id, retired_indicator, type, short_title_text, randomized_indicator, randomization_type, status, multi_institution_indicator, description_text, long_title_text, phase_code, precis_text, target_accrual_number, blinded_indicator, data_entry_status, consent_version, id) values (?, ?, ?, ?, ?, ?, ?, ?, ?, ?, ?, ?, ?, ?, ?, ?, ?, ?)
Hibernate: select study0_.id as id0_, study0_.version as version0_, study0_.grid_id as grid3_0_, study0_.retired_indicator as retired4_0_, study0_.type as type0_, study0_.short_title_text as short6_0_, study0_.randomized_indicator as randomized7_0_, study0_.randomization_type as randomiz8_0_, study0_.status as status0_, study0_.multi_institution_indicator as multi10_0_, study0_.description_text as descrip11_0_, study0_.long_title_text as long12_0_, study0_.phase_code as phase13_0_, study0_.precis_text as precis14_0_, study0_.target_accrual_number as target15_0_, study0_.blinded_indicator as blinded16_0_, study0_.data_entry_status as data17_0_, study0_.consent_version as consent18_0_ from studies study0_ where study0_.grid_id=?
]]></system-out>
  <system-err><![CDATA[]]></system-err>
</testsuite>
