<?xml version="1.0" encoding="UTF-8" ?>
<testsuite errors="0" failures="0" name="edu.duke.cabig.c3pr.dao.ParticipantDaoTest" tests="6" time="124.735">
  <properties>
    <property name="java.vendor" value="Sun Microsystems Inc."></property>
    <property name="config.database.file" value="C:\my_dir\projects\c3pr-v2\projects\core/conf/database.properties"></property>
    <property name="lib.dir" value="C:\my_dir\projects\c3pr-v2\projects\core/lib"></property>
    <property name="sun.management.compiler" value="HotSpot Client Compiler"></property>
    <property name="test.project.jar" value="C:\my_dir\projects\c3pr-v2\projects\core\build\jars\c3pr-2.0-core-tests-1.0.jar"></property>
    <property name="env.PROMPT" value="$P$G"></property>
    <property name="os.name" value="Windows XP"></property>
    <property name="env.FP_NO_HOST_CHECK" value="NO"></property>
    <property name="cobertura.home" value="C:\my_dir\projects\c3pr-v2\share\cobertura-1.8"></property>
    <property name="sun.boot.class.path" value="C:\Program Files\Java\jdk1.5.0_06\jre\lib\endorsed\xalan.jar;C:\Program Files\Java\jdk1.5.0_06\jre\lib\rt.jar;C:\Program Files\Java\jdk1.5.0_06\jre\lib\i18n.jar;C:\Program Files\Java\jdk1.5.0_06\jre\lib\sunrsasign.jar;C:\Program Files\Java\jdk1.5.0_06\jre\lib\jsse.jar;C:\Program Files\Java\jdk1.5.0_06\jre\lib\jce.jar;C:\Program Files\Java\jdk1.5.0_06\jre\lib\charsets.jar;C:\Program Files\Java\jdk1.5.0_06\jre\classes"></property>
    <property name="env.COMPUTERNAME" value="D4M1R8B1"></property>
    <property name="ant.file.c3pr-2.0-core" value="C:\my_dir\projects\c3pr-v2\projects\core\build.xml"></property>
    <property name="env.ALLUSERSPROFILE" value="C:\Documents and Settings\All Users"></property>
    <property name="sun.desktop" value="windows"></property>
    <property name="java.vm.specification.vendor" value="Sun Microsystems Inc."></property>
    <property name="net.sourceforge.cobertura.datafile" value="C:\my_dir\projects\c3pr-v2\projects\core\test\logs\queryengine.ser"></property>
    <property name="ant.home" value="C:\Ant\apache-ant-1.6.5"></property>
    <property name="jar.dir" value="C:\my_dir\projects\c3pr-v2\projects\core/build/jars"></property>
    <property name="java.runtime.version" value="1.5.0_06-b05"></property>
    <property name="env.GLOBUS_LOCATION" value="C:\my_dir\tools\Globus4.0\ws-core-4.0.1"></property>
    <property name="env.OGSADAI_LOCATION" value="c:\bootcamp\distribution\grid\ogsadai-5.0"></property>
    <property name="env.HOMEPATH" value="\Documents and Settings\Administrator"></property>
    <property name="env.JSERV" value="C:\my_dir\tools\Oracle9i\ora92/Apache/Jserv/conf"></property>
    <property name="user.name" value="Administrator"></property>
    <property name="test.classes.dir" value="C:\my_dir\projects\c3pr-v2\projects\core\build\classes-test"></property>
    <property name="debug" value="on"></property>
    <property name="build.dir" value="C:\my_dir\projects\c3pr-v2\projects\core/build"></property>
    <property name="ext.lib.dir" value="C:\my_dir\projects\c3pr-v2\projects\core/ext/lib"></property>
    <property name="user.language" value="en"></property>
    <property name="sun.boot.library.path" value="C:\Program Files\Java\jdk1.5.0_06\jre\bin"></property>
    <property name="ant.project.name" value="c3pr-2.0-core"></property>
    <property name="java.version" value="1.5.0_06"></property>
    <property name="env.AXIS2_HOME" value="C:\my_dir\tools\Axis2.0\axis2-std-1.0-bin"></property>
    <property name="env.PROCESSOR_IDENTIFIER" value="x86 Family 6 Model 14 Stepping 8, GenuineIntel"></property>
    <property name="user.timezone" value=""></property>
    <property name="ext.test.lib.dir" value="C:\my_dir\projects\c3pr-v2\projects\core\ext\test\lib"></property>
    <property name="env.CLIENTNAME" value="Console"></property>
    <property name="env.TEMP" value="C:\DOCUME~1\ADMINI~1\LOCALS~1\Temp"></property>
    <property name="sun.arch.data.model" value="32"></property>
    <property name="env.C3PR_HOME" value="C:\my_dir\projects\c3pr"></property>
    <property name="test.src.dir" value="C:\my_dir\projects\c3pr-v2\projects\core\test"></property>
    <property name="java.endorsed.dirs" value="C:\Program Files\Java\jdk1.5.0_06\jre\lib\endorsed"></property>
    <property name="env._JAVACMD" value="C:\Program Files\Java\jdk1.5.0_06\bin\java.exe"></property>
    <property name="sun.cpu.isalist" value="pentium_pro+mmx pentium_pro pentium+mmx pentium i486 i386 i86"></property>
    <property name="env.HOMEDRIVE" value="C:"></property>
    <property name="sun.jnu.encoding" value="Cp1252"></property>
    <property name="file.encoding.pkg" value="sun.io"></property>
    <property name="file.separator" value="\"></property>
    <property name="java.specification.name" value="Java Platform API Specification"></property>
    <property name="test.lib.dir" value="C:\my_dir\projects\c3pr-v2\projects\core\test\lib"></property>
    <property name="classes.dir" value="C:\my_dir\projects\c3pr-v2\projects\core/build/classes"></property>
    <property name="java.class.version" value="49.0"></property>
    <property name="project.jarfile" value="C:\my_dir\projects\c3pr-v2\projects\core/build/jars/c3pr-2.0-core-1.0.jar"></property>
    <property name="user.country" value="US"></property>
    <property name="java.home" value="C:\Program Files\Java\jdk1.5.0_06\jre"></property>
    <property name="env.APPDATA" value="C:\Documents and Settings\Administrator\Application Data"></property>
    <property name="java.vm.info" value="mixed mode"></property>
    <property name="env.CATALINA_HOME" value="C:\my_dir\tools\apache-tomcat-5.5.20"></property>
    <property name="env.ComSpec" value="C:\WINDOWS\system32\cmd.exe"></property>
    <property name="env.OS" value="Windows_NT"></property>
    <property name="env.CommonProgramFiles" value="C:\Program Files\Common Files"></property>
    <property name="ant.file" value="C:\my_dir\projects\c3pr-v2\projects\core\build.xml"></property>
    <property name="os.version" value="5.1"></property>
    <property name="env.GLOBUS_HOME" value="C:\my_dir\tools\Globus4.0\ws-core-4.0.1"></property>
    <property name="env._USE_CLASSPATH" value="yes"></property>
    <property name="path.separator" value=";"></property>
    <property name="java.vm.version" value="1.5.0_06-b05"></property>
    <property name="env.USERPROFILE" value="C:\Documents and Settings\Administrator"></property>
    <property name="user.variant" value=""></property>
    <property name="ant.library.dir" value="C:\Ant\apache-ant-1.6.5\lib"></property>
    <property name="env.JAVA_HOME" value="C:\Program Files\Java\jdk1.5.0_06"></property>
    <property name="java.awt.printerjob" value="sun.awt.windows.WPrinterJob"></property>
    <property name="env.TMP" value="C:\DOCUME~1\ADMINI~1\LOCALS~1\Temp"></property>
    <property name="sun.io.unicode.encoding" value="UnicodeLittle"></property>
    <property name="awt.toolkit" value="sun.awt.windows.WToolkit"></property>
    <property name="ant.file.c3pr-2.0-core-test" value="C:\my_dir\projects\c3pr-v2\projects\core\antfiles\build-test.xml"></property>
    <property name="env.WV_GATEWAY_CFG" value="C:\my_dir\tools\Oracle9i\ora92\Apache\modplsql\cfg\wdbsvr.app"></property>
    <property name="user.home" value="C:\Documents and Settings\Administrator"></property>
    <property name="env.SESSIONNAME" value="Console"></property>
    <property name="java.specification.vendor" value="Sun Microsystems Inc."></property>
    <property name="env.CLASSPATH" value="C:\my_dir\tools\MySQL\MySql_JDBC_Driver\mysql-connector-java-3.1.13"></property>
    <property name="test.dir" value="C:\my_dir\projects\c3pr-v2\projects\core\test"></property>
    <property name="java.vendor.url" value="http://java.sun.com/"></property>
    <property name="java.library.path" value="C:\Program Files\Java\jdk1.5.0_06\jre\bin;.;C:\WINDOWS\system32;C:\WINDOWS;C:\Program Files\Java\jdk1.5.0_06\BIN;C:\my_dir\tools\Oracle9i\ora92\bin;C:\Program Files\Oracle\jre\1.3.1\bin;C:\Program Files\Oracle\jre\1.1.8\bin;C:\WINDOWS\system32;C:\WINDOWS;C:\WINDOWS\System32\Wbem;C:\Ant\apache-ant-1.6.5\bin;C:\Program Files\Java\jdk1.5.0_06\BIN;%GLOBUS_LOCATION%\BIN;%OGSADAI_LOCATION%\BIN;"></property>
    <property name="env.NUMBER_OF_PROCESSORS" value="2"></property>
    <property name="java.vm.vendor" value="Sun Microsystems Inc."></property>
    <property name="config.security.conf" value="C:\my_dir\projects\c3pr-v2\projects\core/conf/config.dct"></property>
    <property name="java.runtime.name" value="Java(TM) 2 Runtime Environment, Standard Edition"></property>
    <property name="ant.version" value="Apache Ant version 1.6.5 compiled on June 2 2005"></property>
    <property name="java.class.path" value="C:\my_dir\projects\c3pr-v2\projects\core\build\jars\c3pr-2.0-core-1.0.jar;C:\my_dir\projects\c3pr-v2\projects\core\build\jars\c3pr-2.0-core-tests-1.0.jar;C:\Program Files\Java\jdk1.5.0_06\lib\tools.jar;C:\my_dir\projects\c3pr-v2\projects\core\lib\activation-1.0.2.jar;C:\my_dir\projects\c3pr-v2\projects\core\lib\activemq-core-4.0.2.jar;C:\my_dir\projects\c3pr-v2\projects\core\lib\asm-attrs.jar;C:\my_dir\projects\c3pr-v2\projects\core\lib\asm.jar;C:\my_dir\projects\c3pr-v2\projects\core\lib\avalon-framework-cvs-20020806.jar;C:\my_dir\projects\c3pr-v2\projects\core\lib\castor-0.9.9.jar;C:\my_dir\projects\c3pr-v2\projects\core\lib\cglib-2.1.3.jar;C:\my_dir\projects\c3pr-v2\projects\core\lib\commons-beanutils-1.7.0.jar;C:\my_dir\projects\c3pr-v2\projects\core\lib\commons-collections-3.2.jar;C:\my_dir\projects\c3pr-v2\projects\core\lib\commons-dbcp-1.2.1.jar;C:\my_dir\projects\c3pr-v2\projects\core\lib\commons-lang-2.1.jar;C:\my_dir\projects\c3pr-v2\projects\core\lib\commons-pool-1.2.jar;C:\my_dir\projects\c3pr-v2\projects\core\lib\ehcache-1.2.jar;C:\my_dir\projects\c3pr-v2\projects\core\lib\ejb3-persistence.jar;C:\my_dir\projects\c3pr-v2\projects\core\lib\fop.jar;C:\my_dir\projects\c3pr-v2\projects\core\lib\jstl.jar;C:\my_dir\projects\c3pr-v2\projects\core\lib\jta.jar;C:\my_dir\projects\c3pr-v2\projects\core\lib\mail-1.3.2.jar;C:\my_dir\projects\c3pr-v2\projects\core\lib\northwestern-core-commons.jar;C:\my_dir\projects\c3pr-v2\projects\core\lib\ojdbc14.jar;C:\my_dir\projects\c3pr-v2\projects\core\lib\postgresql-8.1-407.jdbc3.jar;C:\my_dir\projects\c3pr-v2\projects\core\lib\standard.jar;C:\my_dir\projects\c3pr-v2\projects\core\lib\xbean-spring-2.7.jar;C:\my_dir\projects\c3pr-v2\projects\core\build;C:\my_dir\projects\c3pr-v2\projects\core\build\classes-test;C:\my_dir\projects\c3pr-v2\projects\core\ext\lib\activeio-core-3.0-beta4.jar;C:\my_dir\projects\c3pr-v2\projects\core\ext\lib\activemq-core-4.0.2.jar;C:\my_dir\projects\c3pr-v2\projects\core\ext\lib\ant-contrib.jar;C:\my_dir\projects\c3pr-v2\projects\core\ext\lib\antlr-2.7.6.jar;C:\my_dir\projects\c3pr-v2\projects\core\ext\lib\backport-util-concurrent-2.1.jar;C:\my_dir\projects\c3pr-v2\projects\core\ext\lib\c3pr-2.0-esb-client-1.0.jar;C:\my_dir\projects\c3pr-v2\projects\core\ext\lib\castor-0.9.9.jar;C:\my_dir\projects\c3pr-v2\projects\core\ext\lib\client.jar;C:\my_dir\projects\c3pr-v2\projects\core\ext\lib\commons-collections-3.1.jar;C:\my_dir\projects\c3pr-v2\projects\core\ext\lib\commons-logging.jar;C:\my_dir\projects\c3pr-v2\projects\core\ext\lib\commons-pool-1.2.jar;C:\my_dir\projects\c3pr-v2\projects\core\ext\lib\dom4j-1.6.1.jar;C:\my_dir\projects\c3pr-v2\projects\core\ext\lib\handle.jar;C:\my_dir\projects\c3pr-v2\projects\core\ext\lib\handlerservice.jar;C:\my_dir\projects\c3pr-v2\projects\core\ext\lib\hibernate-annotations.jar;C:\my_dir\projects\c3pr-v2\projects\core\ext\lib\hibernate3.2.1.jar;C:\my_dir\projects\c3pr-v2\projects\core\ext\lib\jboss-j2ee-4.0.5.jar;C:\my_dir\projects\c3pr-v2\projects\core\ext\lib\jboss-jsr77.jar;C:\my_dir\projects\c3pr-v2\projects\core\ext\lib\jdom.jar;C:\my_dir\projects\c3pr-v2\projects\core\ext\lib\log4j-1.2.13.jar;C:\my_dir\projects\c3pr-v2\projects\core\ext\lib\spring2.0.2.jar;C:\my_dir\projects\c3pr-v2\projects\core\test\lib\catrip-test-report-1.0.jar;C:\my_dir\projects\c3pr-v2\projects\core\test\lib\core-commons-testing.jar;C:\my_dir\projects\c3pr-v2\projects\core\test\lib\dbunit-2.1.jar;C:\my_dir\projects\c3pr-v2\projects\core\test\lib\easymock.jar;C:\my_dir\projects\c3pr-v2\projects\core\test\lib\easymockclassextension.jar;C:\my_dir\projects\c3pr-v2\projects\core\test\lib\hsqldb.jar;C:\my_dir\projects\c3pr-v2\projects\core\test\lib\junit.jar;C:\my_dir\projects\c3pr-v2\projects\core\test\lib\servlet-api.jar;C:\my_dir\projects\c3pr-v2\projects\core\test\lib\spring-mock.jar;C:\my_dir\projects\c3pr-v2\projects\core\ext\test\lib\junit-3.8.1.jar;C:\my_dir\tools\apache-tomcat-5.5.20\common\lib\commons-el.jar;C:\my_dir\tools\apache-tomcat-5.5.20\common\lib\jasper-compiler-jdt.jar;C:\my_dir\tools\apache-tomcat-5.5.20\common\lib\jasper-compiler.jar;C:\my_dir\tools\apache-tomcat-5.5.20\common\lib\jasper-runtime.jar;C:\my_dir\tools\apache-tomcat-5.5.20\common\lib\jsp-api.jar;C:\my_dir\tools\apache-tomcat-5.5.20\common\lib\naming-factory-dbcp.jar;C:\my_dir\tools\apache-tomcat-5.5.20\common\lib\naming-factory.jar;C:\my_dir\tools\apache-tomcat-5.5.20\common\lib\naming-resources.jar;C:\my_dir\tools\apache-tomcat-5.5.20\common\lib\postgresql-8.1-407.jdbc3.jar;C:\my_dir\tools\apache-tomcat-5.5.20\common\lib\servlet-api.jar;C:\my_dir\projects\c3pr-v2\share\cobertura-1.8\cobertura.jar;C:\my_dir\projects\c3pr-v2\share\cobertura-1.8\lib\asm-2.2.1.jar;C:\my_dir\projects\c3pr-v2\share\cobertura-1.8\lib\jakarta-oro-2.0.8.jar;C:\my_dir\projects\c3pr-v2\share\cobertura-1.8\lib\log4j-1.2.9.jar;C:\my_dir\tools\MySQL\MySql_JDBC_Driver\mysql-connector-java-3.1.13;C:\Ant\apache-ant-1.6.5\lib\junit-3.8.1.jar;C:\Ant\apache-ant-1.6.5\lib\ant-launcher.jar;C:\Ant\apache-ant-1.6.5\lib\ant.jar;C:\Ant\apache-ant-1.6.5\lib\ant-junit.jar"></property>
    <property name="project.version" value="1.0"></property>
    <property name="env.JBOSS_HOME" value="C:\my_dir\tools\Jboss\jboss-4.0.0"></property>
    <property name="project.name" value="core"></property>
    <property name="java.vm.specification.name" value="Java Virtual Machine Specification"></property>
    <property name="env.LOGONSERVER" value="\\D4M1R8B1"></property>
    <property name="env.windir" value="C:\WINDOWS"></property>
    <property name="env.PROCESSOR_ARCHITECTURE" value="x86"></property>
    <property name="java.vm.specification.version" value="1.0"></property>
    <property name="sun.os.patch.level" value="Service Pack 2"></property>
    <property name="sun.cpu.endian" value="little"></property>
    <property name="env.ANT_HOME" value="C:\Ant\apache-ant-1.6.5"></property>
    <property name="env.ProgramFiles" value="C:\Program Files"></property>
    <property name="env.PROCESSOR_REVISION" value="0e08"></property>
    <property name="java.io.tmpdir" value="C:\DOCUME~1\ADMINI~1\LOCALS~1\Temp\"></property>
    <property name="java.vendor.url.bug" value="http://java.sun.com/cgi-bin/bugreport.cgi"></property>
    <property name="env.SystemRoot" value="C:\WINDOWS"></property>
    <property name="env.ANT_CMD_LINE_ARGS" value="test"></property>
    <property name="os.arch" value="x86"></property>
    <property name="java.awt.graphicsenv" value="sun.awt.Win32GraphicsEnvironment"></property>
    <property name="java.ext.dirs" value="C:\Program Files\Java\jdk1.5.0_06\jre\lib\ext"></property>
    <property name="user.dir" value="C:\my_dir\projects\c3pr-v2\projects\core"></property>
    <property name="testcoverage.datafile" value="C:\my_dir\projects\c3pr-v2\projects\core\test\logs\queryengine.ser"></property>
    <property name="line.separator" value="
"></property>
    <property name="java.vm.name" value="Java HotSpot(TM) Client VM"></property>
    <property name="env.PATHEXT" value=".COM;.EXE;.BAT;.CMD;.VBS;.VBE;.JS;.JSE;.WSF;.WSH"></property>
    <property name="env.Path" value="C:\Program Files\Java\jdk1.5.0_06\BIN;C:\my_dir\tools\Oracle9i\ora92\bin;C:\Program Files\Oracle\jre\1.3.1\bin;C:\Program Files\Oracle\jre\1.1.8\bin;C:\WINDOWS\system32;C:\WINDOWS;C:\WINDOWS\System32\Wbem;C:\Ant\apache-ant-1.6.5\bin;C:\Program Files\Java\jdk1.5.0_06\BIN;%GLOBUS_LOCATION%\BIN;%OGSADAI_LOCATION%\BIN;"></property>
    <property name="basedir" value="C:\my_dir\projects\c3pr-v2\projects\core"></property>
    <property name="test.logs.dir" value="C:\my_dir\projects\c3pr-v2\projects\core\test\logs"></property>
    <property name="ant.java.version" value="1.5"></property>
    <property name="env.USERNAME" value="Administrator"></property>
    <property name="env.SystemDrive" value="C:"></property>
    <property name="file.encoding" value="Cp1252"></property>
    <property name="env.USERDOMAIN" value="D4M1R8B1"></property>
    <property name="java.specification.version" value="1.5"></property>
    <property name="env.SonicCentral" value="C:\Program Files\Common Files\Sonic Shared\Sonic Central\"></property>
    <property name="src.dir" value="C:\my_dir\projects\c3pr-v2\projects\core/src"></property>
    <property name="junit.results.dir" value="C:\my_dir\projects\c3pr-v2\projects\core\test\logs/junit"></property>
    <property name="env.PROCESSOR_LEVEL" value="6"></property>
  </properties>
  <testcase classname="edu.duke.cabig.c3pr.dao.ParticipantDaoTest" name="testGetById" time="35.281"></testcase>
  <testcase classname="edu.duke.cabig.c3pr.dao.ParticipantDaoTest" name="testGetAll" time="20.594"></testcase>
  <testcase classname="edu.duke.cabig.c3pr.dao.ParticipantDaoTest" name="testSaveNewParticipantWithAllAssociations" time="12.219"></testcase>
  <testcase classname="edu.duke.cabig.c3pr.dao.ParticipantDaoTest" name="testGetStudyParticipantAssignments" time="19.797"></testcase>
  <testcase classname="edu.duke.cabig.c3pr.dao.ParticipantDaoTest" name="testSearchParticipantSimple" time="16.843"></testcase>
  <testcase classname="edu.duke.cabig.c3pr.dao.ParticipantDaoTest" name="testSearchParticipantSimpleByWildCards" time="19.985"></testcase>
  <system-out><![CDATA[AbandonedObjectPool is used (org.apache.commons.dbcp.AbandonedObjectPool@19f9d2)
   LogAbandoned: true
   RemoveAbandoned: true
   RemoveAbandonedTimeout: 300
Hibernate: select participan0_.id as id7_1_, participan0_.version as version7_1_, participan0_.grid_id as grid3_7_1_, participan0_.add_id as add10_7_1_, participan0_.last_name as last4_7_1_, participan0_.first_name as first5_7_1_, participan0_.birth_date as birth6_7_1_, participan0_.administrative_gender_code as administ7_7_1_, participan0_.ethnic_group_code as ethnic8_7_1_, participan0_.race_code as race9_7_1_, address1_.id as id5_0_, address1_.version as version5_0_, address1_.street_address as street3_5_0_, address1_.city as city5_0_, address1_.state_code as state5_5_0_, address1_.postal_code as postal6_5_0_, address1_.country_code as country7_5_0_ from participants participan0_ inner join addresses address1_ on participan0_.add_id=address1_.id where participan0_.id=?
Hibernate: select participan0_.id as id7_, participan0_.version as version7_, participan0_.grid_id as grid3_7_, participan0_.add_id as add10_7_, participan0_.last_name as last4_7_, participan0_.first_name as first5_7_, participan0_.birth_date as birth6_7_, participan0_.administrative_gender_code as administ7_7_, participan0_.ethnic_group_code as ethnic8_7_, participan0_.race_code as race9_7_ from participants participan0_
Hibernate: select address0_.id as id5_0_, address0_.version as version5_0_, address0_.street_address as street3_5_0_, address0_.city as city5_0_, address0_.state_code as state5_5_0_, address0_.postal_code as postal6_5_0_, address0_.country_code as country7_5_0_ from addresses address0_ where address0_.id=?
Hibernate: select studysite0_.id as id3_3_, studysite0_.version as version3_3_, studysite0_.grid_id as grid3_3_3_, studysite0_.study_id as study9_3_3_, studysite0_.hcs_id as hcs10_3_3_, studysite0_.irb_approval_date as irb4_3_3_, studysite0_.start_date as start5_3_3_, studysite0_.status_code as status6_3_3_, studysite0_.role_code as role7_3_3_, studysite0_.end_date as end8_3_3_, study1_.id as id0_0_, study1_.version as version0_0_, study1_.grid_id as grid3_0_0_, study1_.type as type0_0_, study1_.status as status0_0_, study1_.blinded_indicator as blinded6_0_0_, study1_.multi_institution_indicator as multi7_0_0_, study1_.randomized_indicator as randomized8_0_0_, study1_.description_text as descript9_0_0_, study1_.disease_code as disease10_0_0_, study1_.long_title_text as long11_0_0_, study1_.monitor_code as monitor12_0_0_, study1_.phase_code as phase13_0_0_, study1_.precis_text as precis14_0_0_, study1_.short_title_text as short15_0_0_, study1_.sponsor_code as sponsor16_0_0_, study1_.target_accrual_number as target17_0_0_, healthcare2_.id as id4_1_, healthcare2_.version as version4_1_, healthcare2_.grid_id as grid3_4_1_, healthcare2_.address_id as address7_4_1_, healthcare2_.name as name4_1_, healthcare2_.description_text as descript5_4_1_, healthcare2_.nci_institute_code as nci6_4_1_, address3_.id as id5_2_, address3_.version as version5_2_, address3_.street_address as street3_5_2_, address3_.city as city5_2_, address3_.state_code as state5_5_2_, address3_.postal_code as postal6_5_2_, address3_.country_code as country7_5_2_ from study_sites studysite0_ inner join studies study1_ on studysite0_.study_id=study1_.id inner join healthcare_sites healthcare2_ on studysite0_.hcs_id=healthcare2_.id left outer join addresses address3_ on healthcare2_.address_id=address3_.id where studysite0_.id=?
Hibernate: select epochs0_.stu_id as stu6_1_, epochs0_.id as id1_, epochs0_.id as id1_0_, epochs0_.version as version1_0_, epochs0_.grid_id as grid3_1_0_, epochs0_.name as name1_0_, epochs0_.stu_id as stu6_1_0_, epochs0_.description_text as descript5_1_0_ from epochs epochs0_ where epochs0_.stu_id=?
Hibernate: select arms0_.eph_id as eph7_1_, arms0_.id as id1_, arms0_.id as id2_0_, arms0_.version as version2_0_, arms0_.grid_id as grid3_2_0_, arms0_.name as name2_0_, arms0_.description_text as descript5_2_0_, arms0_.target_accrual_number as target6_2_0_, arms0_.eph_id as eph7_2_0_ from arms arms0_ where arms0_.eph_id=?
Hibernate: select nextval ('STUDY_PARTICIPANT_ASSIG_ID_SEQ')
Hibernate: select nextval ('SCHEDULED_ARMS_ID_seq')
Hibernate: insert into study_participant_assignments (version, grid_id, start_date, sts_id, prt_id, study_participant_identifier, eligibility_waiver_reason_text, informed_consent_signed_date, eligibility_indicator, id) values (?, ?, ?, ?, ?, ?, ?, ?, ?, ?)
Hibernate: insert into scheduled_arms (version, start_date, eligibility_waiver_reason_text, eligibility_indicator, arm_id, spa_id, id) values (?, ?, ?, ?, ?, ?, ?)
Hibernate: update participants set version=?, grid_id=?, add_id=?, last_name=?, first_name=?, birth_date=?, administrative_gender_code=?, ethnic_group_code=?, race_code=? where id=? and version=?
Hibernate: select studyparti0_.prt_id as prt10_1_, studyparti0_.id as id1_, studyparti0_.id as id6_0_, studyparti0_.version as version6_0_, studyparti0_.grid_id as grid3_6_0_, studyparti0_.start_date as start4_6_0_, studyparti0_.sts_id as sts9_6_0_, studyparti0_.prt_id as prt10_6_0_, studyparti0_.study_participant_identifier as study5_6_0_, studyparti0_.eligibility_waiver_reason_text as eligibil6_6_0_, studyparti0_.informed_consent_signed_date as informed7_6_0_, studyparti0_.eligibility_indicator as eligibil8_6_0_ from study_participant_assignments studyparti0_ where studyparti0_.prt_id=?
Hibernate: select this_.id as id7_1_, this_.version as version7_1_, this_.grid_id as grid3_7_1_, this_.add_id as add10_7_1_, this_.last_name as last4_7_1_, this_.first_name as first5_7_1_, this_.birth_date as birth6_7_1_, this_.administrative_gender_code as administ7_7_1_, this_.ethnic_group_code as ethnic8_7_1_, this_.race_code as race9_7_1_, address2_.id as id5_0_, address2_.version as version5_0_, address2_.street_address as street3_5_0_, address2_.city as city5_0_, address2_.state_code as state5_5_0_, address2_.postal_code as postal6_5_0_, address2_.country_code as country7_5_0_ from participants this_ inner join addresses address2_ on this_.add_id=address2_.id where (lower(this_.last_name) like ?)
Hibernate: select this_.id as id7_1_, this_.version as version7_1_, this_.grid_id as grid3_7_1_, this_.add_id as add10_7_1_, this_.last_name as last4_7_1_, this_.first_name as first5_7_1_, this_.birth_date as birth6_7_1_, this_.administrative_gender_code as administ7_7_1_, this_.ethnic_group_code as ethnic8_7_1_, this_.race_code as race9_7_1_, address2_.id as id5_0_, address2_.version as version5_0_, address2_.street_address as street3_5_0_, address2_.city as city5_0_, address2_.state_code as state5_5_0_, address2_.postal_code as postal6_5_0_, address2_.country_code as country7_5_0_ from participants this_ inner join addresses address2_ on this_.add_id=address2_.id where (lower(this_.last_name) like ?)
]]></system-out>
  <system-err><![CDATA[]]></system-err>
</testsuite>
