<?xml version="1.0" encoding="UTF-8" ?>
<testsuite errors="0" failures="0" hostname="Vinay-Office-PC" name="edu.duke.cabig.c3pr.dao.StudyDaoTest" tests="32" time="22.025" timestamp="2007-12-10T21:42:39">
  <properties>
    <property name="file.encoding.pkg" value="sun.io" />
    <property name="env.PROMPT" value="$P$G" />
    <property name="ant.file.c3prv2 custom ant tasks" value="C:\eclipse\WorkspaceSemanticBits\c3prv2\codebase\antfiles\build-ant-tasks.xml" />
    <property name="ant.file.c3pr-2.0-core" value="C:\eclipse\WorkspaceSemanticBits\c3prv2\codebase\projects\core\build.xml" />
    <property name="env.RoxioCentral" value="C:\Program Files\Common Files\Roxio Shared\9.0\Roxio Central33\" />
    <property name="java.home" value="C:\Program Files\Java\jdk1.5.0_12\jre" />
    <property name="test.src.dir" value="C:\eclipse\WorkspaceSemanticBits\c3prv2\codebase\projects\core\test\src" />
    <property name="test.project.jar" value="C:\eclipse\WorkspaceSemanticBits\c3prv2\codebase\projects\core\build\jars\c3pr-2.0-core-tests-1.0.jar" />
    <property name="env.PCBRAND" value="Pavilion" />
    <property name="debug" value="on" />
    <property name="java.endorsed.dirs" value="C:\Program Files\Java\jdk1.5.0_12\jre\lib\endorsed" />
    <property name="env.USERNAME" value="Vinay" />
    <property name="src.dir" value="C:\eclipse\WorkspaceSemanticBits\c3prv2\codebase\projects\core/src" />
    <property name="sun.os.patch.level" value="" />
    <property name="java.vendor.url" value="http://java.sun.com/" />
    <property name="env.COMPUTERNAME" value="VINAY-OFFICE-PC" />
    <property name="ant.file.c3pr-2.0" value="C:\eclipse\WorkspaceSemanticBits\c3prv2\codebase\antfiles\build.xml" />
    <property name="java.version" value="1.5.0_12" />
    <property name="csm.conf.dir" value="C:\eclipse\WorkspaceSemanticBits\c3prv2\codebase\projects\core/conf//csm" />
    <property name="test.logs.dir" value="C:\eclipse\WorkspaceSemanticBits\c3prv2\codebase\projects\core\test\logs" />
    <property name="conf.dir" value="C:\eclipse\WorkspaceSemanticBits\c3prv2\codebase\projects\core/conf/" />
    <property name="java.vendor.url.bug" value="http://java.sun.com/cgi-bin/bugreport.cgi" />
    <property name="env.USERPROFILE" value="C:\Users\Vinay" />
    <property name="test.lib.dir" value="C:\eclipse\WorkspaceSemanticBits\c3prv2\codebase\projects\core\test\lib" />
    <property name="env.SystemRoot" value="C:\Windows" />
    <property name="user.name" value="Vinay" />
    <property name="postgresql.csm.db.scripts.dir" value="C:\eclipse\WorkspaceSemanticBits\c3prv2\codebase\projects\core/db/PostGreSQL/csm" />
    <property name="oracle.db.script.dir" value="C:\eclipse\WorkspaceSemanticBits\c3prv2\codebase\projects\core/db/oracle" />
    <property name="ext.dir" value="C:\eclipse\WorkspaceSemanticBits\c3prv2\codebase\projects\core/ext" />
    <property name="sun.io.unicode.encoding" value="UnicodeLittle" />
    <property name="sun.jnu.encoding" value="Cp1252" />
    <property name="java.runtime.name" value="Java(TM) 2 Runtime Environment, Standard Edition" />
    <property name="env.LOCALAPPDATA" value="C:\Users\Vinay\AppData\Local" />
    <property name="lib.dir" value="C:\eclipse\WorkspaceSemanticBits\c3prv2\codebase\projects\core/lib" />
    <property name="project.version" value="1.0" />
    <property name="java.specification.name" value="Java Platform API Specification" />
    <property name="user.timezone" value="" />
    <property name="ant.file.c3pr-2.0-reports" value="C:\eclipse\WorkspaceSemanticBits\c3prv2\codebase\antfiles\build-reports.xml" />
    <property name="path.separator" value=";" />
    <property name="env.PROCESSOR_IDENTIFIER" value="x86 Family 6 Model 15 Stepping 6, GenuineIntel" />
    <property name="env._JAVACMD" value="C:\Program Files\Java\jdk1.5.0_12\bin\java.exe" />
    <property name="project.name" value="core" />
    <property name="file.encoding" value="Cp1252" />
    <property name="ext.resources.dir" value="C:\eclipse\WorkspaceSemanticBits\c3prv2\codebase\projects\core\ext\resources" />
    <property name="junit.results.dir" value="C:\eclipse\WorkspaceSemanticBits\c3prv2\codebase\test\logs" />
    <property name="env.NUMBER_OF_PROCESSORS" value="2" />
    <property name="env.APPDATA" value="C:\Users\Vinay\AppData\Roaming" />
    <property name="ant.file" value="C:\eclipse\WorkspaceSemanticBits\c3prv2\codebase\projects\core\build.xml" />
    <property name="src.java.dir" value="C:\eclipse\WorkspaceSemanticBits\c3prv2\codebase\projects\core/src/java" />
    <property name="ant.file.c3pr-2.0-artifacts" value="C:\eclipse\WorkspaceSemanticBits\c3prv2\codebase\antfiles\build-artifacts.xml" />
    <property name="java.io.tmpdir" value="C:\Users\Vinay\AppData\Local\Temp\" />
    <property name="ant.file.c3pr-2.0-core-test" value="C:\eclipse\WorkspaceSemanticBits\c3prv2\codebase\projects\core\antfiles\build-test.xml" />
    <property name="user.language" value="en" />
    <property name="env.SystemDrive" value="C:" />
    <property name="line.separator" value="
" />
    <property name="bering.migration.dir" value="C:\eclipse\WorkspaceSemanticBits\c3prv2\codebase\projects\core/db/bering" />
    <property name="java.vm.info" value="mixed mode" />
    <property name="sun.desktop" value="windows" />
    <property name="java.vm.specification.name" value="Java Virtual Machine Specification" />
    <property name="env.PATHEXT" value=".COM;.EXE;.BAT;.CMD;.VBS;.VBE;.JS;.JSE;.WSF;.WSH;.MSC" />
    <property name="test.classes.dir" value="C:\eclipse\WorkspaceSemanticBits\c3prv2\codebase\projects\core\build\classes-test" />
    <property name="ant.file.catrip-1.0-codedrop" value="C:\eclipse\WorkspaceSemanticBits\c3prv2\codebase\antfiles\build-codedrop.xml" />
    <property name="env.LOGONSERVER" value="\\VINAY-OFFICE-PC" />
    <property name="test.src.java.dir" value="C:\eclipse\WorkspaceSemanticBits\c3prv2\codebase\projects\core\test\src\java" />
    <property name="java.awt.printerjob" value="sun.awt.windows.WPrinterJob" />
    <property name="env.PUBLIC" value="C:\Users\Public" />
    <property name="catalina.home" value="C:\Tomcat 5.5" />
    <property name="env.USERDOMAIN" value="Vinay-Office-PC" />
    <property name="env.PROCESSOR_LEVEL" value="6" />
    <property name="env.windir" value="C:\Windows" />
    <property name="os.name" value="Windows Vista" />
    <property name="java.specification.vendor" value="Sun Microsystems Inc." />
    <property name="env.TMP" value="C:\Users\Vinay\AppData\Local\Temp" />
    <property name="postgresql.db.script.dir" value="C:\eclipse\WorkspaceSemanticBits\c3prv2\codebase\projects\core/db/PostGreSQL" />
    <property name="java.vm.name" value="Java HotSpot(TM) Client VM" />
    <property name="env.ProgramData" value="C:\ProgramData" />
    <property name="env.OS" value="Windows_NT" />
    <property name="java.library.path" value="C:\Program Files\Java\jdk1.5.0_12\jre\bin;.;C:\Windows\system32;C:\Windows;C:\Program Files\Java\jdk1.5.0_12\bin;C:\Windows\system32;C:\Windows;C:\Windows\System32\Wbem;C:\Program Files\Common Files\Roxio Shared\DLLShared\;C:\Program Files\Common Files\Roxio Shared\9.0\DLLShared\;C:\Tomcat 5.5\bin;C:\apache-ant-1.7.0\bin;" />
    <property name="ant.java.version" value="1.5" />
    <property name="basedir" value="C:\eclipse\WorkspaceSemanticBits\c3prv2\codebase\projects\core" />
    <property name="java.class.version" value="49.0" />
    <property name="ext.lib.dir" value="C:\eclipse\WorkspaceSemanticBits\c3prv2\codebase\projects\core/ext/lib" />
    <property name="ant.home" value="C:\apache-ant-1.7.0" />
    <property name="env.Path" value="C:\Program Files\Java\jdk1.5.0_12\bin;C:\Windows\system32;C:\Windows;C:\Windows\System32\Wbem;C:\Program Files\Common Files\Roxio Shared\DLLShared\;C:\Program Files\Common Files\Roxio Shared\9.0\DLLShared\;C:\Tomcat 5.5\bin;C:\apache-ant-1.7.0\bin;" />
    <property name="ext.test.lib.dir" value="C:\eclipse\WorkspaceSemanticBits\c3prv2\codebase\projects\core\ext\test\lib" />
    <property name="env.HOMEDRIVE" value="C:" />
    <property name="net.sourceforge.cobertura.datafile" value="C:\eclipse\WorkspaceSemanticBits\c3prv2\codebase\projects\core\test\logs\queryengine.ser" />
    <property name="sun.boot.library.path" value="C:\Program Files\Java\jdk1.5.0_12\jre\bin" />
    <property name="build.dir" value="C:\eclipse\WorkspaceSemanticBits\c3prv2\codebase\projects\core/build" />
    <property name="env.PROCESSOR_REVISION" value="0f06" />
    <property name="sun.management.compiler" value="HotSpot Client Compiler" />
    <property name="java.awt.graphicsenv" value="sun.awt.Win32GraphicsEnvironment" />
    <property name="user.variant" value="" />
    <property name="src.resources.dir" value="C:\eclipse\WorkspaceSemanticBits\c3prv2\codebase\projects\core/src/resources" />
    <property name="ant.file.c3pr-2.0-test" value="C:\eclipse\WorkspaceSemanticBits\c3prv2\codebase\antfiles\build-test.xml" />
    <property name="jar.dir" value="C:\eclipse\WorkspaceSemanticBits\c3prv2\codebase\projects\core/build/jars" />
    <property name="ant.project.name" value="c3pr-2.0-core" />
    <property name="java.vm.specification.version" value="1.0" />
    <property name="env.GLOBUS_LOCATION" value="C:\Globus\ws-core-4.0.3" />
    <property name="resources.dir" value="C:\eclipse\WorkspaceSemanticBits\c3prv2\codebase\projects\core/resources" />
    <property name="awt.toolkit" value="sun.awt.windows.WToolkit" />
    <property name="env.MAVEN_HOME" value="C:\Program Files\maven-2.0.7-bin\maven-2.0.7" />
    <property name="sun.cpu.isalist" value="pentium_pro+mmx pentium_pro pentium+mmx pentium i486 i386 i86" />
    <property name="build.context.dir" value="C:\eclipse\WorkspaceSemanticBits\c3prv2\codebase\projects\core/build/classes/context" />
    <property name="java.ext.dirs" value="C:\Program Files\Java\jdk1.5.0_12\jre\lib\ext" />
    <property name="os.version" value="6.0" />
    <property name="cobertura.home" value="C:\eclipse\WorkspaceSemanticBits\c3prv2\codebase\share\cobertura-1.8" />
    <property name="db.scripts.dir" value="C:\eclipse\WorkspaceSemanticBits\c3prv2\codebase\projects\core/db" />
    <property name="test.src.resources.dir" value="C:\eclipse\WorkspaceSemanticBits\c3prv2\codebase\projects\core\test\src\resources" />
    <property name="user.home" value="C:\Users\Vinay" />
    <property name="java.vm.vendor" value="Sun Microsystems Inc." />
    <property name="env.JAVA_HOME" value="C:\Program Files\Java\jdk1.5.0_12" />
    <property name="antfiles.dir" value="C:\eclipse\WorkspaceSemanticBits\c3prv2\codebase\projects\core/antfiles" />
    <property name="user.dir" value="C:\eclipse\WorkspaceSemanticBits\c3prv2\codebase\projects\core" />
    <property name="env.FP_NO_HOST_CHECK" value="NO" />
    <property name="test.dir" value="C:\eclipse\WorkspaceSemanticBits\c3prv2\codebase\projects\core\test" />
    <property name="env.OnlineServices" value="Online Services" />
    <property name="sun.cpu.endian" value="little" />
    <property name="env._USE_CLASSPATH" value="no" />
    <property name="env.ALLUSERSPROFILE" value="C:\ProgramData" />
    <property name="env.PROCESSOR_ARCHITECTURE" value="x86" />
    <property name="java.vm.version" value="1.5.0_12-b04" />
    <property name="java.class.path" value="C:\eclipse\WorkspaceSemanticBits\c3prv2\codebase\projects\core\lib\activation-1.0.2.jar;C:\eclipse\WorkspaceSemanticBits\c3prv2\codebase\projects\core\lib\avalon-framework-cvs-20020806.jar;C:\eclipse\WorkspaceSemanticBits\c3prv2\codebase\projects\core\lib\castor-1.1.2.1.jar;C:\eclipse\WorkspaceSemanticBits\c3prv2\codebase\projects\core\lib\commons-beanutils-1.7.0.jar;C:\eclipse\WorkspaceSemanticBits\c3prv2\codebase\projects\core\lib\commons-collections-3.2.jar;C:\eclipse\WorkspaceSemanticBits\c3prv2\codebase\projects\core\lib\commons-configuration-1.5.jar;C:\eclipse\WorkspaceSemanticBits\c3prv2\codebase\projects\core\lib\commons-dbcp-1.2.1.jar;C:\eclipse\WorkspaceSemanticBits\c3prv2\codebase\projects\core\lib\ejb3-persistence.jar;C:\eclipse\WorkspaceSemanticBits\c3prv2\codebase\projects\core\lib\fop.jar;C:\eclipse\WorkspaceSemanticBits\c3prv2\codebase\projects\core\lib\jakarta-oro-2.0.8.jar;C:\eclipse\WorkspaceSemanticBits\c3prv2\codebase\projects\core\lib\jstl.jar;C:\eclipse\WorkspaceSemanticBits\c3prv2\codebase\projects\core\lib\jta.jar;C:\eclipse\WorkspaceSemanticBits\c3prv2\codebase\projects\core\lib\mail-1.3.2.jar;C:\eclipse\WorkspaceSemanticBits\c3prv2\codebase\projects\core\lib\northwestern-core-commons.jar;C:\eclipse\WorkspaceSemanticBits\c3prv2\codebase\projects\core\lib\ojdbc14.jar;C:\eclipse\WorkspaceSemanticBits\c3prv2\codebase\projects\core\lib\postgresql-8.1-407.jdbc3.jar;C:\eclipse\WorkspaceSemanticBits\c3prv2\codebase\projects\core\lib\standard.jar;C:\eclipse\WorkspaceSemanticBits\c3prv2\codebase\projects\core\lib\xbean-spring-2.7.jar;C:\eclipse\WorkspaceSemanticBits\c3prv2\codebase\projects\core\ext\lib\CaXchangeRequestProcessor-client.jar;C:\eclipse\WorkspaceSemanticBits\c3prv2\codebase\projects\core\ext\lib\CaXchangeRequestProcessor-common.jar;C:\eclipse\WorkspaceSemanticBits\c3prv2\codebase\projects\core\ext\lib\CaXchangeRequestProcessor-stubs.jar;C:\eclipse\WorkspaceSemanticBits\c3prv2\codebase\projects\core\ext\lib\acegi-csm-0.3.jar;C:\eclipse\WorkspaceSemanticBits\c3prv2\codebase\projects\core\ext\lib\acegi-csm-0.5.jar;C:\eclipse\WorkspaceSemanticBits\c3prv2\codebase\projects\core\ext\lib\acegi-security-1.0.3.jar;C:\eclipse\WorkspaceSemanticBits\c3prv2\codebase\projects\core\ext\lib\acegi-security-cas-1.0.3.jar;C:\eclipse\WorkspaceSemanticBits\c3prv2\codebase\projects\core\ext\lib\acegi-security-tiger-1.0.3.jar;C:\eclipse\WorkspaceSemanticBits\c3prv2\codebase\projects\core\ext\lib\activeio-core-3.0-beta4.jar;C:\eclipse\WorkspaceSemanticBits\c3prv2\codebase\projects\core\ext\lib\activemq-core-4.0.2.jar;C:\eclipse\WorkspaceSemanticBits\c3prv2\codebase\projects\core\ext\lib\addressing-1.0.jar;C:\eclipse\WorkspaceSemanticBits\c3prv2\codebase\projects\core\ext\lib\ant-contrib.jar;C:\eclipse\WorkspaceSemanticBits\c3prv2\codebase\projects\core\ext\lib\antlr-2.7.6.jar;C:\eclipse\WorkspaceSemanticBits\c3prv2\codebase\projects\core\ext\lib\aopalliance.jar;C:\eclipse\WorkspaceSemanticBits\c3prv2\codebase\projects\core\ext\lib\asm-2.2.3.jar;C:\eclipse\WorkspaceSemanticBits\c3prv2\codebase\projects\core\ext\lib\asm-commons-2.2.3.jar;C:\eclipse\WorkspaceSemanticBits\c3prv2\codebase\projects\core\ext\lib\asm-util-2.2.3.jar;C:\eclipse\WorkspaceSemanticBits\c3prv2\codebase\projects\core\ext\lib\aspectjrt-1.5.3.jar;C:\eclipse\WorkspaceSemanticBits\c3prv2\codebase\projects\core\ext\lib\aspectjweaver-1.5.3.jar;C:\eclipse\WorkspaceSemanticBits\c3prv2\codebase\projects\core\ext\lib\axis-url.jar;C:\eclipse\WorkspaceSemanticBits\c3prv2\codebase\projects\core\ext\lib\axis.jar;C:\eclipse\WorkspaceSemanticBits\c3prv2\codebase\projects\core\ext\lib\backport-util-concurrent-2.1.jar;C:\eclipse\WorkspaceSemanticBits\c3prv2\codebase\projects\core\ext\lib\bootstrap.jar;C:\eclipse\WorkspaceSemanticBits\c3prv2\codebase\projects\core\ext\lib\c3p0-0.8.5.2.jar;C:\eclipse\WorkspaceSemanticBits\c3prv2\codebase\projects\core\ext\lib\c3pr-2.0-esb-client-1.0.jar;C:\eclipse\WorkspaceSemanticBits\c3prv2\codebase\projects\core\ext\lib\caGrid-1.1-Introduce-1.1-serviceTools.jar;C:\eclipse\WorkspaceSemanticBits\c3prv2\codebase\projects\core\ext\lib\caGrid-1.1-ServiceSecurityProvider-client.jar;C:\eclipse\WorkspaceSemanticBits\c3prv2\codebase\projects\core\ext\lib\caGrid-1.1-ServiceSecurityProvider-common.jar;C:\eclipse\WorkspaceSemanticBits\c3prv2\codebase\projects\core\ext\lib\caGrid-1.1-ServiceSecurityProvider-service.jar;C:\eclipse\WorkspaceSemanticBits\c3prv2\codebase\projects\core\ext\lib\caGrid-1.1-ServiceSecurityProvider-stubs.jar;C:\eclipse\WorkspaceSemanticBits\c3prv2\codebase\projects\core\ext\lib\caGrid-1.1-advertisement.jar;C:\eclipse\WorkspaceSemanticBits\c3prv2\codebase\projects\core\ext\lib\caGrid-1.1-authentication-service-client.jar;C:\eclipse\WorkspaceSemanticBits\c3prv2\codebase\projects\core\ext\lib\caGrid-1.1-authentication-service-common.jar;C:\eclipse\WorkspaceSemanticBits\c3prv2\codebase\projects\core\ext\lib\caGrid-1.1-authentication-service-stubs.jar;C:\eclipse\WorkspaceSemanticBits\c3prv2\codebase\projects\core\ext\lib\caGrid-1.1-core.jar;C:\eclipse\WorkspaceSemanticBits\c3prv2\codebase\projects\core\ext\lib\caGrid-1.1-dorian-client.jar;C:\eclipse\WorkspaceSemanticBits\c3prv2\codebase\projects\core\ext\lib\caGrid-1.1-dorian-common.jar;C:\eclipse\WorkspaceSemanticBits\c3prv2\codebase\projects\core\ext\lib\caGrid-1.1-dorian-stubs.jar;C:\eclipse\WorkspaceSemanticBits\c3prv2\codebase\projects\core\ext\lib\caGrid-1.1-metadata-common.jar;C:\eclipse\WorkspaceSemanticBits\c3prv2\codebase\projects\core\ext\lib\caGrid-1.1-metadata-data.jar;C:\eclipse\WorkspaceSemanticBits\c3prv2\codebase\projects\core\ext\lib\caGrid-1.1-metadata-security.jar;C:\eclipse\WorkspaceSemanticBits\c3prv2\codebase\projects\core\ext\lib\caGrid-1.1-metadataUtils.jar;C:\eclipse\WorkspaceSemanticBits\c3prv2\codebase\projects\core\ext\lib\caGrid-1.1-opensaml-1.1.jar;C:\eclipse\WorkspaceSemanticBits\c3prv2\codebase\projects\core\ext\lib\castor-0.9.9.jar;C:\eclipse\WorkspaceSemanticBits\c3prv2\codebase\projects\core\ext\lib\cglib-nodep-2.1_3.jar;C:\eclipse\WorkspaceSemanticBits\c3prv2\codebase\projects\core\ext\lib\client.jar;C:\eclipse\WorkspaceSemanticBits\c3prv2\codebase\projects\core\ext\lib\clm-3.2.1-ctms00.jar;C:\eclipse\WorkspaceSemanticBits\c3prv2\codebase\projects\core\ext\lib\clm.jar;C:\eclipse\WorkspaceSemanticBits\c3prv2\codebase\projects\core\ext\lib\cog-axis.jar;C:\eclipse\WorkspaceSemanticBits\c3prv2\codebase\projects\core\ext\lib\cog-jglobus.jar;C:\eclipse\WorkspaceSemanticBits\c3prv2\codebase\projects\core\ext\lib\cog-tomcat.jar;C:\eclipse\WorkspaceSemanticBits\c3prv2\codebase\projects\core\ext\lib\cog-url.jar;C:\eclipse\WorkspaceSemanticBits\c3prv2\codebase\projects\core\ext\lib\collections-generic-4.01.jar;C:\eclipse\WorkspaceSemanticBits\c3prv2\codebase\projects\core\ext\lib\commonj.jar;C:\eclipse\WorkspaceSemanticBits\c3prv2\codebase\projects\core\ext\lib\commons-beanutils.jar;C:\eclipse\WorkspaceSemanticBits\c3prv2\codebase\projects\core\ext\lib\commons-cli-2.0.jar;C:\eclipse\WorkspaceSemanticBits\c3prv2\codebase\projects\core\ext\lib\commons-collections-3.0.jar;C:\eclipse\WorkspaceSemanticBits\c3prv2\codebase\projects\core\ext\lib\commons-collections-3.1.jar;C:\eclipse\WorkspaceSemanticBits\c3prv2\codebase\projects\core\ext\lib\commons-collections-3.2.jar;C:\eclipse\WorkspaceSemanticBits\c3prv2\codebase\projects\core\ext\lib\commons-digester.jar;C:\eclipse\WorkspaceSemanticBits\c3prv2\codebase\projects\core\ext\lib\commons-discovery.jar;C:\eclipse\WorkspaceSemanticBits\c3prv2\codebase\projects\core\ext\lib\commons-io-1.3.1.jar;C:\eclipse\WorkspaceSemanticBits\c3prv2\codebase\projects\core\ext\lib\commons-lang-2.3.jar;C:\eclipse\WorkspaceSemanticBits\c3prv2\codebase\projects\core\ext\lib\commons-logging-1.1.jar;C:\eclipse\WorkspaceSemanticBits\c3prv2\codebase\projects\core\ext\lib\commons-logging.jar;C:\eclipse\WorkspaceSemanticBits\c3prv2\codebase\projects\core\ext\lib\commons-pool-1.2.jar;C:\eclipse\WorkspaceSemanticBits\c3prv2\codebase\projects\core\ext\lib\concurrent.jar;C:\eclipse\WorkspaceSemanticBits\c3prv2\codebase\projects\core\ext\lib\cryptix-asn1.jar;C:\eclipse\WorkspaceSemanticBits\c3prv2\codebase\projects\core\ext\lib\cryptix.jar;C:\eclipse\WorkspaceSemanticBits\c3prv2\codebase\projects\core\ext\lib\cryptix32.jar;C:\eclipse\WorkspaceSemanticBits\c3prv2\codebase\projects\core\ext\lib\csmapi-3.2.1-ctms00.jar;C:\eclipse\WorkspaceSemanticBits\c3prv2\codebase\projects\core\ext\lib\ctms-commons-base-0.5-SNAPSHOT.jar;C:\eclipse\WorkspaceSemanticBits\c3prv2\codebase\projects\core\ext\lib\ctms-commons-base-0.5.jar;C:\eclipse\WorkspaceSemanticBits\c3prv2\codebase\projects\core\ext\lib\ctms-commons-core-0.5-SNAPSHOT.jar;C:\eclipse\WorkspaceSemanticBits\c3prv2\codebase\projects\core\ext\lib\ctms-commons-core-0.5.jar;C:\eclipse\WorkspaceSemanticBits\c3prv2\codebase\projects\core\ext\lib\ctms-commons-laf-0.5-SNAPSHOT.jar;C:\eclipse\WorkspaceSemanticBits\c3prv2\codebase\projects\core\ext\lib\ctms-commons-lang-0.5-SNAPSHOT.jar;C:\eclipse\WorkspaceSemanticBits\c3prv2\codebase\projects\core\ext\lib\ctms-commons-lang-0.5.jar;C:\eclipse\WorkspaceSemanticBits\c3prv2\codebase\projects\core\ext\lib\ctms-commons-web-0.5-SNAPSHOT.jar;C:\eclipse\WorkspaceSemanticBits\c3prv2\codebase\projects\core\ext\lib\ctms-commons-web-0.5.jar;C:\eclipse\WorkspaceSemanticBits\c3prv2\codebase\projects\core\ext\lib\dom4j-1.6.1.jar;C:\eclipse\WorkspaceSemanticBits\c3prv2\codebase\projects\core\ext\lib\ehcache-1.2.3.jar;C:\eclipse\WorkspaceSemanticBits\c3prv2\codebase\projects\core\ext\lib\globus_resolution_service.jar;C:\eclipse\WorkspaceSemanticBits\c3prv2\codebase\projects\core\ext\lib\globus_resolution_stubs_java.jar;C:\eclipse\WorkspaceSemanticBits\c3prv2\codebase\projects\core\ext\lib\globus_resolution_test.jar;C:\eclipse\WorkspaceSemanticBits\c3prv2\codebase\projects\core\ext\lib\globus_transfer_service.jar;C:\eclipse\WorkspaceSemanticBits\c3prv2\codebase\projects\core\ext\lib\globus_transfer_stubs_java.jar;C:\eclipse\WorkspaceSemanticBits\c3prv2\codebase\projects\core\ext\lib\globus_transfer_test.jar;C:\eclipse\WorkspaceSemanticBits\c3prv2\codebase\projects\core\ext\lib\globus_usage_core.jar;C:\eclipse\WorkspaceSemanticBits\c3prv2\codebase\projects\core\ext\lib\globus_usage_packets_common.jar;C:\eclipse\WorkspaceSemanticBits\c3prv2\codebase\projects\core\ext\lib\globus_wsrf_mds_aggregator.jar;C:\eclipse\WorkspaceSemanticBits\c3prv2\codebase\projects\core\ext\lib\globus_wsrf_mds_aggregator_stubs.jar;C:\eclipse\WorkspaceSemanticBits\c3prv2\codebase\projects\core\ext\lib\globus_wsrf_servicegroup.jar;C:\eclipse\WorkspaceSemanticBits\c3prv2\codebase\projects\core\ext\lib\globus_wsrf_servicegroup_stubs.jar;C:\eclipse\WorkspaceSemanticBits\c3prv2\codebase\projects\core\ext\lib\globus_wsrf_tools_test.jar;C:\eclipse\WorkspaceSemanticBits\c3prv2\codebase\projects\core\ext\lib\grid-security-plugin-1.0.jar;C:\eclipse\WorkspaceSemanticBits\c3prv2\codebase\projects\core\ext\lib\handle.jar;C:\eclipse\WorkspaceSemanticBits\c3prv2\codebase\projects\core\ext\lib\handlerservice.jar;C:\eclipse\WorkspaceSemanticBits\c3prv2\codebase\projects\core\ext\lib\hibernate-annotations.jar;C:\eclipse\WorkspaceSemanticBits\c3prv2\codebase\projects\core\ext\lib\hibernate3.2.1.jar;C:\eclipse\WorkspaceSemanticBits\c3prv2\codebase\projects\core\ext\lib\jaxen-core.jar;C:\eclipse\WorkspaceSemanticBits\c3prv2\codebase\projects\core\ext\lib\jaxen-jdom.jar;C:\eclipse\WorkspaceSemanticBits\c3prv2\codebase\projects\core\ext\lib\jaxrpc.jar;C:\eclipse\WorkspaceSemanticBits\c3prv2\codebase\projects\core\ext\lib\jboss-j2ee-4.0.5.jar;C:\eclipse\WorkspaceSemanticBits\c3prv2\codebase\projects\core\ext\lib\jboss-jsr77.jar;C:\eclipse\WorkspaceSemanticBits\c3prv2\codebase\projects\core\ext\lib\jce-jdk13-125.jar;C:\eclipse\WorkspaceSemanticBits\c3prv2\codebase\projects\core\ext\lib\jdom-1.0.jar;C:\eclipse\WorkspaceSemanticBits\c3prv2\codebase\projects\core\ext\lib\jdom.jar;C:\eclipse\WorkspaceSemanticBits\c3prv2\codebase\projects\core\ext\lib\jgss.jar;C:\eclipse\WorkspaceSemanticBits\c3prv2\codebase\projects\core\ext\lib\junit.jar;C:\eclipse\WorkspaceSemanticBits\c3prv2\codebase\projects\core\ext\lib\log4j-1.2.13.jar;C:\eclipse\WorkspaceSemanticBits\c3prv2\codebase\projects\core\ext\lib\log4j-1.2.8.jar;C:\eclipse\WorkspaceSemanticBits\c3prv2\codebase\projects\core\ext\lib\mobius_common_client-1.1.jar;C:\eclipse\WorkspaceSemanticBits\c3prv2\codebase\projects\core\ext\lib\mobius_factories-1.1.jar;C:\eclipse\WorkspaceSemanticBits\c3prv2\codebase\projects\core\ext\lib\mobius_gme_client-1.1.jar;C:\eclipse\WorkspaceSemanticBits\c3prv2\codebase\projects\core\ext\lib\mobius_mako_client-1.1.jar;C:\eclipse\WorkspaceSemanticBits\c3prv2\codebase\projects\core\ext\lib\mobius_tools-1.1.jar;C:\eclipse\WorkspaceSemanticBits\c3prv2\codebase\projects\core\ext\lib\naming-common.jar;C:\eclipse\WorkspaceSemanticBits\c3prv2\codebase\projects\core\ext\lib\naming-factory.jar;C:\eclipse\WorkspaceSemanticBits\c3prv2\codebase\projects\core\ext\lib\naming-java.jar;C:\eclipse\WorkspaceSemanticBits\c3prv2\codebase\projects\core\ext\lib\naming-resources.jar;C:\eclipse\WorkspaceSemanticBits\c3prv2\codebase\projects\core\ext\lib\opensaml.jar;C:\eclipse\WorkspaceSemanticBits\c3prv2\codebase\projects\core\ext\lib\puretls.jar;C:\eclipse\WorkspaceSemanticBits\c3prv2\codebase\projects\core\ext\lib\resolver.jar;C:\eclipse\WorkspaceSemanticBits\c3prv2\codebase\projects\core\ext\lib\saaj.jar;C:\eclipse\WorkspaceSemanticBits\c3prv2\codebase\projects\core\ext\lib\saxpath.jar;C:\eclipse\WorkspaceSemanticBits\c3prv2\codebase\projects\core\ext\lib\servlet.jar;C:\eclipse\WorkspaceSemanticBits\c3prv2\codebase\projects\core\ext\lib\spring-aspects.jar;C:\eclipse\WorkspaceSemanticBits\c3prv2\codebase\projects\core\ext\lib\spring.jar;C:\eclipse\WorkspaceSemanticBits\c3prv2\codebase\projects\core\ext\lib\wsdl4j.jar;C:\eclipse\WorkspaceSemanticBits\c3prv2\codebase\projects\core\ext\lib\wsrf_common.jar;C:\eclipse\WorkspaceSemanticBits\c3prv2\codebase\projects\core\ext\lib\wsrf_core.jar;C:\eclipse\WorkspaceSemanticBits\c3prv2\codebase\projects\core\ext\lib\wsrf_core_registry.jar;C:\eclipse\WorkspaceSemanticBits\c3prv2\codebase\projects\core\ext\lib\wsrf_core_registry_stubs.jar;C:\eclipse\WorkspaceSemanticBits\c3prv2\codebase\projects\core\ext\lib\wsrf_core_samples_authzService.jar;C:\eclipse\WorkspaceSemanticBits\c3prv2\codebase\projects\core\ext\lib\wsrf_core_samples_authzService_stubs.jar;C:\eclipse\WorkspaceSemanticBits\c3prv2\codebase\projects\core\ext\lib\wsrf_core_samples_counter.jar;C:\eclipse\WorkspaceSemanticBits\c3prv2\codebase\projects\core\ext\lib\wsrf_core_samples_counter_stubs.jar;C:\eclipse\WorkspaceSemanticBits\c3prv2\codebase\projects\core\ext\lib\wsrf_core_samples_mgmt.jar;C:\eclipse\WorkspaceSemanticBits\c3prv2\codebase\projects\core\ext\lib\wsrf_core_samples_mgmt_stubs.jar;C:\eclipse\WorkspaceSemanticBits\c3prv2\codebase\projects\core\ext\lib\wsrf_core_stubs.jar;C:\eclipse\WorkspaceSemanticBits\c3prv2\codebase\projects\core\ext\lib\wsrf_provider_jce.jar;C:\eclipse\WorkspaceSemanticBits\c3prv2\codebase\projects\core\ext\lib\wsrf_test.jar;C:\eclipse\WorkspaceSemanticBits\c3prv2\codebase\projects\core\ext\lib\wsrf_test_interop.jar;C:\eclipse\WorkspaceSemanticBits\c3prv2\codebase\projects\core\ext\lib\wsrf_test_interop_stubs.jar;C:\eclipse\WorkspaceSemanticBits\c3prv2\codebase\projects\core\ext\lib\wsrf_test_unit.jar;C:\eclipse\WorkspaceSemanticBits\c3prv2\codebase\projects\core\ext\lib\wsrf_test_unit_stubs.jar;C:\eclipse\WorkspaceSemanticBits\c3prv2\codebase\projects\core\ext\lib\wsrf_tools.jar;C:\eclipse\WorkspaceSemanticBits\c3prv2\codebase\projects\core\ext\lib\wss4j.jar;C:\eclipse\WorkspaceSemanticBits\c3prv2\codebase\projects\core\ext\lib\xalan.jar;C:\eclipse\WorkspaceSemanticBits\c3prv2\codebase\projects\core\ext\lib\xerces-2.6.2.jar;C:\eclipse\WorkspaceSemanticBits\c3prv2\codebase\projects\core\ext\lib\xerces.jar;C:\eclipse\WorkspaceSemanticBits\c3prv2\codebase\projects\core\ext\lib\xercesImpl.jar;C:\eclipse\WorkspaceSemanticBits\c3prv2\codebase\projects\core\ext\lib\xml-apis.jar;C:\eclipse\WorkspaceSemanticBits\c3prv2\codebase\projects\core\ext\lib\xmlsec.jar;C:\eclipse\WorkspaceSemanticBits\c3prv2\codebase\projects\core\ext\compile\lib\c3pr-management-1.0.jar;C:\eclipse\WorkspaceSemanticBits\c3prv2\codebase\projects\core\build\jars\c3pr-2.0-core-1.0.jar;C:\eclipse\WorkspaceSemanticBits\c3prv2\codebase\projects\core\build\jars\c3pr-2.0-core-tests-1.0.jar;C:\eclipse\WorkspaceSemanticBits\c3prv2\codebase\projects\core\test\lib\catrip-test-report-1.0.jar;C:\eclipse\WorkspaceSemanticBits\c3prv2\codebase\projects\core\test\lib\core-commons-testing.jar;C:\eclipse\WorkspaceSemanticBits\c3prv2\codebase\projects\core\test\lib\dbunit-2.1.jar;C:\eclipse\WorkspaceSemanticBits\c3prv2\codebase\projects\core\test\lib\easymock.jar;C:\eclipse\WorkspaceSemanticBits\c3prv2\codebase\projects\core\test\lib\easymockclassextension.jar;C:\eclipse\WorkspaceSemanticBits\c3prv2\codebase\projects\core\test\lib\hsqldb.jar;C:\eclipse\WorkspaceSemanticBits\c3prv2\codebase\projects\core\test\lib\servlet-api.jar;C:\eclipse\WorkspaceSemanticBits\c3prv2\codebase\projects\core\ext\test\lib\junit-3.8.1.jar;C:\eclipse\WorkspaceSemanticBits\c3prv2\codebase\projects\core\ext\test\lib\spring-mock.jar;C:\eclipse\WorkspaceSemanticBits\c3prv2\codebase\share\cobertura-1.8\cobertura.jar;C:\eclipse\WorkspaceSemanticBits\c3prv2\codebase\share\cobertura-1.8\lib\asm-2.2.1.jar;C:\eclipse\WorkspaceSemanticBits\c3prv2\codebase\share\cobertura-1.8\lib\jakarta-oro-2.0.8.jar;C:\eclipse\WorkspaceSemanticBits\c3prv2\codebase\share\cobertura-1.8\lib\log4j-1.2.9.jar;C:\apache-ant-1.7.0\lib\ant-launcher.jar;C:\apache-ant-1.7.0\lib\ant.jar;C:\apache-ant-1.7.0\lib\ant-junit.jar" />
    <property name="env.HOMEPATH" value="\Users\Vinay" />
    <property name="oracle.csm.db.scripts.dir" value="C:\eclipse\WorkspaceSemanticBits\c3prv2\codebase\projects\core/db/oracle/csm" />
    <property name="ant.library.dir" value="C:\apache-ant-1.7.0\lib" />
    <property name="os.arch" value="x86" />
    <property name="testcoverage.datafile" value="C:\eclipse\WorkspaceSemanticBits\c3prv2\codebase\projects\core\test\logs\queryengine.ser" />
    <property name="env.PLATFORM" value="MCD" />
    <property name="env.SESSIONNAME" value="Console" />
    <property name="sun.java.launcher" value="SUN_STANDARD" />
    <property name="classes.dir" value="C:\eclipse\WorkspaceSemanticBits\c3prv2\codebase\projects\core/build/classes" />
    <property name="env.CommonProgramFiles" value="C:\Program Files\Common Files" />
    <property name="env.ProgramFiles" value="C:\Program Files" />
    <property name="java.vm.specification.vendor" value="Sun Microsystems Inc." />
    <property name="ant.file.c3pr-2.0-utilities" value="C:\eclipse\WorkspaceSemanticBits\c3prv2\codebase\antfiles\build-utilities.xml" />
    <property name="file.separator" value="\" />
    <property name="env.ANT_CMD_LINE_ARGS" value="test" />
    <property name="java.runtime.version" value="1.5.0_12-b04" />
    <property name="project.jarfile" value="C:\eclipse\WorkspaceSemanticBits\c3prv2\codebase\projects\core/build/jars/c3pr-2.0-core-1.0.jar" />
    <property name="sun.boot.class.path" value="C:\Program Files\Java\jdk1.5.0_12\jre\lib\rt.jar;C:\Program Files\Java\jdk1.5.0_12\jre\lib\i18n.jar;C:\Program Files\Java\jdk1.5.0_12\jre\lib\sunrsasign.jar;C:\Program Files\Java\jdk1.5.0_12\jre\lib\jsse.jar;C:\Program Files\Java\jdk1.5.0_12\jre\lib\jce.jar;C:\Program Files\Java\jdk1.5.0_12\jre\lib\charsets.jar;C:\Program Files\Java\jdk1.5.0_12\jre\classes" />
    <property name="env.ComSpec" value="C:\Windows\system32\cmd.exe" />
    <property name="env.TEMP" value="C:\Users\Vinay\AppData\Local\Temp" />
    <property name="user.country" value="US" />
    <property name="env.ANT_HOME" value="C:\apache-ant-1.7.0" />
    <property name="java.vendor" value="Sun Microsystems Inc." />
    <property name="c3pr.properties.file" value="c3pr.properties" />
    <property name="env.CATALINA_HOME" value="C:\Tomcat 5.5" />
    <property name="java.specification.version" value="1.5" />
    <property name="sun.arch.data.model" value="32" />
  </properties>
  <testcase classname="edu.duke.cabig.c3pr.dao.StudyDaoTest" name="testWhereAndWhere" time="0.972" />
  <testcase classname="edu.duke.cabig.c3pr.dao.StudyDaoTest" name="testGetById" time="0.595" />
  <testcase classname="edu.duke.cabig.c3pr.dao.StudyDaoTest" name="testGetAll" time="0.663" />
  <testcase classname="edu.duke.cabig.c3pr.dao.StudyDaoTest" name="testAmendAnExistingStudy" time="0.885" />
  <testcase classname="edu.duke.cabig.c3pr.dao.StudyDaoTest" name="testSaveNewStudyWithSecurity" time="0.608" />
  <testcase classname="edu.duke.cabig.c3pr.dao.StudyDaoTest" name="testSaveCalloutRandomizations" time="0.594" />
  <testcase classname="edu.duke.cabig.c3pr.dao.StudyDaoTest" name="testSaveStudyWithAnsComb" time="0.665" />
  <testcase classname="edu.duke.cabig.c3pr.dao.StudyDaoTest" name="testSaveStudyWithRandomizations" time="0.641" />
  <testcase classname="edu.duke.cabig.c3pr.dao.StudyDaoTest" name="testComboGenerator" time="0.501" />
  <testcase classname="edu.duke.cabig.c3pr.dao.StudyDaoTest" name="testSaveNewStudyWithAssociations" time="0.727" />
  <testcase classname="edu.duke.cabig.c3pr.dao.StudyDaoTest" name="testSaveStudyWithNotifications" time="0.719" />
  <testcase classname="edu.duke.cabig.c3pr.dao.StudyDaoTest" name="testHibernateBug" time="0.941" />
  <testcase classname="edu.duke.cabig.c3pr.dao.StudyDaoTest" name="testGetStudySites" time="0.522" />
  <testcase classname="edu.duke.cabig.c3pr.dao.StudyDaoTest" name="testGetEpochs" time="0.502" />
  <testcase classname="edu.duke.cabig.c3pr.dao.StudyDaoTest" name="testGetTreatmentEpochs" time="0.656" />
  <testcase classname="edu.duke.cabig.c3pr.dao.StudyDaoTest" name="testGetStudySubjectsForStudy" time="0.85" />
  <testcase classname="edu.duke.cabig.c3pr.dao.StudyDaoTest" name="testSearchStudySimple" time="0.7" />
  <testcase classname="edu.duke.cabig.c3pr.dao.StudyDaoTest" name="testIdentifierUniqueResults" time="0.708" />
  <testcase classname="edu.duke.cabig.c3pr.dao.StudyDaoTest" name="testSaveNewStudyWithTreatmentEpochs" time="1.288" />
  <testcase classname="edu.duke.cabig.c3pr.dao.StudyDaoTest" name="testSaveNewStudyWithNonTreatmentEpochs" time="0.673" />
  <testcase classname="edu.duke.cabig.c3pr.dao.StudyDaoTest" name="testSaveNewStudyWithTreatmentEpochsAndArms" time="0.663" />
  <testcase classname="edu.duke.cabig.c3pr.dao.StudyDaoTest" name="testSearchStudyByWildCards" time="0.72" />
  <testcase classname="edu.duke.cabig.c3pr.dao.StudyDaoTest" name="testGetStudyFundingSponsors" time="0.485" />
  <testcase classname="edu.duke.cabig.c3pr.dao.StudyDaoTest" name="testGetStudyCoordinatingCenters" time="0.668" />
  <testcase classname="edu.duke.cabig.c3pr.dao.StudyDaoTest" name="testSaveNewStudyWithFundingSponsor" time="0.678" />
  <testcase classname="edu.duke.cabig.c3pr.dao.StudyDaoTest" name="testSaveNewStudyWithCoordinatingCenter" time="0.653" />
  <testcase classname="edu.duke.cabig.c3pr.dao.StudyDaoTest" name="testFailureSaveTwoIdentifiersWithSameOrgAndSameTypeInStudy" time="0.758" />
  <testcase classname="edu.duke.cabig.c3pr.dao.StudyDaoTest" name="testFailureSaveTwoStudyOrganizationsWithSameOrgAndSameType" time="0.604" />
  <testcase classname="edu.duke.cabig.c3pr.dao.StudyDaoTest" name="testFailureTwoEpochsWithSameNameInStudy" time="0.549" />
  <testcase classname="edu.duke.cabig.c3pr.dao.StudyDaoTest" name="testFailureSaveTwoStudyFundingSponsorIdentifiersWithSameValue" time="0.714" />
  <testcase classname="edu.duke.cabig.c3pr.dao.StudyDaoTest" name="testSaveNewStudyWithAmendment" time="0.535" />
  <testcase classname="edu.duke.cabig.c3pr.dao.StudyDaoTest" name="testEpochOrder" time="0.484" />
  <system-out><![CDATA[2007-12-10 16:42:30,252 INFO  org.springframework.context.support.ClassPathXmlApplicationContext : Refreshing org.springframework.context.support.ClassPathXmlApplicationContext@12ad19e: display name [org.springframework.context.support.ClassPathXmlApplicationContext@12ad19e]; startup date [Mon Dec 10 16:42:30 EST 2007]; root of context hierarchy
2007-12-10 16:42:30,375 INFO  org.springframework.beans.factory.xml.XmlBeanDefinitionReader : Loading XML bean definitions from URL [jar:file:/C:/eclipse/WorkspaceSemanticBits/c3prv2/codebase/projects/core/build/jars/c3pr-2.0-core-1.0.jar!/edu/duke/cabig/c3pr/applicationContext-core.xml]
2007-12-10 16:42:31,089 INFO  org.springframework.beans.factory.xml.XmlBeanDefinitionReader : Loading XML bean definitions from URL [jar:file:/C:/eclipse/WorkspaceSemanticBits/c3prv2/codebase/projects/core/build/jars/c3pr-2.0-core-1.0.jar!/edu/duke/cabig/c3pr/applicationContext-core-db.xml]
2007-12-10 16:42:31,162 INFO  org.springframework.beans.factory.xml.XmlBeanDefinitionReader : Loading XML bean definitions from URL [jar:file:/C:/eclipse/WorkspaceSemanticBits/c3prv2/codebase/projects/core/build/jars/c3pr-2.0-core-1.0.jar!/edu/duke/cabig/c3pr/applicationContext-csm.xml]
2007-12-10 16:42:31,257 INFO  org.springframework.beans.factory.xml.XmlBeanDefinitionReader : Loading XML bean definitions from URL [jar:file:/C:/eclipse/WorkspaceSemanticBits/c3prv2/codebase/projects/core/build/jars/c3pr-2.0-core-1.0.jar!/edu/duke/cabig/c3pr/applicationContext-esb.xml]
2007-12-10 16:42:31,340 INFO  org.springframework.context.support.ClassPathXmlApplicationContext : Bean factory for application context [org.springframework.context.support.ClassPathXmlApplicationContext@12ad19e]: org.springframework.beans.factory.support.DefaultListableBeanFactory@1cd107f
2007-12-10 16:42:31,615 INFO  org.springframework.beans.factory.config.PropertyPlaceholderConfigurer : Loading properties file from class path resource [context/c3pr.properties]
2007-12-10 16:42:31,618 INFO  org.springframework.beans.factory.config.PropertyPlaceholderConfigurer : Loading properties file from URL [file:C:/Users/Vinay/.c3pr/c3pr.properties]
2007-12-10 16:42:31,620 WARN  org.springframework.beans.factory.config.PropertyPlaceholderConfigurer : Could not load properties from URL [file:C:/Users/Vinay/.c3pr/c3pr.properties]: C:\Users\Vinay\.c3pr\c3pr.properties (The system cannot find the path specified)
2007-12-10 16:42:31,620 INFO  org.springframework.beans.factory.config.PropertyPlaceholderConfigurer : Loading properties file from URL [file:C:/Tomcat 5.5/conf/c3pr.properties]
2007-12-10 16:42:31,622 WARN  org.springframework.beans.factory.config.PropertyPlaceholderConfigurer : Could not load properties from URL [file:C:/Tomcat 5.5/conf/c3pr.properties]: C:\Tomcat 5.5\conf\c3pr.properties (The system cannot find the file specified)
2007-12-10 16:42:31,685 INFO  org.springframework.context.support.ClassPathXmlApplicationContext : Bean 'org.springframework.aop.config.internalAutoProxyCreator' is not eligible for getting processed by all BeanPostProcessors (for example: not eligible for auto-proxying)
2007-12-10 16:42:31,700 INFO  org.springframework.context.support.ClassPathXmlApplicationContext : Bean 'org.springframework.beans.factory.annotation.RequiredAnnotationBeanPostProcessor' is not eligible for getting processed by all BeanPostProcessors (for example: not eligible for auto-proxying)
2007-12-10 16:42:31,845 INFO  org.springframework.context.support.ClassPathXmlApplicationContext : Bean 'dataSource' is not eligible for getting processed by all BeanPostProcessors (for example: not eligible for auto-proxying)
2007-12-10 16:42:31,860 INFO  org.springframework.context.support.ClassPathXmlApplicationContext : Bean 'org.hibernate.cfg.ImprovedNamingStrategy#90c06f' is not eligible for getting processed by all BeanPostProcessors (for example: not eligible for auto-proxying)
2007-12-10 16:42:31,892 INFO  org.springframework.context.support.ClassPathXmlApplicationContext : Bean 'gridIdentifierCreator' is not eligible for getting processed by all BeanPostProcessors (for example: not eligible for auto-proxying)
2007-12-10 16:42:31,893 INFO  org.springframework.context.support.ClassPathXmlApplicationContext : Bean 'gridIdentifierInterceptor' is not eligible for getting processed by all BeanPostProcessors (for example: not eligible for auto-proxying)
2007-12-10 16:42:31,900 INFO  org.springframework.context.support.ClassPathXmlApplicationContext : Bean 'chainedInterceptor' is not eligible for getting processed by all BeanPostProcessors (for example: not eligible for auto-proxying)
2007-12-10 16:42:31,930 INFO  org.springframework.context.support.ClassPathXmlApplicationContext : Bean 'hibernateProperties' is not eligible for getting processed by all BeanPostProcessors (for example: not eligible for auto-proxying)
2007-12-10 16:42:31,931 INFO  org.springframework.context.support.ClassPathXmlApplicationContext : Bean 'hibernateProperties' is not eligible for getting processed by all BeanPostProcessors (for example: not eligible for auto-proxying)
2007-12-10 16:42:32,002 INFO  org.hibernate.cfg.annotations.Version : Hibernate Annotations 3.2.0.CR2
2007-12-10 16:42:32,022 INFO  org.hibernate.cfg.Environment : Hibernate 3.2.1
2007-12-10 16:42:32,031 INFO  org.hibernate.cfg.Environment : hibernate.properties not found
2007-12-10 16:42:32,034 INFO  org.hibernate.cfg.Environment : Bytecode provider name : cglib
2007-12-10 16:42:32,041 INFO  org.hibernate.cfg.Environment : using JDK 1.4 java.sql.Timestamp handling
2007-12-10 16:42:32,205 INFO  org.springframework.orm.hibernate3.annotation.AnnotationSessionFactoryBean : Building new Hibernate SessionFactory
2007-12-10 16:42:32,360 INFO  org.hibernate.cfg.AnnotationBinder : Binding entity from annotated class: edu.duke.cabig.c3pr.domain.Study
2007-12-10 16:42:32,422 INFO  org.hibernate.cfg.annotations.EntityBinder : Bind entity edu.duke.cabig.c3pr.domain.Study on table studies
2007-12-10 16:42:32,612 INFO  org.hibernate.cfg.AnnotationBinder : Binding entity from annotated class: edu.duke.cabig.c3pr.domain.Epoch
2007-12-10 16:42:32,614 INFO  org.hibernate.cfg.annotations.EntityBinder : Bind entity edu.duke.cabig.c3pr.domain.Epoch on table epochs
2007-12-10 16:42:32,738 INFO  org.hibernate.cfg.AnnotationBinder : Binding entity from annotated class: edu.duke.cabig.c3pr.domain.NonTreatmentEpoch
2007-12-10 16:42:32,770 INFO  org.hibernate.cfg.AnnotationBinder : Binding entity from annotated class: edu.duke.cabig.c3pr.domain.TreatmentEpoch
2007-12-10 16:42:32,798 INFO  org.hibernate.cfg.AnnotationBinder : Binding entity from annotated class: edu.duke.cabig.c3pr.domain.Arm
2007-12-10 16:42:32,798 INFO  org.hibernate.cfg.annotations.EntityBinder : Bind entity edu.duke.cabig.c3pr.domain.Arm on table arms
2007-12-10 16:42:32,809 INFO  org.hibernate.cfg.AnnotationBinder : Binding entity from annotated class: edu.duke.cabig.c3pr.domain.StudyOrganization
2007-12-10 16:42:32,810 INFO  org.hibernate.cfg.annotations.EntityBinder : Bind entity edu.duke.cabig.c3pr.domain.StudyOrganization on table study_organizations
2007-12-10 16:42:32,827 INFO  org.hibernate.cfg.AnnotationBinder : Binding entity from annotated class: edu.duke.cabig.c3pr.domain.StudySite
2007-12-10 16:42:32,926 INFO  org.hibernate.cfg.AnnotationBinder : Binding entity from annotated class: edu.duke.cabig.c3pr.domain.StudyCoordinatingCenter
2007-12-10 16:42:32,928 INFO  org.hibernate.cfg.AnnotationBinder : Binding entity from annotated class: edu.duke.cabig.c3pr.domain.StudyFundingSponsor
2007-12-10 16:42:32,929 INFO  org.hibernate.cfg.AnnotationBinder : Binding entity from annotated class: edu.duke.cabig.c3pr.domain.HealthcareSite
2007-12-10 16:42:32,930 INFO  org.hibernate.cfg.annotations.EntityBinder : Bind entity edu.duke.cabig.c3pr.domain.HealthcareSite on table organizations
2007-12-10 16:42:32,951 INFO  org.hibernate.cfg.AnnotationBinder : Binding entity from annotated class: edu.duke.cabig.c3pr.domain.Address
2007-12-10 16:42:32,952 INFO  org.hibernate.cfg.annotations.EntityBinder : Bind entity edu.duke.cabig.c3pr.domain.Address on table addresses
2007-12-10 16:42:32,963 INFO  org.hibernate.cfg.AnnotationBinder : Binding entity from annotated class: edu.duke.cabig.c3pr.domain.StudySubject
2007-12-10 16:42:32,963 INFO  org.hibernate.cfg.annotations.EntityBinder : Bind entity edu.duke.cabig.c3pr.domain.StudySubject on table study_subjects
2007-12-10 16:42:32,998 INFO  org.hibernate.cfg.AnnotationBinder : Binding entity from annotated class: edu.duke.cabig.c3pr.domain.StudyInvestigator
2007-12-10 16:42:32,999 INFO  org.hibernate.cfg.annotations.EntityBinder : Bind entity edu.duke.cabig.c3pr.domain.StudyInvestigator on table study_investigators
2007-12-10 16:42:33,014 INFO  org.hibernate.cfg.AnnotationBinder : Binding entity from annotated class: edu.duke.cabig.c3pr.domain.HealthcareSiteInvestigator
2007-12-10 16:42:33,015 INFO  org.hibernate.cfg.annotations.EntityBinder : Bind entity edu.duke.cabig.c3pr.domain.HealthcareSiteInvestigator on table hc_site_investigators
2007-12-10 16:42:33,028 INFO  org.hibernate.cfg.AnnotationBinder : Binding entity from annotated class: edu.duke.cabig.c3pr.domain.StudyPersonnel
2007-12-10 16:42:33,028 INFO  org.hibernate.cfg.annotations.EntityBinder : Bind entity edu.duke.cabig.c3pr.domain.StudyPersonnel on table study_personnel
2007-12-10 16:42:33,055 INFO  org.hibernate.cfg.AnnotationBinder : Binding entity from annotated class: edu.duke.cabig.c3pr.domain.Participant
2007-12-10 16:42:33,056 INFO  org.hibernate.cfg.annotations.EntityBinder : Bind entity edu.duke.cabig.c3pr.domain.Participant on table participants
2007-12-10 16:42:33,080 INFO  org.hibernate.cfg.AnnotationBinder : Binding entity from annotated class: edu.duke.cabig.c3pr.domain.ResearchStaff
2007-12-10 16:42:33,083 INFO  org.hibernate.cfg.annotations.EntityBinder : Bind entity edu.duke.cabig.c3pr.domain.ResearchStaff on table research_staff
2007-12-10 16:42:33,102 INFO  org.hibernate.cfg.AnnotationBinder : Binding entity from annotated class: edu.duke.cabig.c3pr.domain.Investigator
2007-12-10 16:42:33,103 INFO  org.hibernate.cfg.annotations.EntityBinder : Bind entity edu.duke.cabig.c3pr.domain.Investigator on table investigators
2007-12-10 16:42:33,116 INFO  org.hibernate.cfg.AnnotationBinder : Binding entity from annotated class: edu.duke.cabig.c3pr.domain.ScheduledArm
2007-12-10 16:42:33,117 INFO  org.hibernate.cfg.annotations.EntityBinder : Bind entity edu.duke.cabig.c3pr.domain.ScheduledArm on table scheduled_arms
2007-12-10 16:42:33,124 INFO  org.hibernate.cfg.AnnotationBinder : Binding entity from annotated class: edu.duke.cabig.c3pr.domain.Identifier
2007-12-10 16:42:33,124 INFO  org.hibernate.cfg.annotations.EntityBinder : Bind entity edu.duke.cabig.c3pr.domain.Identifier on table identifiers
2007-12-10 16:42:33,129 INFO  org.hibernate.cfg.AnnotationBinder : Binding entity from annotated class: edu.duke.cabig.c3pr.domain.SystemAssignedIdentifier
2007-12-10 16:42:33,130 INFO  org.hibernate.cfg.AnnotationBinder : Binding entity from annotated class: edu.duke.cabig.c3pr.domain.OrganizationAssignedIdentifier
2007-12-10 16:42:33,136 INFO  org.hibernate.cfg.AnnotationBinder : Binding entity from annotated class: edu.duke.cabig.c3pr.domain.EligibilityCriteria
2007-12-10 16:42:33,137 INFO  org.hibernate.cfg.annotations.EntityBinder : Bind entity edu.duke.cabig.c3pr.domain.EligibilityCriteria on table eligibility_criteria
2007-12-10 16:42:33,141 INFO  org.hibernate.cfg.AnnotationBinder : Binding entity from annotated class: edu.duke.cabig.c3pr.domain.SubjectEligibilityAnswer
2007-12-10 16:42:33,142 INFO  org.hibernate.cfg.annotations.EntityBinder : Bind entity edu.duke.cabig.c3pr.domain.SubjectEligibilityAnswer on table subject_eligibility_ans
2007-12-10 16:42:33,158 INFO  org.hibernate.cfg.AnnotationBinder : Binding entity from annotated class: edu.duke.cabig.c3pr.domain.InclusionEligibilityCriteria
2007-12-10 16:42:33,160 INFO  org.hibernate.cfg.AnnotationBinder : Binding entity from annotated class: edu.duke.cabig.c3pr.domain.ExclusionEligibilityCriteria
2007-12-10 16:42:33,160 INFO  org.hibernate.cfg.AnnotationBinder : Binding entity from annotated class: edu.duke.cabig.c3pr.domain.StudyDisease
2007-12-10 16:42:33,161 INFO  org.hibernate.cfg.annotations.EntityBinder : Bind entity edu.duke.cabig.c3pr.domain.StudyDisease on table study_diseases
2007-12-10 16:42:33,168 INFO  org.hibernate.cfg.AnnotationBinder : Binding entity from annotated class: edu.duke.cabig.c3pr.domain.DiseaseCategory
2007-12-10 16:42:33,169 INFO  org.hibernate.cfg.annotations.EntityBinder : Bind entity edu.duke.cabig.c3pr.domain.DiseaseCategory on table disease_categories
2007-12-10 16:42:33,179 INFO  org.hibernate.cfg.AnnotationBinder : Binding entity from annotated class: edu.duke.cabig.c3pr.domain.DiseaseTerm
2007-12-10 16:42:33,180 INFO  org.hibernate.cfg.annotations.EntityBinder : Bind entity edu.duke.cabig.c3pr.domain.DiseaseTerm on table disease_terms
2007-12-10 16:42:33,194 INFO  org.hibernate.cfg.AnnotationBinder : Binding entity from annotated class: edu.duke.cabig.c3pr.domain.StratificationCriterion
2007-12-10 16:42:33,195 INFO  org.hibernate.cfg.annotations.EntityBinder : Bind entity edu.duke.cabig.c3pr.domain.StratificationCriterion on table strat_criteria
2007-12-10 16:42:33,203 INFO  org.hibernate.cfg.AnnotationBinder : Binding entity from annotated class: edu.duke.cabig.c3pr.domain.StratificationCriterionPermissibleAnswer
2007-12-10 16:42:33,206 INFO  org.hibernate.cfg.annotations.EntityBinder : Bind entity edu.duke.cabig.c3pr.domain.StratificationCriterionPermissibleAnswer on table strat_cri_per_ans
2007-12-10 16:42:33,216 INFO  org.hibernate.cfg.AnnotationBinder : Binding entity from annotated class: edu.duke.cabig.c3pr.domain.SubjectStratificationAnswer
2007-12-10 16:42:33,217 INFO  org.hibernate.cfg.annotations.EntityBinder : Bind entity edu.duke.cabig.c3pr.domain.SubjectStratificationAnswer on table subject_strat_ans
2007-12-10 16:42:33,223 INFO  org.hibernate.cfg.AnnotationBinder : Binding entity from annotated class: edu.duke.cabig.c3pr.domain.AnatomicSite
2007-12-10 16:42:33,224 INFO  org.hibernate.cfg.annotations.EntityBinder : Bind entity edu.duke.cabig.c3pr.domain.AnatomicSite on table anatomic_sites
2007-12-10 16:42:33,238 INFO  org.hibernate.cfg.AnnotationBinder : Binding entity from annotated class: edu.duke.cabig.c3pr.domain.DiseaseHistory
2007-12-10 16:42:33,239 INFO  org.hibernate.cfg.annotations.EntityBinder : Bind entity edu.duke.cabig.c3pr.domain.DiseaseHistory on table disease_history
2007-12-10 16:42:33,248 INFO  org.hibernate.cfg.AnnotationBinder : Binding entity from annotated class: edu.duke.cabig.c3pr.domain.ContactMechanism
2007-12-10 16:42:33,250 INFO  org.hibernate.cfg.annotations.EntityBinder : Bind entity edu.duke.cabig.c3pr.domain.ContactMechanism on table contact_mechanisms
2007-12-10 16:42:33,263 INFO  org.hibernate.cfg.AnnotationBinder : Binding entity from annotated class: edu.duke.cabig.c3pr.domain.ScheduledEpoch
2007-12-10 16:42:33,264 INFO  org.hibernate.cfg.annotations.EntityBinder : Bind entity edu.duke.cabig.c3pr.domain.ScheduledEpoch on table scheduled_epochs
2007-12-10 16:42:33,274 INFO  org.hibernate.cfg.AnnotationBinder : Binding entity from annotated class: edu.duke.cabig.c3pr.domain.ScheduledTreatmentEpoch
2007-12-10 16:42:33,287 INFO  org.hibernate.cfg.AnnotationBinder : Binding entity from annotated class: edu.duke.cabig.c3pr.domain.ScheduledNonTreatmentEpoch
2007-12-10 16:42:33,288 INFO  org.hibernate.cfg.AnnotationBinder : Binding entity from annotated class: edu.duke.cabig.c3pr.domain.StratumGroup
2007-12-10 16:42:33,289 INFO  org.hibernate.cfg.annotations.EntityBinder : Bind entity edu.duke.cabig.c3pr.domain.StratumGroup on table stratum_groups
2007-12-10 16:42:33,301 INFO  org.hibernate.cfg.AnnotationBinder : Binding entity from annotated class: edu.duke.cabig.c3pr.domain.BookRandomizationEntry
2007-12-10 16:42:33,305 INFO  org.hibernate.cfg.annotations.EntityBinder : Bind entity edu.duke.cabig.c3pr.domain.BookRandomizationEntry on table book_rndm_entry
2007-12-10 16:42:33,312 INFO  org.hibernate.cfg.AnnotationBinder : Binding entity from annotated class: edu.duke.cabig.c3pr.domain.Randomization
2007-12-10 16:42:33,312 INFO  org.hibernate.cfg.annotations.EntityBinder : Bind entity edu.duke.cabig.c3pr.domain.Randomization on table randomizations
2007-12-10 16:42:33,316 INFO  org.hibernate.cfg.AnnotationBinder : Binding entity from annotated class: edu.duke.cabig.c3pr.domain.BookRandomization
2007-12-10 16:42:33,327 INFO  org.hibernate.cfg.AnnotationBinder : Binding entity from annotated class: edu.duke.cabig.c3pr.domain.CalloutRandomization
2007-12-10 16:42:33,328 INFO  org.hibernate.cfg.AnnotationBinder : Binding entity from annotated class: edu.duke.cabig.c3pr.domain.PhonecallRandomization
2007-12-10 16:42:33,329 INFO  org.hibernate.cfg.AnnotationBinder : Binding entity from annotated class: edu.duke.cabig.c3pr.domain.StratificationCriterionAnswerCombination
2007-12-10 16:42:33,330 INFO  org.hibernate.cfg.annotations.EntityBinder : Bind entity edu.duke.cabig.c3pr.domain.StratificationCriterionAnswerCombination on table strat_cri_ans_cmb
2007-12-10 16:42:33,350 INFO  org.hibernate.cfg.AnnotationBinder : Binding entity from annotated class: edu.duke.cabig.c3pr.domain.StudyAmendment
2007-12-10 16:42:33,350 INFO  org.hibernate.cfg.annotations.EntityBinder : Bind entity edu.duke.cabig.c3pr.domain.StudyAmendment on table study_amendments
2007-12-10 16:42:33,358 INFO  org.hibernate.cfg.AnnotationBinder : Binding entity from annotated class: edu.duke.cabig.c3pr.domain.Notification
2007-12-10 16:42:33,362 INFO  org.hibernate.cfg.annotations.EntityBinder : Bind entity edu.duke.cabig.c3pr.domain.Notification on table notifications
2007-12-10 16:42:33,377 INFO  org.hibernate.cfg.AnnotationBinder : Binding entity from annotated class: edu.duke.cabig.c3pr.domain.Recepient
2007-12-10 16:42:33,378 INFO  org.hibernate.cfg.annotations.EntityBinder : Bind entity edu.duke.cabig.c3pr.domain.Recepient on table recepients
2007-12-10 16:42:33,380 INFO  org.hibernate.cfg.AnnotationBinder : Binding entity from annotated class: edu.duke.cabig.c3pr.domain.EmailBasedRecepient
2007-12-10 16:42:33,381 INFO  org.hibernate.cfg.AnnotationBinder : Binding entity from annotated class: edu.duke.cabig.c3pr.domain.RoleBasedRecepient
2007-12-10 16:42:33,413 INFO  org.hibernate.cfg.annotations.CollectionBinder : Mapping collection: edu.duke.cabig.c3pr.domain.Notification.roleBasedRecepientInternal -> recepients
2007-12-10 16:42:33,415 INFO  org.hibernate.cfg.annotations.CollectionBinder : Mapping collection: edu.duke.cabig.c3pr.domain.Notification.emailBasedRecepientInternal -> recepients
2007-12-10 16:42:33,416 INFO  org.hibernate.cfg.annotations.CollectionBinder : Mapping collection: edu.duke.cabig.c3pr.domain.BookRandomization.bookRandomizationEntryInternal -> book_rndm_entry
2007-12-10 16:42:33,421 INFO  org.hibernate.cfg.annotations.CollectionBinder : Mapping collection: edu.duke.cabig.c3pr.domain.StratumGroup.stratificationCriterionAnswerCombinationInternal -> strat_cri_ans_cmb
2007-12-10 16:42:33,421 INFO  org.hibernate.cfg.annotations.CollectionBinder : Mapping collection: edu.duke.cabig.c3pr.domain.ScheduledTreatmentEpoch.scheduledArmsInternal -> scheduled_arms
2007-12-10 16:42:33,422 INFO  org.hibernate.cfg.annotations.CollectionBinder : Mapping collection: edu.duke.cabig.c3pr.domain.ScheduledTreatmentEpoch.subjectStratificationAnswersInternal -> subject_strat_ans
2007-12-10 16:42:33,433 INFO  org.hibernate.cfg.annotations.CollectionBinder : Mapping collection: edu.duke.cabig.c3pr.domain.ScheduledTreatmentEpoch.subjectEligibilityAnswersInternal -> subject_eligibility_ans
2007-12-10 16:42:33,434 INFO  org.hibernate.cfg.annotations.CollectionBinder : Mapping collection: edu.duke.cabig.c3pr.domain.StratificationCriterion.permissibleAnswersInternal -> strat_cri_per_ans
2007-12-10 16:42:33,438 INFO  org.hibernate.cfg.annotations.CollectionBinder : Mapping collection: edu.duke.cabig.c3pr.domain.Investigator.contactMechanisms -> contact_mechanisms
2007-12-10 16:42:33,448 INFO  org.hibernate.cfg.annotations.CollectionBinder : Mapping collection: edu.duke.cabig.c3pr.domain.ResearchStaff.contactMechanisms -> contact_mechanisms
2007-12-10 16:42:33,448 INFO  org.hibernate.cfg.annotations.CollectionBinder : Mapping collection: edu.duke.cabig.c3pr.domain.Participant.contactMechanisms -> contact_mechanisms
2007-12-10 16:42:33,449 INFO  org.hibernate.cfg.annotations.CollectionBinder : Mapping collection: edu.duke.cabig.c3pr.domain.Participant.identifiers -> identifiers
2007-12-10 16:42:33,463 INFO  org.hibernate.cfg.annotations.CollectionBinder : Mapping collection: edu.duke.cabig.c3pr.domain.StudySubject.scheduledEpochs -> scheduled_epochs
2007-12-10 16:42:33,463 INFO  org.hibernate.cfg.annotations.CollectionBinder : Mapping collection: edu.duke.cabig.c3pr.domain.StudySubject.identifiers -> identifiers
2007-12-10 16:42:33,465 INFO  org.hibernate.cfg.annotations.CollectionBinder : Mapping collection: edu.duke.cabig.c3pr.domain.TreatmentEpoch.stratumGroupsInternal -> stratum_groups
2007-12-10 16:42:33,475 INFO  org.hibernate.cfg.annotations.CollectionBinder : Mapping collection: edu.duke.cabig.c3pr.domain.TreatmentEpoch.stratificationCriteriaInternal -> strat_criteria
2007-12-10 16:42:33,476 INFO  org.hibernate.cfg.annotations.CollectionBinder : Mapping collection: edu.duke.cabig.c3pr.domain.TreatmentEpoch.exclusionEligibilityCriteriaInternal -> eligibility_criteria
2007-12-10 16:42:33,476 INFO  org.hibernate.cfg.annotations.CollectionBinder : Mapping collection: edu.duke.cabig.c3pr.domain.TreatmentEpoch.eligibilityCriteriaInternal -> eligibility_criteria
2007-12-10 16:42:33,491 INFO  org.hibernate.cfg.annotations.CollectionBinder : Mapping collection: edu.duke.cabig.c3pr.domain.TreatmentEpoch.armsInternal -> arms
2007-12-10 16:42:33,491 INFO  org.hibernate.cfg.annotations.CollectionBinder : Mapping collection: edu.duke.cabig.c3pr.domain.TreatmentEpoch.inclusionEligibilityCriteriaInternal -> eligibility_criteria
2007-12-10 16:42:33,492 INFO  org.hibernate.cfg.annotations.CollectionBinder : Mapping collection: edu.duke.cabig.c3pr.domain.Study.notificationsInternal -> notifications
2007-12-10 16:42:33,506 INFO  org.hibernate.cfg.annotations.CollectionBinder : Mapping collection: edu.duke.cabig.c3pr.domain.Study.studyAmendmentsInternal -> study_amendments
2007-12-10 16:42:33,506 INFO  org.hibernate.cfg.annotations.CollectionBinder : Mapping collection: edu.duke.cabig.c3pr.domain.Study.identifiers -> identifiers
2007-12-10 16:42:33,507 INFO  org.hibernate.cfg.annotations.CollectionBinder : Mapping collection: edu.duke.cabig.c3pr.domain.Study.epochs -> epochs
2007-12-10 16:42:33,507 INFO  org.hibernate.cfg.annotations.CollectionBinder : Mapping collection: edu.duke.cabig.c3pr.domain.Study.studyOrganizations -> study_organizations
2007-12-10 16:42:33,522 INFO  org.hibernate.cfg.annotations.CollectionBinder : Mapping collection: edu.duke.cabig.c3pr.domain.Study.studyDiseases -> study_diseases
2007-12-10 16:42:33,522 INFO  org.hibernate.cfg.annotations.CollectionBinder : Mapping collection: edu.duke.cabig.c3pr.domain.StudyOrganization.studyInvestigatorsInternal -> study_investigators
2007-12-10 16:42:33,522 INFO  org.hibernate.cfg.annotations.CollectionBinder : Mapping collection: edu.duke.cabig.c3pr.domain.StudyOrganization.studyPersonnelInternal -> study_personnel
2007-12-10 16:42:33,541 INFO  org.hibernate.cfg.annotations.CollectionBinder : Mapping collection: edu.duke.cabig.c3pr.domain.StudySite.studySubjects -> study_subjects
2007-12-10 16:42:33,542 INFO  org.hibernate.cfg.annotations.CollectionBinder : Mapping collection: edu.duke.cabig.c3pr.domain.HealthcareSite.identifiers -> identifiers
2007-12-10 16:42:33,542 INFO  org.hibernate.cfg.annotations.CollectionBinder : Mapping collection: edu.duke.cabig.c3pr.domain.HealthcareSite.studyOrganizations -> study_organizations
2007-12-10 16:42:33,556 INFO  org.hibernate.cfg.annotations.CollectionBinder : Mapping collection: edu.duke.cabig.c3pr.domain.HealthcareSite.healthcareSiteInvestigators -> hc_site_investigators
2007-12-10 16:42:33,556 INFO  org.hibernate.cfg.annotations.CollectionBinder : Mapping collection: edu.duke.cabig.c3pr.domain.HealthcareSite.researchStaffs -> research_staff
2007-12-10 16:42:33,557 INFO  org.hibernate.cfg.annotations.CollectionBinder : Mapping collection: edu.duke.cabig.c3pr.domain.HealthcareSiteInvestigator.studyInvestigators -> study_investigators
2007-12-10 16:42:33,571 INFO  org.hibernate.cfg.annotations.CollectionBinder : Mapping collection: edu.duke.cabig.c3pr.domain.Participant.studySubjects -> study_subjects
2007-12-10 16:42:33,572 INFO  org.hibernate.cfg.annotations.CollectionBinder : Mapping collection: edu.duke.cabig.c3pr.domain.ResearchStaff.studyPersonnels -> study_personnel
2007-12-10 16:42:33,572 INFO  org.hibernate.cfg.annotations.CollectionBinder : Mapping collection: edu.duke.cabig.c3pr.domain.Investigator.healthcareSiteInvestigatorsInternal -> hc_site_investigators
2007-12-10 16:42:33,590 INFO  org.hibernate.cfg.annotations.CollectionBinder : Mapping collection: edu.duke.cabig.c3pr.domain.DiseaseCategory.terms -> disease_terms
2007-12-10 16:42:33,590 INFO  org.hibernate.cfg.annotations.CollectionBinder : Mapping collection: edu.duke.cabig.c3pr.domain.DiseaseCategory.childCategories -> disease_categories
2007-12-10 16:42:33,590 INFO  org.hibernate.cfg.annotations.CollectionBinder : Mapping collection: edu.duke.cabig.c3pr.domain.StratumGroup.bookRandomizationEntryInternal -> book_rndm_entry
2007-12-10 16:42:33,990 INFO  org.hibernate.connection.ConnectionProviderFactory : Initializing connection provider: org.springframework.orm.hibernate3.LocalDataSourceConnectionProvider
AbandonedObjectPool is used (org.apache.commons.dbcp.AbandonedObjectPool@c5122f)
   LogAbandoned: true
   RemoveAbandoned: true
   RemoveAbandonedTimeout: 300
2007-12-10 16:42:34,257 INFO  org.hibernate.cfg.SettingsFactory : RDBMS: PostgreSQL, version: 8.2.4
2007-12-10 16:42:34,259 INFO  org.hibernate.cfg.SettingsFactory : JDBC driver: PostgreSQL Native Driver, version: PostgreSQL 8.1 JDBC3 with SSL (build 407)
2007-12-10 16:42:34,289 INFO  org.hibernate.dialect.Dialect : Using dialect: org.hibernate.dialect.PostgreSQLDialect
2007-12-10 16:42:34,299 INFO  org.hibernate.transaction.TransactionFactoryFactory : Using default transaction strategy (direct JDBC transactions)
2007-12-10 16:42:34,303 INFO  org.hibernate.transaction.TransactionManagerLookupFactory : No TransactionManagerLookup configured (in JTA environment, use of read-write or transactional second-level cache is not recommended)
2007-12-10 16:42:34,303 INFO  org.hibernate.cfg.SettingsFactory : Automatic flush during beforeCompletion(): disabled
2007-12-10 16:42:34,303 INFO  org.hibernate.cfg.SettingsFactory : Automatic session close at end of transaction: disabled
2007-12-10 16:42:34,303 INFO  org.hibernate.cfg.SettingsFactory : JDBC batch size: 30
2007-12-10 16:42:34,303 INFO  org.hibernate.cfg.SettingsFactory : JDBC batch updates for versioned data: disabled
2007-12-10 16:42:34,305 INFO  org.hibernate.cfg.SettingsFactory : Scrollable result sets: enabled
2007-12-10 16:42:34,310 INFO  org.hibernate.cfg.SettingsFactory : JDBC3 getGeneratedKeys(): disabled
2007-12-10 16:42:34,310 INFO  org.hibernate.cfg.SettingsFactory : Connection release mode: on_close
2007-12-10 16:42:34,310 INFO  org.hibernate.cfg.SettingsFactory : Default batch fetch size: 1
2007-12-10 16:42:34,310 INFO  org.hibernate.cfg.SettingsFactory : Generate SQL with comments: disabled
2007-12-10 16:42:34,310 INFO  org.hibernate.cfg.SettingsFactory : Order SQL updates by primary key: disabled
2007-12-10 16:42:34,310 INFO  org.hibernate.cfg.SettingsFactory : Query translator: org.hibernate.hql.ast.ASTQueryTranslatorFactory
2007-12-10 16:42:34,325 INFO  org.hibernate.hql.ast.ASTQueryTranslatorFactory : Using ASTQueryTranslatorFactory
2007-12-10 16:42:34,325 INFO  org.hibernate.cfg.SettingsFactory : Query language substitutions: {no='N', true=1, yes='Y', false=0}
2007-12-10 16:42:34,325 INFO  org.hibernate.cfg.SettingsFactory : JPA-QL strict compliance: disabled
2007-12-10 16:42:34,325 INFO  org.hibernate.cfg.SettingsFactory : Second-level cache: enabled
2007-12-10 16:42:34,326 INFO  org.hibernate.cfg.SettingsFactory : Query cache: disabled
2007-12-10 16:42:34,339 INFO  org.hibernate.cfg.SettingsFactory : Cache provider: org.hibernate.cache.NoCacheProvider
2007-12-10 16:42:34,339 INFO  org.hibernate.cfg.SettingsFactory : Optimize cache for minimal puts: disabled
2007-12-10 16:42:34,339 INFO  org.hibernate.cfg.SettingsFactory : Structured second-level cache entries: disabled
2007-12-10 16:42:34,354 INFO  org.hibernate.cfg.SettingsFactory : Statistics: disabled
2007-12-10 16:42:34,354 INFO  org.hibernate.cfg.SettingsFactory : Deleted entity synthetic identifier rollback: disabled
2007-12-10 16:42:34,360 INFO  org.hibernate.cfg.SettingsFactory : Default entity-mode: pojo
2007-12-10 16:42:34,409 INFO  org.hibernate.impl.SessionFactoryImpl : building session factory
2007-12-10 16:42:35,922 INFO  org.hibernate.impl.SessionFactoryObjectFactory : Not binding factory to JNDI, no JNDI name configured
2007-12-10 16:42:35,953 INFO  org.springframework.context.support.ClassPathXmlApplicationContext : Bean 'sessionFactory' is not eligible for getting processed by all BeanPostProcessors (for example: not eligible for auto-proxying)
2007-12-10 16:42:35,957 INFO  org.springframework.context.support.ClassPathXmlApplicationContext : Bean 'sessionFactory' is not eligible for getting processed by all BeanPostProcessors (for example: not eligible for auto-proxying)
2007-12-10 16:42:35,978 INFO  org.springframework.orm.hibernate3.HibernateTransactionManager : Using DataSource [org.apache.commons.dbcp.BasicDataSource@17cff66] of Hibernate SessionFactory for HibernateTransactionManager
2007-12-10 16:42:35,979 INFO  org.springframework.context.support.ClassPathXmlApplicationContext : Bean 'transactionManager' is not eligible for getting processed by all BeanPostProcessors (for example: not eligible for auto-proxying)
2007-12-10 16:42:35,990 INFO  org.springframework.context.support.ClassPathXmlApplicationContext : Bean '(inner bean)' is not eligible for getting processed by all BeanPostProcessors (for example: not eligible for auto-proxying)
2007-12-10 16:42:35,991 INFO  org.springframework.context.support.ClassPathXmlApplicationContext : Bean '(inner bean)' is not eligible for getting processed by all BeanPostProcessors (for example: not eligible for auto-proxying)
2007-12-10 16:42:35,991 INFO  org.springframework.context.support.ClassPathXmlApplicationContext : Bean 'org.springframework.transaction.interceptor.TransactionAttributeSourceAdvisor' is not eligible for getting processed by all BeanPostProcessors (for example: not eligible for auto-proxying)
2007-12-10 16:42:36,024 INFO  org.springframework.beans.factory.support.DefaultListableBeanFactory : Pre-instantiating singletons in org.springframework.beans.factory.support.DefaultListableBeanFactory@1cd107f: defining beans [c3pr-xml-castorMapping,ccts-study-castorMapping,ccts-registration-castorMapping,transactionManager,org.springframework.transaction.aspectj.AnnotationTransactionAspect,c3prPropertyConfigurer,org.springframework.beans.factory.annotation.RequiredAnnotationBeanPostProcessor,sessionFactory,auditOpenSessionInViewInterceptor,auditSessionFactory,chainedInterceptor,auditInterceptor,dataAuditRepository,gridIdentifierInterceptor,hibernateTemplate,daoTemplate,openSessionInViewInterceptor,gridIdentifierCreator,studyValidator,studySiteValidator,epochValidator,armValidator,identifierValidator,participantValidator,org.springframework.aop.config.internalAutoProxyCreator,org.springframework.transaction.interceptor.TransactionAttributeSourceAdvisor,studyDao,studySubjectDao,studySiteDao,epochDao,scheduledEpochDao,armDao,participantDao,healthcareSiteDao,healthcareSiteInvestigatorDao,studyPersonnelDao,researchStaffDao,investigatorDao,diseaseCategoryDao,diseaseTermDao,studyInvestigatorDao,StratificationCriterionDao,anatomicSiteDao,organizationDao,stratificationAnswerDao,stratumGroupDao,cctsWorkflowService,studyService,participantService,studySubjectService,studyXMLImporterService,studySubjectXMLImporterService,personnelService,organizationService,sitePrivilegeAndObjectIdGenerator,mailSender,confirmationEmailer,notificationEmailer,accountCreatedTemplateMessage,xmlUtility,xmlParser,c3prErrorMessages,multsiteErrorMessageSource,exceptionHelper,dataSourceTemplate,dataSource,hibernateProperties,auditHibernateProperties,csmApplicationContextName,ACCESS_PRIVILEGE,authorizationSwitch,booleanFromString,csmAuthorizationDao,csmUserProvisioningManager,csmAuthenticationManager,messageTypesMapping,c3dPatientPositionResponseHandler,caXchangeMessageResponseHandlerSet,cctsMessageWorkflowCallbackFactory,messageBroadcaster]; root of factory hierarchy
2007-12-10 16:42:36,155 INFO  org.springframework.orm.hibernate3.annotation.AnnotationSessionFactoryBean : Building new Hibernate SessionFactory
2007-12-10 16:42:36,156 INFO  org.hibernate.cfg.AnnotationBinder : Binding entity from annotated class: gov.nih.nci.cabig.ctms.audit.domain.DataAuditEventValue
2007-12-10 16:42:36,157 INFO  org.hibernate.cfg.annotations.EntityBinder : Bind entity gov.nih.nci.cabig.ctms.audit.domain.DataAuditEventValue on table audit_event_values
2007-12-10 16:42:36,162 INFO  org.hibernate.cfg.AnnotationBinder : Binding entity from annotated class: gov.nih.nci.cabig.ctms.audit.domain.DataAuditEvent
2007-12-10 16:42:36,163 INFO  org.hibernate.cfg.annotations.EntityBinder : Bind entity gov.nih.nci.cabig.ctms.audit.domain.DataAuditEvent on table audit_events
2007-12-10 16:42:36,191 INFO  org.hibernate.cfg.annotations.CollectionBinder : Mapping collection: gov.nih.nci.cabig.ctms.audit.domain.DataAuditEvent.values -> audit_event_values
2007-12-10 16:42:36,222 INFO  org.hibernate.connection.ConnectionProviderFactory : Initializing connection provider: org.springframework.orm.hibernate3.LocalDataSourceConnectionProvider
2007-12-10 16:42:36,223 INFO  org.hibernate.cfg.SettingsFactory : RDBMS: PostgreSQL, version: 8.2.4
2007-12-10 16:42:36,223 INFO  org.hibernate.cfg.SettingsFactory : JDBC driver: PostgreSQL Native Driver, version: PostgreSQL 8.1 JDBC3 with SSL (build 407)
2007-12-10 16:42:36,226 INFO  org.hibernate.dialect.Dialect : Using dialect: edu.duke.cabig.c3pr.hibernate.ImprovedPostgreSQLDialect
2007-12-10 16:42:36,226 INFO  org.hibernate.transaction.TransactionFactoryFactory : Using default transaction strategy (direct JDBC transactions)
2007-12-10 16:42:36,227 INFO  org.hibernate.transaction.TransactionManagerLookupFactory : No TransactionManagerLookup configured (in JTA environment, use of read-write or transactional second-level cache is not recommended)
2007-12-10 16:42:36,227 INFO  org.hibernate.cfg.SettingsFactory : Automatic flush during beforeCompletion(): disabled
2007-12-10 16:42:36,227 INFO  org.hibernate.cfg.SettingsFactory : Automatic session close at end of transaction: disabled
2007-12-10 16:42:36,227 INFO  org.hibernate.cfg.SettingsFactory : JDBC batch size: 30
2007-12-10 16:42:36,237 INFO  org.hibernate.cfg.SettingsFactory : JDBC batch updates for versioned data: disabled
2007-12-10 16:42:36,237 INFO  org.hibernate.cfg.SettingsFactory : Scrollable result sets: enabled
2007-12-10 16:42:36,237 INFO  org.hibernate.cfg.SettingsFactory : JDBC3 getGeneratedKeys(): disabled
2007-12-10 16:42:36,237 INFO  org.hibernate.cfg.SettingsFactory : Connection release mode: on_close
2007-12-10 16:42:36,237 INFO  org.hibernate.cfg.SettingsFactory : Default batch fetch size: 1
2007-12-10 16:42:36,237 INFO  org.hibernate.cfg.SettingsFactory : Generate SQL with comments: disabled
2007-12-10 16:42:36,249 INFO  org.hibernate.cfg.SettingsFactory : Order SQL updates by primary key: disabled
2007-12-10 16:42:36,249 INFO  org.hibernate.cfg.SettingsFactory : Query translator: org.hibernate.hql.ast.ASTQueryTranslatorFactory
2007-12-10 16:42:36,249 INFO  org.hibernate.hql.ast.ASTQueryTranslatorFactory : Using ASTQueryTranslatorFactory
2007-12-10 16:42:36,249 INFO  org.hibernate.cfg.SettingsFactory : Query language substitutions: {no='N', true=1, yes='Y', false=0}
2007-12-10 16:42:36,249 INFO  org.hibernate.cfg.SettingsFactory : JPA-QL strict compliance: disabled
2007-12-10 16:42:36,265 INFO  org.hibernate.cfg.SettingsFactory : Second-level cache: enabled
2007-12-10 16:42:36,265 INFO  org.hibernate.cfg.SettingsFactory : Query cache: disabled
2007-12-10 16:42:36,265 INFO  org.hibernate.cfg.SettingsFactory : Cache provider: org.hibernate.cache.NoCacheProvider
2007-12-10 16:42:36,265 INFO  org.hibernate.cfg.SettingsFactory : Optimize cache for minimal puts: disabled
2007-12-10 16:42:36,265 INFO  org.hibernate.cfg.SettingsFactory : Structured second-level cache entries: disabled
2007-12-10 16:42:36,277 INFO  org.hibernate.cfg.SettingsFactory : Statistics: disabled
2007-12-10 16:42:36,277 INFO  org.hibernate.cfg.SettingsFactory : Deleted entity synthetic identifier rollback: disabled
2007-12-10 16:42:36,277 INFO  org.hibernate.cfg.SettingsFactory : Default entity-mode: pojo
2007-12-10 16:42:36,423 INFO  org.hibernate.impl.SessionFactoryImpl : building session factory
2007-12-10 16:42:36,446 INFO  org.hibernate.impl.SessionFactoryObjectFactory : Not binding factory to JNDI, no JNDI name configured
2007-12-10 16:42:36,673 WARN  org.springframework.aop.framework.Cglib2AopProxy : Unable to proxy method [public final void org.springframework.orm.hibernate3.support.HibernateDaoSupport.setSessionFactory(org.hibernate.SessionFactory)] because it is final: All calls to this method via a proxy will be routed directly to the proxy.
2007-12-10 16:42:36,674 WARN  org.springframework.aop.framework.Cglib2AopProxy : Unable to proxy method [public final org.hibernate.SessionFactory org.springframework.orm.hibernate3.support.HibernateDaoSupport.getSessionFactory()] because it is final: All calls to this method via a proxy will be routed directly to the proxy.
2007-12-10 16:42:36,674 WARN  org.springframework.aop.framework.Cglib2AopProxy : Unable to proxy method [public final org.springframework.orm.hibernate3.HibernateTemplate org.springframework.orm.hibernate3.support.HibernateDaoSupport.getHibernateTemplate()] because it is final: All calls to this method via a proxy will be routed directly to the proxy.
2007-12-10 16:42:36,681 WARN  org.springframework.aop.framework.Cglib2AopProxy : Unable to proxy method [public final void org.springframework.orm.hibernate3.support.HibernateDaoSupport.setHibernateTemplate(org.springframework.orm.hibernate3.HibernateTemplate)] because it is final: All calls to this method via a proxy will be routed directly to the proxy.
2007-12-10 16:42:36,681 WARN  org.springframework.aop.framework.Cglib2AopProxy : Unable to proxy method [public final void org.springframework.dao.support.DaoSupport.afterPropertiesSet() throws java.lang.IllegalArgumentException,org.springframework.beans.factory.BeanInitializationException] because it is final: All calls to this method via a proxy will be routed directly to the proxy.
2007-12-10 16:42:37,536 INFO  org.hibernate.cfg.HbmBinder : Mapping class: gov.nih.nci.security.authorization.domainobjects.Privilege -> CSM_PRIVILEGE
2007-12-10 16:42:37,596 INFO  org.hibernate.cfg.HbmBinder : Mapping class: gov.nih.nci.security.authorization.domainobjects.Application -> CSM_APPLICATION
2007-12-10 16:42:37,633 INFO  org.hibernate.cfg.HbmBinder : Mapping class: gov.nih.nci.security.authorization.domainobjects.Role -> CSM_ROLE
2007-12-10 16:42:37,635 INFO  org.hibernate.cfg.HbmBinder : Mapping collection: gov.nih.nci.security.authorization.domainobjects.Role.privileges -> CSM_ROLE_PRIVILEGE
2007-12-10 16:42:37,664 INFO  org.hibernate.cfg.HbmBinder : Mapping class: gov.nih.nci.security.dao.hibernate.RolePrivilege -> CSM_ROLE_PRIVILEGE
2007-12-10 16:42:37,688 INFO  org.hibernate.cfg.HbmBinder : Mapping class: gov.nih.nci.security.dao.hibernate.UserGroup -> CSM_USER_GROUP
2007-12-10 16:42:37,711 INFO  org.hibernate.cfg.HbmBinder : Mapping class: gov.nih.nci.security.dao.hibernate.ProtectionGroupProtectionElement -> CSM_PG_PE
2007-12-10 16:42:37,728 INFO  org.hibernate.cfg.HbmBinder : Mapping class: gov.nih.nci.security.authorization.domainobjects.Group -> CSM_GROUP
2007-12-10 16:42:37,735 INFO  org.hibernate.cfg.HbmBinder : Mapping collection: gov.nih.nci.security.authorization.domainobjects.Group.users -> CSM_USER_GROUP
2007-12-10 16:42:37,880 INFO  org.hibernate.cfg.HbmBinder : Mapping class: gov.nih.nci.security.authorization.domainobjects.User -> CSM_USER
2007-12-10 16:42:37,882 INFO  org.hibernate.cfg.HbmBinder : Mapping collection: gov.nih.nci.security.authorization.domainobjects.User.groups -> CSM_USER_GROUP
2007-12-10 16:42:37,903 INFO  org.hibernate.cfg.HbmBinder : Mapping class: gov.nih.nci.security.authorization.domainobjects.ProtectionGroup -> CSM_PROTECTION_GROUP
2007-12-10 16:42:37,904 INFO  org.hibernate.cfg.HbmBinder : Mapping collection: gov.nih.nci.security.authorization.domainobjects.ProtectionGroup.protectionElements -> CSM_PG_PE
2007-12-10 16:42:37,926 INFO  org.hibernate.cfg.HbmBinder : Mapping class: gov.nih.nci.security.authorization.domainobjects.ProtectionElement -> CSM_PROTECTION_ELEMENT
2007-12-10 16:42:37,927 INFO  org.hibernate.cfg.HbmBinder : Mapping collection: gov.nih.nci.security.authorization.domainobjects.ProtectionElement.protectionGroups -> CSM_PG_PE
2007-12-10 16:42:37,928 INFO  org.hibernate.cfg.HbmBinder : Mapping collection: gov.nih.nci.security.authorization.domainobjects.ProtectionElement.owners -> CSM_USER_PE
2007-12-10 16:42:37,946 INFO  org.hibernate.cfg.HbmBinder : Mapping class: gov.nih.nci.security.authorization.domainobjects.UserGroupRoleProtectionGroup -> CSM_USER_GROUP_ROLE_PG
2007-12-10 16:42:37,965 INFO  org.hibernate.cfg.HbmBinder : Mapping class: gov.nih.nci.security.authorization.domainobjects.UserProtectionElement -> CSM_USER_PE
2007-12-10 16:42:37,966 INFO  org.springframework.orm.hibernate3.LocalSessionFactoryBean : Building new Hibernate SessionFactory
2007-12-10 16:42:37,971 INFO  org.hibernate.connection.ConnectionProviderFactory : Initializing connection provider: org.springframework.orm.hibernate3.LocalDataSourceConnectionProvider
2007-12-10 16:42:37,971 INFO  org.hibernate.cfg.SettingsFactory : RDBMS: PostgreSQL, version: 8.2.4
2007-12-10 16:42:37,971 INFO  org.hibernate.cfg.SettingsFactory : JDBC driver: PostgreSQL Native Driver, version: PostgreSQL 8.1 JDBC3 with SSL (build 407)
2007-12-10 16:42:37,971 INFO  org.hibernate.dialect.Dialect : Using dialect: org.hibernate.dialect.PostgreSQLDialect
2007-12-10 16:42:37,975 INFO  org.hibernate.transaction.TransactionFactoryFactory : Using default transaction strategy (direct JDBC transactions)
2007-12-10 16:42:37,975 INFO  org.hibernate.transaction.TransactionManagerLookupFactory : No TransactionManagerLookup configured (in JTA environment, use of read-write or transactional second-level cache is not recommended)
2007-12-10 16:42:37,975 INFO  org.hibernate.cfg.SettingsFactory : Automatic flush during beforeCompletion(): disabled
2007-12-10 16:42:37,975 INFO  org.hibernate.cfg.SettingsFactory : Automatic session close at end of transaction: disabled
2007-12-10 16:42:37,986 INFO  org.hibernate.cfg.SettingsFactory : JDBC batch size: 30
2007-12-10 16:42:37,986 INFO  org.hibernate.cfg.SettingsFactory : JDBC batch updates for versioned data: disabled
2007-12-10 16:42:37,986 INFO  org.hibernate.cfg.SettingsFactory : Scrollable result sets: enabled
2007-12-10 16:42:37,986 INFO  org.hibernate.cfg.SettingsFactory : JDBC3 getGeneratedKeys(): disabled
2007-12-10 16:42:37,986 INFO  org.hibernate.cfg.SettingsFactory : Connection release mode: on_close
2007-12-10 16:42:37,986 INFO  org.hibernate.cfg.SettingsFactory : Default batch fetch size: 1
2007-12-10 16:42:37,998 INFO  org.hibernate.cfg.SettingsFactory : Generate SQL with comments: disabled
2007-12-10 16:42:37,998 INFO  org.hibernate.cfg.SettingsFactory : Order SQL updates by primary key: disabled
2007-12-10 16:42:37,998 INFO  org.hibernate.cfg.SettingsFactory : Query translator: org.hibernate.hql.ast.ASTQueryTranslatorFactory
2007-12-10 16:42:37,999 INFO  org.hibernate.hql.ast.ASTQueryTranslatorFactory : Using ASTQueryTranslatorFactory
2007-12-10 16:42:37,999 INFO  org.hibernate.cfg.SettingsFactory : Query language substitutions: {no='N', true=1, yes='Y', false=0}
2007-12-10 16:42:38,015 INFO  org.hibernate.cfg.SettingsFactory : JPA-QL strict compliance: disabled
2007-12-10 16:42:38,015 INFO  org.hibernate.cfg.SettingsFactory : Second-level cache: enabled
2007-12-10 16:42:38,015 INFO  org.hibernate.cfg.SettingsFactory : Query cache: disabled
2007-12-10 16:42:38,015 INFO  org.hibernate.cfg.SettingsFactory : Cache provider: org.hibernate.cache.NoCacheProvider
2007-12-10 16:42:38,015 INFO  org.hibernate.cfg.SettingsFactory : Optimize cache for minimal puts: disabled
2007-12-10 16:42:38,028 INFO  org.hibernate.cfg.SettingsFactory : Structured second-level cache entries: disabled
2007-12-10 16:42:38,028 INFO  org.hibernate.cfg.SettingsFactory : Statistics: disabled
2007-12-10 16:42:38,028 INFO  org.hibernate.cfg.SettingsFactory : Deleted entity synthetic identifier rollback: disabled
2007-12-10 16:42:38,028 INFO  org.hibernate.cfg.SettingsFactory : Default entity-mode: pojo
2007-12-10 16:42:38,034 INFO  org.hibernate.impl.SessionFactoryImpl : building session factory
2007-12-10 16:42:38,177 INFO  org.hibernate.impl.SessionFactoryObjectFactory : Not binding factory to JNDI, no JNDI name configured
2007-12-10 16:42:39,726 INFO  edu.duke.cabig.c3pr.dao.StudyDaoTest : -- beginning DaoTestCase interceptor session --
2007-12-10 16:42:40,505 INFO  edu.duke.cabig.c3pr.dao.StudyDaoTest : -- beginning DaoTestCase interceptor session --
2007-12-10 16:42:41,021 INFO  edu.duke.cabig.c3pr.dao.StudyDaoTest : -- beginning DaoTestCase interceptor session --
2007-12-10 16:42:41,924 INFO  edu.duke.cabig.c3pr.dao.StudyDaoTest : -- beginning DaoTestCase interceptor session --
2007-12-10 16:42:42,019 INFO  edu.duke.cabig.c3pr.dao.StudyDaoTest : --    ending DaoTestCase interceptor session --
2007-12-10 16:42:42,047 INFO  edu.duke.cabig.c3pr.dao.StudyDaoTest : -- interrupted DaoTestCase session --
2007-12-10 16:42:42,047 INFO  edu.duke.cabig.c3pr.dao.StudyDaoTest : -- beginning DaoTestCase interceptor session --
2007-12-10 16:42:42,587 INFO  edu.duke.cabig.c3pr.dao.StudyDaoTest : -- beginning DaoTestCase interceptor session --
2007-12-10 16:42:42,638 INFO  edu.duke.cabig.c3pr.dao.StudyDaoTest : --    ending DaoTestCase interceptor session --
2007-12-10 16:42:42,660 INFO  edu.duke.cabig.c3pr.dao.StudyDaoTest : -- interrupted DaoTestCase session --
2007-12-10 16:42:42,660 INFO  edu.duke.cabig.c3pr.dao.StudyDaoTest : -- beginning DaoTestCase interceptor session --
2007-12-10 16:42:43,181 INFO  edu.duke.cabig.c3pr.dao.StudyDaoTest : -- beginning DaoTestCase interceptor session --
2007-12-10 16:42:43,238 INFO  edu.duke.cabig.c3pr.dao.StudyDaoTest : --    ending DaoTestCase interceptor session --
2007-12-10 16:42:43,262 INFO  edu.duke.cabig.c3pr.dao.StudyDaoTest : -- interrupted DaoTestCase session --
2007-12-10 16:42:43,262 INFO  edu.duke.cabig.c3pr.dao.StudyDaoTest : -- beginning DaoTestCase interceptor session --
2007-12-10 16:42:43,772 INFO  edu.duke.cabig.c3pr.dao.StudyDaoTest : -- beginning DaoTestCase interceptor session --
2007-12-10 16:42:43,886 INFO  edu.duke.cabig.c3pr.dao.StudyDaoTest : --    ending DaoTestCase interceptor session --
2007-12-10 16:42:43,930 INFO  edu.duke.cabig.c3pr.dao.StudyDaoTest : -- interrupted DaoTestCase session --
2007-12-10 16:42:43,930 INFO  edu.duke.cabig.c3pr.dao.StudyDaoTest : -- beginning DaoTestCase interceptor session --
2007-12-10 16:42:44,435 INFO  edu.duke.cabig.c3pr.dao.StudyDaoTest : -- beginning DaoTestCase interceptor session --
2007-12-10 16:42:44,538 INFO  edu.duke.cabig.c3pr.dao.StudyDaoTest : --    ending DaoTestCase interceptor session --
2007-12-10 16:42:44,573 INFO  edu.duke.cabig.c3pr.dao.StudyDaoTest : -- interrupted DaoTestCase session --
2007-12-10 16:42:44,573 INFO  edu.duke.cabig.c3pr.dao.StudyDaoTest : -- beginning DaoTestCase interceptor session --
2007-12-10 16:42:45,083 INFO  edu.duke.cabig.c3pr.dao.StudyDaoTest : -- beginning DaoTestCase interceptor session --

2007-12-10 16:42:45,592 INFO  edu.duke.cabig.c3pr.dao.StudyDaoTest : -- beginning DaoTestCase interceptor session --
hc site id ************130
hcsi id ************27
disease disCat id ************7
disease term1 id ************13
disease term2 id ************14
2007-12-10 16:42:45,752 INFO  edu.duke.cabig.c3pr.dao.StudyDaoTest : --    ending DaoTestCase interceptor session --
2007-12-10 16:42:45,799 INFO  edu.duke.cabig.c3pr.dao.StudyDaoTest : -- interrupted DaoTestCase session --
2007-12-10 16:42:45,799 INFO  edu.duke.cabig.c3pr.dao.StudyDaoTest : -- beginning DaoTestCase interceptor session --
2007-12-10 16:42:46,305 INFO  edu.duke.cabig.c3pr.dao.StudyDaoTest : -- beginning DaoTestCase interceptor session --
hc site id ************131
hcsi id ************28
disease disCat id ************8
disease term1 id ************15
disease term2 id ************16
2007-12-10 16:42:46,470 INFO  edu.duke.cabig.c3pr.dao.StudyDaoTest : --    ending DaoTestCase interceptor session --
2007-12-10 16:42:46,525 INFO  edu.duke.cabig.c3pr.dao.StudyDaoTest : -- interrupted DaoTestCase session --
2007-12-10 16:42:46,525 INFO  edu.duke.cabig.c3pr.dao.StudyDaoTest : -- beginning DaoTestCase interceptor session --
2007-12-10 16:42:47,226 INFO  edu.duke.cabig.c3pr.dao.StudyDaoTest : -- beginning DaoTestCase interceptor session --
hc site id ************132
hcsi id ************29
2007-12-10 16:42:47,379 INFO  edu.duke.cabig.c3pr.dao.StudyDaoTest : --    ending DaoTestCase interceptor session --
2007-12-10 16:42:47,467 INFO  edu.duke.cabig.c3pr.dao.StudyDaoTest : -- interrupted DaoTestCase session --
2007-12-10 16:42:47,467 INFO  edu.duke.cabig.c3pr.dao.StudyDaoTest : -- beginning DaoTestCase interceptor session --
2007-12-10 16:42:47,970 INFO  edu.duke.cabig.c3pr.dao.StudyDaoTest : -- beginning DaoTestCase interceptor session --
2007-12-10 16:42:48,492 INFO  edu.duke.cabig.c3pr.dao.StudyDaoTest : -- beginning DaoTestCase interceptor session --
2007-12-10 16:42:48,994 INFO  edu.duke.cabig.c3pr.dao.StudyDaoTest : -- beginning DaoTestCase interceptor session --
2007-12-10 16:42:49,089 INFO  edu.duke.cabig.c3pr.dao.StudyDaoTest : --    ending DaoTestCase interceptor session --
2007-12-10 16:42:49,158 INFO  edu.duke.cabig.c3pr.dao.StudyDaoTest : -- interrupted DaoTestCase session --
2007-12-10 16:42:49,158 INFO  edu.duke.cabig.c3pr.dao.StudyDaoTest : -- beginning DaoTestCase interceptor session --
2007-12-10 16:42:49,821 INFO  edu.duke.cabig.c3pr.dao.StudyDaoTest : -- beginning DaoTestCase interceptor session --
2007-12-10 16:42:50,512 INFO  edu.duke.cabig.c3pr.dao.StudyDaoTest : -- beginning DaoTestCase interceptor session --
2007-12-10 16:42:51,277 INFO  edu.duke.cabig.c3pr.dao.StudyDaoTest : -- beginning DaoTestCase interceptor session --
2007-12-10 16:42:52,517 INFO  edu.duke.cabig.c3pr.dao.StudyDaoTest : -- beginning DaoTestCase interceptor session --
2007-12-10 16:42:52,629 INFO  edu.duke.cabig.c3pr.dao.StudyDaoTest : --    ending DaoTestCase interceptor session --
2007-12-10 16:42:52,694 INFO  edu.duke.cabig.c3pr.dao.StudyDaoTest : -- interrupted DaoTestCase session --
2007-12-10 16:42:52,694 INFO  edu.duke.cabig.c3pr.dao.StudyDaoTest : -- beginning DaoTestCase interceptor session --
2007-12-10 16:42:53,217 INFO  edu.duke.cabig.c3pr.dao.StudyDaoTest : -- beginning DaoTestCase interceptor session --
2007-12-10 16:42:53,297 INFO  edu.duke.cabig.c3pr.dao.StudyDaoTest : --    ending DaoTestCase interceptor session --
2007-12-10 16:42:53,376 INFO  edu.duke.cabig.c3pr.dao.StudyDaoTest : -- interrupted DaoTestCase session --
2007-12-10 16:42:53,376 INFO  edu.duke.cabig.c3pr.dao.StudyDaoTest : -- beginning DaoTestCase interceptor session --
2007-12-10 16:42:53,887 INFO  edu.duke.cabig.c3pr.dao.StudyDaoTest : -- beginning DaoTestCase interceptor session --
2007-12-10 16:42:53,987 INFO  edu.duke.cabig.c3pr.dao.StudyDaoTest : --    ending DaoTestCase interceptor session --
2007-12-10 16:42:54,055 INFO  edu.duke.cabig.c3pr.dao.StudyDaoTest : -- interrupted DaoTestCase session --
2007-12-10 16:42:54,055 INFO  edu.duke.cabig.c3pr.dao.StudyDaoTest : -- beginning DaoTestCase interceptor session --
2007-12-10 16:42:54,547 INFO  edu.duke.cabig.c3pr.dao.StudyDaoTest : -- beginning DaoTestCase interceptor session --
2007-12-10 16:42:55,267 INFO  edu.duke.cabig.c3pr.dao.StudyDaoTest : -- beginning DaoTestCase interceptor session --
Study funding sponsor is: National Cancer Institute
2007-12-10 16:42:55,779 INFO  edu.duke.cabig.c3pr.dao.StudyDaoTest : -- beginning DaoTestCase interceptor session --
2007-12-10 16:42:56,443 INFO  edu.duke.cabig.c3pr.dao.StudyDaoTest : -- beginning DaoTestCase interceptor session --
2007-12-10 16:42:56,531 INFO  edu.duke.cabig.c3pr.dao.StudyDaoTest : --    ending DaoTestCase interceptor session --
2007-12-10 16:42:56,609 INFO  edu.duke.cabig.c3pr.dao.StudyDaoTest : -- interrupted DaoTestCase session --
2007-12-10 16:42:56,609 INFO  edu.duke.cabig.c3pr.dao.StudyDaoTest : -- beginning DaoTestCase interceptor session --
2007-12-10 16:42:57,107 INFO  edu.duke.cabig.c3pr.dao.StudyDaoTest : -- beginning DaoTestCase interceptor session --
2007-12-10 16:42:57,199 INFO  edu.duke.cabig.c3pr.dao.StudyDaoTest : --    ending DaoTestCase interceptor session --
2007-12-10 16:42:57,271 INFO  edu.duke.cabig.c3pr.dao.StudyDaoTest : -- interrupted DaoTestCase session --
2007-12-10 16:42:57,271 INFO  edu.duke.cabig.c3pr.dao.StudyDaoTest : -- beginning DaoTestCase interceptor session --
2007-12-10 16:42:57,845 INFO  edu.duke.cabig.c3pr.dao.StudyDaoTest : -- beginning DaoTestCase interceptor session --
2007-12-10 16:42:57,949 ERROR org.hibernate.event.def.AbstractFlushingEventListener : Could not synchronize database state with session
org.hibernate.StaleObjectStateException: Row was updated or deleted by another transaction (or unsaved-value mapping was incorrect): [edu.duke.cabig.c3pr.domain.Study#1000]
	at org.hibernate.persister.entity.AbstractEntityPersister.check(AbstractEntityPersister.java:1714)
	at org.hibernate.persister.entity.AbstractEntityPersister.update(AbstractEntityPersister.java:2357)
	at org.hibernate.persister.entity.AbstractEntityPersister.updateOrInsert(AbstractEntityPersister.java:2257)
	at org.hibernate.persister.entity.AbstractEntityPersister.update(AbstractEntityPersister.java:2557)
	at org.hibernate.action.EntityUpdateAction.execute(EntityUpdateAction.java:92)
	at org.hibernate.engine.ActionQueue.execute(ActionQueue.java:248)
	at org.hibernate.engine.ActionQueue.executeActions(ActionQueue.java:232)
	at org.hibernate.engine.ActionQueue.executeActions(ActionQueue.java:140)
	at org.hibernate.event.def.AbstractFlushingEventListener.performExecutions(AbstractFlushingEventListener.java:298)
	at org.hibernate.event.def.DefaultFlushEventListener.onFlush(DefaultFlushEventListener.java:27)
	at org.hibernate.impl.SessionImpl.flush(SessionImpl.java:1000)
	at org.hibernate.impl.SessionImpl.managedFlush(SessionImpl.java:338)
	at org.hibernate.transaction.JDBCTransaction.commit(JDBCTransaction.java:106)
	at org.springframework.orm.hibernate3.HibernateTransactionManager.doCommit(HibernateTransactionManager.java:578)
	at org.springframework.transaction.support.AbstractPlatformTransactionManager.processCommit(AbstractPlatformTransactionManager.java:662)
	at org.springframework.transaction.support.AbstractPlatformTransactionManager.commit(AbstractPlatformTransactionManager.java:632)
	at org.springframework.transaction.interceptor.TransactionAspectSupport.commitTransactionAfterReturning(TransactionAspectSupport.java:314)
	at org.springframework.transaction.interceptor.TransactionInterceptor.invoke(TransactionInterceptor.java:116)
	at org.springframework.aop.framework.ReflectiveMethodInvocation.proceed(ReflectiveMethodInvocation.java:171)
	at org.springframework.aop.framework.Cglib2AopProxy$DynamicAdvisedInterceptor.intercept(Cglib2AopProxy.java:629)
	at edu.duke.cabig.c3pr.dao.StudyDao$$EnhancerByCGLIB$$38f7ec6a.save(<generated>)
	at edu.duke.cabig.c3pr.dao.StudyDaoTest.testFailureSaveTwoIdentifiersWithSameOrgAndSameTypeInStudy(StudyDaoTest.java:1262)
	at sun.reflect.NativeMethodAccessorImpl.invoke0(Native Method)
	at sun.reflect.NativeMethodAccessorImpl.invoke(NativeMethodAccessorImpl.java:39)
	at sun.reflect.DelegatingMethodAccessorImpl.invoke(DelegatingMethodAccessorImpl.java:25)
	at java.lang.reflect.Method.invoke(Method.java:585)
	at junit.framework.TestCase.runTest(TestCase.java:154)
	at edu.duke.cabig.c3pr.utils.DaoTestCase.runBare(DaoTestCase.java:62)
	at junit.framework.TestResult$1.protect(TestResult.java:106)
	at junit.framework.TestResult.runProtected(TestResult.java:124)
	at junit.framework.TestResult.run(TestResult.java:109)
	at junit.framework.TestCase.run(TestCase.java:118)
	at junit.framework.TestSuite.runTest(TestSuite.java:208)
	at junit.framework.TestSuite.run(TestSuite.java:203)
	at org.apache.tools.ant.taskdefs.optional.junit.JUnitTestRunner.run(JUnitTestRunner.java:421)
	at org.apache.tools.ant.taskdefs.optional.junit.JUnitTestRunner.launch(JUnitTestRunner.java:912)
	at org.apache.tools.ant.taskdefs.optional.junit.JUnitTestRunner.main(JUnitTestRunner.java:766)
2007-12-10 16:42:57,957 INFO  edu.duke.cabig.c3pr.dao.StudyDaoTest : --    ending DaoTestCase interceptor session --
2007-12-10 16:42:57,958 INFO  edu.duke.cabig.c3pr.dao.StudyDaoTest : -- interrupted DaoTestCase session --
2007-12-10 16:42:57,958 INFO  edu.duke.cabig.c3pr.dao.StudyDaoTest : -- beginning DaoTestCase interceptor session --
2007-12-10 16:42:58,519 INFO  edu.duke.cabig.c3pr.dao.StudyDaoTest : -- beginning DaoTestCase interceptor session --
2007-12-10 16:42:58,555 WARN  org.hibernate.util.JDBCExceptionReporter : SQL Error: 0, SQLState: null
2007-12-10 16:42:58,555 ERROR org.hibernate.util.JDBCExceptionReporter : Batch entry 0 insert into study_organizations (version, grid_id, retired_indicator, hcs_id, study_id, irb_approval_date, start_date, role_code, end_date, site_study_status, target_accrual_number, type, id) values (0, 03983a6c-239b-46bc-9127-339f4f0c1599, false, 1000, 1000, 2007-12-10 16:42:58.530000 -0500, 2007-12-10 16:42:58.530000 -0500, NULL, NULL, PENDING, NULL, 'SST', 291) was aborted.  Call getNextException to see the cause.
2007-12-10 16:42:58,555 WARN  org.hibernate.util.JDBCExceptionReporter : SQL Error: 0, SQLState: 23505
2007-12-10 16:42:58,558 ERROR org.hibernate.util.JDBCExceptionReporter : ERROR: duplicate key violates unique constraint "uk_stu_org_dtype"
2007-12-10 16:42:58,559 ERROR org.hibernate.event.def.AbstractFlushingEventListener : Could not synchronize database state with session
org.hibernate.exception.ConstraintViolationException: Could not execute JDBC batch update
	at org.hibernate.exception.SQLStateConverter.convert(SQLStateConverter.java:71)
	at org.hibernate.exception.JDBCExceptionHelper.convert(JDBCExceptionHelper.java:43)
	at org.hibernate.jdbc.AbstractBatcher.executeBatch(AbstractBatcher.java:249)
	at org.hibernate.engine.ActionQueue.executeActions(ActionQueue.java:235)
	at org.hibernate.engine.ActionQueue.executeActions(ActionQueue.java:139)
	at org.hibernate.event.def.AbstractFlushingEventListener.performExecutions(AbstractFlushingEventListener.java:298)
	at org.hibernate.event.def.DefaultFlushEventListener.onFlush(DefaultFlushEventListener.java:27)
	at org.hibernate.impl.SessionImpl.flush(SessionImpl.java:1000)
	at org.hibernate.impl.SessionImpl.managedFlush(SessionImpl.java:338)
	at org.hibernate.transaction.JDBCTransaction.commit(JDBCTransaction.java:106)
	at org.springframework.orm.hibernate3.HibernateTransactionManager.doCommit(HibernateTransactionManager.java:578)
	at org.springframework.transaction.support.AbstractPlatformTransactionManager.processCommit(AbstractPlatformTransactionManager.java:662)
	at org.springframework.transaction.support.AbstractPlatformTransactionManager.commit(AbstractPlatformTransactionManager.java:632)
	at org.springframework.transaction.interceptor.TransactionAspectSupport.commitTransactionAfterReturning(TransactionAspectSupport.java:314)
	at org.springframework.transaction.interceptor.TransactionInterceptor.invoke(TransactionInterceptor.java:116)
	at org.springframework.aop.framework.ReflectiveMethodInvocation.proceed(ReflectiveMethodInvocation.java:171)
	at org.springframework.aop.framework.Cglib2AopProxy$DynamicAdvisedInterceptor.intercept(Cglib2AopProxy.java:629)
	at edu.duke.cabig.c3pr.dao.StudyDao$$EnhancerByCGLIB$$38f7ec6a.save(<generated>)
	at edu.duke.cabig.c3pr.dao.StudyDaoTest.testFailureSaveTwoStudyOrganizationsWithSameOrgAndSameType(StudyDaoTest.java:1279)
	at sun.reflect.NativeMethodAccessorImpl.invoke0(Native Method)
	at sun.reflect.NativeMethodAccessorImpl.invoke(NativeMethodAccessorImpl.java:39)
	at sun.reflect.DelegatingMethodAccessorImpl.invoke(DelegatingMethodAccessorImpl.java:25)
	at java.lang.reflect.Method.invoke(Method.java:585)
	at junit.framework.TestCase.runTest(TestCase.java:154)
	at edu.duke.cabig.c3pr.utils.DaoTestCase.runBare(DaoTestCase.java:62)
	at junit.framework.TestResult$1.protect(TestResult.java:106)
	at junit.framework.TestResult.runProtected(TestResult.java:124)
	at junit.framework.TestResult.run(TestResult.java:109)
	at junit.framework.TestCase.run(TestCase.java:118)
	at junit.framework.TestSuite.runTest(TestSuite.java:208)
	at junit.framework.TestSuite.run(TestSuite.java:203)
	at org.apache.tools.ant.taskdefs.optional.junit.JUnitTestRunner.run(JUnitTestRunner.java:421)
	at org.apache.tools.ant.taskdefs.optional.junit.JUnitTestRunner.launch(JUnitTestRunner.java:912)
	at org.apache.tools.ant.taskdefs.optional.junit.JUnitTestRunner.main(JUnitTestRunner.java:766)
Caused by: java.sql.BatchUpdateException: Batch entry 0 insert into study_organizations (version, grid_id, retired_indicator, hcs_id, study_id, irb_approval_date, start_date, role_code, end_date, site_study_status, target_accrual_number, type, id) values (0, 03983a6c-239b-46bc-9127-339f4f0c1599, false, 1000, 1000, 2007-12-10 16:42:58.530000 -0500, 2007-12-10 16:42:58.530000 -0500, NULL, NULL, PENDING, NULL, 'SST', 291) was aborted.  Call getNextException to see the cause.
	at org.postgresql.jdbc2.AbstractJdbc2Statement$BatchResultHandler.handleError(AbstractJdbc2Statement.java:2512)
	at org.postgresql.core.v3.QueryExecutorImpl.processResults(QueryExecutorImpl.java:1310)
	at org.postgresql.core.v3.QueryExecutorImpl.execute(QueryExecutorImpl.java:347)
	at org.postgresql.jdbc2.AbstractJdbc2Statement.executeBatch(AbstractJdbc2Statement.java:2574)
	at org.apache.commons.dbcp.DelegatingStatement.executeBatch(DelegatingStatement.java:294)
	at org.hibernate.jdbc.BatchingBatcher.doExecuteBatch(BatchingBatcher.java:48)
	at org.hibernate.jdbc.AbstractBatcher.executeBatch(AbstractBatcher.java:242)
	... 31 more
2007-12-10 16:42:59,153 INFO  edu.duke.cabig.c3pr.dao.StudyDaoTest : -- beginning DaoTestCase interceptor session --
2007-12-10 16:42:59,844 INFO  edu.duke.cabig.c3pr.dao.StudyDaoTest : -- beginning DaoTestCase interceptor session --
2007-12-10 16:43:00,397 INFO  edu.duke.cabig.c3pr.dao.StudyDaoTest : -- beginning DaoTestCase interceptor session --
2007-12-10 16:43:00,428 INFO  edu.duke.cabig.c3pr.dao.StudyDaoTest : --    ending DaoTestCase interceptor session --
2007-12-10 16:43:00,442 INFO  edu.duke.cabig.c3pr.dao.StudyDaoTest : -- interrupted DaoTestCase session --
2007-12-10 16:43:00,442 INFO  edu.duke.cabig.c3pr.dao.StudyDaoTest : -- beginning DaoTestCase interceptor session --
2007-12-10 16:43:00,935 INFO  edu.duke.cabig.c3pr.dao.StudyDaoTest : -- beginning DaoTestCase interceptor session --
]]></system-out>
  <system-err><![CDATA[]]></system-err>
</testsuite>
