<?xml version="1.0" encoding="UTF-8" ?>
<testsuite errors="0" failures="0" hostname="Vinay-Office-PC" name="edu.duke.cabig.c3pr.service.StudySubjectXMLImporterServiceTestCase" tests="10" time="11.549" timestamp="2007-12-10T21:45:33">
  <properties>
    <property name="file.encoding.pkg" value="sun.io" />
    <property name="env.PROMPT" value="$P$G" />
    <property name="ant.file.c3prv2 custom ant tasks" value="C:\eclipse\WorkspaceSemanticBits\c3prv2\codebase\antfiles\build-ant-tasks.xml" />
    <property name="ant.file.c3pr-2.0-core" value="C:\eclipse\WorkspaceSemanticBits\c3prv2\codebase\projects\core\build.xml" />
    <property name="env.RoxioCentral" value="C:\Program Files\Common Files\Roxio Shared\9.0\Roxio Central33\" />
    <property name="java.home" value="C:\Program Files\Java\jdk1.5.0_12\jre" />
    <property name="test.src.dir" value="C:\eclipse\WorkspaceSemanticBits\c3prv2\codebase\projects\core\test\src" />
    <property name="test.project.jar" value="C:\eclipse\WorkspaceSemanticBits\c3prv2\codebase\projects\core\build\jars\c3pr-2.0-core-tests-1.0.jar" />
    <property name="env.PCBRAND" value="Pavilion" />
    <property name="debug" value="on" />
    <property name="java.endorsed.dirs" value="C:\Program Files\Java\jdk1.5.0_12\jre\lib\endorsed" />
    <property name="env.USERNAME" value="Vinay" />
    <property name="src.dir" value="C:\eclipse\WorkspaceSemanticBits\c3prv2\codebase\projects\core/src" />
    <property name="sun.os.patch.level" value="" />
    <property name="java.vendor.url" value="http://java.sun.com/" />
    <property name="env.COMPUTERNAME" value="VINAY-OFFICE-PC" />
    <property name="ant.file.c3pr-2.0" value="C:\eclipse\WorkspaceSemanticBits\c3prv2\codebase\antfiles\build.xml" />
    <property name="java.version" value="1.5.0_12" />
    <property name="csm.conf.dir" value="C:\eclipse\WorkspaceSemanticBits\c3prv2\codebase\projects\core/conf//csm" />
    <property name="test.logs.dir" value="C:\eclipse\WorkspaceSemanticBits\c3prv2\codebase\projects\core\test\logs" />
    <property name="conf.dir" value="C:\eclipse\WorkspaceSemanticBits\c3prv2\codebase\projects\core/conf/" />
    <property name="java.vendor.url.bug" value="http://java.sun.com/cgi-bin/bugreport.cgi" />
    <property name="env.USERPROFILE" value="C:\Users\Vinay" />
    <property name="test.lib.dir" value="C:\eclipse\WorkspaceSemanticBits\c3prv2\codebase\projects\core\test\lib" />
    <property name="env.SystemRoot" value="C:\Windows" />
    <property name="user.name" value="Vinay" />
    <property name="postgresql.csm.db.scripts.dir" value="C:\eclipse\WorkspaceSemanticBits\c3prv2\codebase\projects\core/db/PostGreSQL/csm" />
    <property name="oracle.db.script.dir" value="C:\eclipse\WorkspaceSemanticBits\c3prv2\codebase\projects\core/db/oracle" />
    <property name="ext.dir" value="C:\eclipse\WorkspaceSemanticBits\c3prv2\codebase\projects\core/ext" />
    <property name="sun.io.unicode.encoding" value="UnicodeLittle" />
    <property name="sun.jnu.encoding" value="Cp1252" />
    <property name="java.runtime.name" value="Java(TM) 2 Runtime Environment, Standard Edition" />
    <property name="env.LOCALAPPDATA" value="C:\Users\Vinay\AppData\Local" />
    <property name="lib.dir" value="C:\eclipse\WorkspaceSemanticBits\c3prv2\codebase\projects\core/lib" />
    <property name="project.version" value="1.0" />
    <property name="java.specification.name" value="Java Platform API Specification" />
    <property name="user.timezone" value="" />
    <property name="ant.file.c3pr-2.0-reports" value="C:\eclipse\WorkspaceSemanticBits\c3prv2\codebase\antfiles\build-reports.xml" />
    <property name="path.separator" value=";" />
    <property name="env.PROCESSOR_IDENTIFIER" value="x86 Family 6 Model 15 Stepping 6, GenuineIntel" />
    <property name="env._JAVACMD" value="C:\Program Files\Java\jdk1.5.0_12\bin\java.exe" />
    <property name="project.name" value="core" />
    <property name="file.encoding" value="Cp1252" />
    <property name="ext.resources.dir" value="C:\eclipse\WorkspaceSemanticBits\c3prv2\codebase\projects\core\ext\resources" />
    <property name="junit.results.dir" value="C:\eclipse\WorkspaceSemanticBits\c3prv2\codebase\test\logs" />
    <property name="env.NUMBER_OF_PROCESSORS" value="2" />
    <property name="env.APPDATA" value="C:\Users\Vinay\AppData\Roaming" />
    <property name="ant.file" value="C:\eclipse\WorkspaceSemanticBits\c3prv2\codebase\projects\core\build.xml" />
    <property name="src.java.dir" value="C:\eclipse\WorkspaceSemanticBits\c3prv2\codebase\projects\core/src/java" />
    <property name="ant.file.c3pr-2.0-artifacts" value="C:\eclipse\WorkspaceSemanticBits\c3prv2\codebase\antfiles\build-artifacts.xml" />
    <property name="java.io.tmpdir" value="C:\Users\Vinay\AppData\Local\Temp\" />
    <property name="ant.file.c3pr-2.0-core-test" value="C:\eclipse\WorkspaceSemanticBits\c3prv2\codebase\projects\core\antfiles\build-test.xml" />
    <property name="user.language" value="en" />
    <property name="env.SystemDrive" value="C:" />
    <property name="line.separator" value="
" />
    <property name="bering.migration.dir" value="C:\eclipse\WorkspaceSemanticBits\c3prv2\codebase\projects\core/db/bering" />
    <property name="java.vm.info" value="mixed mode" />
    <property name="sun.desktop" value="windows" />
    <property name="java.vm.specification.name" value="Java Virtual Machine Specification" />
    <property name="env.PATHEXT" value=".COM;.EXE;.BAT;.CMD;.VBS;.VBE;.JS;.JSE;.WSF;.WSH;.MSC" />
    <property name="test.classes.dir" value="C:\eclipse\WorkspaceSemanticBits\c3prv2\codebase\projects\core\build\classes-test" />
    <property name="ant.file.catrip-1.0-codedrop" value="C:\eclipse\WorkspaceSemanticBits\c3prv2\codebase\antfiles\build-codedrop.xml" />
    <property name="env.LOGONSERVER" value="\\VINAY-OFFICE-PC" />
    <property name="test.src.java.dir" value="C:\eclipse\WorkspaceSemanticBits\c3prv2\codebase\projects\core\test\src\java" />
    <property name="java.awt.printerjob" value="sun.awt.windows.WPrinterJob" />
    <property name="env.PUBLIC" value="C:\Users\Public" />
    <property name="catalina.home" value="C:\Tomcat 5.5" />
    <property name="env.USERDOMAIN" value="Vinay-Office-PC" />
    <property name="env.PROCESSOR_LEVEL" value="6" />
    <property name="env.windir" value="C:\Windows" />
    <property name="os.name" value="Windows Vista" />
    <property name="java.specification.vendor" value="Sun Microsystems Inc." />
    <property name="env.TMP" value="C:\Users\Vinay\AppData\Local\Temp" />
    <property name="postgresql.db.script.dir" value="C:\eclipse\WorkspaceSemanticBits\c3prv2\codebase\projects\core/db/PostGreSQL" />
    <property name="java.vm.name" value="Java HotSpot(TM) Client VM" />
    <property name="env.ProgramData" value="C:\ProgramData" />
    <property name="env.OS" value="Windows_NT" />
    <property name="java.library.path" value="C:\Program Files\Java\jdk1.5.0_12\jre\bin;.;C:\Windows\system32;C:\Windows;C:\Program Files\Java\jdk1.5.0_12\bin;C:\Windows\system32;C:\Windows;C:\Windows\System32\Wbem;C:\Program Files\Common Files\Roxio Shared\DLLShared\;C:\Program Files\Common Files\Roxio Shared\9.0\DLLShared\;C:\Tomcat 5.5\bin;C:\apache-ant-1.7.0\bin;" />
    <property name="ant.java.version" value="1.5" />
    <property name="basedir" value="C:\eclipse\WorkspaceSemanticBits\c3prv2\codebase\projects\core" />
    <property name="java.class.version" value="49.0" />
    <property name="ext.lib.dir" value="C:\eclipse\WorkspaceSemanticBits\c3prv2\codebase\projects\core/ext/lib" />
    <property name="ant.home" value="C:\apache-ant-1.7.0" />
    <property name="env.Path" value="C:\Program Files\Java\jdk1.5.0_12\bin;C:\Windows\system32;C:\Windows;C:\Windows\System32\Wbem;C:\Program Files\Common Files\Roxio Shared\DLLShared\;C:\Program Files\Common Files\Roxio Shared\9.0\DLLShared\;C:\Tomcat 5.5\bin;C:\apache-ant-1.7.0\bin;" />
    <property name="ext.test.lib.dir" value="C:\eclipse\WorkspaceSemanticBits\c3prv2\codebase\projects\core\ext\test\lib" />
    <property name="env.HOMEDRIVE" value="C:" />
    <property name="net.sourceforge.cobertura.datafile" value="C:\eclipse\WorkspaceSemanticBits\c3prv2\codebase\projects\core\test\logs\queryengine.ser" />
    <property name="sun.boot.library.path" value="C:\Program Files\Java\jdk1.5.0_12\jre\bin" />
    <property name="build.dir" value="C:\eclipse\WorkspaceSemanticBits\c3prv2\codebase\projects\core/build" />
    <property name="env.PROCESSOR_REVISION" value="0f06" />
    <property name="sun.management.compiler" value="HotSpot Client Compiler" />
    <property name="java.awt.graphicsenv" value="sun.awt.Win32GraphicsEnvironment" />
    <property name="user.variant" value="" />
    <property name="src.resources.dir" value="C:\eclipse\WorkspaceSemanticBits\c3prv2\codebase\projects\core/src/resources" />
    <property name="ant.file.c3pr-2.0-test" value="C:\eclipse\WorkspaceSemanticBits\c3prv2\codebase\antfiles\build-test.xml" />
    <property name="jar.dir" value="C:\eclipse\WorkspaceSemanticBits\c3prv2\codebase\projects\core/build/jars" />
    <property name="ant.project.name" value="c3pr-2.0-core" />
    <property name="java.vm.specification.version" value="1.0" />
    <property name="env.GLOBUS_LOCATION" value="C:\Globus\ws-core-4.0.3" />
    <property name="resources.dir" value="C:\eclipse\WorkspaceSemanticBits\c3prv2\codebase\projects\core/resources" />
    <property name="awt.toolkit" value="sun.awt.windows.WToolkit" />
    <property name="env.MAVEN_HOME" value="C:\Program Files\maven-2.0.7-bin\maven-2.0.7" />
    <property name="sun.cpu.isalist" value="pentium_pro+mmx pentium_pro pentium+mmx pentium i486 i386 i86" />
    <property name="build.context.dir" value="C:\eclipse\WorkspaceSemanticBits\c3prv2\codebase\projects\core/build/classes/context" />
    <property name="java.ext.dirs" value="C:\Program Files\Java\jdk1.5.0_12\jre\lib\ext" />
    <property name="os.version" value="6.0" />
    <property name="cobertura.home" value="C:\eclipse\WorkspaceSemanticBits\c3prv2\codebase\share\cobertura-1.8" />
    <property name="db.scripts.dir" value="C:\eclipse\WorkspaceSemanticBits\c3prv2\codebase\projects\core/db" />
    <property name="test.src.resources.dir" value="C:\eclipse\WorkspaceSemanticBits\c3prv2\codebase\projects\core\test\src\resources" />
    <property name="user.home" value="C:\Users\Vinay" />
    <property name="java.vm.vendor" value="Sun Microsystems Inc." />
    <property name="env.JAVA_HOME" value="C:\Program Files\Java\jdk1.5.0_12" />
    <property name="antfiles.dir" value="C:\eclipse\WorkspaceSemanticBits\c3prv2\codebase\projects\core/antfiles" />
    <property name="user.dir" value="C:\eclipse\WorkspaceSemanticBits\c3prv2\codebase\projects\core" />
    <property name="env.FP_NO_HOST_CHECK" value="NO" />
    <property name="test.dir" value="C:\eclipse\WorkspaceSemanticBits\c3prv2\codebase\projects\core\test" />
    <property name="env.OnlineServices" value="Online Services" />
    <property name="sun.cpu.endian" value="little" />
    <property name="env._USE_CLASSPATH" value="no" />
    <property name="env.ALLUSERSPROFILE" value="C:\ProgramData" />
    <property name="env.PROCESSOR_ARCHITECTURE" value="x86" />
    <property name="java.vm.version" value="1.5.0_12-b04" />
    <property name="java.class.path" value="C:\eclipse\WorkspaceSemanticBits\c3prv2\codebase\projects\core\lib\activation-1.0.2.jar;C:\eclipse\WorkspaceSemanticBits\c3prv2\codebase\projects\core\lib\avalon-framework-cvs-20020806.jar;C:\eclipse\WorkspaceSemanticBits\c3prv2\codebase\projects\core\lib\castor-1.1.2.1.jar;C:\eclipse\WorkspaceSemanticBits\c3prv2\codebase\projects\core\lib\commons-beanutils-1.7.0.jar;C:\eclipse\WorkspaceSemanticBits\c3prv2\codebase\projects\core\lib\commons-collections-3.2.jar;C:\eclipse\WorkspaceSemanticBits\c3prv2\codebase\projects\core\lib\commons-configuration-1.5.jar;C:\eclipse\WorkspaceSemanticBits\c3prv2\codebase\projects\core\lib\commons-dbcp-1.2.1.jar;C:\eclipse\WorkspaceSemanticBits\c3prv2\codebase\projects\core\lib\ejb3-persistence.jar;C:\eclipse\WorkspaceSemanticBits\c3prv2\codebase\projects\core\lib\fop.jar;C:\eclipse\WorkspaceSemanticBits\c3prv2\codebase\projects\core\lib\jakarta-oro-2.0.8.jar;C:\eclipse\WorkspaceSemanticBits\c3prv2\codebase\projects\core\lib\jstl.jar;C:\eclipse\WorkspaceSemanticBits\c3prv2\codebase\projects\core\lib\jta.jar;C:\eclipse\WorkspaceSemanticBits\c3prv2\codebase\projects\core\lib\mail-1.3.2.jar;C:\eclipse\WorkspaceSemanticBits\c3prv2\codebase\projects\core\lib\northwestern-core-commons.jar;C:\eclipse\WorkspaceSemanticBits\c3prv2\codebase\projects\core\lib\ojdbc14.jar;C:\eclipse\WorkspaceSemanticBits\c3prv2\codebase\projects\core\lib\postgresql-8.1-407.jdbc3.jar;C:\eclipse\WorkspaceSemanticBits\c3prv2\codebase\projects\core\lib\standard.jar;C:\eclipse\WorkspaceSemanticBits\c3prv2\codebase\projects\core\lib\xbean-spring-2.7.jar;C:\eclipse\WorkspaceSemanticBits\c3prv2\codebase\projects\core\ext\lib\CaXchangeRequestProcessor-client.jar;C:\eclipse\WorkspaceSemanticBits\c3prv2\codebase\projects\core\ext\lib\CaXchangeRequestProcessor-common.jar;C:\eclipse\WorkspaceSemanticBits\c3prv2\codebase\projects\core\ext\lib\CaXchangeRequestProcessor-stubs.jar;C:\eclipse\WorkspaceSemanticBits\c3prv2\codebase\projects\core\ext\lib\acegi-csm-0.3.jar;C:\eclipse\WorkspaceSemanticBits\c3prv2\codebase\projects\core\ext\lib\acegi-csm-0.5.jar;C:\eclipse\WorkspaceSemanticBits\c3prv2\codebase\projects\core\ext\lib\acegi-security-1.0.3.jar;C:\eclipse\WorkspaceSemanticBits\c3prv2\codebase\projects\core\ext\lib\acegi-security-cas-1.0.3.jar;C:\eclipse\WorkspaceSemanticBits\c3prv2\codebase\projects\core\ext\lib\acegi-security-tiger-1.0.3.jar;C:\eclipse\WorkspaceSemanticBits\c3prv2\codebase\projects\core\ext\lib\activeio-core-3.0-beta4.jar;C:\eclipse\WorkspaceSemanticBits\c3prv2\codebase\projects\core\ext\lib\activemq-core-4.0.2.jar;C:\eclipse\WorkspaceSemanticBits\c3prv2\codebase\projects\core\ext\lib\addressing-1.0.jar;C:\eclipse\WorkspaceSemanticBits\c3prv2\codebase\projects\core\ext\lib\ant-contrib.jar;C:\eclipse\WorkspaceSemanticBits\c3prv2\codebase\projects\core\ext\lib\antlr-2.7.6.jar;C:\eclipse\WorkspaceSemanticBits\c3prv2\codebase\projects\core\ext\lib\aopalliance.jar;C:\eclipse\WorkspaceSemanticBits\c3prv2\codebase\projects\core\ext\lib\asm-2.2.3.jar;C:\eclipse\WorkspaceSemanticBits\c3prv2\codebase\projects\core\ext\lib\asm-commons-2.2.3.jar;C:\eclipse\WorkspaceSemanticBits\c3prv2\codebase\projects\core\ext\lib\asm-util-2.2.3.jar;C:\eclipse\WorkspaceSemanticBits\c3prv2\codebase\projects\core\ext\lib\aspectjrt-1.5.3.jar;C:\eclipse\WorkspaceSemanticBits\c3prv2\codebase\projects\core\ext\lib\aspectjweaver-1.5.3.jar;C:\eclipse\WorkspaceSemanticBits\c3prv2\codebase\projects\core\ext\lib\axis-url.jar;C:\eclipse\WorkspaceSemanticBits\c3prv2\codebase\projects\core\ext\lib\axis.jar;C:\eclipse\WorkspaceSemanticBits\c3prv2\codebase\projects\core\ext\lib\backport-util-concurrent-2.1.jar;C:\eclipse\WorkspaceSemanticBits\c3prv2\codebase\projects\core\ext\lib\bootstrap.jar;C:\eclipse\WorkspaceSemanticBits\c3prv2\codebase\projects\core\ext\lib\c3p0-0.8.5.2.jar;C:\eclipse\WorkspaceSemanticBits\c3prv2\codebase\projects\core\ext\lib\c3pr-2.0-esb-client-1.0.jar;C:\eclipse\WorkspaceSemanticBits\c3prv2\codebase\projects\core\ext\lib\caGrid-1.1-Introduce-1.1-serviceTools.jar;C:\eclipse\WorkspaceSemanticBits\c3prv2\codebase\projects\core\ext\lib\caGrid-1.1-ServiceSecurityProvider-client.jar;C:\eclipse\WorkspaceSemanticBits\c3prv2\codebase\projects\core\ext\lib\caGrid-1.1-ServiceSecurityProvider-common.jar;C:\eclipse\WorkspaceSemanticBits\c3prv2\codebase\projects\core\ext\lib\caGrid-1.1-ServiceSecurityProvider-service.jar;C:\eclipse\WorkspaceSemanticBits\c3prv2\codebase\projects\core\ext\lib\caGrid-1.1-ServiceSecurityProvider-stubs.jar;C:\eclipse\WorkspaceSemanticBits\c3prv2\codebase\projects\core\ext\lib\caGrid-1.1-advertisement.jar;C:\eclipse\WorkspaceSemanticBits\c3prv2\codebase\projects\core\ext\lib\caGrid-1.1-authentication-service-client.jar;C:\eclipse\WorkspaceSemanticBits\c3prv2\codebase\projects\core\ext\lib\caGrid-1.1-authentication-service-common.jar;C:\eclipse\WorkspaceSemanticBits\c3prv2\codebase\projects\core\ext\lib\caGrid-1.1-authentication-service-stubs.jar;C:\eclipse\WorkspaceSemanticBits\c3prv2\codebase\projects\core\ext\lib\caGrid-1.1-core.jar;C:\eclipse\WorkspaceSemanticBits\c3prv2\codebase\projects\core\ext\lib\caGrid-1.1-dorian-client.jar;C:\eclipse\WorkspaceSemanticBits\c3prv2\codebase\projects\core\ext\lib\caGrid-1.1-dorian-common.jar;C:\eclipse\WorkspaceSemanticBits\c3prv2\codebase\projects\core\ext\lib\caGrid-1.1-dorian-stubs.jar;C:\eclipse\WorkspaceSemanticBits\c3prv2\codebase\projects\core\ext\lib\caGrid-1.1-metadata-common.jar;C:\eclipse\WorkspaceSemanticBits\c3prv2\codebase\projects\core\ext\lib\caGrid-1.1-metadata-data.jar;C:\eclipse\WorkspaceSemanticBits\c3prv2\codebase\projects\core\ext\lib\caGrid-1.1-metadata-security.jar;C:\eclipse\WorkspaceSemanticBits\c3prv2\codebase\projects\core\ext\lib\caGrid-1.1-metadataUtils.jar;C:\eclipse\WorkspaceSemanticBits\c3prv2\codebase\projects\core\ext\lib\caGrid-1.1-opensaml-1.1.jar;C:\eclipse\WorkspaceSemanticBits\c3prv2\codebase\projects\core\ext\lib\castor-0.9.9.jar;C:\eclipse\WorkspaceSemanticBits\c3prv2\codebase\projects\core\ext\lib\cglib-nodep-2.1_3.jar;C:\eclipse\WorkspaceSemanticBits\c3prv2\codebase\projects\core\ext\lib\client.jar;C:\eclipse\WorkspaceSemanticBits\c3prv2\codebase\projects\core\ext\lib\clm-3.2.1-ctms00.jar;C:\eclipse\WorkspaceSemanticBits\c3prv2\codebase\projects\core\ext\lib\clm.jar;C:\eclipse\WorkspaceSemanticBits\c3prv2\codebase\projects\core\ext\lib\cog-axis.jar;C:\eclipse\WorkspaceSemanticBits\c3prv2\codebase\projects\core\ext\lib\cog-jglobus.jar;C:\eclipse\WorkspaceSemanticBits\c3prv2\codebase\projects\core\ext\lib\cog-tomcat.jar;C:\eclipse\WorkspaceSemanticBits\c3prv2\codebase\projects\core\ext\lib\cog-url.jar;C:\eclipse\WorkspaceSemanticBits\c3prv2\codebase\projects\core\ext\lib\collections-generic-4.01.jar;C:\eclipse\WorkspaceSemanticBits\c3prv2\codebase\projects\core\ext\lib\commonj.jar;C:\eclipse\WorkspaceSemanticBits\c3prv2\codebase\projects\core\ext\lib\commons-beanutils.jar;C:\eclipse\WorkspaceSemanticBits\c3prv2\codebase\projects\core\ext\lib\commons-cli-2.0.jar;C:\eclipse\WorkspaceSemanticBits\c3prv2\codebase\projects\core\ext\lib\commons-collections-3.0.jar;C:\eclipse\WorkspaceSemanticBits\c3prv2\codebase\projects\core\ext\lib\commons-collections-3.1.jar;C:\eclipse\WorkspaceSemanticBits\c3prv2\codebase\projects\core\ext\lib\commons-collections-3.2.jar;C:\eclipse\WorkspaceSemanticBits\c3prv2\codebase\projects\core\ext\lib\commons-digester.jar;C:\eclipse\WorkspaceSemanticBits\c3prv2\codebase\projects\core\ext\lib\commons-discovery.jar;C:\eclipse\WorkspaceSemanticBits\c3prv2\codebase\projects\core\ext\lib\commons-io-1.3.1.jar;C:\eclipse\WorkspaceSemanticBits\c3prv2\codebase\projects\core\ext\lib\commons-lang-2.3.jar;C:\eclipse\WorkspaceSemanticBits\c3prv2\codebase\projects\core\ext\lib\commons-logging-1.1.jar;C:\eclipse\WorkspaceSemanticBits\c3prv2\codebase\projects\core\ext\lib\commons-logging.jar;C:\eclipse\WorkspaceSemanticBits\c3prv2\codebase\projects\core\ext\lib\commons-pool-1.2.jar;C:\eclipse\WorkspaceSemanticBits\c3prv2\codebase\projects\core\ext\lib\concurrent.jar;C:\eclipse\WorkspaceSemanticBits\c3prv2\codebase\projects\core\ext\lib\cryptix-asn1.jar;C:\eclipse\WorkspaceSemanticBits\c3prv2\codebase\projects\core\ext\lib\cryptix.jar;C:\eclipse\WorkspaceSemanticBits\c3prv2\codebase\projects\core\ext\lib\cryptix32.jar;C:\eclipse\WorkspaceSemanticBits\c3prv2\codebase\projects\core\ext\lib\csmapi-3.2.1-ctms00.jar;C:\eclipse\WorkspaceSemanticBits\c3prv2\codebase\projects\core\ext\lib\ctms-commons-base-0.5-SNAPSHOT.jar;C:\eclipse\WorkspaceSemanticBits\c3prv2\codebase\projects\core\ext\lib\ctms-commons-base-0.5.jar;C:\eclipse\WorkspaceSemanticBits\c3prv2\codebase\projects\core\ext\lib\ctms-commons-core-0.5-SNAPSHOT.jar;C:\eclipse\WorkspaceSemanticBits\c3prv2\codebase\projects\core\ext\lib\ctms-commons-core-0.5.jar;C:\eclipse\WorkspaceSemanticBits\c3prv2\codebase\projects\core\ext\lib\ctms-commons-laf-0.5-SNAPSHOT.jar;C:\eclipse\WorkspaceSemanticBits\c3prv2\codebase\projects\core\ext\lib\ctms-commons-lang-0.5-SNAPSHOT.jar;C:\eclipse\WorkspaceSemanticBits\c3prv2\codebase\projects\core\ext\lib\ctms-commons-lang-0.5.jar;C:\eclipse\WorkspaceSemanticBits\c3prv2\codebase\projects\core\ext\lib\ctms-commons-web-0.5-SNAPSHOT.jar;C:\eclipse\WorkspaceSemanticBits\c3prv2\codebase\projects\core\ext\lib\ctms-commons-web-0.5.jar;C:\eclipse\WorkspaceSemanticBits\c3prv2\codebase\projects\core\ext\lib\dom4j-1.6.1.jar;C:\eclipse\WorkspaceSemanticBits\c3prv2\codebase\projects\core\ext\lib\ehcache-1.2.3.jar;C:\eclipse\WorkspaceSemanticBits\c3prv2\codebase\projects\core\ext\lib\globus_resolution_service.jar;C:\eclipse\WorkspaceSemanticBits\c3prv2\codebase\projects\core\ext\lib\globus_resolution_stubs_java.jar;C:\eclipse\WorkspaceSemanticBits\c3prv2\codebase\projects\core\ext\lib\globus_resolution_test.jar;C:\eclipse\WorkspaceSemanticBits\c3prv2\codebase\projects\core\ext\lib\globus_transfer_service.jar;C:\eclipse\WorkspaceSemanticBits\c3prv2\codebase\projects\core\ext\lib\globus_transfer_stubs_java.jar;C:\eclipse\WorkspaceSemanticBits\c3prv2\codebase\projects\core\ext\lib\globus_transfer_test.jar;C:\eclipse\WorkspaceSemanticBits\c3prv2\codebase\projects\core\ext\lib\globus_usage_core.jar;C:\eclipse\WorkspaceSemanticBits\c3prv2\codebase\projects\core\ext\lib\globus_usage_packets_common.jar;C:\eclipse\WorkspaceSemanticBits\c3prv2\codebase\projects\core\ext\lib\globus_wsrf_mds_aggregator.jar;C:\eclipse\WorkspaceSemanticBits\c3prv2\codebase\projects\core\ext\lib\globus_wsrf_mds_aggregator_stubs.jar;C:\eclipse\WorkspaceSemanticBits\c3prv2\codebase\projects\core\ext\lib\globus_wsrf_servicegroup.jar;C:\eclipse\WorkspaceSemanticBits\c3prv2\codebase\projects\core\ext\lib\globus_wsrf_servicegroup_stubs.jar;C:\eclipse\WorkspaceSemanticBits\c3prv2\codebase\projects\core\ext\lib\globus_wsrf_tools_test.jar;C:\eclipse\WorkspaceSemanticBits\c3prv2\codebase\projects\core\ext\lib\grid-security-plugin-1.0.jar;C:\eclipse\WorkspaceSemanticBits\c3prv2\codebase\projects\core\ext\lib\handle.jar;C:\eclipse\WorkspaceSemanticBits\c3prv2\codebase\projects\core\ext\lib\handlerservice.jar;C:\eclipse\WorkspaceSemanticBits\c3prv2\codebase\projects\core\ext\lib\hibernate-annotations.jar;C:\eclipse\WorkspaceSemanticBits\c3prv2\codebase\projects\core\ext\lib\hibernate3.2.1.jar;C:\eclipse\WorkspaceSemanticBits\c3prv2\codebase\projects\core\ext\lib\jaxen-core.jar;C:\eclipse\WorkspaceSemanticBits\c3prv2\codebase\projects\core\ext\lib\jaxen-jdom.jar;C:\eclipse\WorkspaceSemanticBits\c3prv2\codebase\projects\core\ext\lib\jaxrpc.jar;C:\eclipse\WorkspaceSemanticBits\c3prv2\codebase\projects\core\ext\lib\jboss-j2ee-4.0.5.jar;C:\eclipse\WorkspaceSemanticBits\c3prv2\codebase\projects\core\ext\lib\jboss-jsr77.jar;C:\eclipse\WorkspaceSemanticBits\c3prv2\codebase\projects\core\ext\lib\jce-jdk13-125.jar;C:\eclipse\WorkspaceSemanticBits\c3prv2\codebase\projects\core\ext\lib\jdom-1.0.jar;C:\eclipse\WorkspaceSemanticBits\c3prv2\codebase\projects\core\ext\lib\jdom.jar;C:\eclipse\WorkspaceSemanticBits\c3prv2\codebase\projects\core\ext\lib\jgss.jar;C:\eclipse\WorkspaceSemanticBits\c3prv2\codebase\projects\core\ext\lib\junit.jar;C:\eclipse\WorkspaceSemanticBits\c3prv2\codebase\projects\core\ext\lib\log4j-1.2.13.jar;C:\eclipse\WorkspaceSemanticBits\c3prv2\codebase\projects\core\ext\lib\log4j-1.2.8.jar;C:\eclipse\WorkspaceSemanticBits\c3prv2\codebase\projects\core\ext\lib\mobius_common_client-1.1.jar;C:\eclipse\WorkspaceSemanticBits\c3prv2\codebase\projects\core\ext\lib\mobius_factories-1.1.jar;C:\eclipse\WorkspaceSemanticBits\c3prv2\codebase\projects\core\ext\lib\mobius_gme_client-1.1.jar;C:\eclipse\WorkspaceSemanticBits\c3prv2\codebase\projects\core\ext\lib\mobius_mako_client-1.1.jar;C:\eclipse\WorkspaceSemanticBits\c3prv2\codebase\projects\core\ext\lib\mobius_tools-1.1.jar;C:\eclipse\WorkspaceSemanticBits\c3prv2\codebase\projects\core\ext\lib\naming-common.jar;C:\eclipse\WorkspaceSemanticBits\c3prv2\codebase\projects\core\ext\lib\naming-factory.jar;C:\eclipse\WorkspaceSemanticBits\c3prv2\codebase\projects\core\ext\lib\naming-java.jar;C:\eclipse\WorkspaceSemanticBits\c3prv2\codebase\projects\core\ext\lib\naming-resources.jar;C:\eclipse\WorkspaceSemanticBits\c3prv2\codebase\projects\core\ext\lib\opensaml.jar;C:\eclipse\WorkspaceSemanticBits\c3prv2\codebase\projects\core\ext\lib\puretls.jar;C:\eclipse\WorkspaceSemanticBits\c3prv2\codebase\projects\core\ext\lib\resolver.jar;C:\eclipse\WorkspaceSemanticBits\c3prv2\codebase\projects\core\ext\lib\saaj.jar;C:\eclipse\WorkspaceSemanticBits\c3prv2\codebase\projects\core\ext\lib\saxpath.jar;C:\eclipse\WorkspaceSemanticBits\c3prv2\codebase\projects\core\ext\lib\servlet.jar;C:\eclipse\WorkspaceSemanticBits\c3prv2\codebase\projects\core\ext\lib\spring-aspects.jar;C:\eclipse\WorkspaceSemanticBits\c3prv2\codebase\projects\core\ext\lib\spring.jar;C:\eclipse\WorkspaceSemanticBits\c3prv2\codebase\projects\core\ext\lib\wsdl4j.jar;C:\eclipse\WorkspaceSemanticBits\c3prv2\codebase\projects\core\ext\lib\wsrf_common.jar;C:\eclipse\WorkspaceSemanticBits\c3prv2\codebase\projects\core\ext\lib\wsrf_core.jar;C:\eclipse\WorkspaceSemanticBits\c3prv2\codebase\projects\core\ext\lib\wsrf_core_registry.jar;C:\eclipse\WorkspaceSemanticBits\c3prv2\codebase\projects\core\ext\lib\wsrf_core_registry_stubs.jar;C:\eclipse\WorkspaceSemanticBits\c3prv2\codebase\projects\core\ext\lib\wsrf_core_samples_authzService.jar;C:\eclipse\WorkspaceSemanticBits\c3prv2\codebase\projects\core\ext\lib\wsrf_core_samples_authzService_stubs.jar;C:\eclipse\WorkspaceSemanticBits\c3prv2\codebase\projects\core\ext\lib\wsrf_core_samples_counter.jar;C:\eclipse\WorkspaceSemanticBits\c3prv2\codebase\projects\core\ext\lib\wsrf_core_samples_counter_stubs.jar;C:\eclipse\WorkspaceSemanticBits\c3prv2\codebase\projects\core\ext\lib\wsrf_core_samples_mgmt.jar;C:\eclipse\WorkspaceSemanticBits\c3prv2\codebase\projects\core\ext\lib\wsrf_core_samples_mgmt_stubs.jar;C:\eclipse\WorkspaceSemanticBits\c3prv2\codebase\projects\core\ext\lib\wsrf_core_stubs.jar;C:\eclipse\WorkspaceSemanticBits\c3prv2\codebase\projects\core\ext\lib\wsrf_provider_jce.jar;C:\eclipse\WorkspaceSemanticBits\c3prv2\codebase\projects\core\ext\lib\wsrf_test.jar;C:\eclipse\WorkspaceSemanticBits\c3prv2\codebase\projects\core\ext\lib\wsrf_test_interop.jar;C:\eclipse\WorkspaceSemanticBits\c3prv2\codebase\projects\core\ext\lib\wsrf_test_interop_stubs.jar;C:\eclipse\WorkspaceSemanticBits\c3prv2\codebase\projects\core\ext\lib\wsrf_test_unit.jar;C:\eclipse\WorkspaceSemanticBits\c3prv2\codebase\projects\core\ext\lib\wsrf_test_unit_stubs.jar;C:\eclipse\WorkspaceSemanticBits\c3prv2\codebase\projects\core\ext\lib\wsrf_tools.jar;C:\eclipse\WorkspaceSemanticBits\c3prv2\codebase\projects\core\ext\lib\wss4j.jar;C:\eclipse\WorkspaceSemanticBits\c3prv2\codebase\projects\core\ext\lib\xalan.jar;C:\eclipse\WorkspaceSemanticBits\c3prv2\codebase\projects\core\ext\lib\xerces-2.6.2.jar;C:\eclipse\WorkspaceSemanticBits\c3prv2\codebase\projects\core\ext\lib\xerces.jar;C:\eclipse\WorkspaceSemanticBits\c3prv2\codebase\projects\core\ext\lib\xercesImpl.jar;C:\eclipse\WorkspaceSemanticBits\c3prv2\codebase\projects\core\ext\lib\xml-apis.jar;C:\eclipse\WorkspaceSemanticBits\c3prv2\codebase\projects\core\ext\lib\xmlsec.jar;C:\eclipse\WorkspaceSemanticBits\c3prv2\codebase\projects\core\ext\compile\lib\c3pr-management-1.0.jar;C:\eclipse\WorkspaceSemanticBits\c3prv2\codebase\projects\core\build\jars\c3pr-2.0-core-1.0.jar;C:\eclipse\WorkspaceSemanticBits\c3prv2\codebase\projects\core\build\jars\c3pr-2.0-core-tests-1.0.jar;C:\eclipse\WorkspaceSemanticBits\c3prv2\codebase\projects\core\test\lib\catrip-test-report-1.0.jar;C:\eclipse\WorkspaceSemanticBits\c3prv2\codebase\projects\core\test\lib\core-commons-testing.jar;C:\eclipse\WorkspaceSemanticBits\c3prv2\codebase\projects\core\test\lib\dbunit-2.1.jar;C:\eclipse\WorkspaceSemanticBits\c3prv2\codebase\projects\core\test\lib\easymock.jar;C:\eclipse\WorkspaceSemanticBits\c3prv2\codebase\projects\core\test\lib\easymockclassextension.jar;C:\eclipse\WorkspaceSemanticBits\c3prv2\codebase\projects\core\test\lib\hsqldb.jar;C:\eclipse\WorkspaceSemanticBits\c3prv2\codebase\projects\core\test\lib\servlet-api.jar;C:\eclipse\WorkspaceSemanticBits\c3prv2\codebase\projects\core\ext\test\lib\junit-3.8.1.jar;C:\eclipse\WorkspaceSemanticBits\c3prv2\codebase\projects\core\ext\test\lib\spring-mock.jar;C:\eclipse\WorkspaceSemanticBits\c3prv2\codebase\share\cobertura-1.8\cobertura.jar;C:\eclipse\WorkspaceSemanticBits\c3prv2\codebase\share\cobertura-1.8\lib\asm-2.2.1.jar;C:\eclipse\WorkspaceSemanticBits\c3prv2\codebase\share\cobertura-1.8\lib\jakarta-oro-2.0.8.jar;C:\eclipse\WorkspaceSemanticBits\c3prv2\codebase\share\cobertura-1.8\lib\log4j-1.2.9.jar;C:\apache-ant-1.7.0\lib\ant-launcher.jar;C:\apache-ant-1.7.0\lib\ant.jar;C:\apache-ant-1.7.0\lib\ant-junit.jar" />
    <property name="env.HOMEPATH" value="\Users\Vinay" />
    <property name="oracle.csm.db.scripts.dir" value="C:\eclipse\WorkspaceSemanticBits\c3prv2\codebase\projects\core/db/oracle/csm" />
    <property name="ant.library.dir" value="C:\apache-ant-1.7.0\lib" />
    <property name="os.arch" value="x86" />
    <property name="testcoverage.datafile" value="C:\eclipse\WorkspaceSemanticBits\c3prv2\codebase\projects\core\test\logs\queryengine.ser" />
    <property name="env.PLATFORM" value="MCD" />
    <property name="env.SESSIONNAME" value="Console" />
    <property name="sun.java.launcher" value="SUN_STANDARD" />
    <property name="classes.dir" value="C:\eclipse\WorkspaceSemanticBits\c3prv2\codebase\projects\core/build/classes" />
    <property name="env.CommonProgramFiles" value="C:\Program Files\Common Files" />
    <property name="env.ProgramFiles" value="C:\Program Files" />
    <property name="java.vm.specification.vendor" value="Sun Microsystems Inc." />
    <property name="ant.file.c3pr-2.0-utilities" value="C:\eclipse\WorkspaceSemanticBits\c3prv2\codebase\antfiles\build-utilities.xml" />
    <property name="file.separator" value="\" />
    <property name="env.ANT_CMD_LINE_ARGS" value="test" />
    <property name="java.runtime.version" value="1.5.0_12-b04" />
    <property name="project.jarfile" value="C:\eclipse\WorkspaceSemanticBits\c3prv2\codebase\projects\core/build/jars/c3pr-2.0-core-1.0.jar" />
    <property name="sun.boot.class.path" value="C:\Program Files\Java\jdk1.5.0_12\jre\lib\rt.jar;C:\Program Files\Java\jdk1.5.0_12\jre\lib\i18n.jar;C:\Program Files\Java\jdk1.5.0_12\jre\lib\sunrsasign.jar;C:\Program Files\Java\jdk1.5.0_12\jre\lib\jsse.jar;C:\Program Files\Java\jdk1.5.0_12\jre\lib\jce.jar;C:\Program Files\Java\jdk1.5.0_12\jre\lib\charsets.jar;C:\Program Files\Java\jdk1.5.0_12\jre\classes" />
    <property name="env.ComSpec" value="C:\Windows\system32\cmd.exe" />
    <property name="env.TEMP" value="C:\Users\Vinay\AppData\Local\Temp" />
    <property name="user.country" value="US" />
    <property name="env.ANT_HOME" value="C:\apache-ant-1.7.0" />
    <property name="java.vendor" value="Sun Microsystems Inc." />
    <property name="c3pr.properties.file" value="c3pr.properties" />
    <property name="env.CATALINA_HOME" value="C:\Tomcat 5.5" />
    <property name="java.specification.version" value="1.5" />
    <property name="sun.arch.data.model" value="32" />
  </properties>
  <testcase classname="edu.duke.cabig.c3pr.service.StudySubjectXMLImporterServiceTestCase" name="testImportRegistrationCase0" time="2.126" />
  <testcase classname="edu.duke.cabig.c3pr.service.StudySubjectXMLImporterServiceTestCase" name="testImportRegistrationCase1" time="1.042" />
  <testcase classname="edu.duke.cabig.c3pr.service.StudySubjectXMLImporterServiceTestCase" name="testImportRegistrationCase2" time="1.033" />
  <testcase classname="edu.duke.cabig.c3pr.service.StudySubjectXMLImporterServiceTestCase" name="testImportRegistrationCase3" time="1.239" />
  <testcase classname="edu.duke.cabig.c3pr.service.StudySubjectXMLImporterServiceTestCase" name="testImportRegistrationCase4" time="1.159" />
  <testcase classname="edu.duke.cabig.c3pr.service.StudySubjectXMLImporterServiceTestCase" name="testImportRegistrationCase5" time="1.029" />
  <testcase classname="edu.duke.cabig.c3pr.service.StudySubjectXMLImporterServiceTestCase" name="testImportRegistrationCase6" time="1.033" />
  <testcase classname="edu.duke.cabig.c3pr.service.StudySubjectXMLImporterServiceTestCase" name="testImportRegistrationCase7" time="1.094" />
  <testcase classname="edu.duke.cabig.c3pr.service.StudySubjectXMLImporterServiceTestCase" name="testImportRegistrationCase8" time="0.448" />
  <testcase classname="edu.duke.cabig.c3pr.service.StudySubjectXMLImporterServiceTestCase" name="testImportRegistrationCase9" time="1.3" />
  <system-out><![CDATA[2007-12-10 16:45:25,444 INFO  org.springframework.context.support.ClassPathXmlApplicationContext : Refreshing org.springframework.context.support.ClassPathXmlApplicationContext@84da23: display name [org.springframework.context.support.ClassPathXmlApplicationContext@84da23]; startup date [Mon Dec 10 16:45:25 EST 2007]; root of context hierarchy
2007-12-10 16:45:25,553 INFO  org.springframework.beans.factory.xml.XmlBeanDefinitionReader : Loading XML bean definitions from URL [jar:file:/C:/eclipse/WorkspaceSemanticBits/c3prv2/codebase/projects/core/build/jars/c3pr-2.0-core-1.0.jar!/edu/duke/cabig/c3pr/applicationContext-core.xml]
2007-12-10 16:45:26,222 INFO  org.springframework.beans.factory.xml.XmlBeanDefinitionReader : Loading XML bean definitions from URL [jar:file:/C:/eclipse/WorkspaceSemanticBits/c3prv2/codebase/projects/core/build/jars/c3pr-2.0-core-1.0.jar!/edu/duke/cabig/c3pr/applicationContext-core-db.xml]
2007-12-10 16:45:26,326 INFO  org.springframework.beans.factory.xml.XmlBeanDefinitionReader : Loading XML bean definitions from URL [jar:file:/C:/eclipse/WorkspaceSemanticBits/c3prv2/codebase/projects/core/build/jars/c3pr-2.0-core-1.0.jar!/edu/duke/cabig/c3pr/applicationContext-csm.xml]
2007-12-10 16:45:26,372 INFO  org.springframework.beans.factory.xml.XmlBeanDefinitionReader : Loading XML bean definitions from URL [jar:file:/C:/eclipse/WorkspaceSemanticBits/c3prv2/codebase/projects/core/build/jars/c3pr-2.0-core-1.0.jar!/edu/duke/cabig/c3pr/applicationContext-esb.xml]
2007-12-10 16:45:26,488 INFO  org.springframework.context.support.ClassPathXmlApplicationContext : Bean factory for application context [org.springframework.context.support.ClassPathXmlApplicationContext@84da23]: org.springframework.beans.factory.support.DefaultListableBeanFactory@b122a1
2007-12-10 16:45:26,722 INFO  org.springframework.beans.factory.config.PropertyPlaceholderConfigurer : Loading properties file from class path resource [context/c3pr.properties]
2007-12-10 16:45:26,725 INFO  org.springframework.beans.factory.config.PropertyPlaceholderConfigurer : Loading properties file from URL [file:C:/Users/Vinay/.c3pr/c3pr.properties]
2007-12-10 16:45:26,727 WARN  org.springframework.beans.factory.config.PropertyPlaceholderConfigurer : Could not load properties from URL [file:C:/Users/Vinay/.c3pr/c3pr.properties]: C:\Users\Vinay\.c3pr\c3pr.properties (The system cannot find the path specified)
2007-12-10 16:45:26,727 INFO  org.springframework.beans.factory.config.PropertyPlaceholderConfigurer : Loading properties file from URL [file:C:/Tomcat 5.5/conf/c3pr.properties]
2007-12-10 16:45:26,730 WARN  org.springframework.beans.factory.config.PropertyPlaceholderConfigurer : Could not load properties from URL [file:C:/Tomcat 5.5/conf/c3pr.properties]: C:\Tomcat 5.5\conf\c3pr.properties (The system cannot find the file specified)
2007-12-10 16:45:26,787 INFO  org.springframework.context.support.ClassPathXmlApplicationContext : Bean 'org.springframework.aop.config.internalAutoProxyCreator' is not eligible for getting processed by all BeanPostProcessors (for example: not eligible for auto-proxying)
2007-12-10 16:45:26,800 INFO  org.springframework.context.support.ClassPathXmlApplicationContext : Bean 'org.springframework.beans.factory.annotation.RequiredAnnotationBeanPostProcessor' is not eligible for getting processed by all BeanPostProcessors (for example: not eligible for auto-proxying)
2007-12-10 16:45:26,943 INFO  org.springframework.context.support.ClassPathXmlApplicationContext : Bean 'dataSource' is not eligible for getting processed by all BeanPostProcessors (for example: not eligible for auto-proxying)
2007-12-10 16:45:26,961 INFO  org.springframework.context.support.ClassPathXmlApplicationContext : Bean 'org.hibernate.cfg.ImprovedNamingStrategy#1829e6f' is not eligible for getting processed by all BeanPostProcessors (for example: not eligible for auto-proxying)
2007-12-10 16:45:26,982 INFO  org.springframework.context.support.ClassPathXmlApplicationContext : Bean 'gridIdentifierCreator' is not eligible for getting processed by all BeanPostProcessors (for example: not eligible for auto-proxying)
2007-12-10 16:45:26,983 INFO  org.springframework.context.support.ClassPathXmlApplicationContext : Bean 'gridIdentifierInterceptor' is not eligible for getting processed by all BeanPostProcessors (for example: not eligible for auto-proxying)
2007-12-10 16:45:26,988 INFO  org.springframework.context.support.ClassPathXmlApplicationContext : Bean 'chainedInterceptor' is not eligible for getting processed by all BeanPostProcessors (for example: not eligible for auto-proxying)
2007-12-10 16:45:27,011 INFO  org.springframework.context.support.ClassPathXmlApplicationContext : Bean 'hibernateProperties' is not eligible for getting processed by all BeanPostProcessors (for example: not eligible for auto-proxying)
2007-12-10 16:45:27,011 INFO  org.springframework.context.support.ClassPathXmlApplicationContext : Bean 'hibernateProperties' is not eligible for getting processed by all BeanPostProcessors (for example: not eligible for auto-proxying)
2007-12-10 16:45:27,074 INFO  org.hibernate.cfg.annotations.Version : Hibernate Annotations 3.2.0.CR2
2007-12-10 16:45:27,094 INFO  org.hibernate.cfg.Environment : Hibernate 3.2.1
2007-12-10 16:45:27,101 INFO  org.hibernate.cfg.Environment : hibernate.properties not found
2007-12-10 16:45:27,106 INFO  org.hibernate.cfg.Environment : Bytecode provider name : cglib
2007-12-10 16:45:27,113 INFO  org.hibernate.cfg.Environment : using JDK 1.4 java.sql.Timestamp handling
2007-12-10 16:45:27,256 INFO  org.springframework.orm.hibernate3.annotation.AnnotationSessionFactoryBean : Building new Hibernate SessionFactory
2007-12-10 16:45:27,407 INFO  org.hibernate.cfg.AnnotationBinder : Binding entity from annotated class: edu.duke.cabig.c3pr.domain.Study
2007-12-10 16:45:27,462 INFO  org.hibernate.cfg.annotations.EntityBinder : Bind entity edu.duke.cabig.c3pr.domain.Study on table studies
2007-12-10 16:45:27,647 INFO  org.hibernate.cfg.AnnotationBinder : Binding entity from annotated class: edu.duke.cabig.c3pr.domain.Epoch
2007-12-10 16:45:27,649 INFO  org.hibernate.cfg.annotations.EntityBinder : Bind entity edu.duke.cabig.c3pr.domain.Epoch on table epochs
2007-12-10 16:45:27,760 INFO  org.hibernate.cfg.AnnotationBinder : Binding entity from annotated class: edu.duke.cabig.c3pr.domain.NonTreatmentEpoch
2007-12-10 16:45:27,789 INFO  org.hibernate.cfg.AnnotationBinder : Binding entity from annotated class: edu.duke.cabig.c3pr.domain.TreatmentEpoch
2007-12-10 16:45:27,814 INFO  org.hibernate.cfg.AnnotationBinder : Binding entity from annotated class: edu.duke.cabig.c3pr.domain.Arm
2007-12-10 16:45:27,815 INFO  org.hibernate.cfg.annotations.EntityBinder : Bind entity edu.duke.cabig.c3pr.domain.Arm on table arms
2007-12-10 16:45:27,825 INFO  org.hibernate.cfg.AnnotationBinder : Binding entity from annotated class: edu.duke.cabig.c3pr.domain.StudyOrganization
2007-12-10 16:45:27,829 INFO  org.hibernate.cfg.annotations.EntityBinder : Bind entity edu.duke.cabig.c3pr.domain.StudyOrganization on table study_organizations
2007-12-10 16:45:27,843 INFO  org.hibernate.cfg.AnnotationBinder : Binding entity from annotated class: edu.duke.cabig.c3pr.domain.StudySite
2007-12-10 16:45:27,932 INFO  org.hibernate.cfg.AnnotationBinder : Binding entity from annotated class: edu.duke.cabig.c3pr.domain.StudyCoordinatingCenter
2007-12-10 16:45:27,933 INFO  org.hibernate.cfg.AnnotationBinder : Binding entity from annotated class: edu.duke.cabig.c3pr.domain.StudyFundingSponsor
2007-12-10 16:45:27,934 INFO  org.hibernate.cfg.AnnotationBinder : Binding entity from annotated class: edu.duke.cabig.c3pr.domain.HealthcareSite
2007-12-10 16:45:27,935 INFO  org.hibernate.cfg.annotations.EntityBinder : Bind entity edu.duke.cabig.c3pr.domain.HealthcareSite on table organizations
2007-12-10 16:45:27,957 INFO  org.hibernate.cfg.AnnotationBinder : Binding entity from annotated class: edu.duke.cabig.c3pr.domain.Address
2007-12-10 16:45:27,957 INFO  org.hibernate.cfg.annotations.EntityBinder : Bind entity edu.duke.cabig.c3pr.domain.Address on table addresses
2007-12-10 16:45:27,969 INFO  org.hibernate.cfg.AnnotationBinder : Binding entity from annotated class: edu.duke.cabig.c3pr.domain.StudySubject
2007-12-10 16:45:27,969 INFO  org.hibernate.cfg.annotations.EntityBinder : Bind entity edu.duke.cabig.c3pr.domain.StudySubject on table study_subjects
2007-12-10 16:45:28,001 INFO  org.hibernate.cfg.AnnotationBinder : Binding entity from annotated class: edu.duke.cabig.c3pr.domain.StudyInvestigator
2007-12-10 16:45:28,002 INFO  org.hibernate.cfg.annotations.EntityBinder : Bind entity edu.duke.cabig.c3pr.domain.StudyInvestigator on table study_investigators
2007-12-10 16:45:28,012 INFO  org.hibernate.cfg.AnnotationBinder : Binding entity from annotated class: edu.duke.cabig.c3pr.domain.HealthcareSiteInvestigator
2007-12-10 16:45:28,018 INFO  org.hibernate.cfg.annotations.EntityBinder : Bind entity edu.duke.cabig.c3pr.domain.HealthcareSiteInvestigator on table hc_site_investigators
2007-12-10 16:45:28,029 INFO  org.hibernate.cfg.AnnotationBinder : Binding entity from annotated class: edu.duke.cabig.c3pr.domain.StudyPersonnel
2007-12-10 16:45:28,029 INFO  org.hibernate.cfg.annotations.EntityBinder : Bind entity edu.duke.cabig.c3pr.domain.StudyPersonnel on table study_personnel
2007-12-10 16:45:28,056 INFO  org.hibernate.cfg.AnnotationBinder : Binding entity from annotated class: edu.duke.cabig.c3pr.domain.Participant
2007-12-10 16:45:28,057 INFO  org.hibernate.cfg.annotations.EntityBinder : Bind entity edu.duke.cabig.c3pr.domain.Participant on table participants
2007-12-10 16:45:28,078 INFO  org.hibernate.cfg.AnnotationBinder : Binding entity from annotated class: edu.duke.cabig.c3pr.domain.ResearchStaff
2007-12-10 16:45:28,078 INFO  org.hibernate.cfg.annotations.EntityBinder : Bind entity edu.duke.cabig.c3pr.domain.ResearchStaff on table research_staff
2007-12-10 16:45:28,100 INFO  org.hibernate.cfg.AnnotationBinder : Binding entity from annotated class: edu.duke.cabig.c3pr.domain.Investigator
2007-12-10 16:45:28,101 INFO  org.hibernate.cfg.annotations.EntityBinder : Bind entity edu.duke.cabig.c3pr.domain.Investigator on table investigators
2007-12-10 16:45:28,113 INFO  org.hibernate.cfg.AnnotationBinder : Binding entity from annotated class: edu.duke.cabig.c3pr.domain.ScheduledArm
2007-12-10 16:45:28,114 INFO  org.hibernate.cfg.annotations.EntityBinder : Bind entity edu.duke.cabig.c3pr.domain.ScheduledArm on table scheduled_arms
2007-12-10 16:45:28,120 INFO  org.hibernate.cfg.AnnotationBinder : Binding entity from annotated class: edu.duke.cabig.c3pr.domain.Identifier
2007-12-10 16:45:28,120 INFO  org.hibernate.cfg.annotations.EntityBinder : Bind entity edu.duke.cabig.c3pr.domain.Identifier on table identifiers
2007-12-10 16:45:28,125 INFO  org.hibernate.cfg.AnnotationBinder : Binding entity from annotated class: edu.duke.cabig.c3pr.domain.SystemAssignedIdentifier
2007-12-10 16:45:28,127 INFO  org.hibernate.cfg.AnnotationBinder : Binding entity from annotated class: edu.duke.cabig.c3pr.domain.OrganizationAssignedIdentifier
2007-12-10 16:45:28,133 INFO  org.hibernate.cfg.AnnotationBinder : Binding entity from annotated class: edu.duke.cabig.c3pr.domain.EligibilityCriteria
2007-12-10 16:45:28,133 INFO  org.hibernate.cfg.annotations.EntityBinder : Bind entity edu.duke.cabig.c3pr.domain.EligibilityCriteria on table eligibility_criteria
2007-12-10 16:45:28,138 INFO  org.hibernate.cfg.AnnotationBinder : Binding entity from annotated class: edu.duke.cabig.c3pr.domain.SubjectEligibilityAnswer
2007-12-10 16:45:28,138 INFO  org.hibernate.cfg.annotations.EntityBinder : Bind entity edu.duke.cabig.c3pr.domain.SubjectEligibilityAnswer on table subject_eligibility_ans
2007-12-10 16:45:28,144 INFO  org.hibernate.cfg.AnnotationBinder : Binding entity from annotated class: edu.duke.cabig.c3pr.domain.InclusionEligibilityCriteria
2007-12-10 16:45:28,146 INFO  org.hibernate.cfg.AnnotationBinder : Binding entity from annotated class: edu.duke.cabig.c3pr.domain.ExclusionEligibilityCriteria
2007-12-10 16:45:28,146 INFO  org.hibernate.cfg.AnnotationBinder : Binding entity from annotated class: edu.duke.cabig.c3pr.domain.StudyDisease
2007-12-10 16:45:28,147 INFO  org.hibernate.cfg.annotations.EntityBinder : Bind entity edu.duke.cabig.c3pr.domain.StudyDisease on table study_diseases
2007-12-10 16:45:28,160 INFO  org.hibernate.cfg.AnnotationBinder : Binding entity from annotated class: edu.duke.cabig.c3pr.domain.DiseaseCategory
2007-12-10 16:45:28,161 INFO  org.hibernate.cfg.annotations.EntityBinder : Bind entity edu.duke.cabig.c3pr.domain.DiseaseCategory on table disease_categories
2007-12-10 16:45:28,170 INFO  org.hibernate.cfg.AnnotationBinder : Binding entity from annotated class: edu.duke.cabig.c3pr.domain.DiseaseTerm
2007-12-10 16:45:28,171 INFO  org.hibernate.cfg.annotations.EntityBinder : Bind entity edu.duke.cabig.c3pr.domain.DiseaseTerm on table disease_terms
2007-12-10 16:45:28,181 INFO  org.hibernate.cfg.AnnotationBinder : Binding entity from annotated class: edu.duke.cabig.c3pr.domain.StratificationCriterion
2007-12-10 16:45:28,181 INFO  org.hibernate.cfg.annotations.EntityBinder : Bind entity edu.duke.cabig.c3pr.domain.StratificationCriterion on table strat_criteria
2007-12-10 16:45:28,191 INFO  org.hibernate.cfg.AnnotationBinder : Binding entity from annotated class: edu.duke.cabig.c3pr.domain.StratificationCriterionPermissibleAnswer
2007-12-10 16:45:28,191 INFO  org.hibernate.cfg.annotations.EntityBinder : Bind entity edu.duke.cabig.c3pr.domain.StratificationCriterionPermissibleAnswer on table strat_cri_per_ans
2007-12-10 16:45:28,201 INFO  org.hibernate.cfg.AnnotationBinder : Binding entity from annotated class: edu.duke.cabig.c3pr.domain.SubjectStratificationAnswer
2007-12-10 16:45:28,202 INFO  org.hibernate.cfg.annotations.EntityBinder : Bind entity edu.duke.cabig.c3pr.domain.SubjectStratificationAnswer on table subject_strat_ans
2007-12-10 16:45:28,208 INFO  org.hibernate.cfg.AnnotationBinder : Binding entity from annotated class: edu.duke.cabig.c3pr.domain.AnatomicSite
2007-12-10 16:45:28,209 INFO  org.hibernate.cfg.annotations.EntityBinder : Bind entity edu.duke.cabig.c3pr.domain.AnatomicSite on table anatomic_sites
2007-12-10 16:45:28,218 INFO  org.hibernate.cfg.AnnotationBinder : Binding entity from annotated class: edu.duke.cabig.c3pr.domain.DiseaseHistory
2007-12-10 16:45:28,219 INFO  org.hibernate.cfg.annotations.EntityBinder : Bind entity edu.duke.cabig.c3pr.domain.DiseaseHistory on table disease_history
2007-12-10 16:45:28,229 INFO  org.hibernate.cfg.AnnotationBinder : Binding entity from annotated class: edu.duke.cabig.c3pr.domain.ContactMechanism
2007-12-10 16:45:28,231 INFO  org.hibernate.cfg.annotations.EntityBinder : Bind entity edu.duke.cabig.c3pr.domain.ContactMechanism on table contact_mechanisms
2007-12-10 16:45:28,243 INFO  org.hibernate.cfg.AnnotationBinder : Binding entity from annotated class: edu.duke.cabig.c3pr.domain.ScheduledEpoch
2007-12-10 16:45:28,243 INFO  org.hibernate.cfg.annotations.EntityBinder : Bind entity edu.duke.cabig.c3pr.domain.ScheduledEpoch on table scheduled_epochs
2007-12-10 16:45:28,253 INFO  org.hibernate.cfg.AnnotationBinder : Binding entity from annotated class: edu.duke.cabig.c3pr.domain.ScheduledTreatmentEpoch
2007-12-10 16:45:28,265 INFO  org.hibernate.cfg.AnnotationBinder : Binding entity from annotated class: edu.duke.cabig.c3pr.domain.ScheduledNonTreatmentEpoch
2007-12-10 16:45:28,266 INFO  org.hibernate.cfg.AnnotationBinder : Binding entity from annotated class: edu.duke.cabig.c3pr.domain.StratumGroup
2007-12-10 16:45:28,267 INFO  org.hibernate.cfg.annotations.EntityBinder : Bind entity edu.duke.cabig.c3pr.domain.StratumGroup on table stratum_groups
2007-12-10 16:45:28,280 INFO  org.hibernate.cfg.AnnotationBinder : Binding entity from annotated class: edu.duke.cabig.c3pr.domain.BookRandomizationEntry
2007-12-10 16:45:28,281 INFO  org.hibernate.cfg.annotations.EntityBinder : Bind entity edu.duke.cabig.c3pr.domain.BookRandomizationEntry on table book_rndm_entry
2007-12-10 16:45:28,288 INFO  org.hibernate.cfg.AnnotationBinder : Binding entity from annotated class: edu.duke.cabig.c3pr.domain.Randomization
2007-12-10 16:45:28,289 INFO  org.hibernate.cfg.annotations.EntityBinder : Bind entity edu.duke.cabig.c3pr.domain.Randomization on table randomizations
2007-12-10 16:45:28,292 INFO  org.hibernate.cfg.AnnotationBinder : Binding entity from annotated class: edu.duke.cabig.c3pr.domain.BookRandomization
2007-12-10 16:45:28,297 INFO  org.hibernate.cfg.AnnotationBinder : Binding entity from annotated class: edu.duke.cabig.c3pr.domain.CalloutRandomization
2007-12-10 16:45:28,298 INFO  org.hibernate.cfg.AnnotationBinder : Binding entity from annotated class: edu.duke.cabig.c3pr.domain.PhonecallRandomization
2007-12-10 16:45:28,299 INFO  org.hibernate.cfg.AnnotationBinder : Binding entity from annotated class: edu.duke.cabig.c3pr.domain.StratificationCriterionAnswerCombination
2007-12-10 16:45:28,303 INFO  org.hibernate.cfg.annotations.EntityBinder : Bind entity edu.duke.cabig.c3pr.domain.StratificationCriterionAnswerCombination on table strat_cri_ans_cmb
2007-12-10 16:45:28,312 INFO  org.hibernate.cfg.AnnotationBinder : Binding entity from annotated class: edu.duke.cabig.c3pr.domain.StudyAmendment
2007-12-10 16:45:28,313 INFO  org.hibernate.cfg.annotations.EntityBinder : Bind entity edu.duke.cabig.c3pr.domain.StudyAmendment on table study_amendments
2007-12-10 16:45:28,320 INFO  org.hibernate.cfg.AnnotationBinder : Binding entity from annotated class: edu.duke.cabig.c3pr.domain.Notification
2007-12-10 16:45:28,320 INFO  org.hibernate.cfg.annotations.EntityBinder : Bind entity edu.duke.cabig.c3pr.domain.Notification on table notifications
2007-12-10 16:45:28,331 INFO  org.hibernate.cfg.AnnotationBinder : Binding entity from annotated class: edu.duke.cabig.c3pr.domain.Recepient
2007-12-10 16:45:28,331 INFO  org.hibernate.cfg.annotations.EntityBinder : Bind entity edu.duke.cabig.c3pr.domain.Recepient on table recepients
2007-12-10 16:45:28,338 INFO  org.hibernate.cfg.AnnotationBinder : Binding entity from annotated class: edu.duke.cabig.c3pr.domain.EmailBasedRecepient
2007-12-10 16:45:28,340 INFO  org.hibernate.cfg.AnnotationBinder : Binding entity from annotated class: edu.duke.cabig.c3pr.domain.RoleBasedRecepient
2007-12-10 16:45:28,365 INFO  org.hibernate.cfg.annotations.CollectionBinder : Mapping collection: edu.duke.cabig.c3pr.domain.Notification.roleBasedRecepientInternal -> recepients
2007-12-10 16:45:28,367 INFO  org.hibernate.cfg.annotations.CollectionBinder : Mapping collection: edu.duke.cabig.c3pr.domain.Notification.emailBasedRecepientInternal -> recepients
2007-12-10 16:45:28,368 INFO  org.hibernate.cfg.annotations.CollectionBinder : Mapping collection: edu.duke.cabig.c3pr.domain.BookRandomization.bookRandomizationEntryInternal -> book_rndm_entry
2007-12-10 16:45:28,370 INFO  org.hibernate.cfg.annotations.CollectionBinder : Mapping collection: edu.duke.cabig.c3pr.domain.StratumGroup.stratificationCriterionAnswerCombinationInternal -> strat_cri_ans_cmb
2007-12-10 16:45:28,373 INFO  org.hibernate.cfg.annotations.CollectionBinder : Mapping collection: edu.duke.cabig.c3pr.domain.ScheduledTreatmentEpoch.scheduledArmsInternal -> scheduled_arms
2007-12-10 16:45:28,374 INFO  org.hibernate.cfg.annotations.CollectionBinder : Mapping collection: edu.duke.cabig.c3pr.domain.ScheduledTreatmentEpoch.subjectStratificationAnswersInternal -> subject_strat_ans
2007-12-10 16:45:28,374 INFO  org.hibernate.cfg.annotations.CollectionBinder : Mapping collection: edu.duke.cabig.c3pr.domain.ScheduledTreatmentEpoch.subjectEligibilityAnswersInternal -> subject_eligibility_ans
2007-12-10 16:45:28,382 INFO  org.hibernate.cfg.annotations.CollectionBinder : Mapping collection: edu.duke.cabig.c3pr.domain.StratificationCriterion.permissibleAnswersInternal -> strat_cri_per_ans
2007-12-10 16:45:28,383 INFO  org.hibernate.cfg.annotations.CollectionBinder : Mapping collection: edu.duke.cabig.c3pr.domain.Investigator.contactMechanisms -> contact_mechanisms
2007-12-10 16:45:28,383 INFO  org.hibernate.cfg.annotations.CollectionBinder : Mapping collection: edu.duke.cabig.c3pr.domain.ResearchStaff.contactMechanisms -> contact_mechanisms
2007-12-10 16:45:28,398 INFO  org.hibernate.cfg.annotations.CollectionBinder : Mapping collection: edu.duke.cabig.c3pr.domain.Participant.contactMechanisms -> contact_mechanisms
2007-12-10 16:45:28,398 INFO  org.hibernate.cfg.annotations.CollectionBinder : Mapping collection: edu.duke.cabig.c3pr.domain.Participant.identifiers -> identifiers
2007-12-10 16:45:28,399 INFO  org.hibernate.cfg.annotations.CollectionBinder : Mapping collection: edu.duke.cabig.c3pr.domain.StudySubject.identifiers -> identifiers
2007-12-10 16:45:28,399 INFO  org.hibernate.cfg.annotations.CollectionBinder : Mapping collection: edu.duke.cabig.c3pr.domain.StudySubject.scheduledEpochs -> scheduled_epochs
2007-12-10 16:45:28,409 INFO  org.hibernate.cfg.annotations.CollectionBinder : Mapping collection: edu.duke.cabig.c3pr.domain.TreatmentEpoch.stratumGroupsInternal -> stratum_groups
2007-12-10 16:45:28,410 INFO  org.hibernate.cfg.annotations.CollectionBinder : Mapping collection: edu.duke.cabig.c3pr.domain.TreatmentEpoch.inclusionEligibilityCriteriaInternal -> eligibility_criteria
2007-12-10 16:45:28,410 INFO  org.hibernate.cfg.annotations.CollectionBinder : Mapping collection: edu.duke.cabig.c3pr.domain.TreatmentEpoch.stratificationCriteriaInternal -> strat_criteria
2007-12-10 16:45:28,424 INFO  org.hibernate.cfg.annotations.CollectionBinder : Mapping collection: edu.duke.cabig.c3pr.domain.TreatmentEpoch.exclusionEligibilityCriteriaInternal -> eligibility_criteria
2007-12-10 16:45:28,425 INFO  org.hibernate.cfg.annotations.CollectionBinder : Mapping collection: edu.duke.cabig.c3pr.domain.TreatmentEpoch.eligibilityCriteriaInternal -> eligibility_criteria
2007-12-10 16:45:28,425 INFO  org.hibernate.cfg.annotations.CollectionBinder : Mapping collection: edu.duke.cabig.c3pr.domain.TreatmentEpoch.armsInternal -> arms
2007-12-10 16:45:28,437 INFO  org.hibernate.cfg.annotations.CollectionBinder : Mapping collection: edu.duke.cabig.c3pr.domain.Study.notificationsInternal -> notifications
2007-12-10 16:45:28,438 INFO  org.hibernate.cfg.annotations.CollectionBinder : Mapping collection: edu.duke.cabig.c3pr.domain.Study.studyAmendmentsInternal -> study_amendments
2007-12-10 16:45:28,438 INFO  org.hibernate.cfg.annotations.CollectionBinder : Mapping collection: edu.duke.cabig.c3pr.domain.Study.identifiers -> identifiers
2007-12-10 16:45:28,438 INFO  org.hibernate.cfg.annotations.CollectionBinder : Mapping collection: edu.duke.cabig.c3pr.domain.Study.epochs -> epochs
2007-12-10 16:45:28,450 INFO  org.hibernate.cfg.annotations.CollectionBinder : Mapping collection: edu.duke.cabig.c3pr.domain.Study.studyOrganizations -> study_organizations
2007-12-10 16:45:28,450 INFO  org.hibernate.cfg.annotations.CollectionBinder : Mapping collection: edu.duke.cabig.c3pr.domain.Study.studyDiseases -> study_diseases
2007-12-10 16:45:28,451 INFO  org.hibernate.cfg.annotations.CollectionBinder : Mapping collection: edu.duke.cabig.c3pr.domain.StudyOrganization.studyInvestigatorsInternal -> study_investigators
2007-12-10 16:45:28,467 INFO  org.hibernate.cfg.annotations.CollectionBinder : Mapping collection: edu.duke.cabig.c3pr.domain.StudyOrganization.studyPersonnelInternal -> study_personnel
2007-12-10 16:45:28,467 INFO  org.hibernate.cfg.annotations.CollectionBinder : Mapping collection: edu.duke.cabig.c3pr.domain.StudySite.studySubjects -> study_subjects
2007-12-10 16:45:28,468 INFO  org.hibernate.cfg.annotations.CollectionBinder : Mapping collection: edu.duke.cabig.c3pr.domain.HealthcareSite.studyOrganizations -> study_organizations
2007-12-10 16:45:28,476 INFO  org.hibernate.cfg.annotations.CollectionBinder : Mapping collection: edu.duke.cabig.c3pr.domain.HealthcareSite.identifiers -> identifiers
2007-12-10 16:45:28,477 INFO  org.hibernate.cfg.annotations.CollectionBinder : Mapping collection: edu.duke.cabig.c3pr.domain.HealthcareSite.healthcareSiteInvestigators -> hc_site_investigators
2007-12-10 16:45:28,477 INFO  org.hibernate.cfg.annotations.CollectionBinder : Mapping collection: edu.duke.cabig.c3pr.domain.HealthcareSite.researchStaffs -> research_staff
2007-12-10 16:45:28,489 INFO  org.hibernate.cfg.annotations.CollectionBinder : Mapping collection: edu.duke.cabig.c3pr.domain.HealthcareSiteInvestigator.studyInvestigators -> study_investigators
2007-12-10 16:45:28,490 INFO  org.hibernate.cfg.annotations.CollectionBinder : Mapping collection: edu.duke.cabig.c3pr.domain.Participant.studySubjects -> study_subjects
2007-12-10 16:45:28,490 INFO  org.hibernate.cfg.annotations.CollectionBinder : Mapping collection: edu.duke.cabig.c3pr.domain.ResearchStaff.studyPersonnels -> study_personnel
2007-12-10 16:45:28,504 INFO  org.hibernate.cfg.annotations.CollectionBinder : Mapping collection: edu.duke.cabig.c3pr.domain.Investigator.healthcareSiteInvestigatorsInternal -> hc_site_investigators
2007-12-10 16:45:28,504 INFO  org.hibernate.cfg.annotations.CollectionBinder : Mapping collection: edu.duke.cabig.c3pr.domain.DiseaseCategory.terms -> disease_terms
2007-12-10 16:45:28,504 INFO  org.hibernate.cfg.annotations.CollectionBinder : Mapping collection: edu.duke.cabig.c3pr.domain.DiseaseCategory.childCategories -> disease_categories
2007-12-10 16:45:28,517 INFO  org.hibernate.cfg.annotations.CollectionBinder : Mapping collection: edu.duke.cabig.c3pr.domain.StratumGroup.bookRandomizationEntryInternal -> book_rndm_entry
2007-12-10 16:45:28,872 INFO  org.hibernate.connection.ConnectionProviderFactory : Initializing connection provider: org.springframework.orm.hibernate3.LocalDataSourceConnectionProvider
AbandonedObjectPool is used (org.apache.commons.dbcp.AbandonedObjectPool@2d0479)
   LogAbandoned: true
   RemoveAbandoned: true
   RemoveAbandonedTimeout: 300
2007-12-10 16:45:29,134 INFO  org.hibernate.cfg.SettingsFactory : RDBMS: PostgreSQL, version: 8.2.4
2007-12-10 16:45:29,136 INFO  org.hibernate.cfg.SettingsFactory : JDBC driver: PostgreSQL Native Driver, version: PostgreSQL 8.1 JDBC3 with SSL (build 407)
2007-12-10 16:45:29,166 INFO  org.hibernate.dialect.Dialect : Using dialect: org.hibernate.dialect.PostgreSQLDialect
2007-12-10 16:45:29,177 INFO  org.hibernate.transaction.TransactionFactoryFactory : Using default transaction strategy (direct JDBC transactions)
2007-12-10 16:45:29,183 INFO  org.hibernate.transaction.TransactionManagerLookupFactory : No TransactionManagerLookup configured (in JTA environment, use of read-write or transactional second-level cache is not recommended)
2007-12-10 16:45:29,183 INFO  org.hibernate.cfg.SettingsFactory : Automatic flush during beforeCompletion(): disabled
2007-12-10 16:45:29,184 INFO  org.hibernate.cfg.SettingsFactory : Automatic session close at end of transaction: disabled
2007-12-10 16:45:29,184 INFO  org.hibernate.cfg.SettingsFactory : JDBC batch size: 30
2007-12-10 16:45:29,184 INFO  org.hibernate.cfg.SettingsFactory : JDBC batch updates for versioned data: disabled
2007-12-10 16:45:29,186 INFO  org.hibernate.cfg.SettingsFactory : Scrollable result sets: enabled
2007-12-10 16:45:29,188 INFO  org.hibernate.cfg.SettingsFactory : JDBC3 getGeneratedKeys(): disabled
2007-12-10 16:45:29,188 INFO  org.hibernate.cfg.SettingsFactory : Connection release mode: on_close
2007-12-10 16:45:29,188 INFO  org.hibernate.cfg.SettingsFactory : Default batch fetch size: 1
2007-12-10 16:45:29,188 INFO  org.hibernate.cfg.SettingsFactory : Generate SQL with comments: disabled
2007-12-10 16:45:29,188 INFO  org.hibernate.cfg.SettingsFactory : Order SQL updates by primary key: disabled
2007-12-10 16:45:29,188 INFO  org.hibernate.cfg.SettingsFactory : Query translator: org.hibernate.hql.ast.ASTQueryTranslatorFactory
2007-12-10 16:45:29,206 INFO  org.hibernate.hql.ast.ASTQueryTranslatorFactory : Using ASTQueryTranslatorFactory
2007-12-10 16:45:29,206 INFO  org.hibernate.cfg.SettingsFactory : Query language substitutions: {no='N', true=1, yes='Y', false=0}
2007-12-10 16:45:29,206 INFO  org.hibernate.cfg.SettingsFactory : JPA-QL strict compliance: disabled
2007-12-10 16:45:29,207 INFO  org.hibernate.cfg.SettingsFactory : Second-level cache: enabled
2007-12-10 16:45:29,207 INFO  org.hibernate.cfg.SettingsFactory : Query cache: disabled
2007-12-10 16:45:29,220 INFO  org.hibernate.cfg.SettingsFactory : Cache provider: org.hibernate.cache.NoCacheProvider
2007-12-10 16:45:29,220 INFO  org.hibernate.cfg.SettingsFactory : Optimize cache for minimal puts: disabled
2007-12-10 16:45:29,220 INFO  org.hibernate.cfg.SettingsFactory : Structured second-level cache entries: disabled
2007-12-10 16:45:29,233 INFO  org.hibernate.cfg.SettingsFactory : Statistics: disabled
2007-12-10 16:45:29,234 INFO  org.hibernate.cfg.SettingsFactory : Deleted entity synthetic identifier rollback: disabled
2007-12-10 16:45:29,239 INFO  org.hibernate.cfg.SettingsFactory : Default entity-mode: pojo
2007-12-10 16:45:29,297 INFO  org.hibernate.impl.SessionFactoryImpl : building session factory
2007-12-10 16:45:30,769 INFO  org.hibernate.impl.SessionFactoryObjectFactory : Not binding factory to JNDI, no JNDI name configured
2007-12-10 16:45:30,805 INFO  org.springframework.context.support.ClassPathXmlApplicationContext : Bean 'sessionFactory' is not eligible for getting processed by all BeanPostProcessors (for example: not eligible for auto-proxying)
2007-12-10 16:45:30,811 INFO  org.springframework.context.support.ClassPathXmlApplicationContext : Bean 'sessionFactory' is not eligible for getting processed by all BeanPostProcessors (for example: not eligible for auto-proxying)
2007-12-10 16:45:30,832 INFO  org.springframework.orm.hibernate3.HibernateTransactionManager : Using DataSource [org.apache.commons.dbcp.BasicDataSource@dab859] of Hibernate SessionFactory for HibernateTransactionManager
2007-12-10 16:45:30,832 INFO  org.springframework.context.support.ClassPathXmlApplicationContext : Bean 'transactionManager' is not eligible for getting processed by all BeanPostProcessors (for example: not eligible for auto-proxying)
2007-12-10 16:45:30,843 INFO  org.springframework.context.support.ClassPathXmlApplicationContext : Bean '(inner bean)' is not eligible for getting processed by all BeanPostProcessors (for example: not eligible for auto-proxying)
2007-12-10 16:45:30,844 INFO  org.springframework.context.support.ClassPathXmlApplicationContext : Bean '(inner bean)' is not eligible for getting processed by all BeanPostProcessors (for example: not eligible for auto-proxying)
2007-12-10 16:45:30,845 INFO  org.springframework.context.support.ClassPathXmlApplicationContext : Bean 'org.springframework.transaction.interceptor.TransactionAttributeSourceAdvisor' is not eligible for getting processed by all BeanPostProcessors (for example: not eligible for auto-proxying)
2007-12-10 16:45:30,878 INFO  org.springframework.beans.factory.support.DefaultListableBeanFactory : Pre-instantiating singletons in org.springframework.beans.factory.support.DefaultListableBeanFactory@b122a1: defining beans [c3pr-xml-castorMapping,ccts-study-castorMapping,ccts-registration-castorMapping,transactionManager,org.springframework.transaction.aspectj.AnnotationTransactionAspect,c3prPropertyConfigurer,org.springframework.beans.factory.annotation.RequiredAnnotationBeanPostProcessor,sessionFactory,auditOpenSessionInViewInterceptor,auditSessionFactory,chainedInterceptor,auditInterceptor,dataAuditRepository,gridIdentifierInterceptor,hibernateTemplate,daoTemplate,openSessionInViewInterceptor,gridIdentifierCreator,studyValidator,studySiteValidator,epochValidator,armValidator,identifierValidator,participantValidator,org.springframework.aop.config.internalAutoProxyCreator,org.springframework.transaction.interceptor.TransactionAttributeSourceAdvisor,studyDao,studySubjectDao,studySiteDao,epochDao,scheduledEpochDao,armDao,participantDao,healthcareSiteDao,healthcareSiteInvestigatorDao,studyPersonnelDao,researchStaffDao,investigatorDao,diseaseCategoryDao,diseaseTermDao,studyInvestigatorDao,StratificationCriterionDao,anatomicSiteDao,organizationDao,stratificationAnswerDao,stratumGroupDao,cctsWorkflowService,studyService,participantService,studySubjectService,studyXMLImporterService,studySubjectXMLImporterService,personnelService,organizationService,sitePrivilegeAndObjectIdGenerator,mailSender,confirmationEmailer,notificationEmailer,accountCreatedTemplateMessage,xmlUtility,xmlParser,c3prErrorMessages,multsiteErrorMessageSource,exceptionHelper,dataSourceTemplate,dataSource,hibernateProperties,auditHibernateProperties,csmApplicationContextName,ACCESS_PRIVILEGE,authorizationSwitch,booleanFromString,csmAuthorizationDao,csmUserProvisioningManager,csmAuthenticationManager,messageTypesMapping,c3dPatientPositionResponseHandler,caXchangeMessageResponseHandlerSet,cctsMessageWorkflowCallbackFactory,messageBroadcaster]; root of factory hierarchy
2007-12-10 16:45:31,008 INFO  org.springframework.orm.hibernate3.annotation.AnnotationSessionFactoryBean : Building new Hibernate SessionFactory
2007-12-10 16:45:31,009 INFO  org.hibernate.cfg.AnnotationBinder : Binding entity from annotated class: gov.nih.nci.cabig.ctms.audit.domain.DataAuditEventValue
2007-12-10 16:45:31,010 INFO  org.hibernate.cfg.annotations.EntityBinder : Bind entity gov.nih.nci.cabig.ctms.audit.domain.DataAuditEventValue on table audit_event_values
2007-12-10 16:45:31,015 INFO  org.hibernate.cfg.AnnotationBinder : Binding entity from annotated class: gov.nih.nci.cabig.ctms.audit.domain.DataAuditEvent
2007-12-10 16:45:31,016 INFO  org.hibernate.cfg.annotations.EntityBinder : Bind entity gov.nih.nci.cabig.ctms.audit.domain.DataAuditEvent on table audit_events
2007-12-10 16:45:31,043 INFO  org.hibernate.cfg.annotations.CollectionBinder : Mapping collection: gov.nih.nci.cabig.ctms.audit.domain.DataAuditEvent.values -> audit_event_values
2007-12-10 16:45:31,074 INFO  org.hibernate.connection.ConnectionProviderFactory : Initializing connection provider: org.springframework.orm.hibernate3.LocalDataSourceConnectionProvider
2007-12-10 16:45:31,076 INFO  org.hibernate.cfg.SettingsFactory : RDBMS: PostgreSQL, version: 8.2.4
2007-12-10 16:45:31,076 INFO  org.hibernate.cfg.SettingsFactory : JDBC driver: PostgreSQL Native Driver, version: PostgreSQL 8.1 JDBC3 with SSL (build 407)
2007-12-10 16:45:31,078 INFO  org.hibernate.dialect.Dialect : Using dialect: edu.duke.cabig.c3pr.hibernate.ImprovedPostgreSQLDialect
2007-12-10 16:45:31,079 INFO  org.hibernate.transaction.TransactionFactoryFactory : Using default transaction strategy (direct JDBC transactions)
2007-12-10 16:45:31,081 INFO  org.hibernate.transaction.TransactionManagerLookupFactory : No TransactionManagerLookup configured (in JTA environment, use of read-write or transactional second-level cache is not recommended)
2007-12-10 16:45:31,081 INFO  org.hibernate.cfg.SettingsFactory : Automatic flush during beforeCompletion(): disabled
2007-12-10 16:45:31,081 INFO  org.hibernate.cfg.SettingsFactory : Automatic session close at end of transaction: disabled
2007-12-10 16:45:31,081 INFO  org.hibernate.cfg.SettingsFactory : JDBC batch size: 30
2007-12-10 16:45:31,090 INFO  org.hibernate.cfg.SettingsFactory : JDBC batch updates for versioned data: disabled
2007-12-10 16:45:31,090 INFO  org.hibernate.cfg.SettingsFactory : Scrollable result sets: enabled
2007-12-10 16:45:31,090 INFO  org.hibernate.cfg.SettingsFactory : JDBC3 getGeneratedKeys(): disabled
2007-12-10 16:45:31,090 INFO  org.hibernate.cfg.SettingsFactory : Connection release mode: on_close
2007-12-10 16:45:31,090 INFO  org.hibernate.cfg.SettingsFactory : Default batch fetch size: 1
2007-12-10 16:45:31,091 INFO  org.hibernate.cfg.SettingsFactory : Generate SQL with comments: disabled
2007-12-10 16:45:31,101 INFO  org.hibernate.cfg.SettingsFactory : Order SQL updates by primary key: disabled
2007-12-10 16:45:31,101 INFO  org.hibernate.cfg.SettingsFactory : Query translator: org.hibernate.hql.ast.ASTQueryTranslatorFactory
2007-12-10 16:45:31,101 INFO  org.hibernate.hql.ast.ASTQueryTranslatorFactory : Using ASTQueryTranslatorFactory
2007-12-10 16:45:31,101 INFO  org.hibernate.cfg.SettingsFactory : Query language substitutions: {no='N', true=1, yes='Y', false=0}
2007-12-10 16:45:31,101 INFO  org.hibernate.cfg.SettingsFactory : JPA-QL strict compliance: disabled
2007-12-10 16:45:31,117 INFO  org.hibernate.cfg.SettingsFactory : Second-level cache: enabled
2007-12-10 16:45:31,117 INFO  org.hibernate.cfg.SettingsFactory : Query cache: disabled
2007-12-10 16:45:31,117 INFO  org.hibernate.cfg.SettingsFactory : Cache provider: org.hibernate.cache.NoCacheProvider
2007-12-10 16:45:31,117 INFO  org.hibernate.cfg.SettingsFactory : Optimize cache for minimal puts: disabled
2007-12-10 16:45:31,118 INFO  org.hibernate.cfg.SettingsFactory : Structured second-level cache entries: disabled
2007-12-10 16:45:31,131 INFO  org.hibernate.cfg.SettingsFactory : Statistics: disabled
2007-12-10 16:45:31,131 INFO  org.hibernate.cfg.SettingsFactory : Deleted entity synthetic identifier rollback: disabled
2007-12-10 16:45:31,131 INFO  org.hibernate.cfg.SettingsFactory : Default entity-mode: pojo
2007-12-10 16:45:31,146 INFO  org.hibernate.impl.SessionFactoryImpl : building session factory
2007-12-10 16:45:31,181 INFO  org.hibernate.impl.SessionFactoryObjectFactory : Not binding factory to JNDI, no JNDI name configured
2007-12-10 16:45:31,531 WARN  org.springframework.aop.framework.Cglib2AopProxy : Unable to proxy method [public final void org.springframework.orm.hibernate3.support.HibernateDaoSupport.setSessionFactory(org.hibernate.SessionFactory)] because it is final: All calls to this method via a proxy will be routed directly to the proxy.
2007-12-10 16:45:31,531 WARN  org.springframework.aop.framework.Cglib2AopProxy : Unable to proxy method [public final org.hibernate.SessionFactory org.springframework.orm.hibernate3.support.HibernateDaoSupport.getSessionFactory()] because it is final: All calls to this method via a proxy will be routed directly to the proxy.
2007-12-10 16:45:31,532 WARN  org.springframework.aop.framework.Cglib2AopProxy : Unable to proxy method [public final org.springframework.orm.hibernate3.HibernateTemplate org.springframework.orm.hibernate3.support.HibernateDaoSupport.getHibernateTemplate()] because it is final: All calls to this method via a proxy will be routed directly to the proxy.
2007-12-10 16:45:31,532 WARN  org.springframework.aop.framework.Cglib2AopProxy : Unable to proxy method [public final void org.springframework.orm.hibernate3.support.HibernateDaoSupport.setHibernateTemplate(org.springframework.orm.hibernate3.HibernateTemplate)] because it is final: All calls to this method via a proxy will be routed directly to the proxy.
2007-12-10 16:45:31,539 WARN  org.springframework.aop.framework.Cglib2AopProxy : Unable to proxy method [public final void org.springframework.dao.support.DaoSupport.afterPropertiesSet() throws java.lang.IllegalArgumentException,org.springframework.beans.factory.BeanInitializationException] because it is final: All calls to this method via a proxy will be routed directly to the proxy.
2007-12-10 16:45:32,390 INFO  org.hibernate.cfg.HbmBinder : Mapping class: gov.nih.nci.security.authorization.domainobjects.Privilege -> CSM_PRIVILEGE
2007-12-10 16:45:32,446 INFO  org.hibernate.cfg.HbmBinder : Mapping class: gov.nih.nci.security.authorization.domainobjects.Application -> CSM_APPLICATION
2007-12-10 16:45:32,487 INFO  org.hibernate.cfg.HbmBinder : Mapping class: gov.nih.nci.security.authorization.domainobjects.Role -> CSM_ROLE
2007-12-10 16:45:32,488 INFO  org.hibernate.cfg.HbmBinder : Mapping collection: gov.nih.nci.security.authorization.domainobjects.Role.privileges -> CSM_ROLE_PRIVILEGE
2007-12-10 16:45:32,516 INFO  org.hibernate.cfg.HbmBinder : Mapping class: gov.nih.nci.security.dao.hibernate.RolePrivilege -> CSM_ROLE_PRIVILEGE
2007-12-10 16:45:32,539 INFO  org.hibernate.cfg.HbmBinder : Mapping class: gov.nih.nci.security.dao.hibernate.UserGroup -> CSM_USER_GROUP
2007-12-10 16:45:32,557 INFO  org.hibernate.cfg.HbmBinder : Mapping class: gov.nih.nci.security.dao.hibernate.ProtectionGroupProtectionElement -> CSM_PG_PE
2007-12-10 16:45:32,577 INFO  org.hibernate.cfg.HbmBinder : Mapping class: gov.nih.nci.security.authorization.domainobjects.Group -> CSM_GROUP
2007-12-10 16:45:32,577 INFO  org.hibernate.cfg.HbmBinder : Mapping collection: gov.nih.nci.security.authorization.domainobjects.Group.users -> CSM_USER_GROUP
2007-12-10 16:45:32,606 INFO  org.hibernate.cfg.HbmBinder : Mapping class: gov.nih.nci.security.authorization.domainobjects.User -> CSM_USER
2007-12-10 16:45:32,608 INFO  org.hibernate.cfg.HbmBinder : Mapping collection: gov.nih.nci.security.authorization.domainobjects.User.groups -> CSM_USER_GROUP
2007-12-10 16:45:32,628 INFO  org.hibernate.cfg.HbmBinder : Mapping class: gov.nih.nci.security.authorization.domainobjects.ProtectionGroup -> CSM_PROTECTION_GROUP
2007-12-10 16:45:32,629 INFO  org.hibernate.cfg.HbmBinder : Mapping collection: gov.nih.nci.security.authorization.domainobjects.ProtectionGroup.protectionElements -> CSM_PG_PE
2007-12-10 16:45:32,654 INFO  org.hibernate.cfg.HbmBinder : Mapping class: gov.nih.nci.security.authorization.domainobjects.ProtectionElement -> CSM_PROTECTION_ELEMENT
2007-12-10 16:45:32,655 INFO  org.hibernate.cfg.HbmBinder : Mapping collection: gov.nih.nci.security.authorization.domainobjects.ProtectionElement.protectionGroups -> CSM_PG_PE
2007-12-10 16:45:32,656 INFO  org.hibernate.cfg.HbmBinder : Mapping collection: gov.nih.nci.security.authorization.domainobjects.ProtectionElement.owners -> CSM_USER_PE
2007-12-10 16:45:32,676 INFO  org.hibernate.cfg.HbmBinder : Mapping class: gov.nih.nci.security.authorization.domainobjects.UserGroupRoleProtectionGroup -> CSM_USER_GROUP_ROLE_PG
2007-12-10 16:45:32,691 INFO  org.hibernate.cfg.HbmBinder : Mapping class: gov.nih.nci.security.authorization.domainobjects.UserProtectionElement -> CSM_USER_PE
2007-12-10 16:45:32,692 INFO  org.springframework.orm.hibernate3.LocalSessionFactoryBean : Building new Hibernate SessionFactory
2007-12-10 16:45:32,696 INFO  org.hibernate.connection.ConnectionProviderFactory : Initializing connection provider: org.springframework.orm.hibernate3.LocalDataSourceConnectionProvider
2007-12-10 16:45:32,697 INFO  org.hibernate.cfg.SettingsFactory : RDBMS: PostgreSQL, version: 8.2.4
2007-12-10 16:45:32,697 INFO  org.hibernate.cfg.SettingsFactory : JDBC driver: PostgreSQL Native Driver, version: PostgreSQL 8.1 JDBC3 with SSL (build 407)
2007-12-10 16:45:32,697 INFO  org.hibernate.dialect.Dialect : Using dialect: org.hibernate.dialect.PostgreSQLDialect
2007-12-10 16:45:32,703 INFO  org.hibernate.transaction.TransactionFactoryFactory : Using default transaction strategy (direct JDBC transactions)
2007-12-10 16:45:32,703 INFO  org.hibernate.transaction.TransactionManagerLookupFactory : No TransactionManagerLookup configured (in JTA environment, use of read-write or transactional second-level cache is not recommended)
2007-12-10 16:45:32,703 INFO  org.hibernate.cfg.SettingsFactory : Automatic flush during beforeCompletion(): disabled
2007-12-10 16:45:32,703 INFO  org.hibernate.cfg.SettingsFactory : Automatic session close at end of transaction: disabled
2007-12-10 16:45:32,710 INFO  org.hibernate.cfg.SettingsFactory : JDBC batch size: 30
2007-12-10 16:45:32,710 INFO  org.hibernate.cfg.SettingsFactory : JDBC batch updates for versioned data: disabled
2007-12-10 16:45:32,710 INFO  org.hibernate.cfg.SettingsFactory : Scrollable result sets: enabled
2007-12-10 16:45:32,710 INFO  org.hibernate.cfg.SettingsFactory : JDBC3 getGeneratedKeys(): disabled
2007-12-10 16:45:32,710 INFO  org.hibernate.cfg.SettingsFactory : Connection release mode: on_close
2007-12-10 16:45:32,710 INFO  org.hibernate.cfg.SettingsFactory : Default batch fetch size: 1
2007-12-10 16:45:32,723 INFO  org.hibernate.cfg.SettingsFactory : Generate SQL with comments: disabled
2007-12-10 16:45:32,730 INFO  org.hibernate.cfg.SettingsFactory : Order SQL updates by primary key: disabled
2007-12-10 16:45:32,730 INFO  org.hibernate.cfg.SettingsFactory : Query translator: org.hibernate.hql.ast.ASTQueryTranslatorFactory
2007-12-10 16:45:32,730 INFO  org.hibernate.hql.ast.ASTQueryTranslatorFactory : Using ASTQueryTranslatorFactory
2007-12-10 16:45:32,731 INFO  org.hibernate.cfg.SettingsFactory : Query language substitutions: {no='N', true=1, yes='Y', false=0}
2007-12-10 16:45:32,743 INFO  org.hibernate.cfg.SettingsFactory : JPA-QL strict compliance: disabled
2007-12-10 16:45:32,743 INFO  org.hibernate.cfg.SettingsFactory : Second-level cache: enabled
2007-12-10 16:45:32,743 INFO  org.hibernate.cfg.SettingsFactory : Query cache: disabled
2007-12-10 16:45:32,743 INFO  org.hibernate.cfg.SettingsFactory : Cache provider: org.hibernate.cache.NoCacheProvider
2007-12-10 16:45:32,743 INFO  org.hibernate.cfg.SettingsFactory : Optimize cache for minimal puts: disabled
2007-12-10 16:45:32,761 INFO  org.hibernate.cfg.SettingsFactory : Structured second-level cache entries: disabled
2007-12-10 16:45:32,761 INFO  org.hibernate.cfg.SettingsFactory : Statistics: disabled
2007-12-10 16:45:32,761 INFO  org.hibernate.cfg.SettingsFactory : Deleted entity synthetic identifier rollback: disabled
2007-12-10 16:45:32,761 INFO  org.hibernate.cfg.SettingsFactory : Default entity-mode: pojo
2007-12-10 16:45:32,767 INFO  org.hibernate.impl.SessionFactoryImpl : building session factory
2007-12-10 16:45:33,032 INFO  org.hibernate.impl.SessionFactoryObjectFactory : Not binding factory to JNDI, no JNDI name configured
2007-12-10 16:45:34,562 INFO  edu.duke.cabig.c3pr.service.StudySubjectXMLImporterServiceTestCase : -- beginning DaoTestCase interceptor session --
2007-12-10 16:45:34,616 INFO  edu.duke.cabig.c3pr.service.StudySubjectXMLImporterServiceTestCase : --    ending DaoTestCase interceptor session --
2007-12-10 16:45:34,715 INFO  edu.duke.cabig.c3pr.service.StudySubjectXMLImporterServiceTestCase : -- interrupted DaoTestCase session --
2007-12-10 16:45:34,715 INFO  edu.duke.cabig.c3pr.service.StudySubjectXMLImporterServiceTestCase : -- beginning DaoTestCase interceptor session --
2007-12-10 16:45:34,730 INFO  edu.duke.cabig.c3pr.service.StudySubjectXMLImporterServiceTestCase : --    ending DaoTestCase interceptor session --
2007-12-10 16:45:34,748 INFO  edu.duke.cabig.c3pr.service.StudySubjectXMLImporterServiceTestCase : -- interrupted DaoTestCase session --
2007-12-10 16:45:34,748 INFO  edu.duke.cabig.c3pr.service.StudySubjectXMLImporterServiceTestCase : -- beginning DaoTestCase interceptor session --
2007-12-10 16:45:34,925 INFO  edu.duke.cabig.c3pr.service.StudySubjectXMLImporterServiceTestCase : --    ending DaoTestCase interceptor session --
2007-12-10 16:45:34,953 INFO  edu.duke.cabig.c3pr.service.StudySubjectXMLImporterServiceTestCase : -- interrupted DaoTestCase session --
2007-12-10 16:45:34,953 INFO  edu.duke.cabig.c3pr.service.StudySubjectXMLImporterServiceTestCase : -- beginning DaoTestCase interceptor session --
Inside getMapping

2007-12-10 16:45:35,601 WARN  edu.duke.cabig.c3pr.xml.StratumGroupFieldHandler : edu.duke.cabig.c3pr.exception.C3PRBaseException: No startum group found. Maybe the answer combination does not have a valid startum group
2007-12-10 16:45:35,661 WARN  edu.duke.cabig.c3pr.service.StudySubjectService : Participant with the same MRN found in the database
2007-12-10 16:45:35,790 INFO  edu.duke.cabig.c3pr.service.StudySubjectXMLImporterServiceTestCase : --    ending DaoTestCase interceptor session --
2007-12-10 16:45:35,831 INFO  edu.duke.cabig.c3pr.service.StudySubjectXMLImporterServiceTestCase : -- interrupted DaoTestCase session --
2007-12-10 16:45:35,831 INFO  edu.duke.cabig.c3pr.service.StudySubjectXMLImporterServiceTestCase : -- beginning DaoTestCase interceptor session --
2007-12-10 16:45:35,874 INFO  edu.duke.cabig.c3pr.service.StudySubjectXMLImporterServiceTestCase : --    ending DaoTestCase interceptor session --
2007-12-10 16:45:35,899 INFO  edu.duke.cabig.c3pr.service.StudySubjectXMLImporterServiceTestCase : -- interrupted DaoTestCase session --
2007-12-10 16:45:35,899 INFO  edu.duke.cabig.c3pr.service.StudySubjectXMLImporterServiceTestCase : -- beginning DaoTestCase interceptor session --
2007-12-10 16:45:36,414 INFO  edu.duke.cabig.c3pr.service.StudySubjectXMLImporterServiceTestCase : -- beginning DaoTestCase interceptor session --
2007-12-10 16:45:36,436 INFO  edu.duke.cabig.c3pr.service.StudySubjectXMLImporterServiceTestCase : --    ending DaoTestCase interceptor session --
2007-12-10 16:45:36,453 INFO  edu.duke.cabig.c3pr.service.StudySubjectXMLImporterServiceTestCase : -- interrupted DaoTestCase session --
2007-12-10 16:45:36,453 INFO  edu.duke.cabig.c3pr.service.StudySubjectXMLImporterServiceTestCase : -- beginning DaoTestCase interceptor session --
2007-12-10 16:45:36,469 INFO  edu.duke.cabig.c3pr.service.StudySubjectXMLImporterServiceTestCase : --    ending DaoTestCase interceptor session --
2007-12-10 16:45:36,487 INFO  edu.duke.cabig.c3pr.service.StudySubjectXMLImporterServiceTestCase : -- interrupted DaoTestCase session --
2007-12-10 16:45:36,488 INFO  edu.duke.cabig.c3pr.service.StudySubjectXMLImporterServiceTestCase : -- beginning DaoTestCase interceptor session --
2007-12-10 16:45:36,554 INFO  edu.duke.cabig.c3pr.service.StudySubjectXMLImporterServiceTestCase : --    ending DaoTestCase interceptor session --
2007-12-10 16:45:36,575 INFO  edu.duke.cabig.c3pr.service.StudySubjectXMLImporterServiceTestCase : -- interrupted DaoTestCase session --
2007-12-10 16:45:36,575 INFO  edu.duke.cabig.c3pr.service.StudySubjectXMLImporterServiceTestCase : -- beginning DaoTestCase interceptor session --
Inside getMapping

2007-12-10 16:45:36,655 WARN  edu.duke.cabig.c3pr.xml.StratumGroupFieldHandler : edu.duke.cabig.c3pr.exception.C3PRBaseException: No startum group found. Maybe the answer combination does not have a valid startum group
2007-12-10 16:45:36,739 WARN  edu.duke.cabig.c3pr.xml.StratumGroupFieldHandler : edu.duke.cabig.c3pr.exception.C3PRBaseException: No startum group found. Maybe the answer combination does not have a valid startum group
2007-12-10 16:45:36,748 WARN  edu.duke.cabig.c3pr.service.StudySubjectService : Participant with the same MRN found in the database
2007-12-10 16:45:36,857 INFO  edu.duke.cabig.c3pr.service.StudySubjectXMLImporterServiceTestCase : --    ending DaoTestCase interceptor session --
2007-12-10 16:45:36,874 INFO  edu.duke.cabig.c3pr.service.StudySubjectXMLImporterServiceTestCase : -- interrupted DaoTestCase session --
2007-12-10 16:45:36,874 INFO  edu.duke.cabig.c3pr.service.StudySubjectXMLImporterServiceTestCase : -- beginning DaoTestCase interceptor session --
2007-12-10 16:45:37,502 INFO  edu.duke.cabig.c3pr.service.StudySubjectXMLImporterServiceTestCase : -- beginning DaoTestCase interceptor session --
2007-12-10 16:45:37,503 INFO  edu.duke.cabig.c3pr.service.StudySubjectXMLImporterServiceTestCase : --    ending DaoTestCase interceptor session --
2007-12-10 16:45:37,518 INFO  edu.duke.cabig.c3pr.service.StudySubjectXMLImporterServiceTestCase : -- interrupted DaoTestCase session --
2007-12-10 16:45:37,518 INFO  edu.duke.cabig.c3pr.service.StudySubjectXMLImporterServiceTestCase : -- beginning DaoTestCase interceptor session --
2007-12-10 16:45:37,520 INFO  edu.duke.cabig.c3pr.service.StudySubjectXMLImporterServiceTestCase : --    ending DaoTestCase interceptor session --
2007-12-10 16:45:37,538 INFO  edu.duke.cabig.c3pr.service.StudySubjectXMLImporterServiceTestCase : -- interrupted DaoTestCase session --
2007-12-10 16:45:37,538 INFO  edu.duke.cabig.c3pr.service.StudySubjectXMLImporterServiceTestCase : -- beginning DaoTestCase interceptor session --
2007-12-10 16:45:37,547 INFO  edu.duke.cabig.c3pr.service.StudySubjectXMLImporterServiceTestCase : --    ending DaoTestCase interceptor session --
2007-12-10 16:45:37,570 INFO  edu.duke.cabig.c3pr.service.StudySubjectXMLImporterServiceTestCase : -- interrupted DaoTestCase session --
2007-12-10 16:45:37,570 INFO  edu.duke.cabig.c3pr.service.StudySubjectXMLImporterServiceTestCase : -- beginning DaoTestCase interceptor session --
2007-12-10 16:45:37,621 INFO  edu.duke.cabig.c3pr.service.StudySubjectXMLImporterServiceTestCase : --    ending DaoTestCase interceptor session --
2007-12-10 16:45:37,640 INFO  edu.duke.cabig.c3pr.service.StudySubjectXMLImporterServiceTestCase : -- interrupted DaoTestCase session --
2007-12-10 16:45:37,640 INFO  edu.duke.cabig.c3pr.service.StudySubjectXMLImporterServiceTestCase : -- beginning DaoTestCase interceptor session --
Inside getMapping

2007-12-10 16:45:37,710 WARN  edu.duke.cabig.c3pr.xml.StratumGroupFieldHandler : java.lang.ClassCastException: edu.duke.cabig.c3pr.domain.ScheduledNonTreatmentEpoch
2007-12-10 16:45:37,848 WARN  edu.duke.cabig.c3pr.xml.StratumGroupFieldHandler : java.lang.ClassCastException: edu.duke.cabig.c3pr.domain.ScheduledNonTreatmentEpoch
2007-12-10 16:45:37,914 INFO  edu.duke.cabig.c3pr.service.StudySubjectXMLImporterServiceTestCase : --    ending DaoTestCase interceptor session --
2007-12-10 16:45:37,955 INFO  edu.duke.cabig.c3pr.service.StudySubjectXMLImporterServiceTestCase : -- interrupted DaoTestCase session --
2007-12-10 16:45:37,955 INFO  edu.duke.cabig.c3pr.service.StudySubjectXMLImporterServiceTestCase : -- beginning DaoTestCase interceptor session --
2007-12-10 16:45:37,955 INFO  edu.duke.cabig.c3pr.service.StudySubjectXMLImporterServiceTestCase : --    ending DaoTestCase interceptor session --
2007-12-10 16:45:37,979 INFO  edu.duke.cabig.c3pr.service.StudySubjectXMLImporterServiceTestCase : -- interrupted DaoTestCase session --
2007-12-10 16:45:37,979 INFO  edu.duke.cabig.c3pr.service.StudySubjectXMLImporterServiceTestCase : -- beginning DaoTestCase interceptor session --
2007-12-10 16:45:37,980 INFO  edu.duke.cabig.c3pr.service.StudySubjectXMLImporterServiceTestCase : --    ending DaoTestCase interceptor session --
2007-12-10 16:45:38,023 INFO  edu.duke.cabig.c3pr.service.StudySubjectXMLImporterServiceTestCase : -- interrupted DaoTestCase session --
2007-12-10 16:45:38,023 INFO  edu.duke.cabig.c3pr.service.StudySubjectXMLImporterServiceTestCase : -- beginning DaoTestCase interceptor session --
2007-12-10 16:45:38,496 INFO  edu.duke.cabig.c3pr.service.StudySubjectXMLImporterServiceTestCase : -- beginning DaoTestCase interceptor session --
2007-12-10 16:45:38,499 INFO  edu.duke.cabig.c3pr.service.StudySubjectXMLImporterServiceTestCase : --    ending DaoTestCase interceptor session --
2007-12-10 16:45:38,521 INFO  edu.duke.cabig.c3pr.service.StudySubjectXMLImporterServiceTestCase : -- interrupted DaoTestCase session --
2007-12-10 16:45:38,521 INFO  edu.duke.cabig.c3pr.service.StudySubjectXMLImporterServiceTestCase : -- beginning DaoTestCase interceptor session --
2007-12-10 16:45:38,532 INFO  edu.duke.cabig.c3pr.service.StudySubjectXMLImporterServiceTestCase : --    ending DaoTestCase interceptor session --
2007-12-10 16:45:38,564 INFO  edu.duke.cabig.c3pr.service.StudySubjectXMLImporterServiceTestCase : -- interrupted DaoTestCase session --
2007-12-10 16:45:38,565 INFO  edu.duke.cabig.c3pr.service.StudySubjectXMLImporterServiceTestCase : -- beginning DaoTestCase interceptor session --
2007-12-10 16:45:38,684 INFO  edu.duke.cabig.c3pr.service.StudySubjectXMLImporterServiceTestCase : --    ending DaoTestCase interceptor session --
2007-12-10 16:45:38,712 INFO  edu.duke.cabig.c3pr.service.StudySubjectXMLImporterServiceTestCase : -- interrupted DaoTestCase session --
2007-12-10 16:45:38,712 INFO  edu.duke.cabig.c3pr.service.StudySubjectXMLImporterServiceTestCase : -- beginning DaoTestCase interceptor session --
Inside getMapping

2007-12-10 16:45:39,033 WARN  edu.duke.cabig.c3pr.xml.StratumGroupFieldHandler : edu.duke.cabig.c3pr.exception.C3PRBaseException: No startum group found. Maybe the answer combination does not have a valid startum group
2007-12-10 16:45:39,132 INFO  edu.duke.cabig.c3pr.service.StudySubjectXMLImporterServiceTestCase : --    ending DaoTestCase interceptor session --
2007-12-10 16:45:39,192 INFO  edu.duke.cabig.c3pr.service.StudySubjectXMLImporterServiceTestCase : -- interrupted DaoTestCase session --
2007-12-10 16:45:39,192 INFO  edu.duke.cabig.c3pr.service.StudySubjectXMLImporterServiceTestCase : -- beginning DaoTestCase interceptor session --
2007-12-10 16:45:39,192 INFO  edu.duke.cabig.c3pr.service.StudySubjectXMLImporterServiceTestCase : --    ending DaoTestCase interceptor session --
2007-12-10 16:45:39,229 INFO  edu.duke.cabig.c3pr.service.StudySubjectXMLImporterServiceTestCase : -- interrupted DaoTestCase session --
2007-12-10 16:45:39,229 INFO  edu.duke.cabig.c3pr.service.StudySubjectXMLImporterServiceTestCase : -- beginning DaoTestCase interceptor session --
2007-12-10 16:45:39,230 INFO  edu.duke.cabig.c3pr.service.StudySubjectXMLImporterServiceTestCase : --    ending DaoTestCase interceptor session --
2007-12-10 16:45:39,266 INFO  edu.duke.cabig.c3pr.service.StudySubjectXMLImporterServiceTestCase : -- interrupted DaoTestCase session --
2007-12-10 16:45:39,267 INFO  edu.duke.cabig.c3pr.service.StudySubjectXMLImporterServiceTestCase : -- beginning DaoTestCase interceptor session --
2007-12-10 16:45:39,885 INFO  edu.duke.cabig.c3pr.service.StudySubjectXMLImporterServiceTestCase : -- beginning DaoTestCase interceptor session --
2007-12-10 16:45:39,887 INFO  edu.duke.cabig.c3pr.service.StudySubjectXMLImporterServiceTestCase : --    ending DaoTestCase interceptor session --
2007-12-10 16:45:39,926 INFO  edu.duke.cabig.c3pr.service.StudySubjectXMLImporterServiceTestCase : -- interrupted DaoTestCase session --
2007-12-10 16:45:39,926 INFO  edu.duke.cabig.c3pr.service.StudySubjectXMLImporterServiceTestCase : -- beginning DaoTestCase interceptor session --
2007-12-10 16:45:39,936 INFO  edu.duke.cabig.c3pr.service.StudySubjectXMLImporterServiceTestCase : --    ending DaoTestCase interceptor session --
2007-12-10 16:45:39,979 INFO  edu.duke.cabig.c3pr.service.StudySubjectXMLImporterServiceTestCase : -- interrupted DaoTestCase session --
2007-12-10 16:45:39,979 INFO  edu.duke.cabig.c3pr.service.StudySubjectXMLImporterServiceTestCase : -- beginning DaoTestCase interceptor session --
2007-12-10 16:45:40,067 INFO  edu.duke.cabig.c3pr.service.StudySubjectXMLImporterServiceTestCase : --    ending DaoTestCase interceptor session --
2007-12-10 16:45:40,101 INFO  edu.duke.cabig.c3pr.service.StudySubjectXMLImporterServiceTestCase : -- interrupted DaoTestCase session --
2007-12-10 16:45:40,101 INFO  edu.duke.cabig.c3pr.service.StudySubjectXMLImporterServiceTestCase : -- beginning DaoTestCase interceptor session --
Inside getMapping

2007-12-10 16:45:40,168 WARN  edu.duke.cabig.c3pr.xml.StratumGroupFieldHandler : edu.duke.cabig.c3pr.exception.C3PRBaseException: No startum group found. Maybe the answer combination does not have a valid startum group
2007-12-10 16:45:40,247 WARN  edu.duke.cabig.c3pr.xml.StratumGroupFieldHandler : edu.duke.cabig.c3pr.exception.C3PRBaseException: No startum group found. Maybe the answer combination does not have a valid startum group
2007-12-10 16:45:40,384 INFO  edu.duke.cabig.c3pr.service.StudySubjectXMLImporterServiceTestCase : --    ending DaoTestCase interceptor session --
2007-12-10 16:45:40,428 INFO  edu.duke.cabig.c3pr.service.StudySubjectXMLImporterServiceTestCase : -- interrupted DaoTestCase session --
2007-12-10 16:45:40,428 INFO  edu.duke.cabig.c3pr.service.StudySubjectXMLImporterServiceTestCase : -- beginning DaoTestCase interceptor session --
2007-12-10 16:45:40,862 INFO  edu.duke.cabig.c3pr.service.StudySubjectXMLImporterServiceTestCase : -- beginning DaoTestCase interceptor session --
2007-12-10 16:45:40,865 INFO  edu.duke.cabig.c3pr.service.StudySubjectXMLImporterServiceTestCase : --    ending DaoTestCase interceptor session --
2007-12-10 16:45:40,896 INFO  edu.duke.cabig.c3pr.service.StudySubjectXMLImporterServiceTestCase : -- interrupted DaoTestCase session --
2007-12-10 16:45:40,896 INFO  edu.duke.cabig.c3pr.service.StudySubjectXMLImporterServiceTestCase : -- beginning DaoTestCase interceptor session --
2007-12-10 16:45:40,907 INFO  edu.duke.cabig.c3pr.service.StudySubjectXMLImporterServiceTestCase : --    ending DaoTestCase interceptor session --
2007-12-10 16:45:40,947 INFO  edu.duke.cabig.c3pr.service.StudySubjectXMLImporterServiceTestCase : -- interrupted DaoTestCase session --
2007-12-10 16:45:40,947 INFO  edu.duke.cabig.c3pr.service.StudySubjectXMLImporterServiceTestCase : -- beginning DaoTestCase interceptor session --
2007-12-10 16:45:41,010 INFO  edu.duke.cabig.c3pr.service.StudySubjectXMLImporterServiceTestCase : --    ending DaoTestCase interceptor session --
2007-12-10 16:45:41,049 INFO  edu.duke.cabig.c3pr.service.StudySubjectXMLImporterServiceTestCase : -- interrupted DaoTestCase session --
2007-12-10 16:45:41,049 INFO  edu.duke.cabig.c3pr.service.StudySubjectXMLImporterServiceTestCase : -- beginning DaoTestCase interceptor session --
Inside getMapping

2007-12-10 16:45:41,107 WARN  edu.duke.cabig.c3pr.xml.StratumGroupFieldHandler : java.lang.ClassCastException: edu.duke.cabig.c3pr.domain.ScheduledNonTreatmentEpoch
2007-12-10 16:45:41,174 WARN  edu.duke.cabig.c3pr.xml.StratumGroupFieldHandler : java.lang.ClassCastException: edu.duke.cabig.c3pr.domain.ScheduledNonTreatmentEpoch
2007-12-10 16:45:41,273 INFO  edu.duke.cabig.c3pr.service.StudySubjectXMLImporterServiceTestCase : --    ending DaoTestCase interceptor session --
2007-12-10 16:45:41,345 INFO  edu.duke.cabig.c3pr.service.StudySubjectXMLImporterServiceTestCase : -- interrupted DaoTestCase session --
2007-12-10 16:45:41,345 INFO  edu.duke.cabig.c3pr.service.StudySubjectXMLImporterServiceTestCase : -- beginning DaoTestCase interceptor session --
2007-12-10 16:45:41,345 INFO  edu.duke.cabig.c3pr.service.StudySubjectXMLImporterServiceTestCase : --    ending DaoTestCase interceptor session --
2007-12-10 16:45:41,404 INFO  edu.duke.cabig.c3pr.service.StudySubjectXMLImporterServiceTestCase : -- interrupted DaoTestCase session --
2007-12-10 16:45:41,405 INFO  edu.duke.cabig.c3pr.service.StudySubjectXMLImporterServiceTestCase : -- beginning DaoTestCase interceptor session --
2007-12-10 16:45:41,408 INFO  edu.duke.cabig.c3pr.service.StudySubjectXMLImporterServiceTestCase : --    ending DaoTestCase interceptor session --
2007-12-10 16:45:41,453 INFO  edu.duke.cabig.c3pr.service.StudySubjectXMLImporterServiceTestCase : -- interrupted DaoTestCase session --
2007-12-10 16:45:41,453 INFO  edu.duke.cabig.c3pr.service.StudySubjectXMLImporterServiceTestCase : -- beginning DaoTestCase interceptor session --
2007-12-10 16:45:41,903 INFO  edu.duke.cabig.c3pr.service.StudySubjectXMLImporterServiceTestCase : -- beginning DaoTestCase interceptor session --
2007-12-10 16:45:41,907 INFO  edu.duke.cabig.c3pr.service.StudySubjectXMLImporterServiceTestCase : --    ending DaoTestCase interceptor session --
2007-12-10 16:45:41,946 INFO  edu.duke.cabig.c3pr.service.StudySubjectXMLImporterServiceTestCase : -- interrupted DaoTestCase session --
2007-12-10 16:45:41,946 INFO  edu.duke.cabig.c3pr.service.StudySubjectXMLImporterServiceTestCase : -- beginning DaoTestCase interceptor session --
2007-12-10 16:45:41,953 INFO  edu.duke.cabig.c3pr.service.StudySubjectXMLImporterServiceTestCase : --    ending DaoTestCase interceptor session --
2007-12-10 16:45:42,000 INFO  edu.duke.cabig.c3pr.service.StudySubjectXMLImporterServiceTestCase : -- interrupted DaoTestCase session --
2007-12-10 16:45:42,000 INFO  edu.duke.cabig.c3pr.service.StudySubjectXMLImporterServiceTestCase : -- beginning DaoTestCase interceptor session --
2007-12-10 16:45:42,074 INFO  edu.duke.cabig.c3pr.service.StudySubjectXMLImporterServiceTestCase : --    ending DaoTestCase interceptor session --
2007-12-10 16:45:42,111 INFO  edu.duke.cabig.c3pr.service.StudySubjectXMLImporterServiceTestCase : -- interrupted DaoTestCase session --
2007-12-10 16:45:42,111 INFO  edu.duke.cabig.c3pr.service.StudySubjectXMLImporterServiceTestCase : -- beginning DaoTestCase interceptor session --
Inside getMapping

2007-12-10 16:45:42,170 WARN  edu.duke.cabig.c3pr.xml.StratumGroupFieldHandler : java.lang.ClassCastException: edu.duke.cabig.c3pr.domain.ScheduledNonTreatmentEpoch
2007-12-10 16:45:42,232 WARN  edu.duke.cabig.c3pr.xml.StratumGroupFieldHandler : java.lang.ClassCastException: edu.duke.cabig.c3pr.domain.ScheduledNonTreatmentEpoch
2007-12-10 16:45:42,334 INFO  edu.duke.cabig.c3pr.service.StudySubjectXMLImporterServiceTestCase : --    ending DaoTestCase interceptor session --
2007-12-10 16:45:42,394 INFO  edu.duke.cabig.c3pr.service.StudySubjectXMLImporterServiceTestCase : -- interrupted DaoTestCase session --
2007-12-10 16:45:42,394 INFO  edu.duke.cabig.c3pr.service.StudySubjectXMLImporterServiceTestCase : -- beginning DaoTestCase interceptor session --
2007-12-10 16:45:42,395 INFO  edu.duke.cabig.c3pr.service.StudySubjectXMLImporterServiceTestCase : --    ending DaoTestCase interceptor session --
2007-12-10 16:45:42,447 INFO  edu.duke.cabig.c3pr.service.StudySubjectXMLImporterServiceTestCase : -- interrupted DaoTestCase session --
2007-12-10 16:45:42,447 INFO  edu.duke.cabig.c3pr.service.StudySubjectXMLImporterServiceTestCase : -- beginning DaoTestCase interceptor session --
2007-12-10 16:45:42,448 INFO  edu.duke.cabig.c3pr.service.StudySubjectXMLImporterServiceTestCase : --    ending DaoTestCase interceptor session --
2007-12-10 16:45:42,489 INFO  edu.duke.cabig.c3pr.service.StudySubjectXMLImporterServiceTestCase : -- interrupted DaoTestCase session --
2007-12-10 16:45:42,489 INFO  edu.duke.cabig.c3pr.service.StudySubjectXMLImporterServiceTestCase : -- beginning DaoTestCase interceptor session --
2007-12-10 16:45:42,945 INFO  edu.duke.cabig.c3pr.service.StudySubjectXMLImporterServiceTestCase : -- beginning DaoTestCase interceptor session --
2007-12-10 16:45:42,947 INFO  edu.duke.cabig.c3pr.service.StudySubjectXMLImporterServiceTestCase : --    ending DaoTestCase interceptor session --
2007-12-10 16:45:42,988 INFO  edu.duke.cabig.c3pr.service.StudySubjectXMLImporterServiceTestCase : -- interrupted DaoTestCase session --
2007-12-10 16:45:42,988 INFO  edu.duke.cabig.c3pr.service.StudySubjectXMLImporterServiceTestCase : -- beginning DaoTestCase interceptor session --
2007-12-10 16:45:42,995 INFO  edu.duke.cabig.c3pr.service.StudySubjectXMLImporterServiceTestCase : --    ending DaoTestCase interceptor session --
2007-12-10 16:45:43,042 INFO  edu.duke.cabig.c3pr.service.StudySubjectXMLImporterServiceTestCase : -- interrupted DaoTestCase session --
2007-12-10 16:45:43,042 INFO  edu.duke.cabig.c3pr.service.StudySubjectXMLImporterServiceTestCase : -- beginning DaoTestCase interceptor session --
2007-12-10 16:45:43,122 INFO  edu.duke.cabig.c3pr.service.StudySubjectXMLImporterServiceTestCase : --    ending DaoTestCase interceptor session --
2007-12-10 16:45:43,165 INFO  edu.duke.cabig.c3pr.service.StudySubjectXMLImporterServiceTestCase : -- interrupted DaoTestCase session --
2007-12-10 16:45:43,165 INFO  edu.duke.cabig.c3pr.service.StudySubjectXMLImporterServiceTestCase : -- beginning DaoTestCase interceptor session --
Inside getMapping

2007-12-10 16:45:43,219 WARN  edu.duke.cabig.c3pr.xml.StratumGroupFieldHandler : java.lang.ClassCastException: edu.duke.cabig.c3pr.domain.ScheduledNonTreatmentEpoch
2007-12-10 16:45:43,295 WARN  edu.duke.cabig.c3pr.xml.StratumGroupFieldHandler : java.lang.ClassCastException: edu.duke.cabig.c3pr.domain.ScheduledNonTreatmentEpoch
2007-12-10 16:45:43,407 INFO  edu.duke.cabig.c3pr.service.StudySubjectXMLImporterServiceTestCase : --    ending DaoTestCase interceptor session --
2007-12-10 16:45:43,491 INFO  edu.duke.cabig.c3pr.service.StudySubjectXMLImporterServiceTestCase : -- interrupted DaoTestCase session --
2007-12-10 16:45:43,491 INFO  edu.duke.cabig.c3pr.service.StudySubjectXMLImporterServiceTestCase : -- beginning DaoTestCase interceptor session --
2007-12-10 16:45:43,491 INFO  edu.duke.cabig.c3pr.service.StudySubjectXMLImporterServiceTestCase : --    ending DaoTestCase interceptor session --
2007-12-10 16:45:43,538 INFO  edu.duke.cabig.c3pr.service.StudySubjectXMLImporterServiceTestCase : -- interrupted DaoTestCase session --
2007-12-10 16:45:43,538 INFO  edu.duke.cabig.c3pr.service.StudySubjectXMLImporterServiceTestCase : -- beginning DaoTestCase interceptor session --
2007-12-10 16:45:43,539 INFO  edu.duke.cabig.c3pr.service.StudySubjectXMLImporterServiceTestCase : --    ending DaoTestCase interceptor session --
2007-12-10 16:45:43,584 INFO  edu.duke.cabig.c3pr.service.StudySubjectXMLImporterServiceTestCase : -- interrupted DaoTestCase session --
2007-12-10 16:45:43,585 INFO  edu.duke.cabig.c3pr.service.StudySubjectXMLImporterServiceTestCase : -- beginning DaoTestCase interceptor session --
2007-12-10 16:45:44,037 INFO  edu.duke.cabig.c3pr.service.StudySubjectXMLImporterServiceTestCase : -- beginning DaoTestCase interceptor session --
2007-12-10 16:45:44,497 INFO  edu.duke.cabig.c3pr.service.StudySubjectXMLImporterServiceTestCase : -- beginning DaoTestCase interceptor session --
2007-12-10 16:45:44,503 INFO  edu.duke.cabig.c3pr.service.StudySubjectXMLImporterServiceTestCase : --    ending DaoTestCase interceptor session --
2007-12-10 16:45:44,553 INFO  edu.duke.cabig.c3pr.service.StudySubjectXMLImporterServiceTestCase : -- interrupted DaoTestCase session --
2007-12-10 16:45:44,553 INFO  edu.duke.cabig.c3pr.service.StudySubjectXMLImporterServiceTestCase : -- beginning DaoTestCase interceptor session --
2007-12-10 16:45:44,674 INFO  edu.duke.cabig.c3pr.service.StudySubjectXMLImporterServiceTestCase : --    ending DaoTestCase interceptor session --
2007-12-10 16:45:44,724 INFO  edu.duke.cabig.c3pr.service.StudySubjectXMLImporterServiceTestCase : -- interrupted DaoTestCase session --
2007-12-10 16:45:44,724 INFO  edu.duke.cabig.c3pr.service.StudySubjectXMLImporterServiceTestCase : -- beginning DaoTestCase interceptor session --
Inside getMapping

2007-12-10 16:45:44,846 WARN  edu.duke.cabig.c3pr.xml.StratumGroupFieldHandler : edu.duke.cabig.c3pr.exception.C3PRBaseException: No startum group found. Maybe the answer combination does not have a valid startum group
2007-12-10 16:45:44,993 INFO  edu.duke.cabig.c3pr.service.StudySubjectXMLImporterServiceTestCase : --    ending DaoTestCase interceptor session --
2007-12-10 16:45:45,086 INFO  edu.duke.cabig.c3pr.service.StudySubjectXMLImporterServiceTestCase : -- interrupted DaoTestCase session --
2007-12-10 16:45:45,087 INFO  edu.duke.cabig.c3pr.service.StudySubjectXMLImporterServiceTestCase : -- beginning DaoTestCase interceptor session --
2007-12-10 16:45:45,087 INFO  edu.duke.cabig.c3pr.service.StudySubjectXMLImporterServiceTestCase : --    ending DaoTestCase interceptor session --
2007-12-10 16:45:45,142 INFO  edu.duke.cabig.c3pr.service.StudySubjectXMLImporterServiceTestCase : -- interrupted DaoTestCase session --
2007-12-10 16:45:45,142 INFO  edu.duke.cabig.c3pr.service.StudySubjectXMLImporterServiceTestCase : -- beginning DaoTestCase interceptor session --
2007-12-10 16:45:45,143 INFO  edu.duke.cabig.c3pr.service.StudySubjectXMLImporterServiceTestCase : --    ending DaoTestCase interceptor session --
2007-12-10 16:45:45,199 INFO  edu.duke.cabig.c3pr.service.StudySubjectXMLImporterServiceTestCase : -- interrupted DaoTestCase session --
2007-12-10 16:45:45,199 INFO  edu.duke.cabig.c3pr.service.StudySubjectXMLImporterServiceTestCase : -- beginning DaoTestCase interceptor session --
]]></system-out>
  <system-err><![CDATA[edu.duke.cabig.c3pr.exception.C3PRCodedException: 218:No arm provided in import xml. Epoch requires arm for registration<>
	at edu.duke.cabig.c3pr.exception.C3PRExceptionHelper.getException(C3PRExceptionHelper.java:24)
	at edu.duke.cabig.c3pr.service.impl.StudySubjectXMLImporterServiceImpl.importStudySubject(StudySubjectXMLImporterServiceImpl.java:138)
	at edu.duke.cabig.c3pr.service.impl.StudySubjectXMLImporterServiceImpl.importStudySubject(StudySubjectXMLImporterServiceImpl.java:114)
	at edu.duke.cabig.c3pr.service.impl.StudySubjectXMLImporterServiceImpl$$FastClassByCGLIB$$72ab109f.invoke(<generated>)
	at net.sf.cglib.proxy.MethodProxy.invoke(MethodProxy.java:149)
	at org.springframework.aop.framework.Cglib2AopProxy$DynamicAdvisedInterceptor.intercept(Cglib2AopProxy.java:622)
	at edu.duke.cabig.c3pr.service.impl.StudySubjectXMLImporterServiceImpl$$EnhancerByCGLIB$$a2edb336.importStudySubject(<generated>)
	at edu.duke.cabig.c3pr.service.StudySubjectXMLImporterServiceTestCase.testImportRegistrationCase1(StudySubjectXMLImporterServiceTestCase.java:128)
	at sun.reflect.NativeMethodAccessorImpl.invoke0(Native Method)
	at sun.reflect.NativeMethodAccessorImpl.invoke(NativeMethodAccessorImpl.java:39)
	at sun.reflect.DelegatingMethodAccessorImpl.invoke(DelegatingMethodAccessorImpl.java:25)
	at java.lang.reflect.Method.invoke(Method.java:585)
	at junit.framework.TestCase.runTest(TestCase.java:154)
	at edu.duke.cabig.c3pr.utils.DaoTestCase.runBare(DaoTestCase.java:62)
	at junit.framework.TestResult$1.protect(TestResult.java:106)
	at junit.framework.TestResult.runProtected(TestResult.java:124)
	at junit.framework.TestResult.run(TestResult.java:109)
	at junit.framework.TestCase.run(TestCase.java:118)
	at junit.framework.TestSuite.runTest(TestSuite.java:208)
	at junit.framework.TestSuite.run(TestSuite.java:203)
	at org.apache.tools.ant.taskdefs.optional.junit.JUnitTestRunner.run(JUnitTestRunner.java:421)
	at org.apache.tools.ant.taskdefs.optional.junit.JUnitTestRunner.launch(JUnitTestRunner.java:912)
	at org.apache.tools.ant.taskdefs.optional.junit.JUnitTestRunner.main(JUnitTestRunner.java:766)
edu.duke.cabig.c3pr.exception.C3PRCodedException: 216:Could not find an arm with the given name "Invalid Name" on the epoch with name "epoch1"<>
	at edu.duke.cabig.c3pr.exception.C3PRExceptionHelper.getException(C3PRExceptionHelper.java:36)
	at edu.duke.cabig.c3pr.service.impl.StudySubjectServiceImpl.buildScheduledEpoch(StudySubjectServiceImpl.java:567)
	at edu.duke.cabig.c3pr.service.impl.StudySubjectServiceImpl.buildStudySubject(StudySubjectServiceImpl.java:456)
	at edu.duke.cabig.c3pr.service.impl.StudySubjectServiceImpl$$FastClassByCGLIB$$f5f7c222.invoke(<generated>)
	at net.sf.cglib.proxy.MethodProxy.invoke(MethodProxy.java:149)
	at org.springframework.aop.framework.Cglib2AopProxy$DynamicAdvisedInterceptor.intercept(Cglib2AopProxy.java:622)
	at edu.duke.cabig.c3pr.service.impl.StudySubjectServiceImpl$$EnhancerByCGLIB$$1b3fc097.buildStudySubject(<generated>)
	at edu.duke.cabig.c3pr.service.impl.StudySubjectXMLImporterServiceImpl.importStudySubject(StudySubjectXMLImporterServiceImpl.java:118)
	at edu.duke.cabig.c3pr.service.impl.StudySubjectXMLImporterServiceImpl.importStudySubject(StudySubjectXMLImporterServiceImpl.java:114)
	at edu.duke.cabig.c3pr.service.impl.StudySubjectXMLImporterServiceImpl$$FastClassByCGLIB$$72ab109f.invoke(<generated>)
	at net.sf.cglib.proxy.MethodProxy.invoke(MethodProxy.java:149)
	at org.springframework.aop.framework.Cglib2AopProxy$DynamicAdvisedInterceptor.intercept(Cglib2AopProxy.java:622)
	at edu.duke.cabig.c3pr.service.impl.StudySubjectXMLImporterServiceImpl$$EnhancerByCGLIB$$a2edb336.importStudySubject(<generated>)
	at edu.duke.cabig.c3pr.service.StudySubjectXMLImporterServiceTestCase.testImportRegistrationCase4(StudySubjectXMLImporterServiceTestCase.java:279)
	at sun.reflect.NativeMethodAccessorImpl.invoke0(Native Method)
	at sun.reflect.NativeMethodAccessorImpl.invoke(NativeMethodAccessorImpl.java:39)
	at sun.reflect.DelegatingMethodAccessorImpl.invoke(DelegatingMethodAccessorImpl.java:25)
	at java.lang.reflect.Method.invoke(Method.java:585)
	at junit.framework.TestCase.runTest(TestCase.java:154)
	at edu.duke.cabig.c3pr.utils.DaoTestCase.runBare(DaoTestCase.java:62)
	at junit.framework.TestResult$1.protect(TestResult.java:106)
	at junit.framework.TestResult.runProtected(TestResult.java:124)
	at junit.framework.TestResult.run(TestResult.java:109)
	at junit.framework.TestCase.run(TestCase.java:118)
	at junit.framework.TestSuite.runTest(TestSuite.java:208)
	at junit.framework.TestSuite.run(TestSuite.java:203)
	at org.apache.tools.ant.taskdefs.optional.junit.JUnitTestRunner.run(JUnitTestRunner.java:421)
	at org.apache.tools.ant.taskdefs.optional.junit.JUnitTestRunner.launch(JUnitTestRunner.java:912)
	at org.apache.tools.ant.taskdefs.optional.junit.JUnitTestRunner.main(JUnitTestRunner.java:766)
]]></system-err>
</testsuite>
