<?xml version="1.0" encoding="UTF-8" ?>
<testsuite errors="0" failures="0" hostname="Vinay-Office-PC" name="edu.duke.cabig.c3pr.web.EditParticipantControllerTest" tests="1" time="19.762" timestamp="2007-12-10T21:41:12">
  <properties>
    <property name="file.encoding.pkg" value="sun.io" />
    <property name="env.PROMPT" value="$P$G" />
    <property name="ant.file.c3prv2 custom ant tasks" value="C:\eclipse\WorkspaceSemanticBits\c3prv2\codebase\antfiles\build-ant-tasks.xml" />
    <property name="env.RoxioCentral" value="C:\Program Files\Common Files\Roxio Shared\9.0\Roxio Central33\" />
    <property name="java.home" value="C:\Program Files\Java\jdk1.5.0_12\jre" />
    <property name="test.src.dir" value="C:\eclipse\WorkspaceSemanticBits\c3prv2\codebase\projects\web\test\src" />
    <property name="webapp.name" value="c3pr" />
    <property name="test.project.jar" value="C:\eclipse\WorkspaceSemanticBits\c3prv2\codebase\projects\web\build\jars\c3pr-2.0-c3pr-2.0-web-tests-1.0.jar" />
    <property name="env.PCBRAND" value="Pavilion" />
    <property name="debug" value="on" />
    <property name="java.endorsed.dirs" value="C:\Program Files\Java\jdk1.5.0_12\jre\lib\endorsed" />
    <property name="env.USERNAME" value="Vinay" />
    <property name="src.dir" value="C:\eclipse\WorkspaceSemanticBits\c3prv2\codebase\projects\web/src" />
    <property name="sun.os.patch.level" value="" />
    <property name="java.vendor.url" value="http://java.sun.com/" />
    <property name="env.COMPUTERNAME" value="VINAY-OFFICE-PC" />
    <property name="ant.file.c3pr-2.0" value="C:\eclipse\WorkspaceSemanticBits\c3prv2\codebase\antfiles\build.xml" />
    <property name="java.version" value="1.5.0_12" />
    <property name="hostedMode" value="true" />
    <property name="test.logs.dir" value="C:\eclipse\WorkspaceSemanticBits\c3prv2\codebase\projects\web\test\logs" />
    <property name="conf.dir" value="C:\eclipse\WorkspaceSemanticBits\c3prv2\codebase\projects\web/conf" />
    <property name="java.vendor.url.bug" value="http://java.sun.com/cgi-bin/bugreport.cgi" />
    <property name="hotlinks.psc" value="http://10.10.10.2:8041/studycalendar/pages/schedule" />
    <property name="env.USERPROFILE" value="C:\Users\Vinay" />
    <property name="datasource.schema" value="c3pr_dev" />
    <property name="test.lib.dir" value="C:\eclipse\WorkspaceSemanticBits\c3prv2\codebase\projects\web\test\lib" />
    <property name="env.SystemRoot" value="C:\Windows" />
    <property name="user.name" value="Vinay" />
    <property name="authorizationSwitch" value="true" />
    <property name="outgoing.mail.from.address" value="admin@semanticbits.com" />
    <property name="ext.dir" value="C:\eclipse\WorkspaceSemanticBits\c3prv2\codebase\projects\web/ext" />
    <property name="sun.io.unicode.encoding" value="UnicodeLittle" />
    <property name="sun.jnu.encoding" value="Cp1252" />
    <property name="webinf.lib.dir" value="C:\eclipse\WorkspaceSemanticBits\c3prv2\codebase\projects\web\web/WEB-INF/lib" />
    <property name="java.runtime.name" value="Java(TM) 2 Runtime Environment, Standard Edition" />
    <property name="env.LOCALAPPDATA" value="C:\Users\Vinay\AppData\Local" />
    <property name="datasource.url" value="jdbc:postgresql://localhost:5432/c3pr_schema_tester" />
    <property name="ant.file.c3pr-2.0-web" value="C:\eclipse\WorkspaceSemanticBits\c3prv2\codebase\projects\web\build.xml" />
    <property name="lib.dir" value="C:\eclipse\WorkspaceSemanticBits\c3prv2\codebase\projects\web/lib" />
    <property name="project.version" value="1.0" />
    <property name="datasource.driver" value="org.postgresql.Driver" />
    <property name="java.specification.name" value="Java Platform API Specification" />
    <property name="esb.brokerUrl" value="http://localhost:19080/wsrf/services/cagrid/CaXchangeRequestProcessor" />
    <property name="user.timezone" value="" />
    <property name="ant.file.c3pr-2.0-reports" value="C:\eclipse\WorkspaceSemanticBits\c3prv2\codebase\antfiles\build-reports.xml" />
    <property name="path.separator" value=";" />
    <property name="env.PROCESSOR_IDENTIFIER" value="x86 Family 6 Model 15 Stepping 6, GenuineIntel" />
    <property name="env._JAVACMD" value="C:\Program Files\Java\jdk1.5.0_12\bin\java.exe" />
    <property name="project.name" value="c3pr-2.0-web" />
    <property name="file.encoding" value="Cp1252" />
    <property name="ext.resources.dir" value="C:\eclipse\WorkspaceSemanticBits\c3prv2\codebase\projects\web\ext\resources" />
    <property name="junit.results.dir" value="C:\eclipse\WorkspaceSemanticBits\c3prv2\codebase\test\logs" />
    <property name="env.NUMBER_OF_PROCESSORS" value="2" />
    <property name="webinf.classes.dir" value="C:\eclipse\WorkspaceSemanticBits\c3prv2\codebase\projects\web\web/WEB-INF/classes" />
    <property name="env.APPDATA" value="C:\Users\Vinay\AppData\Roaming" />
    <property name="ant.file" value="C:\eclipse\WorkspaceSemanticBits\c3prv2\codebase\projects\web\build.xml" />
    <property name="src.java.dir" value="C:\eclipse\WorkspaceSemanticBits\c3prv2\codebase\projects\web/src/java" />
    <property name="outgoing.mail.smtp.auth" value="true" />
    <property name="ant.file.c3pr-2.0-artifacts" value="C:\eclipse\WorkspaceSemanticBits\c3prv2\codebase\antfiles\build-artifacts.xml" />
    <property name="broadcastEnable" value="false" />
    <property name="java.io.tmpdir" value="C:\Users\Vinay\AppData\Local\Temp\" />
    <property name="TODAY" value="December 10 2007" />
    <property name="user.language" value="en" />
    <property name="env.SystemDrive" value="C:" />
    <property name="line.separator" value="
" />
    <property name="ctmsi.commons.version" value="0.5" />
    <property name="cacore.home" value="~/dev/utils/cacore" />
    <property name="java.vm.info" value="mixed mode" />
    <property name="localInstanceNCIInstituteCode" value="NCI-DUKE" />
    <property name="sun.desktop" value="windows" />
    <property name="java.vm.specification.name" value="Java Virtual Machine Specification" />
    <property name="outgoing.mail.password" value="biju1234" />
    <property name="env.PATHEXT" value=".COM;.EXE;.BAT;.CMD;.VBS;.VBE;.JS;.JSE;.WSF;.WSH;.MSC" />
    <property name="test.classes.dir" value="C:\eclipse\WorkspaceSemanticBits\c3prv2\codebase\projects\web\build\classes-test" />
    <property name="ant.file.catrip-1.0-codedrop" value="C:\eclipse\WorkspaceSemanticBits\c3prv2\codebase\antfiles\build-codedrop.xml" />
    <property name="env.LOGONSERVER" value="\\VINAY-OFFICE-PC" />
    <property name="test.src.java.dir" value="C:\eclipse\WorkspaceSemanticBits\c3prv2\codebase\projects\web\test\src\java" />
    <property name="java.awt.printerjob" value="sun.awt.windows.WPrinterJob" />
    <property name="env.PUBLIC" value="C:\Users\Public" />
    <property name="catalina.home" value="C:\Tomcat 5.5" />
    <property name="env.USERDOMAIN" value="Vinay-Office-PC" />
    <property name="csm.context.name" value="c3pr" />
    <property name="env.PROCESSOR_LEVEL" value="6" />
    <property name="env.windir" value="C:\Windows" />
    <property name="os.name" value="Windows Vista" />
    <property name="java.specification.vendor" value="Sun Microsystems Inc." />
    <property name="env.TMP" value="C:\Users\Vinay\AppData\Local\Temp" />
    <property name="java.vm.name" value="Java HotSpot(TM) Client VM" />
    <property name="env.ProgramData" value="C:\ProgramData" />
    <property name="env.OS" value="Windows_NT" />
    <property name="java.library.path" value="C:\Program Files\Java\jdk1.5.0_12\jre\bin;.;C:\Windows\system32;C:\Windows;C:\Program Files\Java\jdk1.5.0_12\bin;C:\Windows\system32;C:\Windows;C:\Windows\System32\Wbem;C:\Program Files\Common Files\Roxio Shared\DLLShared\;C:\Program Files\Common Files\Roxio Shared\9.0\DLLShared\;C:\Tomcat 5.5\bin;C:\apache-ant-1.7.0\bin;" />
    <property name="hotlinks.caaers" value="http://10.10.10.2:8030/caaers/pages/ae/list" />
    <property name="outgoing.mail.server" value="smtp.comcast.net" />
    <property name="ant.java.version" value="1.5" />
    <property name="basedir" value="C:\eclipse\WorkspaceSemanticBits\c3prv2\codebase\projects\web" />
    <property name="java.class.version" value="49.0" />
    <property name="ext.lib.dir" value="C:\eclipse\WorkspaceSemanticBits\c3prv2\codebase\projects\web/ext/lib" />
    <property name="ant.home" value="C:\apache-ant-1.7.0" />
    <property name="env.Path" value="C:\Program Files\Java\jdk1.5.0_12\bin;C:\Windows\system32;C:\Windows;C:\Windows\System32\Wbem;C:\Program Files\Common Files\Roxio Shared\DLLShared\;C:\Program Files\Common Files\Roxio Shared\9.0\DLLShared\;C:\Tomcat 5.5\bin;C:\apache-ant-1.7.0\bin;" />
    <property name="datasource.password" value="postgres" />
    <property name="ext.test.lib.dir" value="C:\eclipse\WorkspaceSemanticBits\c3prv2\codebase\projects\web\ext\test\lib" />
    <property name="env.HOMEDRIVE" value="C:" />
    <property name="net.sourceforge.cobertura.datafile" value="C:\eclipse\WorkspaceSemanticBits\c3prv2\codebase\projects\web\test\logs\web.ser" />
    <property name="war.file" value="C:\eclipse\WorkspaceSemanticBits\c3prv2\codebase\projects\web\build\c3prv2.war" />
    <property name="sun.boot.library.path" value="C:\Program Files\Java\jdk1.5.0_12\jre\bin" />
    <property name="build.dir" value="C:\eclipse\WorkspaceSemanticBits\c3prv2\codebase\projects\web/build" />
    <property name="env.PROCESSOR_REVISION" value="0f06" />
    <property name="sun.management.compiler" value="HotSpot Client Compiler" />
    <property name="java.awt.graphicsenv" value="sun.awt.Win32GraphicsEnvironment" />
    <property name="user.variant" value="" />
    <property name="log4j.filename" value="c3pr.log" />
    <property name="src.resources.dir" value="C:\eclipse\WorkspaceSemanticBits\c3prv2\codebase\projects\web/src/resources" />
    <property name="webinf.dir" value="C:\eclipse\WorkspaceSemanticBits\c3prv2\codebase\projects\web\web/WEB-INF" />
    <property name="ant.file.c3pr-2.0-test" value="C:\eclipse\WorkspaceSemanticBits\c3prv2\codebase\antfiles\build-test.xml" />
    <property name="jar.dir" value="C:\eclipse\WorkspaceSemanticBits\c3prv2\codebase\projects\web/build/jars" />
    <property name="ant.project.name" value="c3pr-2.0-web" />
    <property name="log_sql" value="false" />
    <property name="deploy.path" value="C:\Tomcat 5.5/webapps" />
    <property name="java.vm.specification.version" value="1.0" />
    <property name="env.GLOBUS_LOCATION" value="C:\Globus\ws-core-4.0.3" />
    <property name="awt.toolkit" value="sun.awt.windows.WToolkit" />
    <property name="env.MAVEN_HOME" value="C:\Program Files\maven-2.0.7-bin\maven-2.0.7" />
    <property name="sun.cpu.isalist" value="pentium_pro+mmx pentium_pro pentium+mmx pentium i486 i386 i86" />
    <property name="java.ext.dirs" value="C:\Program Files\Java\jdk1.5.0_12\jre\lib\ext" />
    <property name="os.version" value="6.0" />
    <property name="cobertura.home" value="C:\eclipse\WorkspaceSemanticBits\c3prv2\codebase\share\cobertura-1.8" />
    <property name="user.home" value="C:\Users\Vinay" />
    <property name="java.vm.vendor" value="Sun Microsystems Inc." />
    <property name="ant.file.c3pr-2.0-web-test" value="C:\eclipse\WorkspaceSemanticBits\c3prv2\codebase\projects\web\antfiles\build-test.xml" />
    <property name="env.JAVA_HOME" value="C:\Program Files\Java\jdk1.5.0_12" />
    <property name="user.dir" value="C:\eclipse\WorkspaceSemanticBits\c3prv2\codebase\projects\web" />
    <property name="outgoing.mail.username" value="biju.joseph@semanticbits.com" />
    <property name="env.FP_NO_HOST_CHECK" value="NO" />
    <property name="test.dir" value="C:\eclipse\WorkspaceSemanticBits\c3prv2\codebase\projects\web\test" />
    <property name="env.OnlineServices" value="Online Services" />
    <property name="sun.cpu.endian" value="little" />
    <property name="env._USE_CLASSPATH" value="no" />
    <property name="env.ALLUSERSPROFILE" value="C:\ProgramData" />
    <property name="env.PROCESSOR_ARCHITECTURE" value="x86" />
    <property name="java.vm.version" value="1.5.0_12-b04" />
    <property name="java.class.path" value="C:\eclipse\WorkspaceSemanticBits\c3prv2\codebase\projects\web\lib\commons-fileupload-1.2.jar;C:\eclipse\WorkspaceSemanticBits\c3prv2\codebase\projects\web\lib\commons-httpclient-3.0-rc2.jar;C:\eclipse\WorkspaceSemanticBits\c3prv2\codebase\projects\web\lib\dwr.jar;C:\eclipse\WorkspaceSemanticBits\c3prv2\codebase\projects\web\lib\javax.servlet.jar;C:\eclipse\WorkspaceSemanticBits\c3prv2\codebase\projects\web\lib\javax.servlet.jsp.jar;C:\eclipse\WorkspaceSemanticBits\c3prv2\codebase\projects\web\lib\nls_charset12.jar;C:\eclipse\WorkspaceSemanticBits\c3prv2\codebase\projects\web\lib\sitemesh-2.2.1.jar;C:\eclipse\WorkspaceSemanticBits\c3prv2\codebase\projects\web\ext\lib\CaXchangeRequestProcessor-client.jar;C:\eclipse\WorkspaceSemanticBits\c3prv2\codebase\projects\web\ext\lib\CaXchangeRequestProcessor-common.jar;C:\eclipse\WorkspaceSemanticBits\c3prv2\codebase\projects\web\ext\lib\CaXchangeRequestProcessor-stubs.jar;C:\eclipse\WorkspaceSemanticBits\c3prv2\codebase\projects\web\ext\lib\acegi-csm-0.3.jar;C:\eclipse\WorkspaceSemanticBits\c3prv2\codebase\projects\web\ext\lib\acegi-csm-0.5.jar;C:\eclipse\WorkspaceSemanticBits\c3prv2\codebase\projects\web\ext\lib\acegi-security-1.0.3.jar;C:\eclipse\WorkspaceSemanticBits\c3prv2\codebase\projects\web\ext\lib\acegi-security-cas-1.0.3.jar;C:\eclipse\WorkspaceSemanticBits\c3prv2\codebase\projects\web\ext\lib\acegi-security-tiger-1.0.3.jar;C:\eclipse\WorkspaceSemanticBits\c3prv2\codebase\projects\web\ext\lib\activation-1.0.2.jar;C:\eclipse\WorkspaceSemanticBits\c3prv2\codebase\projects\web\ext\lib\activeio-core-3.0-beta4.jar;C:\eclipse\WorkspaceSemanticBits\c3prv2\codebase\projects\web\ext\lib\activemq-core-4.0.2.jar;C:\eclipse\WorkspaceSemanticBits\c3prv2\codebase\projects\web\ext\lib\addressing-1.0.jar;C:\eclipse\WorkspaceSemanticBits\c3prv2\codebase\projects\web\ext\lib\ant-contrib.jar;C:\eclipse\WorkspaceSemanticBits\c3prv2\codebase\projects\web\ext\lib\antlr-2.7.6.jar;C:\eclipse\WorkspaceSemanticBits\c3prv2\codebase\projects\web\ext\lib\aopalliance.jar;C:\eclipse\WorkspaceSemanticBits\c3prv2\codebase\projects\web\ext\lib\asm-2.2.3.jar;C:\eclipse\WorkspaceSemanticBits\c3prv2\codebase\projects\web\ext\lib\asm-commons-2.2.3.jar;C:\eclipse\WorkspaceSemanticBits\c3prv2\codebase\projects\web\ext\lib\asm-util-2.2.3.jar;C:\eclipse\WorkspaceSemanticBits\c3prv2\codebase\projects\web\ext\lib\aspectjrt-1.5.3.jar;C:\eclipse\WorkspaceSemanticBits\c3prv2\codebase\projects\web\ext\lib\aspectjweaver-1.5.3.jar;C:\eclipse\WorkspaceSemanticBits\c3prv2\codebase\projects\web\ext\lib\avalon-framework-cvs-20020806.jar;C:\eclipse\WorkspaceSemanticBits\c3prv2\codebase\projects\web\ext\lib\axis-url.jar;C:\eclipse\WorkspaceSemanticBits\c3prv2\codebase\projects\web\ext\lib\axis.jar;C:\eclipse\WorkspaceSemanticBits\c3prv2\codebase\projects\web\ext\lib\backport-util-concurrent-2.1.jar;C:\eclipse\WorkspaceSemanticBits\c3prv2\codebase\projects\web\ext\lib\bootstrap.jar;C:\eclipse\WorkspaceSemanticBits\c3prv2\codebase\projects\web\ext\lib\c3p0-0.8.5.2.jar;C:\eclipse\WorkspaceSemanticBits\c3prv2\codebase\projects\web\ext\lib\c3pr-2.0-core-1.0.jar;C:\eclipse\WorkspaceSemanticBits\c3prv2\codebase\projects\web\ext\lib\c3pr-2.0-esb-client-1.0.jar;C:\eclipse\WorkspaceSemanticBits\c3prv2\codebase\projects\web\ext\lib\caGrid-1.1-Introduce-1.1-serviceTools.jar;C:\eclipse\WorkspaceSemanticBits\c3prv2\codebase\projects\web\ext\lib\caGrid-1.1-ServiceSecurityProvider-client.jar;C:\eclipse\WorkspaceSemanticBits\c3prv2\codebase\projects\web\ext\lib\caGrid-1.1-ServiceSecurityProvider-common.jar;C:\eclipse\WorkspaceSemanticBits\c3prv2\codebase\projects\web\ext\lib\caGrid-1.1-ServiceSecurityProvider-service.jar;C:\eclipse\WorkspaceSemanticBits\c3prv2\codebase\projects\web\ext\lib\caGrid-1.1-ServiceSecurityProvider-stubs.jar;C:\eclipse\WorkspaceSemanticBits\c3prv2\codebase\projects\web\ext\lib\caGrid-1.1-advertisement.jar;C:\eclipse\WorkspaceSemanticBits\c3prv2\codebase\projects\web\ext\lib\caGrid-1.1-authentication-service-client.jar;C:\eclipse\WorkspaceSemanticBits\c3prv2\codebase\projects\web\ext\lib\caGrid-1.1-authentication-service-common.jar;C:\eclipse\WorkspaceSemanticBits\c3prv2\codebase\projects\web\ext\lib\caGrid-1.1-authentication-service-stubs.jar;C:\eclipse\WorkspaceSemanticBits\c3prv2\codebase\projects\web\ext\lib\caGrid-1.1-core.jar;C:\eclipse\WorkspaceSemanticBits\c3prv2\codebase\projects\web\ext\lib\caGrid-1.1-dorian-client.jar;C:\eclipse\WorkspaceSemanticBits\c3prv2\codebase\projects\web\ext\lib\caGrid-1.1-dorian-common.jar;C:\eclipse\WorkspaceSemanticBits\c3prv2\codebase\projects\web\ext\lib\caGrid-1.1-dorian-stubs.jar;C:\eclipse\WorkspaceSemanticBits\c3prv2\codebase\projects\web\ext\lib\caGrid-1.1-metadata-common.jar;C:\eclipse\WorkspaceSemanticBits\c3prv2\codebase\projects\web\ext\lib\caGrid-1.1-metadata-data.jar;C:\eclipse\WorkspaceSemanticBits\c3prv2\codebase\projects\web\ext\lib\caGrid-1.1-metadata-security.jar;C:\eclipse\WorkspaceSemanticBits\c3prv2\codebase\projects\web\ext\lib\caGrid-1.1-metadataUtils.jar;C:\eclipse\WorkspaceSemanticBits\c3prv2\codebase\projects\web\ext\lib\caGrid-1.1-opensaml-1.1.jar;C:\eclipse\WorkspaceSemanticBits\c3prv2\codebase\projects\web\ext\lib\castor-0.9.9.jar;C:\eclipse\WorkspaceSemanticBits\c3prv2\codebase\projects\web\ext\lib\castor-1.1.2.1.jar;C:\eclipse\WorkspaceSemanticBits\c3prv2\codebase\projects\web\ext\lib\cglib-nodep-2.1_3.jar;C:\eclipse\WorkspaceSemanticBits\c3prv2\codebase\projects\web\ext\lib\client.jar;C:\eclipse\WorkspaceSemanticBits\c3prv2\codebase\projects\web\ext\lib\clm-3.2.1-ctms00.jar;C:\eclipse\WorkspaceSemanticBits\c3prv2\codebase\projects\web\ext\lib\clm.jar;C:\eclipse\WorkspaceSemanticBits\c3prv2\codebase\projects\web\ext\lib\cog-axis.jar;C:\eclipse\WorkspaceSemanticBits\c3prv2\codebase\projects\web\ext\lib\cog-jglobus.jar;C:\eclipse\WorkspaceSemanticBits\c3prv2\codebase\projects\web\ext\lib\cog-tomcat.jar;C:\eclipse\WorkspaceSemanticBits\c3prv2\codebase\projects\web\ext\lib\cog-url.jar;C:\eclipse\WorkspaceSemanticBits\c3prv2\codebase\projects\web\ext\lib\collections-generic-4.01.jar;C:\eclipse\WorkspaceSemanticBits\c3prv2\codebase\projects\web\ext\lib\commonj.jar;C:\eclipse\WorkspaceSemanticBits\c3prv2\codebase\projects\web\ext\lib\commons-beanutils-1.7.0.jar;C:\eclipse\WorkspaceSemanticBits\c3prv2\codebase\projects\web\ext\lib\commons-beanutils.jar;C:\eclipse\WorkspaceSemanticBits\c3prv2\codebase\projects\web\ext\lib\commons-cli-2.0.jar;C:\eclipse\WorkspaceSemanticBits\c3prv2\codebase\projects\web\ext\lib\commons-collections-3.0.jar;C:\eclipse\WorkspaceSemanticBits\c3prv2\codebase\projects\web\ext\lib\commons-collections-3.1.jar;C:\eclipse\WorkspaceSemanticBits\c3prv2\codebase\projects\web\ext\lib\commons-collections-3.2.jar;C:\eclipse\WorkspaceSemanticBits\c3prv2\codebase\projects\web\ext\lib\commons-configuration-1.5.jar;C:\eclipse\WorkspaceSemanticBits\c3prv2\codebase\projects\web\ext\lib\commons-dbcp-1.2.1.jar;C:\eclipse\WorkspaceSemanticBits\c3prv2\codebase\projects\web\ext\lib\commons-digester.jar;C:\eclipse\WorkspaceSemanticBits\c3prv2\codebase\projects\web\ext\lib\commons-discovery.jar;C:\eclipse\WorkspaceSemanticBits\c3prv2\codebase\projects\web\ext\lib\commons-io-1.3.1.jar;C:\eclipse\WorkspaceSemanticBits\c3prv2\codebase\projects\web\ext\lib\commons-lang-2.1.jar;C:\eclipse\WorkspaceSemanticBits\c3prv2\codebase\projects\web\ext\lib\commons-lang-2.3.jar;C:\eclipse\WorkspaceSemanticBits\c3prv2\codebase\projects\web\ext\lib\commons-logging-1.1.jar;C:\eclipse\WorkspaceSemanticBits\c3prv2\codebase\projects\web\ext\lib\commons-logging.jar;C:\eclipse\WorkspaceSemanticBits\c3prv2\codebase\projects\web\ext\lib\commons-pool-1.2.jar;C:\eclipse\WorkspaceSemanticBits\c3prv2\codebase\projects\web\ext\lib\concurrent.jar;C:\eclipse\WorkspaceSemanticBits\c3prv2\codebase\projects\web\ext\lib\cryptix-asn1.jar;C:\eclipse\WorkspaceSemanticBits\c3prv2\codebase\projects\web\ext\lib\cryptix.jar;C:\eclipse\WorkspaceSemanticBits\c3prv2\codebase\projects\web\ext\lib\cryptix32.jar;C:\eclipse\WorkspaceSemanticBits\c3prv2\codebase\projects\web\ext\lib\csmapi-3.2.1-ctms00.jar;C:\eclipse\WorkspaceSemanticBits\c3prv2\codebase\projects\web\ext\lib\ctms-commons-base-0.3.jar;C:\eclipse\WorkspaceSemanticBits\c3prv2\codebase\projects\web\ext\lib\ctms-commons-base-0.5-SNAPSHOT.jar;C:\eclipse\WorkspaceSemanticBits\c3prv2\codebase\projects\web\ext\lib\ctms-commons-base-0.5.jar;C:\eclipse\WorkspaceSemanticBits\c3prv2\codebase\projects\web\ext\lib\ctms-commons-core-0.3.jar;C:\eclipse\WorkspaceSemanticBits\c3prv2\codebase\projects\web\ext\lib\ctms-commons-core-0.5-SNAPSHOT.jar;C:\eclipse\WorkspaceSemanticBits\c3prv2\codebase\projects\web\ext\lib\ctms-commons-core-0.5.jar;C:\eclipse\WorkspaceSemanticBits\c3prv2\codebase\projects\web\ext\lib\ctms-commons-laf-0.5-SNAPSHOT.jar;C:\eclipse\WorkspaceSemanticBits\c3prv2\codebase\projects\web\ext\lib\ctms-commons-lang-0.3.jar;C:\eclipse\WorkspaceSemanticBits\c3prv2\codebase\projects\web\ext\lib\ctms-commons-lang-0.5-SNAPSHOT.jar;C:\eclipse\WorkspaceSemanticBits\c3prv2\codebase\projects\web\ext\lib\ctms-commons-lang-0.5.jar;C:\eclipse\WorkspaceSemanticBits\c3prv2\codebase\projects\web\ext\lib\ctms-commons-web-0.3.jar;C:\eclipse\WorkspaceSemanticBits\c3prv2\codebase\projects\web\ext\lib\ctms-commons-web-0.5-SNAPSHOT.jar;C:\eclipse\WorkspaceSemanticBits\c3prv2\codebase\projects\web\ext\lib\ctms-commons-web-0.5.jar;C:\eclipse\WorkspaceSemanticBits\c3prv2\codebase\projects\web\ext\lib\ctms-web-sso.jar;C:\eclipse\WorkspaceSemanticBits\c3prv2\codebase\projects\web\ext\lib\dom4j-1.6.1.jar;C:\eclipse\WorkspaceSemanticBits\c3prv2\codebase\projects\web\ext\lib\ehcache-1.2.3.jar;C:\eclipse\WorkspaceSemanticBits\c3prv2\codebase\projects\web\ext\lib\ejb3-persistence.jar;C:\eclipse\WorkspaceSemanticBits\c3prv2\codebase\projects\web\ext\lib\extremecomponents-1.0.1.jar;C:\eclipse\WorkspaceSemanticBits\c3prv2\codebase\projects\web\ext\lib\fop.jar;C:\eclipse\WorkspaceSemanticBits\c3prv2\codebase\projects\web\ext\lib\globus_resolution_service.jar;C:\eclipse\WorkspaceSemanticBits\c3prv2\codebase\projects\web\ext\lib\globus_resolution_stubs_java.jar;C:\eclipse\WorkspaceSemanticBits\c3prv2\codebase\projects\web\ext\lib\globus_resolution_test.jar;C:\eclipse\WorkspaceSemanticBits\c3prv2\codebase\projects\web\ext\lib\globus_transfer_service.jar;C:\eclipse\WorkspaceSemanticBits\c3prv2\codebase\projects\web\ext\lib\globus_transfer_stubs_java.jar;C:\eclipse\WorkspaceSemanticBits\c3prv2\codebase\projects\web\ext\lib\globus_transfer_test.jar;C:\eclipse\WorkspaceSemanticBits\c3prv2\codebase\projects\web\ext\lib\globus_usage_core.jar;C:\eclipse\WorkspaceSemanticBits\c3prv2\codebase\projects\web\ext\lib\globus_usage_packets_common.jar;C:\eclipse\WorkspaceSemanticBits\c3prv2\codebase\projects\web\ext\lib\globus_wsrf_mds_aggregator.jar;C:\eclipse\WorkspaceSemanticBits\c3prv2\codebase\projects\web\ext\lib\globus_wsrf_mds_aggregator_stubs.jar;C:\eclipse\WorkspaceSemanticBits\c3prv2\codebase\projects\web\ext\lib\globus_wsrf_servicegroup.jar;C:\eclipse\WorkspaceSemanticBits\c3prv2\codebase\projects\web\ext\lib\globus_wsrf_servicegroup_stubs.jar;C:\eclipse\WorkspaceSemanticBits\c3prv2\codebase\projects\web\ext\lib\globus_wsrf_tools_test.jar;C:\eclipse\WorkspaceSemanticBits\c3prv2\codebase\projects\web\ext\lib\grid-security-plugin-1.0.jar;C:\eclipse\WorkspaceSemanticBits\c3prv2\codebase\projects\web\ext\lib\handle.jar;C:\eclipse\WorkspaceSemanticBits\c3prv2\codebase\projects\web\ext\lib\handlerservice.jar;C:\eclipse\WorkspaceSemanticBits\c3prv2\codebase\projects\web\ext\lib\hibernate-annotations.jar;C:\eclipse\WorkspaceSemanticBits\c3prv2\codebase\projects\web\ext\lib\hibernate3.2.1.jar;C:\eclipse\WorkspaceSemanticBits\c3prv2\codebase\projects\web\ext\lib\jakarta-oro-2.0.8.jar;C:\eclipse\WorkspaceSemanticBits\c3prv2\codebase\projects\web\ext\lib\jaxen-core.jar;C:\eclipse\WorkspaceSemanticBits\c3prv2\codebase\projects\web\ext\lib\jaxen-jdom.jar;C:\eclipse\WorkspaceSemanticBits\c3prv2\codebase\projects\web\ext\lib\jaxrpc.jar;C:\eclipse\WorkspaceSemanticBits\c3prv2\codebase\projects\web\ext\lib\jboss-j2ee-4.0.5.jar;C:\eclipse\WorkspaceSemanticBits\c3prv2\codebase\projects\web\ext\lib\jboss-jsr77.jar;C:\eclipse\WorkspaceSemanticBits\c3prv2\codebase\projects\web\ext\lib\jce-jdk13-125.jar;C:\eclipse\WorkspaceSemanticBits\c3prv2\codebase\projects\web\ext\lib\jdom-1.0.jar;C:\eclipse\WorkspaceSemanticBits\c3prv2\codebase\projects\web\ext\lib\jdom.jar;C:\eclipse\WorkspaceSemanticBits\c3prv2\codebase\projects\web\ext\lib\jgss.jar;C:\eclipse\WorkspaceSemanticBits\c3prv2\codebase\projects\web\ext\lib\jstl.jar;C:\eclipse\WorkspaceSemanticBits\c3prv2\codebase\projects\web\ext\lib\jta.jar;C:\eclipse\WorkspaceSemanticBits\c3prv2\codebase\projects\web\ext\lib\junit.jar;C:\eclipse\WorkspaceSemanticBits\c3prv2\codebase\projects\web\ext\lib\log4j-1.2.13.jar;C:\eclipse\WorkspaceSemanticBits\c3prv2\codebase\projects\web\ext\lib\log4j-1.2.8.jar;C:\eclipse\WorkspaceSemanticBits\c3prv2\codebase\projects\web\ext\lib\mail-1.3.2.jar;C:\eclipse\WorkspaceSemanticBits\c3prv2\codebase\projects\web\ext\lib\mobius_common_client-1.1.jar;C:\eclipse\WorkspaceSemanticBits\c3prv2\codebase\projects\web\ext\lib\mobius_factories-1.1.jar;C:\eclipse\WorkspaceSemanticBits\c3prv2\codebase\projects\web\ext\lib\mobius_gme_client-1.1.jar;C:\eclipse\WorkspaceSemanticBits\c3prv2\codebase\projects\web\ext\lib\mobius_mako_client-1.1.jar;C:\eclipse\WorkspaceSemanticBits\c3prv2\codebase\projects\web\ext\lib\mobius_tools-1.1.jar;C:\eclipse\WorkspaceSemanticBits\c3prv2\codebase\projects\web\ext\lib\naming-common.jar;C:\eclipse\WorkspaceSemanticBits\c3prv2\codebase\projects\web\ext\lib\naming-factory.jar;C:\eclipse\WorkspaceSemanticBits\c3prv2\codebase\projects\web\ext\lib\naming-java.jar;C:\eclipse\WorkspaceSemanticBits\c3prv2\codebase\projects\web\ext\lib\naming-resources.jar;C:\eclipse\WorkspaceSemanticBits\c3prv2\codebase\projects\web\ext\lib\northwestern-core-commons.jar;C:\eclipse\WorkspaceSemanticBits\c3prv2\codebase\projects\web\ext\lib\ojdbc14.jar;C:\eclipse\WorkspaceSemanticBits\c3prv2\codebase\projects\web\ext\lib\opensaml.jar;C:\eclipse\WorkspaceSemanticBits\c3prv2\codebase\projects\web\ext\lib\poi-3.0-rc4-20070503.jar;C:\eclipse\WorkspaceSemanticBits\c3prv2\codebase\projects\web\ext\lib\poi-contrib-3.0-rc4-20070503.jar;C:\eclipse\WorkspaceSemanticBits\c3prv2\codebase\projects\web\ext\lib\poi-scratchpad-3.0-rc4-20070503.jar;C:\eclipse\WorkspaceSemanticBits\c3prv2\codebase\projects\web\ext\lib\postgresql-8.1-407.jdbc3.jar;C:\eclipse\WorkspaceSemanticBits\c3prv2\codebase\projects\web\ext\lib\puretls.jar;C:\eclipse\WorkspaceSemanticBits\c3prv2\codebase\projects\web\ext\lib\resolver.jar;C:\eclipse\WorkspaceSemanticBits\c3prv2\codebase\projects\web\ext\lib\saaj.jar;C:\eclipse\WorkspaceSemanticBits\c3prv2\codebase\projects\web\ext\lib\saxpath.jar;C:\eclipse\WorkspaceSemanticBits\c3prv2\codebase\projects\web\ext\lib\servlet.jar;C:\eclipse\WorkspaceSemanticBits\c3prv2\codebase\projects\web\ext\lib\spring-aspects.jar;C:\eclipse\WorkspaceSemanticBits\c3prv2\codebase\projects\web\ext\lib\spring.jar;C:\eclipse\WorkspaceSemanticBits\c3prv2\codebase\projects\web\ext\lib\standard.jar;C:\eclipse\WorkspaceSemanticBits\c3prv2\codebase\projects\web\ext\lib\wsdl4j.jar;C:\eclipse\WorkspaceSemanticBits\c3prv2\codebase\projects\web\ext\lib\wsrf_common.jar;C:\eclipse\WorkspaceSemanticBits\c3prv2\codebase\projects\web\ext\lib\wsrf_core.jar;C:\eclipse\WorkspaceSemanticBits\c3prv2\codebase\projects\web\ext\lib\wsrf_core_registry.jar;C:\eclipse\WorkspaceSemanticBits\c3prv2\codebase\projects\web\ext\lib\wsrf_core_registry_stubs.jar;C:\eclipse\WorkspaceSemanticBits\c3prv2\codebase\projects\web\ext\lib\wsrf_core_samples_authzService.jar;C:\eclipse\WorkspaceSemanticBits\c3prv2\codebase\projects\web\ext\lib\wsrf_core_samples_authzService_stubs.jar;C:\eclipse\WorkspaceSemanticBits\c3prv2\codebase\projects\web\ext\lib\wsrf_core_samples_counter.jar;C:\eclipse\WorkspaceSemanticBits\c3prv2\codebase\projects\web\ext\lib\wsrf_core_samples_counter_stubs.jar;C:\eclipse\WorkspaceSemanticBits\c3prv2\codebase\projects\web\ext\lib\wsrf_core_samples_mgmt.jar;C:\eclipse\WorkspaceSemanticBits\c3prv2\codebase\projects\web\ext\lib\wsrf_core_samples_mgmt_stubs.jar;C:\eclipse\WorkspaceSemanticBits\c3prv2\codebase\projects\web\ext\lib\wsrf_core_stubs.jar;C:\eclipse\WorkspaceSemanticBits\c3prv2\codebase\projects\web\ext\lib\wsrf_provider_jce.jar;C:\eclipse\WorkspaceSemanticBits\c3prv2\codebase\projects\web\ext\lib\wsrf_test.jar;C:\eclipse\WorkspaceSemanticBits\c3prv2\codebase\projects\web\ext\lib\wsrf_test_interop.jar;C:\eclipse\WorkspaceSemanticBits\c3prv2\codebase\projects\web\ext\lib\wsrf_test_interop_stubs.jar;C:\eclipse\WorkspaceSemanticBits\c3prv2\codebase\projects\web\ext\lib\wsrf_test_unit.jar;C:\eclipse\WorkspaceSemanticBits\c3prv2\codebase\projects\web\ext\lib\wsrf_test_unit_stubs.jar;C:\eclipse\WorkspaceSemanticBits\c3prv2\codebase\projects\web\ext\lib\wsrf_tools.jar;C:\eclipse\WorkspaceSemanticBits\c3prv2\codebase\projects\web\ext\lib\wss4j.jar;C:\eclipse\WorkspaceSemanticBits\c3prv2\codebase\projects\web\ext\lib\xalan.jar;C:\eclipse\WorkspaceSemanticBits\c3prv2\codebase\projects\web\ext\lib\xbean-spring-2.7.jar;C:\eclipse\WorkspaceSemanticBits\c3prv2\codebase\projects\web\ext\lib\xerces-2.6.2.jar;C:\eclipse\WorkspaceSemanticBits\c3prv2\codebase\projects\web\ext\lib\xerces.jar;C:\eclipse\WorkspaceSemanticBits\c3prv2\codebase\projects\web\ext\lib\xercesImpl.jar;C:\eclipse\WorkspaceSemanticBits\c3prv2\codebase\projects\web\ext\lib\xml-apis.jar;C:\eclipse\WorkspaceSemanticBits\c3prv2\codebase\projects\web\ext\lib\xmlsec.jar;C:\Tomcat 5.5\common\lib\commons-el.jar;C:\Tomcat 5.5\common\lib\jasper-compiler-jdt.jar;C:\Tomcat 5.5\common\lib\jasper-compiler.jar;C:\Tomcat 5.5\common\lib\jasper-runtime.jar;C:\Tomcat 5.5\common\lib\jsp-api.jar;C:\Tomcat 5.5\common\lib\naming-factory-dbcp.jar;C:\Tomcat 5.5\common\lib\naming-factory.jar;C:\Tomcat 5.5\common\lib\naming-resources.jar;C:\Tomcat 5.5\common\lib\servlet-api.jar;C:\eclipse\WorkspaceSemanticBits\c3prv2\codebase\projects\web\ext\compile\lib\c3pr-management-1.0.jar;C:\eclipse\WorkspaceSemanticBits\c3prv2\codebase\projects\web\build\jars\c3pr-2.0-c3pr-2.0-web-tests-1.0.jar;C:\eclipse\WorkspaceSemanticBits\c3prv2\codebase\projects\web\build\jars\c3pr-2.0-web-1.0.jar;C:\eclipse\WorkspaceSemanticBits\c3prv2\codebase\projects\web\test\lib\catrip-test-report-1.0.jar;C:\eclipse\WorkspaceSemanticBits\c3prv2\codebase\projects\web\test\lib\core-commons-testing.jar;C:\eclipse\WorkspaceSemanticBits\c3prv2\codebase\projects\web\test\lib\easymock.jar;C:\eclipse\WorkspaceSemanticBits\c3prv2\codebase\projects\web\test\lib\easymockclassextension.jar;C:\eclipse\WorkspaceSemanticBits\c3prv2\codebase\projects\web\test\lib\servlet-api.jar;C:\eclipse\WorkspaceSemanticBits\c3prv2\codebase\projects\web\ext\test\lib\c3pr-2.0-core-tests-1.0.jar;C:\eclipse\WorkspaceSemanticBits\c3prv2\codebase\projects\web\ext\test\lib\catrip-test-report-1.0.jar;C:\eclipse\WorkspaceSemanticBits\c3prv2\codebase\projects\web\ext\test\lib\core-commons-testing.jar;C:\eclipse\WorkspaceSemanticBits\c3prv2\codebase\projects\web\ext\test\lib\dbunit-2.1.jar;C:\eclipse\WorkspaceSemanticBits\c3prv2\codebase\projects\web\ext\test\lib\easymock.jar;C:\eclipse\WorkspaceSemanticBits\c3prv2\codebase\projects\web\ext\test\lib\easymockclassextension.jar;C:\eclipse\WorkspaceSemanticBits\c3prv2\codebase\projects\web\ext\test\lib\hsqldb.jar;C:\eclipse\WorkspaceSemanticBits\c3prv2\codebase\projects\web\ext\test\lib\junit-3.8.1.jar;C:\eclipse\WorkspaceSemanticBits\c3prv2\codebase\projects\web\ext\test\lib\servlet-api.jar;C:\eclipse\WorkspaceSemanticBits\c3prv2\codebase\projects\web\ext\test\lib\spring-mock.jar;C:\eclipse\WorkspaceSemanticBits\c3prv2\codebase\share\cobertura-1.8\cobertura.jar;C:\eclipse\WorkspaceSemanticBits\c3prv2\codebase\share\cobertura-1.8\lib\asm-2.2.1.jar;C:\eclipse\WorkspaceSemanticBits\c3prv2\codebase\share\cobertura-1.8\lib\jakarta-oro-2.0.8.jar;C:\eclipse\WorkspaceSemanticBits\c3prv2\codebase\share\cobertura-1.8\lib\log4j-1.2.9.jar;C:\apache-ant-1.7.0\lib\ant-launcher.jar;C:\apache-ant-1.7.0\lib\ant.jar;C:\apache-ant-1.7.0\lib\ant-junit.jar" />
    <property name="env.HOMEPATH" value="\Users\Vinay" />
    <property name="DSTAMP" value="20071210" />
    <property name="ant.library.dir" value="C:\apache-ant-1.7.0\lib" />
    <property name="webinfviews.dir" value="C:\eclipse\WorkspaceSemanticBits\c3prv2\codebase\projects\web\web/WEB-INF/views" />
    <property name="os.arch" value="x86" />
    <property name="testcoverage.datafile" value="C:\eclipse\WorkspaceSemanticBits\c3prv2\codebase\projects\web\test\logs\web.ser" />
    <property name="env.PLATFORM" value="MCD" />
    <property name="env.SESSIONNAME" value="Console" />
    <property name="sun.java.launcher" value="SUN_STANDARD" />
    <property name="classes.dir" value="C:\eclipse\WorkspaceSemanticBits\c3prv2\codebase\projects\web/build/classes" />
    <property name="datasource.dialect" value="org.hibernate.dialect.PostgreSQLDialect" />
    <property name="env.CommonProgramFiles" value="C:\Program Files\Common Files" />
    <property name="env.ProgramFiles" value="C:\Program Files" />
    <property name="java.vm.specification.vendor" value="Sun Microsystems Inc." />
    <property name="datasource.username" value="postgres" />
    <property name="grid.idpUrl" value="https://10.10.10.2:8446/wsrf/services/cagrid/AuthenticationService" />
    <property name="TSTAMP" value="1640" />
    <property name="file.separator" value="\" />
    <property name="ant.file.c3pr-2.0-utilities" value="C:\eclipse\WorkspaceSemanticBits\c3prv2\codebase\antfiles\build-utilities.xml" />
    <property name="java.runtime.version" value="1.5.0_12-b04" />
    <property name="env.ANT_CMD_LINE_ARGS" value="test" />
    <property name="sun.boot.class.path" value="C:\Program Files\Java\jdk1.5.0_12\jre\lib\rt.jar;C:\Program Files\Java\jdk1.5.0_12\jre\lib\i18n.jar;C:\Program Files\Java\jdk1.5.0_12\jre\lib\sunrsasign.jar;C:\Program Files\Java\jdk1.5.0_12\jre\lib\jsse.jar;C:\Program Files\Java\jdk1.5.0_12\jre\lib\jce.jar;C:\Program Files\Java\jdk1.5.0_12\jre\lib\charsets.jar;C:\Program Files\Java\jdk1.5.0_12\jre\classes" />
    <property name="project.jarfile" value="C:\eclipse\WorkspaceSemanticBits\c3prv2\codebase\projects\web/build/jars/c3pr-2.0-web-1.0.jar" />
    <property name="env.ComSpec" value="C:\Windows\system32\cmd.exe" />
    <property name="outgoing.mail.server.port" value="25" />
    <property name="env.TEMP" value="C:\Users\Vinay\AppData\Local\Temp" />
    <property name="user.country" value="US" />
    <property name="env.ANT_HOME" value="C:\apache-ant-1.7.0" />
    <property name="hotlinks.c3d" value="https://octrials-train.nci.nih.gov/opa45/rdclaunch.htm" />
    <property name="java.vendor" value="Sun Microsystems Inc." />
    <property name="grid.ifsUrl" value="https://10.10.10.2:8443/wsrf/services/cagrid/Dorian" />
    <property name="web.dir" value="C:\eclipse\WorkspaceSemanticBits\c3prv2\codebase\projects\web\web" />
    <property name="env.CATALINA_HOME" value="C:\Tomcat 5.5" />
    <property name="java.specification.version" value="1.5" />
    <property name="sun.arch.data.model" value="32" />
  </properties>
  <testcase classname="edu.duke.cabig.c3pr.web.EditParticipantControllerTest" name="testReferenceData" time="19.604" />
  <system-out><![CDATA[2007-12-10 16:41:12,419 INFO  org.springframework.context.support.ClassPathXmlApplicationContext : Refreshing org.springframework.context.support.ClassPathXmlApplicationContext@79a2e7: display name [org.springframework.context.support.ClassPathXmlApplicationContext@79a2e7]; startup date [Mon Dec 10 16:41:12 EST 2007]; root of context hierarchy
2007-12-10 16:41:12,691 INFO  org.springframework.beans.factory.xml.XmlBeanDefinitionReader : Loading XML bean definitions from URL [jar:file:/C:/eclipse/WorkspaceSemanticBits/c3prv2/codebase/projects/web/ext/lib/c3pr-2.0-core-1.0.jar!/edu/duke/cabig/c3pr/applicationContext-configProperties.xml]
2007-12-10 16:41:14,347 INFO  org.springframework.beans.factory.xml.XmlBeanDefinitionReader : Loading XML bean definitions from URL [jar:file:/C:/eclipse/WorkspaceSemanticBits/c3prv2/codebase/projects/web/ext/lib/c3pr-2.0-core-1.0.jar!/edu/duke/cabig/c3pr/applicationContext-core-db.xml]
2007-12-10 16:41:14,459 INFO  org.springframework.beans.factory.xml.XmlBeanDefinitionReader : Loading XML bean definitions from URL [jar:file:/C:/eclipse/WorkspaceSemanticBits/c3prv2/codebase/projects/web/ext/lib/c3pr-2.0-core-1.0.jar!/edu/duke/cabig/c3pr/applicationContext-core-security.xml]
2007-12-10 16:41:14,838 INFO  org.springframework.beans.factory.xml.XmlBeanDefinitionReader : Loading XML bean definitions from URL [jar:file:/C:/eclipse/WorkspaceSemanticBits/c3prv2/codebase/projects/web/ext/lib/c3pr-2.0-core-1.0.jar!/edu/duke/cabig/c3pr/applicationContext-core.xml]
2007-12-10 16:41:15,016 INFO  org.springframework.beans.factory.xml.XmlBeanDefinitionReader : Loading XML bean definitions from URL [jar:file:/C:/eclipse/WorkspaceSemanticBits/c3prv2/codebase/projects/web/ext/lib/c3pr-2.0-core-1.0.jar!/edu/duke/cabig/c3pr/applicationContext-csm.xml]
2007-12-10 16:41:15,083 INFO  org.springframework.beans.factory.xml.XmlBeanDefinitionReader : Loading XML bean definitions from URL [jar:file:/C:/eclipse/WorkspaceSemanticBits/c3prv2/codebase/projects/web/ext/lib/c3pr-2.0-core-1.0.jar!/edu/duke/cabig/c3pr/applicationContext-esb.xml]
2007-12-10 16:41:15,213 INFO  org.springframework.beans.factory.xml.XmlBeanDefinitionReader : Loading XML bean definitions from URL [jar:file:/C:/eclipse/WorkspaceSemanticBits/c3prv2/codebase/projects/web/build/jars/c3pr-2.0-web-1.0.jar!/edu/duke/cabig/c3pr/applicationContext-web-dwr.xml]
2007-12-10 16:41:15,314 INFO  org.springframework.beans.factory.xml.XmlBeanDefinitionReader : Loading XML bean definitions from URL [jar:file:/C:/eclipse/WorkspaceSemanticBits/c3prv2/codebase/projects/web/build/jars/c3pr-2.0-web-1.0.jar!/edu/duke/cabig/c3pr/applicationContext-web-security.xml]
2007-12-10 16:41:15,593 INFO  org.springframework.beans.factory.xml.XmlBeanDefinitionReader : Loading XML bean definitions from URL [jar:file:/C:/eclipse/WorkspaceSemanticBits/c3prv2/codebase/projects/web/build/jars/c3pr-2.0-web-1.0.jar!/edu/duke/cabig/c3pr/applicationContext-web-sso.xml]
2007-12-10 16:41:15,671 INFO  org.springframework.beans.factory.xml.XmlBeanDefinitionReader : Loading XML bean definitions from URL [jar:file:/C:/eclipse/WorkspaceSemanticBits/c3prv2/codebase/projects/web/build/jars/c3pr-2.0-web-1.0.jar!/edu/duke/cabig/c3pr/applicationContext-web.xml]
2007-12-10 16:41:15,713 INFO  org.springframework.context.support.ClassPathXmlApplicationContext : Bean factory for application context [org.springframework.context.support.ClassPathXmlApplicationContext@79a2e7]: org.springframework.beans.factory.support.DefaultListableBeanFactory@10fe2b9
2007-12-10 16:41:16,154 INFO  org.springframework.beans.factory.config.PropertyPlaceholderConfigurer : Loading properties file from class path resource [context/c3pr.properties]
2007-12-10 16:41:16,157 INFO  org.springframework.beans.factory.config.PropertyPlaceholderConfigurer : Loading properties file from URL [file:C:/Users/Vinay/.c3pr/c3pr.properties]
2007-12-10 16:41:16,158 WARN  org.springframework.beans.factory.config.PropertyPlaceholderConfigurer : Could not load properties from URL [file:C:/Users/Vinay/.c3pr/c3pr.properties]: C:\Users\Vinay\.c3pr\c3pr.properties (The system cannot find the path specified)
2007-12-10 16:41:16,158 INFO  org.springframework.beans.factory.config.PropertyPlaceholderConfigurer : Loading properties file from URL [file:C:/Tomcat 5.5/conf/c3pr.properties]
2007-12-10 16:41:16,186 WARN  org.springframework.beans.factory.config.PropertyPlaceholderConfigurer : Could not load properties from URL [file:C:/Tomcat 5.5/conf/c3pr.properties]: C:\Tomcat 5.5\conf\c3pr.properties (The system cannot find the file specified)
2007-12-10 16:41:16,214 INFO  org.springframework.beans.factory.config.PropertyPlaceholderConfigurer : Loading properties file from class path resource [context/web.properties]
2007-12-10 16:41:16,322 INFO  org.springframework.context.support.ClassPathXmlApplicationContext : Bean 'org.springframework.aop.config.internalAutoProxyCreator' is not eligible for getting processed by all BeanPostProcessors (for example: not eligible for auto-proxying)
2007-12-10 16:41:16,358 INFO  org.springframework.context.support.ClassPathXmlApplicationContext : Bean 'org.springframework.beans.factory.annotation.RequiredAnnotationBeanPostProcessor' is not eligible for getting processed by all BeanPostProcessors (for example: not eligible for auto-proxying)
2007-12-10 16:41:16,591 INFO  org.springframework.context.support.ClassPathXmlApplicationContext : Bean '(inner bean)' is not eligible for getting processed by all BeanPostProcessors (for example: not eligible for auto-proxying)
2007-12-10 16:41:16,991 INFO  org.springframework.context.support.ClassPathXmlApplicationContext : Bean 'org.springframework.aop.aspectj.AspectJPointcutAdvisor' is not eligible for getting processed by all BeanPostProcessors (for example: not eligible for auto-proxying)
2007-12-10 16:41:17,207 INFO  org.springframework.context.support.ClassPathXmlApplicationContext : Bean 'dataSource' is not eligible for getting processed by all BeanPostProcessors (for example: not eligible for auto-proxying)
2007-12-10 16:41:17,554 INFO  org.springframework.context.support.ClassPathXmlApplicationContext : Bean 'org.hibernate.cfg.ImprovedNamingStrategy#b30913' is not eligible for getting processed by all BeanPostProcessors (for example: not eligible for auto-proxying)
2007-12-10 16:41:17,596 INFO  org.springframework.context.support.ClassPathXmlApplicationContext : Bean 'gridIdentifierCreator' is not eligible for getting processed by all BeanPostProcessors (for example: not eligible for auto-proxying)
2007-12-10 16:41:17,599 INFO  org.springframework.context.support.ClassPathXmlApplicationContext : Bean 'gridIdentifierInterceptor' is not eligible for getting processed by all BeanPostProcessors (for example: not eligible for auto-proxying)
2007-12-10 16:41:17,634 INFO  org.springframework.context.support.ClassPathXmlApplicationContext : Bean 'chainedInterceptor' is not eligible for getting processed by all BeanPostProcessors (for example: not eligible for auto-proxying)
2007-12-10 16:41:17,677 INFO  org.springframework.context.support.ClassPathXmlApplicationContext : Bean 'hibernateProperties' is not eligible for getting processed by all BeanPostProcessors (for example: not eligible for auto-proxying)
2007-12-10 16:41:17,700 INFO  org.springframework.context.support.ClassPathXmlApplicationContext : Bean 'hibernateProperties' is not eligible for getting processed by all BeanPostProcessors (for example: not eligible for auto-proxying)
2007-12-10 16:41:17,793 INFO  org.hibernate.cfg.annotations.Version : Hibernate Annotations 3.2.0.CR2
2007-12-10 16:41:17,813 INFO  org.hibernate.cfg.Environment : Hibernate 3.2.1
2007-12-10 16:41:17,822 INFO  org.hibernate.cfg.Environment : hibernate.properties not found
2007-12-10 16:41:17,827 INFO  org.hibernate.cfg.Environment : Bytecode provider name : cglib
2007-12-10 16:41:17,832 INFO  org.hibernate.cfg.Environment : using JDK 1.4 java.sql.Timestamp handling
2007-12-10 16:41:18,046 INFO  org.springframework.orm.hibernate3.annotation.AnnotationSessionFactoryBean : Building new Hibernate SessionFactory
2007-12-10 16:41:18,349 INFO  org.hibernate.cfg.AnnotationBinder : Binding entity from annotated class: edu.duke.cabig.c3pr.domain.Study
2007-12-10 16:41:18,431 INFO  org.hibernate.cfg.annotations.EntityBinder : Bind entity edu.duke.cabig.c3pr.domain.Study on table studies
2007-12-10 16:41:18,778 INFO  org.hibernate.cfg.AnnotationBinder : Binding entity from annotated class: edu.duke.cabig.c3pr.domain.Epoch
2007-12-10 16:41:18,782 INFO  org.hibernate.cfg.annotations.EntityBinder : Bind entity edu.duke.cabig.c3pr.domain.Epoch on table epochs
2007-12-10 16:41:18,895 INFO  org.hibernate.cfg.AnnotationBinder : Binding entity from annotated class: edu.duke.cabig.c3pr.domain.NonTreatmentEpoch
2007-12-10 16:41:19,055 INFO  org.hibernate.cfg.AnnotationBinder : Binding entity from annotated class: edu.duke.cabig.c3pr.domain.TreatmentEpoch
2007-12-10 16:41:19,078 INFO  org.hibernate.cfg.AnnotationBinder : Binding entity from annotated class: edu.duke.cabig.c3pr.domain.Arm
2007-12-10 16:41:19,079 INFO  org.hibernate.cfg.annotations.EntityBinder : Bind entity edu.duke.cabig.c3pr.domain.Arm on table arms
2007-12-10 16:41:19,090 INFO  org.hibernate.cfg.AnnotationBinder : Binding entity from annotated class: edu.duke.cabig.c3pr.domain.StudyOrganization
2007-12-10 16:41:19,091 INFO  org.hibernate.cfg.annotations.EntityBinder : Bind entity edu.duke.cabig.c3pr.domain.StudyOrganization on table study_organizations
2007-12-10 16:41:19,103 INFO  org.hibernate.cfg.AnnotationBinder : Binding entity from annotated class: edu.duke.cabig.c3pr.domain.StudySite
2007-12-10 16:41:19,113 INFO  org.hibernate.cfg.AnnotationBinder : Binding entity from annotated class: edu.duke.cabig.c3pr.domain.StudyCoordinatingCenter
2007-12-10 16:41:19,123 INFO  org.hibernate.cfg.AnnotationBinder : Binding entity from annotated class: edu.duke.cabig.c3pr.domain.StudyFundingSponsor
2007-12-10 16:41:19,126 INFO  org.hibernate.cfg.AnnotationBinder : Binding entity from annotated class: edu.duke.cabig.c3pr.domain.HealthcareSite
2007-12-10 16:41:19,127 INFO  org.hibernate.cfg.annotations.EntityBinder : Bind entity edu.duke.cabig.c3pr.domain.HealthcareSite on table organizations
2007-12-10 16:41:19,164 INFO  org.hibernate.cfg.AnnotationBinder : Binding entity from annotated class: edu.duke.cabig.c3pr.domain.Address
2007-12-10 16:41:19,165 INFO  org.hibernate.cfg.annotations.EntityBinder : Bind entity edu.duke.cabig.c3pr.domain.Address on table addresses
2007-12-10 16:41:19,172 INFO  org.hibernate.cfg.AnnotationBinder : Binding entity from annotated class: edu.duke.cabig.c3pr.domain.StudySubject
2007-12-10 16:41:19,172 INFO  org.hibernate.cfg.annotations.EntityBinder : Bind entity edu.duke.cabig.c3pr.domain.StudySubject on table study_subjects
2007-12-10 16:41:19,227 INFO  org.hibernate.cfg.AnnotationBinder : Binding entity from annotated class: edu.duke.cabig.c3pr.domain.StudyInvestigator
2007-12-10 16:41:19,229 INFO  org.hibernate.cfg.annotations.EntityBinder : Bind entity edu.duke.cabig.c3pr.domain.StudyInvestigator on table study_investigators
2007-12-10 16:41:19,243 INFO  org.hibernate.cfg.AnnotationBinder : Binding entity from annotated class: edu.duke.cabig.c3pr.domain.HealthcareSiteInvestigator
2007-12-10 16:41:19,243 INFO  org.hibernate.cfg.annotations.EntityBinder : Bind entity edu.duke.cabig.c3pr.domain.HealthcareSiteInvestigator on table hc_site_investigators
2007-12-10 16:41:19,256 INFO  org.hibernate.cfg.AnnotationBinder : Binding entity from annotated class: edu.duke.cabig.c3pr.domain.StudyPersonnel
2007-12-10 16:41:19,258 INFO  org.hibernate.cfg.annotations.EntityBinder : Bind entity edu.duke.cabig.c3pr.domain.StudyPersonnel on table study_personnel
2007-12-10 16:41:19,268 INFO  org.hibernate.cfg.AnnotationBinder : Binding entity from annotated class: edu.duke.cabig.c3pr.domain.Participant
2007-12-10 16:41:19,271 INFO  org.hibernate.cfg.annotations.EntityBinder : Bind entity edu.duke.cabig.c3pr.domain.Participant on table participants
2007-12-10 16:41:19,302 INFO  org.hibernate.cfg.AnnotationBinder : Binding entity from annotated class: edu.duke.cabig.c3pr.domain.ResearchStaff
2007-12-10 16:41:19,303 INFO  org.hibernate.cfg.annotations.EntityBinder : Bind entity edu.duke.cabig.c3pr.domain.ResearchStaff on table research_staff
2007-12-10 16:41:19,321 INFO  org.hibernate.cfg.AnnotationBinder : Binding entity from annotated class: edu.duke.cabig.c3pr.domain.Investigator
2007-12-10 16:41:19,327 INFO  org.hibernate.cfg.annotations.EntityBinder : Bind entity edu.duke.cabig.c3pr.domain.Investigator on table investigators
2007-12-10 16:41:19,341 INFO  org.hibernate.cfg.AnnotationBinder : Binding entity from annotated class: edu.duke.cabig.c3pr.domain.ScheduledArm
2007-12-10 16:41:19,342 INFO  org.hibernate.cfg.annotations.EntityBinder : Bind entity edu.duke.cabig.c3pr.domain.ScheduledArm on table scheduled_arms
2007-12-10 16:41:19,351 INFO  org.hibernate.cfg.AnnotationBinder : Binding entity from annotated class: edu.duke.cabig.c3pr.domain.Identifier
2007-12-10 16:41:19,354 INFO  org.hibernate.cfg.annotations.EntityBinder : Bind entity edu.duke.cabig.c3pr.domain.Identifier on table identifiers
2007-12-10 16:41:19,362 INFO  org.hibernate.cfg.AnnotationBinder : Binding entity from annotated class: edu.duke.cabig.c3pr.domain.SystemAssignedIdentifier
2007-12-10 16:41:19,367 INFO  org.hibernate.cfg.AnnotationBinder : Binding entity from annotated class: edu.duke.cabig.c3pr.domain.OrganizationAssignedIdentifier
2007-12-10 16:41:19,370 INFO  org.hibernate.cfg.AnnotationBinder : Binding entity from annotated class: edu.duke.cabig.c3pr.domain.EligibilityCriteria
2007-12-10 16:41:19,370 INFO  org.hibernate.cfg.annotations.EntityBinder : Bind entity edu.duke.cabig.c3pr.domain.EligibilityCriteria on table eligibility_criteria
2007-12-10 16:41:19,385 INFO  org.hibernate.cfg.AnnotationBinder : Binding entity from annotated class: edu.duke.cabig.c3pr.domain.SubjectEligibilityAnswer
2007-12-10 16:41:19,387 INFO  org.hibernate.cfg.annotations.EntityBinder : Bind entity edu.duke.cabig.c3pr.domain.SubjectEligibilityAnswer on table subject_eligibility_ans
2007-12-10 16:41:19,395 INFO  org.hibernate.cfg.AnnotationBinder : Binding entity from annotated class: edu.duke.cabig.c3pr.domain.InclusionEligibilityCriteria
2007-12-10 16:41:19,396 INFO  org.hibernate.cfg.AnnotationBinder : Binding entity from annotated class: edu.duke.cabig.c3pr.domain.ExclusionEligibilityCriteria
2007-12-10 16:41:19,397 INFO  org.hibernate.cfg.AnnotationBinder : Binding entity from annotated class: edu.duke.cabig.c3pr.domain.StudyDisease
2007-12-10 16:41:19,397 INFO  org.hibernate.cfg.annotations.EntityBinder : Bind entity edu.duke.cabig.c3pr.domain.StudyDisease on table study_diseases
2007-12-10 16:41:19,415 INFO  org.hibernate.cfg.AnnotationBinder : Binding entity from annotated class: edu.duke.cabig.c3pr.domain.DiseaseCategory
2007-12-10 16:41:19,415 INFO  org.hibernate.cfg.annotations.EntityBinder : Bind entity edu.duke.cabig.c3pr.domain.DiseaseCategory on table disease_categories
2007-12-10 16:41:19,428 INFO  org.hibernate.cfg.AnnotationBinder : Binding entity from annotated class: edu.duke.cabig.c3pr.domain.DiseaseTerm
2007-12-10 16:41:19,428 INFO  org.hibernate.cfg.annotations.EntityBinder : Bind entity edu.duke.cabig.c3pr.domain.DiseaseTerm on table disease_terms
2007-12-10 16:41:19,437 INFO  org.hibernate.cfg.AnnotationBinder : Binding entity from annotated class: edu.duke.cabig.c3pr.domain.StratificationCriterion
2007-12-10 16:41:19,439 INFO  org.hibernate.cfg.annotations.EntityBinder : Bind entity edu.duke.cabig.c3pr.domain.StratificationCriterion on table strat_criteria
2007-12-10 16:41:19,453 INFO  org.hibernate.cfg.AnnotationBinder : Binding entity from annotated class: edu.duke.cabig.c3pr.domain.StratificationCriterionPermissibleAnswer
2007-12-10 16:41:19,454 INFO  org.hibernate.cfg.annotations.EntityBinder : Bind entity edu.duke.cabig.c3pr.domain.StratificationCriterionPermissibleAnswer on table strat_cri_per_ans
2007-12-10 16:41:19,462 INFO  org.hibernate.cfg.AnnotationBinder : Binding entity from annotated class: edu.duke.cabig.c3pr.domain.SubjectStratificationAnswer
2007-12-10 16:41:19,464 INFO  org.hibernate.cfg.annotations.EntityBinder : Bind entity edu.duke.cabig.c3pr.domain.SubjectStratificationAnswer on table subject_strat_ans
2007-12-10 16:41:19,476 INFO  org.hibernate.cfg.AnnotationBinder : Binding entity from annotated class: edu.duke.cabig.c3pr.domain.AnatomicSite
2007-12-10 16:41:19,480 INFO  org.hibernate.cfg.annotations.EntityBinder : Bind entity edu.duke.cabig.c3pr.domain.AnatomicSite on table anatomic_sites
2007-12-10 16:41:19,485 INFO  org.hibernate.cfg.AnnotationBinder : Binding entity from annotated class: edu.duke.cabig.c3pr.domain.DiseaseHistory
2007-12-10 16:41:19,486 INFO  org.hibernate.cfg.annotations.EntityBinder : Bind entity edu.duke.cabig.c3pr.domain.DiseaseHistory on table disease_history
2007-12-10 16:41:19,497 INFO  org.hibernate.cfg.AnnotationBinder : Binding entity from annotated class: edu.duke.cabig.c3pr.domain.ContactMechanism
2007-12-10 16:41:19,501 INFO  org.hibernate.cfg.annotations.EntityBinder : Bind entity edu.duke.cabig.c3pr.domain.ContactMechanism on table contact_mechanisms
2007-12-10 16:41:19,512 INFO  org.hibernate.cfg.AnnotationBinder : Binding entity from annotated class: edu.duke.cabig.c3pr.domain.ScheduledEpoch
2007-12-10 16:41:19,514 INFO  org.hibernate.cfg.annotations.EntityBinder : Bind entity edu.duke.cabig.c3pr.domain.ScheduledEpoch on table scheduled_epochs
2007-12-10 16:41:19,525 INFO  org.hibernate.cfg.AnnotationBinder : Binding entity from annotated class: edu.duke.cabig.c3pr.domain.ScheduledTreatmentEpoch
2007-12-10 16:41:19,539 INFO  org.hibernate.cfg.AnnotationBinder : Binding entity from annotated class: edu.duke.cabig.c3pr.domain.ScheduledNonTreatmentEpoch
2007-12-10 16:41:19,543 INFO  org.hibernate.cfg.AnnotationBinder : Binding entity from annotated class: edu.duke.cabig.c3pr.domain.StratumGroup
2007-12-10 16:41:19,546 INFO  org.hibernate.cfg.annotations.EntityBinder : Bind entity edu.duke.cabig.c3pr.domain.StratumGroup on table stratum_groups
2007-12-10 16:41:19,558 INFO  org.hibernate.cfg.AnnotationBinder : Binding entity from annotated class: edu.duke.cabig.c3pr.domain.BookRandomizationEntry
2007-12-10 16:41:19,559 INFO  org.hibernate.cfg.annotations.EntityBinder : Bind entity edu.duke.cabig.c3pr.domain.BookRandomizationEntry on table book_rndm_entry
2007-12-10 16:41:19,569 INFO  org.hibernate.cfg.AnnotationBinder : Binding entity from annotated class: edu.duke.cabig.c3pr.domain.Randomization
2007-12-10 16:41:19,572 INFO  org.hibernate.cfg.annotations.EntityBinder : Bind entity edu.duke.cabig.c3pr.domain.Randomization on table randomizations
2007-12-10 16:41:19,577 INFO  org.hibernate.cfg.AnnotationBinder : Binding entity from annotated class: edu.duke.cabig.c3pr.domain.BookRandomization
2007-12-10 16:41:19,583 INFO  org.hibernate.cfg.AnnotationBinder : Binding entity from annotated class: edu.duke.cabig.c3pr.domain.CalloutRandomization
2007-12-10 16:41:19,589 INFO  org.hibernate.cfg.AnnotationBinder : Binding entity from annotated class: edu.duke.cabig.c3pr.domain.PhonecallRandomization
2007-12-10 16:41:19,592 INFO  org.hibernate.cfg.AnnotationBinder : Binding entity from annotated class: edu.duke.cabig.c3pr.domain.StratificationCriterionAnswerCombination
2007-12-10 16:41:19,596 INFO  org.hibernate.cfg.annotations.EntityBinder : Bind entity edu.duke.cabig.c3pr.domain.StratificationCriterionAnswerCombination on table strat_cri_ans_cmb
2007-12-10 16:41:19,608 INFO  org.hibernate.cfg.AnnotationBinder : Binding entity from annotated class: edu.duke.cabig.c3pr.domain.StudyAmendment
2007-12-10 16:41:19,608 INFO  org.hibernate.cfg.annotations.EntityBinder : Bind entity edu.duke.cabig.c3pr.domain.StudyAmendment on table study_amendments
2007-12-10 16:41:19,621 INFO  org.hibernate.cfg.AnnotationBinder : Binding entity from annotated class: edu.duke.cabig.c3pr.domain.Notification
2007-12-10 16:41:19,623 INFO  org.hibernate.cfg.annotations.EntityBinder : Bind entity edu.duke.cabig.c3pr.domain.Notification on table notifications
2007-12-10 16:41:19,635 INFO  org.hibernate.cfg.AnnotationBinder : Binding entity from annotated class: edu.duke.cabig.c3pr.domain.Recepient
2007-12-10 16:41:19,640 INFO  org.hibernate.cfg.annotations.EntityBinder : Bind entity edu.duke.cabig.c3pr.domain.Recepient on table recepients
2007-12-10 16:41:19,645 INFO  org.hibernate.cfg.AnnotationBinder : Binding entity from annotated class: edu.duke.cabig.c3pr.domain.EmailBasedRecepient
2007-12-10 16:41:19,648 INFO  org.hibernate.cfg.AnnotationBinder : Binding entity from annotated class: edu.duke.cabig.c3pr.domain.RoleBasedRecepient
2007-12-10 16:41:19,679 INFO  org.hibernate.cfg.annotations.CollectionBinder : Mapping collection: edu.duke.cabig.c3pr.domain.Notification.roleBasedRecepientInternal -> recepients
2007-12-10 16:41:19,690 INFO  org.hibernate.cfg.annotations.CollectionBinder : Mapping collection: edu.duke.cabig.c3pr.domain.Notification.emailBasedRecepientInternal -> recepients
2007-12-10 16:41:19,697 INFO  org.hibernate.cfg.annotations.CollectionBinder : Mapping collection: edu.duke.cabig.c3pr.domain.BookRandomization.bookRandomizationEntryInternal -> book_rndm_entry
2007-12-10 16:41:19,697 INFO  org.hibernate.cfg.annotations.CollectionBinder : Mapping collection: edu.duke.cabig.c3pr.domain.StratumGroup.stratificationCriterionAnswerCombinationInternal -> strat_cri_ans_cmb
2007-12-10 16:41:19,697 INFO  org.hibernate.cfg.annotations.CollectionBinder : Mapping collection: edu.duke.cabig.c3pr.domain.ScheduledTreatmentEpoch.scheduledArmsInternal -> scheduled_arms
2007-12-10 16:41:19,698 INFO  org.hibernate.cfg.annotations.CollectionBinder : Mapping collection: edu.duke.cabig.c3pr.domain.ScheduledTreatmentEpoch.subjectStratificationAnswersInternal -> subject_strat_ans
2007-12-10 16:41:19,703 INFO  org.hibernate.cfg.annotations.CollectionBinder : Mapping collection: edu.duke.cabig.c3pr.domain.ScheduledTreatmentEpoch.subjectEligibilityAnswersInternal -> subject_eligibility_ans
2007-12-10 16:41:19,704 INFO  org.hibernate.cfg.annotations.CollectionBinder : Mapping collection: edu.duke.cabig.c3pr.domain.StratificationCriterion.permissibleAnswersInternal -> strat_cri_per_ans
2007-12-10 16:41:19,704 INFO  org.hibernate.cfg.annotations.CollectionBinder : Mapping collection: edu.duke.cabig.c3pr.domain.Investigator.contactMechanisms -> contact_mechanisms
2007-12-10 16:41:19,713 INFO  org.hibernate.cfg.annotations.CollectionBinder : Mapping collection: edu.duke.cabig.c3pr.domain.ResearchStaff.contactMechanisms -> contact_mechanisms
2007-12-10 16:41:19,713 INFO  org.hibernate.cfg.annotations.CollectionBinder : Mapping collection: edu.duke.cabig.c3pr.domain.Participant.contactMechanisms -> contact_mechanisms
2007-12-10 16:41:19,713 INFO  org.hibernate.cfg.annotations.CollectionBinder : Mapping collection: edu.duke.cabig.c3pr.domain.Participant.identifiers -> identifiers
2007-12-10 16:41:19,729 INFO  org.hibernate.cfg.annotations.CollectionBinder : Mapping collection: edu.duke.cabig.c3pr.domain.StudySubject.scheduledEpochs -> scheduled_epochs
2007-12-10 16:41:19,729 INFO  org.hibernate.cfg.annotations.CollectionBinder : Mapping collection: edu.duke.cabig.c3pr.domain.StudySubject.identifiers -> identifiers
2007-12-10 16:41:19,738 INFO  org.hibernate.cfg.annotations.CollectionBinder : Mapping collection: edu.duke.cabig.c3pr.domain.TreatmentEpoch.stratumGroupsInternal -> stratum_groups
2007-12-10 16:41:19,744 INFO  org.hibernate.cfg.annotations.CollectionBinder : Mapping collection: edu.duke.cabig.c3pr.domain.TreatmentEpoch.inclusionEligibilityCriteriaInternal -> eligibility_criteria
2007-12-10 16:41:19,745 INFO  org.hibernate.cfg.annotations.CollectionBinder : Mapping collection: edu.duke.cabig.c3pr.domain.TreatmentEpoch.stratificationCriteriaInternal -> strat_criteria
2007-12-10 16:41:19,745 INFO  org.hibernate.cfg.annotations.CollectionBinder : Mapping collection: edu.duke.cabig.c3pr.domain.TreatmentEpoch.exclusionEligibilityCriteriaInternal -> eligibility_criteria
2007-12-10 16:41:19,762 INFO  org.hibernate.cfg.annotations.CollectionBinder : Mapping collection: edu.duke.cabig.c3pr.domain.TreatmentEpoch.eligibilityCriteriaInternal -> eligibility_criteria
2007-12-10 16:41:19,763 INFO  org.hibernate.cfg.annotations.CollectionBinder : Mapping collection: edu.duke.cabig.c3pr.domain.TreatmentEpoch.armsInternal -> arms
2007-12-10 16:41:19,763 INFO  org.hibernate.cfg.annotations.CollectionBinder : Mapping collection: edu.duke.cabig.c3pr.domain.Study.notificationsInternal -> notifications
2007-12-10 16:41:19,779 INFO  org.hibernate.cfg.annotations.CollectionBinder : Mapping collection: edu.duke.cabig.c3pr.domain.Study.studyAmendmentsInternal -> study_amendments
2007-12-10 16:41:19,779 INFO  org.hibernate.cfg.annotations.CollectionBinder : Mapping collection: edu.duke.cabig.c3pr.domain.Study.identifiers -> identifiers
2007-12-10 16:41:19,780 INFO  org.hibernate.cfg.annotations.CollectionBinder : Mapping collection: edu.duke.cabig.c3pr.domain.Study.studyOrganizations -> study_organizations
2007-12-10 16:41:19,780 INFO  org.hibernate.cfg.annotations.CollectionBinder : Mapping collection: edu.duke.cabig.c3pr.domain.Study.epochs -> epochs
2007-12-10 16:41:19,795 INFO  org.hibernate.cfg.annotations.CollectionBinder : Mapping collection: edu.duke.cabig.c3pr.domain.Study.studyDiseases -> study_diseases
2007-12-10 16:41:19,795 INFO  org.hibernate.cfg.annotations.CollectionBinder : Mapping collection: edu.duke.cabig.c3pr.domain.StudyOrganization.studyInvestigatorsInternal -> study_investigators
2007-12-10 16:41:19,796 INFO  org.hibernate.cfg.annotations.CollectionBinder : Mapping collection: edu.duke.cabig.c3pr.domain.StudyOrganization.studyPersonnelInternal -> study_personnel
2007-12-10 16:41:19,816 INFO  org.hibernate.cfg.annotations.CollectionBinder : Mapping collection: edu.duke.cabig.c3pr.domain.StudySite.studySubjects -> study_subjects
2007-12-10 16:41:19,816 INFO  org.hibernate.cfg.annotations.CollectionBinder : Mapping collection: edu.duke.cabig.c3pr.domain.HealthcareSite.identifiers -> identifiers
2007-12-10 16:41:19,816 INFO  org.hibernate.cfg.annotations.CollectionBinder : Mapping collection: edu.duke.cabig.c3pr.domain.HealthcareSite.studyOrganizations -> study_organizations
2007-12-10 16:41:19,829 INFO  org.hibernate.cfg.annotations.CollectionBinder : Mapping collection: edu.duke.cabig.c3pr.domain.HealthcareSite.healthcareSiteInvestigators -> hc_site_investigators
2007-12-10 16:41:19,829 INFO  org.hibernate.cfg.annotations.CollectionBinder : Mapping collection: edu.duke.cabig.c3pr.domain.HealthcareSite.researchStaffs -> research_staff
2007-12-10 16:41:19,829 INFO  org.hibernate.cfg.annotations.CollectionBinder : Mapping collection: edu.duke.cabig.c3pr.domain.HealthcareSiteInvestigator.studyInvestigators -> study_investigators
2007-12-10 16:41:19,844 INFO  org.hibernate.cfg.annotations.CollectionBinder : Mapping collection: edu.duke.cabig.c3pr.domain.Participant.studySubjects -> study_subjects
2007-12-10 16:41:19,844 INFO  org.hibernate.cfg.annotations.CollectionBinder : Mapping collection: edu.duke.cabig.c3pr.domain.ResearchStaff.studyPersonnels -> study_personnel
2007-12-10 16:41:19,845 INFO  org.hibernate.cfg.annotations.CollectionBinder : Mapping collection: edu.duke.cabig.c3pr.domain.Investigator.healthcareSiteInvestigatorsInternal -> hc_site_investigators
2007-12-10 16:41:19,864 INFO  org.hibernate.cfg.annotations.CollectionBinder : Mapping collection: edu.duke.cabig.c3pr.domain.DiseaseCategory.terms -> disease_terms
2007-12-10 16:41:19,865 INFO  org.hibernate.cfg.annotations.CollectionBinder : Mapping collection: edu.duke.cabig.c3pr.domain.DiseaseCategory.childCategories -> disease_categories
2007-12-10 16:41:19,865 INFO  org.hibernate.cfg.annotations.CollectionBinder : Mapping collection: edu.duke.cabig.c3pr.domain.StratumGroup.bookRandomizationEntryInternal -> book_rndm_entry
2007-12-10 16:41:20,290 INFO  org.hibernate.connection.ConnectionProviderFactory : Initializing connection provider: org.springframework.orm.hibernate3.LocalDataSourceConnectionProvider
AbandonedObjectPool is used (org.apache.commons.dbcp.AbandonedObjectPool@7787a5)
   LogAbandoned: true
   RemoveAbandoned: true
   RemoveAbandonedTimeout: 300
2007-12-10 16:41:20,636 INFO  org.hibernate.cfg.SettingsFactory : RDBMS: PostgreSQL, version: 8.2.4
2007-12-10 16:41:20,637 INFO  org.hibernate.cfg.SettingsFactory : JDBC driver: PostgreSQL Native Driver, version: PostgreSQL 8.1 JDBC3 with SSL (build 407)
2007-12-10 16:41:20,675 INFO  org.hibernate.dialect.Dialect : Using dialect: org.hibernate.dialect.PostgreSQLDialect
2007-12-10 16:41:20,686 INFO  org.hibernate.transaction.TransactionFactoryFactory : Using default transaction strategy (direct JDBC transactions)
2007-12-10 16:41:20,692 INFO  org.hibernate.transaction.TransactionManagerLookupFactory : No TransactionManagerLookup configured (in JTA environment, use of read-write or transactional second-level cache is not recommended)
2007-12-10 16:41:20,692 INFO  org.hibernate.cfg.SettingsFactory : Automatic flush during beforeCompletion(): disabled
2007-12-10 16:41:20,692 INFO  org.hibernate.cfg.SettingsFactory : Automatic session close at end of transaction: disabled
2007-12-10 16:41:20,692 INFO  org.hibernate.cfg.SettingsFactory : JDBC batch size: 30
2007-12-10 16:41:20,692 INFO  org.hibernate.cfg.SettingsFactory : JDBC batch updates for versioned data: disabled
2007-12-10 16:41:20,694 INFO  org.hibernate.cfg.SettingsFactory : Scrollable result sets: enabled
2007-12-10 16:41:20,699 INFO  org.hibernate.cfg.SettingsFactory : JDBC3 getGeneratedKeys(): disabled
2007-12-10 16:41:20,699 INFO  org.hibernate.cfg.SettingsFactory : Connection release mode: on_close
2007-12-10 16:41:20,701 INFO  org.hibernate.cfg.SettingsFactory : Default batch fetch size: 1
2007-12-10 16:41:20,702 INFO  org.hibernate.cfg.SettingsFactory : Generate SQL with comments: disabled
2007-12-10 16:41:20,702 INFO  org.hibernate.cfg.SettingsFactory : Order SQL updates by primary key: disabled
2007-12-10 16:41:20,702 INFO  org.hibernate.cfg.SettingsFactory : Query translator: org.hibernate.hql.ast.ASTQueryTranslatorFactory
2007-12-10 16:41:20,716 INFO  org.hibernate.hql.ast.ASTQueryTranslatorFactory : Using ASTQueryTranslatorFactory
2007-12-10 16:41:20,716 INFO  org.hibernate.cfg.SettingsFactory : Query language substitutions: {no='N', true=1, yes='Y', false=0}
2007-12-10 16:41:20,716 INFO  org.hibernate.cfg.SettingsFactory : JPA-QL strict compliance: disabled
2007-12-10 16:41:20,716 INFO  org.hibernate.cfg.SettingsFactory : Second-level cache: enabled
2007-12-10 16:41:20,716 INFO  org.hibernate.cfg.SettingsFactory : Query cache: disabled
2007-12-10 16:41:20,738 INFO  org.hibernate.cfg.SettingsFactory : Cache provider: org.hibernate.cache.NoCacheProvider
2007-12-10 16:41:20,738 INFO  org.hibernate.cfg.SettingsFactory : Optimize cache for minimal puts: disabled
2007-12-10 16:41:20,739 INFO  org.hibernate.cfg.SettingsFactory : Structured second-level cache entries: disabled
2007-12-10 16:41:20,755 INFO  org.hibernate.cfg.SettingsFactory : Statistics: disabled
2007-12-10 16:41:20,755 INFO  org.hibernate.cfg.SettingsFactory : Deleted entity synthetic identifier rollback: disabled
2007-12-10 16:41:20,768 INFO  org.hibernate.cfg.SettingsFactory : Default entity-mode: pojo
2007-12-10 16:41:20,868 INFO  org.hibernate.impl.SessionFactoryImpl : building session factory
2007-12-10 16:41:22,758 INFO  org.hibernate.impl.SessionFactoryObjectFactory : Not binding factory to JNDI, no JNDI name configured
2007-12-10 16:41:22,794 INFO  org.springframework.context.support.ClassPathXmlApplicationContext : Bean 'sessionFactory' is not eligible for getting processed by all BeanPostProcessors (for example: not eligible for auto-proxying)
2007-12-10 16:41:22,830 INFO  org.springframework.context.support.ClassPathXmlApplicationContext : Bean 'sessionFactory' is not eligible for getting processed by all BeanPostProcessors (for example: not eligible for auto-proxying)
2007-12-10 16:41:22,935 INFO  org.springframework.orm.hibernate3.HibernateTransactionManager : Using DataSource [org.apache.commons.dbcp.BasicDataSource@165091f] of Hibernate SessionFactory for HibernateTransactionManager
2007-12-10 16:41:22,936 INFO  org.springframework.context.support.ClassPathXmlApplicationContext : Bean 'transactionManager' is not eligible for getting processed by all BeanPostProcessors (for example: not eligible for auto-proxying)
2007-12-10 16:41:22,984 INFO  org.springframework.context.support.ClassPathXmlApplicationContext : Bean '(inner bean)#2' is not eligible for getting processed by all BeanPostProcessors (for example: not eligible for auto-proxying)
2007-12-10 16:41:22,989 INFO  org.springframework.context.support.ClassPathXmlApplicationContext : Bean '(inner bean)#2' is not eligible for getting processed by all BeanPostProcessors (for example: not eligible for auto-proxying)
2007-12-10 16:41:22,989 INFO  org.springframework.context.support.ClassPathXmlApplicationContext : Bean 'org.springframework.transaction.interceptor.TransactionAttributeSourceAdvisor' is not eligible for getting processed by all BeanPostProcessors (for example: not eligible for auto-proxying)
2007-12-10 16:41:23,004 INFO  org.springframework.context.support.ClassPathXmlApplicationContext : Bean 'org.springframework.beans.factory.annotation.RequiredAnnotationBeanPostProcessor#1' is not eligible for getting processed by all BeanPostProcessors (for example: not eligible for auto-proxying)
2007-12-10 16:41:23,007 INFO  org.springframework.context.support.ClassPathXmlApplicationContext : Bean 'org.springframework.beans.factory.annotation.RequiredAnnotationBeanPostProcessor#2' is not eligible for getting processed by all BeanPostProcessors (for example: not eligible for auto-proxying)
2007-12-10 16:41:23,038 INFO  org.springframework.beans.factory.support.DefaultListableBeanFactory : Pre-instantiating singletons in org.springframework.beans.factory.support.DefaultListableBeanFactory@10fe2b9: defining beans [configurationProperty,dataSourceTemplate,dataSource,hibernateProperties,auditHibernateProperties,authenticationManager,org.springframework.aop.config.internalAutoProxyCreator,org.springframework.beans.factory.aspectj.AnnotationBeanConfigurerAspect,daoMethodPointcut,org.springframework.aop.aspectj.AspectJPointcutAdvisor,daoSecurityInterceptorAspectBean,daoSecurityInterceptorTemplate,joinPointObjectPrivilegeMap,joinPointPrivilegeAndObjectIdGenerator,csmGroupAuthorizationCheck,daoAuthorizationCheck,daoSecurityInterceptor,afterInvocationManager,studySiteSiteSecurityCSMGroupAuthorizationCheckProvider,studySubjectSiteCSMGroupAuthorizationCheckProvider,domainObjectSiteSecurityAuhthorizationCheckProvidersMap,siteSecurityCollectionFilter,siteSecurityBasicAuthCheck,csmAuthenticationProvider,userCache,c3pr-xml-castorMapping,ccts-study-castorMapping,ccts-registration-castorMapping,transactionManager,org.springframework.transaction.aspectj.AnnotationTransactionAspect,c3prPropertyConfigurer,org.springframework.beans.factory.annotation.RequiredAnnotationBeanPostProcessor,sessionFactory,auditOpenSessionInViewInterceptor,auditSessionFactory,chainedInterceptor,auditInterceptor,dataAuditRepository,gridIdentifierInterceptor,hibernateTemplate,daoTemplate,openSessionInViewInterceptor,gridIdentifierCreator,studyValidator,studySiteValidator,epochValidator,armValidator,identifierValidator,participantValidator,org.springframework.transaction.interceptor.TransactionAttributeSourceAdvisor,studyDao,studySubjectDao,studySiteDao,epochDao,scheduledEpochDao,armDao,participantDao,healthcareSiteDao,healthcareSiteInvestigatorDao,studyPersonnelDao,researchStaffDao,investigatorDao,diseaseCategoryDao,diseaseTermDao,studyInvestigatorDao,StratificationCriterionDao,anatomicSiteDao,organizationDao,stratificationAnswerDao,stratumGroupDao,cctsWorkflowService,studyService,participantService,studySubjectService,studyXMLImporterService,studySubjectXMLImporterService,personnelService,organizationService,sitePrivilegeAndObjectIdGenerator,mailSender,confirmationEmailer,notificationEmailer,accountCreatedTemplateMessage,xmlUtility,xmlParser,c3prErrorMessages,multsiteErrorMessageSource,exceptionHelper,csmApplicationContextName,ACCESS_PRIVILEGE,authorizationSwitch,booleanFromString,csmAuthorizationDao,csmUserProvisioningManager,csmAuthenticationManager,messageTypesMapping,c3dPatientPositionResponseHandler,caXchangeMessageResponseHandlerSet,cctsMessageWorkflowCallbackFactory,messageBroadcaster,org.springframework.beans.factory.annotation.RequiredAnnotationBeanPostProcessor#1,bookRandomizationAjaxFacade,studyAjaxFacade,participantAjaxFacade,investigatorAjaxFacade,researchStaffAjaxFacade,searchOrganizationAjaxFacade,searchInvestigatorAjaxFacade,searchResearchStaffAjaxFacade,registrationAjaxFacade,anatomicDiseaseSiteFacade,createReportFacade,reportCommand,createStudyReportFacade,studyReportCommand,studyXMLFileAjaxFacade,studySubjectXMLFileAjaxFacade,taskObjectPrivilegeMap,taskPrivilegeAndObjectIdGenerator,taskAuthorizationCheck,sectionObjectPrivilegeMap,sectionPrivilegeAndObjectIdGenerator,sectionAuthorizationCheck,siteAuthorizationCheck,webssoPropertyConfigurer,gridAuthenticationClient,gridProxyValidator,gridProxyRetrievalStrategy,org.springframework.beans.factory.annotation.RequiredAnnotationBeanPostProcessor#2,userDuplicateValidator]; root of factory hierarchy
2007-12-10 16:41:23,757 INFO  org.hibernate.cfg.HbmBinder : Mapping class: gov.nih.nci.security.authorization.domainobjects.Privilege -> CSM_PRIVILEGE
2007-12-10 16:41:23,834 INFO  org.hibernate.cfg.HbmBinder : Mapping class: gov.nih.nci.security.authorization.domainobjects.Application -> CSM_APPLICATION
2007-12-10 16:41:23,881 INFO  org.hibernate.cfg.HbmBinder : Mapping class: gov.nih.nci.security.authorization.domainobjects.Role -> CSM_ROLE
2007-12-10 16:41:23,885 INFO  org.hibernate.cfg.HbmBinder : Mapping collection: gov.nih.nci.security.authorization.domainobjects.Role.privileges -> CSM_ROLE_PRIVILEGE
2007-12-10 16:41:23,919 INFO  org.hibernate.cfg.HbmBinder : Mapping class: gov.nih.nci.security.dao.hibernate.RolePrivilege -> CSM_ROLE_PRIVILEGE
2007-12-10 16:41:23,940 INFO  org.hibernate.cfg.HbmBinder : Mapping class: gov.nih.nci.security.dao.hibernate.UserGroup -> CSM_USER_GROUP
2007-12-10 16:41:24,116 INFO  org.hibernate.cfg.HbmBinder : Mapping class: gov.nih.nci.security.dao.hibernate.ProtectionGroupProtectionElement -> CSM_PG_PE
2007-12-10 16:41:24,134 INFO  org.hibernate.cfg.HbmBinder : Mapping class: gov.nih.nci.security.authorization.domainobjects.Group -> CSM_GROUP
2007-12-10 16:41:24,135 INFO  org.hibernate.cfg.HbmBinder : Mapping collection: gov.nih.nci.security.authorization.domainobjects.Group.users -> CSM_USER_GROUP
2007-12-10 16:41:24,167 INFO  org.hibernate.cfg.HbmBinder : Mapping class: gov.nih.nci.security.authorization.domainobjects.User -> CSM_USER
2007-12-10 16:41:24,169 INFO  org.hibernate.cfg.HbmBinder : Mapping collection: gov.nih.nci.security.authorization.domainobjects.User.groups -> CSM_USER_GROUP
2007-12-10 16:41:24,198 INFO  org.hibernate.cfg.HbmBinder : Mapping class: gov.nih.nci.security.authorization.domainobjects.ProtectionGroup -> CSM_PROTECTION_GROUP
2007-12-10 16:41:24,199 INFO  org.hibernate.cfg.HbmBinder : Mapping collection: gov.nih.nci.security.authorization.domainobjects.ProtectionGroup.protectionElements -> CSM_PG_PE
2007-12-10 16:41:24,223 INFO  org.hibernate.cfg.HbmBinder : Mapping class: gov.nih.nci.security.authorization.domainobjects.ProtectionElement -> CSM_PROTECTION_ELEMENT
2007-12-10 16:41:24,225 INFO  org.hibernate.cfg.HbmBinder : Mapping collection: gov.nih.nci.security.authorization.domainobjects.ProtectionElement.protectionGroups -> CSM_PG_PE
2007-12-10 16:41:24,230 INFO  org.hibernate.cfg.HbmBinder : Mapping collection: gov.nih.nci.security.authorization.domainobjects.ProtectionElement.owners -> CSM_USER_PE
2007-12-10 16:41:24,263 INFO  org.hibernate.cfg.HbmBinder : Mapping class: gov.nih.nci.security.authorization.domainobjects.UserGroupRoleProtectionGroup -> CSM_USER_GROUP_ROLE_PG
2007-12-10 16:41:24,282 INFO  org.hibernate.cfg.HbmBinder : Mapping class: gov.nih.nci.security.authorization.domainobjects.UserProtectionElement -> CSM_USER_PE
2007-12-10 16:41:24,284 INFO  org.springframework.orm.hibernate3.LocalSessionFactoryBean : Building new Hibernate SessionFactory
2007-12-10 16:41:24,288 INFO  org.hibernate.connection.ConnectionProviderFactory : Initializing connection provider: org.springframework.orm.hibernate3.LocalDataSourceConnectionProvider
2007-12-10 16:41:24,291 INFO  org.hibernate.cfg.SettingsFactory : RDBMS: PostgreSQL, version: 8.2.4
2007-12-10 16:41:24,291 INFO  org.hibernate.cfg.SettingsFactory : JDBC driver: PostgreSQL Native Driver, version: PostgreSQL 8.1 JDBC3 with SSL (build 407)
2007-12-10 16:41:24,291 INFO  org.hibernate.dialect.Dialect : Using dialect: org.hibernate.dialect.PostgreSQLDialect
2007-12-10 16:41:24,295 INFO  org.hibernate.transaction.TransactionFactoryFactory : Using default transaction strategy (direct JDBC transactions)
2007-12-10 16:41:24,299 INFO  org.hibernate.transaction.TransactionManagerLookupFactory : No TransactionManagerLookup configured (in JTA environment, use of read-write or transactional second-level cache is not recommended)
2007-12-10 16:41:24,299 INFO  org.hibernate.cfg.SettingsFactory : Automatic flush during beforeCompletion(): disabled
2007-12-10 16:41:24,299 INFO  org.hibernate.cfg.SettingsFactory : Automatic session close at end of transaction: disabled
2007-12-10 16:41:24,299 INFO  org.hibernate.cfg.SettingsFactory : JDBC batch size: 30
2007-12-10 16:41:24,323 INFO  org.hibernate.cfg.SettingsFactory : JDBC batch updates for versioned data: disabled
2007-12-10 16:41:24,324 INFO  org.hibernate.cfg.SettingsFactory : Scrollable result sets: enabled
2007-12-10 16:41:24,324 INFO  org.hibernate.cfg.SettingsFactory : JDBC3 getGeneratedKeys(): disabled
2007-12-10 16:41:24,324 INFO  org.hibernate.cfg.SettingsFactory : Connection release mode: on_close
2007-12-10 16:41:24,324 INFO  org.hibernate.cfg.SettingsFactory : Default batch fetch size: 1
2007-12-10 16:41:24,324 INFO  org.hibernate.cfg.SettingsFactory : Generate SQL with comments: disabled
2007-12-10 16:41:24,343 INFO  org.hibernate.cfg.SettingsFactory : Order SQL updates by primary key: disabled
2007-12-10 16:41:24,343 INFO  org.hibernate.cfg.SettingsFactory : Query translator: org.hibernate.hql.ast.ASTQueryTranslatorFactory
2007-12-10 16:41:24,343 INFO  org.hibernate.hql.ast.ASTQueryTranslatorFactory : Using ASTQueryTranslatorFactory
2007-12-10 16:41:24,343 INFO  org.hibernate.cfg.SettingsFactory : Query language substitutions: {no='N', true=1, yes='Y', false=0}
2007-12-10 16:41:24,343 INFO  org.hibernate.cfg.SettingsFactory : JPA-QL strict compliance: disabled
2007-12-10 16:41:24,381 INFO  org.hibernate.cfg.SettingsFactory : Second-level cache: enabled
2007-12-10 16:41:24,381 INFO  org.hibernate.cfg.SettingsFactory : Query cache: disabled
2007-12-10 16:41:24,381 INFO  org.hibernate.cfg.SettingsFactory : Cache provider: org.hibernate.cache.NoCacheProvider
2007-12-10 16:41:24,381 INFO  org.hibernate.cfg.SettingsFactory : Optimize cache for minimal puts: disabled
2007-12-10 16:41:24,381 INFO  org.hibernate.cfg.SettingsFactory : Structured second-level cache entries: disabled
2007-12-10 16:41:24,408 INFO  org.hibernate.cfg.SettingsFactory : Statistics: disabled
2007-12-10 16:41:24,408 INFO  org.hibernate.cfg.SettingsFactory : Deleted entity synthetic identifier rollback: disabled
2007-12-10 16:41:24,408 INFO  org.hibernate.cfg.SettingsFactory : Default entity-mode: pojo
2007-12-10 16:41:24,419 INFO  org.hibernate.impl.SessionFactoryImpl : building session factory
2007-12-10 16:41:24,613 INFO  org.hibernate.impl.SessionFactoryObjectFactory : Not binding factory to JNDI, no JNDI name configured
2007-12-10 16:41:25,775 INFO  org.springframework.cache.ehcache.EhCacheManagerFactoryBean : Initializing EHCache CacheManager
2007-12-10 16:41:25,792 WARN  net.sf.ehcache.config.ConfigurationFactory : No configuration found. Configuring ehcache from ehcache-failsafe.xml  found in the classpath: jar:file:/C:/eclipse/WorkspaceSemanticBits/c3prv2/codebase/projects/web/ext/lib/ehcache-1.2.3.jar!/ehcache-failsafe.xml
2007-12-10 16:41:26,218 INFO  org.acegisecurity.intercept.method.MethodDefinitionMap : Adding secure method [public volatile void edu.duke.cabig.c3pr.dao.StudyDao.save(gov.nih.nci.cabig.ctms.domain.MutableDomainObject)] with attributes [[CSM_AUTHN_CHECK]]
2007-12-10 16:41:26,222 INFO  org.acegisecurity.intercept.method.MethodDefinitionMap : Adding secure method [public void edu.duke.cabig.c3pr.dao.StudyDao.save(edu.duke.cabig.c3pr.domain.Study)] with attributes [[CSM_AUTHN_CHECK]]
2007-12-10 16:41:26,222 INFO  org.acegisecurity.intercept.method.MethodDefinitionMap : Adding secure method [public edu.duke.cabig.c3pr.domain.Study edu.duke.cabig.c3pr.dao.StudyDao.merge(edu.duke.cabig.c3pr.domain.Study)] with attributes [[CSM_AUTHN_CHECK]]
2007-12-10 16:41:26,222 INFO  org.acegisecurity.intercept.method.MethodDefinitionMap : Adding secure method [public void edu.duke.cabig.c3pr.dao.StudyDao.setHealthcareSiteDao(edu.duke.cabig.c3pr.dao.HealthcareSiteDao)] with attributes [[CSM_AUTHN_CHECK]]
2007-12-10 16:41:26,223 INFO  org.acegisecurity.intercept.method.MethodDefinitionMap : Adding secure method [public java.lang.Class edu.duke.cabig.c3pr.dao.StudyDao.domainClass()] with attributes [[CSM_AUTHN_CHECK]]
2007-12-10 16:41:26,223 INFO  org.acegisecurity.intercept.method.MethodDefinitionMap : Adding secure method [public java.util.List edu.duke.cabig.c3pr.dao.StudyDao.searchByExample(edu.duke.cabig.c3pr.domain.Study)] with attributes [[CSM_AUTHN_CHECK]]
2007-12-10 16:41:26,223 INFO  org.acegisecurity.intercept.method.MethodDefinitionMap : Adding secure method [public java.util.List edu.duke.cabig.c3pr.dao.StudyDao.searchByExample(edu.duke.cabig.c3pr.domain.Study,boolean)] with attributes [[CSM_AUTHN_CHECK]]
2007-12-10 16:41:26,234 INFO  org.acegisecurity.intercept.method.MethodDefinitionMap : Adding secure method [public java.util.List edu.duke.cabig.c3pr.dao.StudyDao.searchByOrgIdentifier(edu.duke.cabig.c3pr.domain.OrganizationAssignedIdentifier)] with attributes [[CSM_AUTHN_CHECK]]
2007-12-10 16:41:26,234 INFO  org.acegisecurity.intercept.method.MethodDefinitionMap : Adding secure method [public java.util.List edu.duke.cabig.c3pr.dao.StudyDao.getAll()] with attributes [[CSM_AUTHN_CHECK]]
2007-12-10 16:41:26,234 INFO  org.acegisecurity.intercept.method.MethodDefinitionMap : Adding secure method [public java.util.List edu.duke.cabig.c3pr.dao.StudyDao.getBySubnames(java.lang.String[])] with attributes [[CSM_AUTHN_CHECK]]
2007-12-10 16:41:26,252 INFO  org.acegisecurity.intercept.method.MethodDefinitionMap : Adding secure method [public void edu.duke.cabig.c3pr.dao.StudyDao.reassociate(edu.duke.cabig.c3pr.domain.Study)] with attributes [[CSM_AUTHN_CHECK]]
2007-12-10 16:41:26,253 INFO  org.acegisecurity.intercept.method.MethodDefinitionMap : Adding secure method [public void edu.duke.cabig.c3pr.dao.StudyDao.refresh(edu.duke.cabig.c3pr.domain.Study)] with attributes [[CSM_AUTHN_CHECK]]
2007-12-10 16:41:26,253 INFO  org.acegisecurity.intercept.method.MethodDefinitionMap : Adding secure method [public java.util.List edu.duke.cabig.c3pr.dao.StudyDao.getCoordinatingCenterIdentifiersWithValue(java.lang.String,edu.duke.cabig.c3pr.domain.HealthcareSite) throws org.springframework.dao.DataAccessException] with attributes [[CSM_AUTHN_CHECK]]
2007-12-10 16:41:26,266 INFO  org.acegisecurity.intercept.method.MethodDefinitionMap : Adding secure method [public java.util.List edu.duke.cabig.c3pr.dao.StudyDao.getFundingSponsorIdentifiersWithValue(java.lang.String,edu.duke.cabig.c3pr.domain.HealthcareSite) throws org.springframework.dao.DataAccessException] with attributes [[CSM_AUTHN_CHECK]]
2007-12-10 16:41:26,267 INFO  org.acegisecurity.intercept.method.MethodDefinitionMap : Adding secure method [public edu.duke.cabig.c3pr.domain.Study edu.duke.cabig.c3pr.dao.StudyDao.getStudyDesignById(int)] with attributes [[CSM_AUTHN_CHECK]]
2007-12-10 16:41:26,298 INFO  org.acegisecurity.intercept.method.MethodDefinitionMap : Adding secure method [public edu.duke.cabig.c3pr.domain.Study edu.duke.cabig.c3pr.dao.StudyDao.getByIdentifier(edu.duke.cabig.c3pr.domain.SystemAssignedIdentifier)] with attributes [[CSM_AUTHN_CHECK]]
2007-12-10 16:41:26,298 INFO  org.acegisecurity.intercept.method.MethodDefinitionMap : Adding secure method [public java.util.List edu.duke.cabig.c3pr.dao.StudyDao.getArmsForStudy(java.lang.Integer)] with attributes [[CSM_AUTHN_CHECK]]
2007-12-10 16:41:26,309 INFO  org.acegisecurity.intercept.method.MethodDefinitionMap : Adding secure method [public java.util.List edu.duke.cabig.c3pr.dao.StudyDao.getStudySubjectsForStudy(java.lang.Integer)] with attributes [[CSM_AUTHN_CHECK]]
2007-12-10 16:41:26,311 INFO  org.acegisecurity.intercept.method.MethodDefinitionMap : Adding secure method [public void edu.duke.cabig.c3pr.dao.StudySubjectDao.save(edu.duke.cabig.c3pr.domain.StudySubject)] with attributes [[CSM_AUTHN_CHECK]]
2007-12-10 16:41:26,311 INFO  org.acegisecurity.intercept.method.MethodDefinitionMap : Adding secure method [public volatile void edu.duke.cabig.c3pr.dao.StudySubjectDao.save(gov.nih.nci.cabig.ctms.domain.MutableDomainObject)] with attributes [[CSM_AUTHN_CHECK]]
2007-12-10 16:41:26,323 INFO  org.acegisecurity.intercept.method.MethodDefinitionMap : Adding secure method [public edu.duke.cabig.c3pr.domain.StudySubject edu.duke.cabig.c3pr.dao.StudySubjectDao.merge(edu.duke.cabig.c3pr.domain.StudySubject)] with attributes [[CSM_AUTHN_CHECK]]
2007-12-10 16:41:26,323 INFO  org.acegisecurity.intercept.method.MethodDefinitionMap : Adding secure method [public java.lang.Class edu.duke.cabig.c3pr.dao.StudySubjectDao.domainClass()] with attributes [[CSM_AUTHN_CHECK]]
2007-12-10 16:41:26,323 INFO  org.acegisecurity.intercept.method.MethodDefinitionMap : Adding secure method [public java.util.List edu.duke.cabig.c3pr.dao.StudySubjectDao.searchByExample(edu.duke.cabig.c3pr.domain.StudySubject,boolean)] with attributes [[CSM_AUTHN_CHECK]]
2007-12-10 16:41:26,345 INFO  org.acegisecurity.intercept.method.MethodDefinitionMap : Adding secure method [public java.util.List edu.duke.cabig.c3pr.dao.StudySubjectDao.searchByExample(edu.duke.cabig.c3pr.domain.StudySubject)] with attributes [[CSM_AUTHN_CHECK]]
2007-12-10 16:41:26,345 INFO  org.acegisecurity.intercept.method.MethodDefinitionMap : Adding secure method [public java.util.List edu.duke.cabig.c3pr.dao.StudySubjectDao.getAll() throws org.springframework.dao.DataAccessException] with attributes [[CSM_AUTHN_CHECK]]
2007-12-10 16:41:26,365 INFO  org.acegisecurity.intercept.method.MethodDefinitionMap : Adding secure method [public edu.duke.cabig.c3pr.domain.StudySubject edu.duke.cabig.c3pr.dao.StudySubjectDao.getById(int,boolean)] with attributes [[CSM_AUTHN_CHECK]]
2007-12-10 16:41:26,365 INFO  org.acegisecurity.intercept.method.MethodDefinitionMap : Adding secure method [public java.util.List edu.duke.cabig.c3pr.dao.StudySubjectDao.getBySubnames(java.lang.String[],int)] with attributes [[CSM_AUTHN_CHECK]]
2007-12-10 16:41:26,365 INFO  org.acegisecurity.intercept.method.MethodDefinitionMap : Adding secure method [public void edu.duke.cabig.c3pr.dao.StudySubjectDao.reassociate(edu.duke.cabig.c3pr.domain.StudySubject)] with attributes [[CSM_AUTHN_CHECK]]
2007-12-10 16:41:26,378 INFO  org.acegisecurity.intercept.method.MethodDefinitionMap : Adding secure method [public java.util.List edu.duke.cabig.c3pr.dao.StudySubjectDao.advancedSearch(edu.duke.cabig.c3pr.domain.StudySubject,java.util.Date,java.util.Date,java.lang.String)] with attributes [[CSM_AUTHN_CHECK]]
2007-12-10 16:41:26,378 INFO  org.acegisecurity.intercept.method.MethodDefinitionMap : Adding secure method [public java.util.List edu.duke.cabig.c3pr.dao.StudySubjectDao.advancedStudySearch(edu.duke.cabig.c3pr.domain.StudySubject)] with attributes [[CSM_AUTHN_CHECK]]
2007-12-10 16:41:26,463 INFO  org.acegisecurity.intercept.method.MethodDefinitionMap : Adding secure method [public java.util.List edu.duke.cabig.c3pr.dao.StudySubjectDao.searchBySubjectAndStudySite(edu.duke.cabig.c3pr.domain.StudySubject)] with attributes [[CSM_AUTHN_CHECK]]
2007-12-10 16:41:26,463 INFO  org.acegisecurity.intercept.method.MethodDefinitionMap : Adding secure method [public java.util.List edu.duke.cabig.c3pr.dao.StudySubjectDao.searchByScheduledEpoch(edu.duke.cabig.c3pr.domain.ScheduledEpoch)] with attributes [[CSM_AUTHN_CHECK]]
2007-12-10 16:41:26,891 INFO  org.acegisecurity.intercept.AbstractSecurityInterceptor : Validated configuration attributes
2007-12-10 16:41:27,044 INFO  org.springframework.orm.hibernate3.annotation.AnnotationSessionFactoryBean : Building new Hibernate SessionFactory
2007-12-10 16:41:27,049 INFO  org.hibernate.cfg.AnnotationBinder : Binding entity from annotated class: gov.nih.nci.cabig.ctms.audit.domain.DataAuditEventValue
2007-12-10 16:41:27,050 INFO  org.hibernate.cfg.annotations.EntityBinder : Bind entity gov.nih.nci.cabig.ctms.audit.domain.DataAuditEventValue on table audit_event_values
2007-12-10 16:41:27,062 INFO  org.hibernate.cfg.AnnotationBinder : Binding entity from annotated class: gov.nih.nci.cabig.ctms.audit.domain.DataAuditEvent
2007-12-10 16:41:27,063 INFO  org.hibernate.cfg.annotations.EntityBinder : Bind entity gov.nih.nci.cabig.ctms.audit.domain.DataAuditEvent on table audit_events
2007-12-10 16:41:27,128 INFO  org.hibernate.cfg.annotations.CollectionBinder : Mapping collection: gov.nih.nci.cabig.ctms.audit.domain.DataAuditEvent.values -> audit_event_values
2007-12-10 16:41:27,161 INFO  org.hibernate.connection.ConnectionProviderFactory : Initializing connection provider: org.springframework.orm.hibernate3.LocalDataSourceConnectionProvider
2007-12-10 16:41:27,161 INFO  org.hibernate.cfg.SettingsFactory : RDBMS: PostgreSQL, version: 8.2.4
2007-12-10 16:41:27,162 INFO  org.hibernate.cfg.SettingsFactory : JDBC driver: PostgreSQL Native Driver, version: PostgreSQL 8.1 JDBC3 with SSL (build 407)
2007-12-10 16:41:27,163 INFO  org.hibernate.dialect.Dialect : Using dialect: edu.duke.cabig.c3pr.hibernate.ImprovedPostgreSQLDialect
2007-12-10 16:41:27,168 INFO  org.hibernate.transaction.TransactionFactoryFactory : Using default transaction strategy (direct JDBC transactions)
2007-12-10 16:41:27,172 INFO  org.hibernate.transaction.TransactionManagerLookupFactory : No TransactionManagerLookup configured (in JTA environment, use of read-write or transactional second-level cache is not recommended)
2007-12-10 16:41:27,172 INFO  org.hibernate.cfg.SettingsFactory : Automatic flush during beforeCompletion(): disabled
2007-12-10 16:41:27,172 INFO  org.hibernate.cfg.SettingsFactory : Automatic session close at end of transaction: disabled
2007-12-10 16:41:27,172 INFO  org.hibernate.cfg.SettingsFactory : JDBC batch size: 30
2007-12-10 16:41:27,181 INFO  org.hibernate.cfg.SettingsFactory : JDBC batch updates for versioned data: disabled
2007-12-10 16:41:27,182 INFO  org.hibernate.cfg.SettingsFactory : Scrollable result sets: enabled
2007-12-10 16:41:27,182 INFO  org.hibernate.cfg.SettingsFactory : JDBC3 getGeneratedKeys(): disabled
2007-12-10 16:41:27,182 INFO  org.hibernate.cfg.SettingsFactory : Connection release mode: on_close
2007-12-10 16:41:27,182 INFO  org.hibernate.cfg.SettingsFactory : Default batch fetch size: 1
2007-12-10 16:41:27,182 INFO  org.hibernate.cfg.SettingsFactory : Generate SQL with comments: disabled
2007-12-10 16:41:27,196 INFO  org.hibernate.cfg.SettingsFactory : Order SQL updates by primary key: disabled
2007-12-10 16:41:27,196 INFO  org.hibernate.cfg.SettingsFactory : Query translator: org.hibernate.hql.ast.ASTQueryTranslatorFactory
2007-12-10 16:41:27,196 INFO  org.hibernate.hql.ast.ASTQueryTranslatorFactory : Using ASTQueryTranslatorFactory
2007-12-10 16:41:27,196 INFO  org.hibernate.cfg.SettingsFactory : Query language substitutions: {no='N', true=1, yes='Y', false=0}
2007-12-10 16:41:27,196 INFO  org.hibernate.cfg.SettingsFactory : JPA-QL strict compliance: disabled
2007-12-10 16:41:27,225 INFO  org.hibernate.cfg.SettingsFactory : Second-level cache: enabled
2007-12-10 16:41:27,225 INFO  org.hibernate.cfg.SettingsFactory : Query cache: disabled
2007-12-10 16:41:27,225 INFO  org.hibernate.cfg.SettingsFactory : Cache provider: org.hibernate.cache.NoCacheProvider
2007-12-10 16:41:27,225 INFO  org.hibernate.cfg.SettingsFactory : Optimize cache for minimal puts: disabled
2007-12-10 16:41:27,225 INFO  org.hibernate.cfg.SettingsFactory : Structured second-level cache entries: disabled
2007-12-10 16:41:27,256 INFO  org.hibernate.cfg.SettingsFactory : Statistics: disabled
2007-12-10 16:41:27,256 INFO  org.hibernate.cfg.SettingsFactory : Deleted entity synthetic identifier rollback: disabled
2007-12-10 16:41:27,256 INFO  org.hibernate.cfg.SettingsFactory : Default entity-mode: pojo
2007-12-10 16:41:27,263 INFO  org.hibernate.impl.SessionFactoryImpl : building session factory
2007-12-10 16:41:27,286 INFO  org.hibernate.impl.SessionFactoryObjectFactory : Not binding factory to JNDI, no JNDI name configured
2007-12-10 16:41:27,786 WARN  org.springframework.aop.framework.Cglib2AopProxy : Unable to proxy method [public final org.springframework.orm.hibernate3.HibernateTemplate org.springframework.orm.hibernate3.support.HibernateDaoSupport.getHibernateTemplate()] because it is final: All calls to this method via a proxy will be routed directly to the proxy.
2007-12-10 16:41:27,787 WARN  org.springframework.aop.framework.Cglib2AopProxy : Unable to proxy method [public final void org.springframework.orm.hibernate3.support.HibernateDaoSupport.setSessionFactory(org.hibernate.SessionFactory)] because it is final: All calls to this method via a proxy will be routed directly to the proxy.
2007-12-10 16:41:27,787 WARN  org.springframework.aop.framework.Cglib2AopProxy : Unable to proxy method [public final org.hibernate.SessionFactory org.springframework.orm.hibernate3.support.HibernateDaoSupport.getSessionFactory()] because it is final: All calls to this method via a proxy will be routed directly to the proxy.
2007-12-10 16:41:27,799 WARN  org.springframework.aop.framework.Cglib2AopProxy : Unable to proxy method [public final void org.springframework.orm.hibernate3.support.HibernateDaoSupport.setHibernateTemplate(org.springframework.orm.hibernate3.HibernateTemplate)] because it is final: All calls to this method via a proxy will be routed directly to the proxy.
2007-12-10 16:41:27,799 WARN  org.springframework.aop.framework.Cglib2AopProxy : Unable to proxy method [public final void org.springframework.dao.support.DaoSupport.afterPropertiesSet() throws java.lang.IllegalArgumentException,org.springframework.beans.factory.BeanInitializationException] because it is final: All calls to this method via a proxy will be routed directly to the proxy.
2007-12-10 16:41:28,152 WARN  org.springframework.aop.framework.Cglib2AopProxy : Unable to proxy method [public final org.springframework.orm.hibernate3.HibernateTemplate org.springframework.orm.hibernate3.support.HibernateDaoSupport.getHibernateTemplate()] because it is final: All calls to this method via a proxy will be routed directly to the proxy.
2007-12-10 16:41:28,152 WARN  org.springframework.aop.framework.Cglib2AopProxy : Unable to proxy method [public final void org.springframework.orm.hibernate3.support.HibernateDaoSupport.setSessionFactory(org.hibernate.SessionFactory)] because it is final: All calls to this method via a proxy will be routed directly to the proxy.
2007-12-10 16:41:28,152 WARN  org.springframework.aop.framework.Cglib2AopProxy : Unable to proxy method [public final org.hibernate.SessionFactory org.springframework.orm.hibernate3.support.HibernateDaoSupport.getSessionFactory()] because it is final: All calls to this method via a proxy will be routed directly to the proxy.
2007-12-10 16:41:28,170 WARN  org.springframework.aop.framework.Cglib2AopProxy : Unable to proxy method [public final void org.springframework.orm.hibernate3.support.HibernateDaoSupport.setHibernateTemplate(org.springframework.orm.hibernate3.HibernateTemplate)] because it is final: All calls to this method via a proxy will be routed directly to the proxy.
2007-12-10 16:41:28,171 WARN  org.springframework.aop.framework.Cglib2AopProxy : Unable to proxy method [public final void org.springframework.dao.support.DaoSupport.afterPropertiesSet() throws java.lang.IllegalArgumentException,org.springframework.beans.factory.BeanInitializationException] because it is final: All calls to this method via a proxy will be routed directly to the proxy.
2007-12-10 16:41:28,301 WARN  org.springframework.aop.framework.Cglib2AopProxy : Unable to proxy method [public final org.springframework.orm.hibernate3.HibernateTemplate org.springframework.orm.hibernate3.support.HibernateDaoSupport.getHibernateTemplate()] because it is final: All calls to this method via a proxy will be routed directly to the proxy.
2007-12-10 16:41:28,301 WARN  org.springframework.aop.framework.Cglib2AopProxy : Unable to proxy method [public final void org.springframework.orm.hibernate3.support.HibernateDaoSupport.setSessionFactory(org.hibernate.SessionFactory)] because it is final: All calls to this method via a proxy will be routed directly to the proxy.
2007-12-10 16:41:28,301 WARN  org.springframework.aop.framework.Cglib2AopProxy : Unable to proxy method [public final org.hibernate.SessionFactory org.springframework.orm.hibernate3.support.HibernateDaoSupport.getSessionFactory()] because it is final: All calls to this method via a proxy will be routed directly to the proxy.
2007-12-10 16:41:28,311 WARN  org.springframework.aop.framework.Cglib2AopProxy : Unable to proxy method [public final void org.springframework.orm.hibernate3.support.HibernateDaoSupport.setHibernateTemplate(org.springframework.orm.hibernate3.HibernateTemplate)] because it is final: All calls to this method via a proxy will be routed directly to the proxy.
2007-12-10 16:41:28,311 WARN  org.springframework.aop.framework.Cglib2AopProxy : Unable to proxy method [public final void org.springframework.dao.support.DaoSupport.afterPropertiesSet() throws java.lang.IllegalArgumentException,org.springframework.beans.factory.BeanInitializationException] because it is final: All calls to this method via a proxy will be routed directly to the proxy.
2007-12-10 16:41:28,459 WARN  org.springframework.aop.framework.Cglib2AopProxy : Unable to proxy method [public final org.springframework.orm.hibernate3.HibernateTemplate org.springframework.orm.hibernate3.support.HibernateDaoSupport.getHibernateTemplate()] because it is final: All calls to this method via a proxy will be routed directly to the proxy.
2007-12-10 16:41:28,459 WARN  org.springframework.aop.framework.Cglib2AopProxy : Unable to proxy method [public final void org.springframework.orm.hibernate3.support.HibernateDaoSupport.setSessionFactory(org.hibernate.SessionFactory)] because it is final: All calls to this method via a proxy will be routed directly to the proxy.
2007-12-10 16:41:28,459 WARN  org.springframework.aop.framework.Cglib2AopProxy : Unable to proxy method [public final org.hibernate.SessionFactory org.springframework.orm.hibernate3.support.HibernateDaoSupport.getSessionFactory()] because it is final: All calls to this method via a proxy will be routed directly to the proxy.
2007-12-10 16:41:28,460 WARN  org.springframework.aop.framework.Cglib2AopProxy : Unable to proxy method [public final void org.springframework.orm.hibernate3.support.HibernateDaoSupport.setHibernateTemplate(org.springframework.orm.hibernate3.HibernateTemplate)] because it is final: All calls to this method via a proxy will be routed directly to the proxy.
2007-12-10 16:41:28,460 WARN  org.springframework.aop.framework.Cglib2AopProxy : Unable to proxy method [public final void org.springframework.dao.support.DaoSupport.afterPropertiesSet() throws java.lang.IllegalArgumentException,org.springframework.beans.factory.BeanInitializationException] because it is final: All calls to this method via a proxy will be routed directly to the proxy.
2007-12-10 16:41:28,774 WARN  org.springframework.aop.framework.Cglib2AopProxy : Unable to proxy method [public final org.springframework.orm.hibernate3.HibernateTemplate org.springframework.orm.hibernate3.support.HibernateDaoSupport.getHibernateTemplate()] because it is final: All calls to this method via a proxy will be routed directly to the proxy.
2007-12-10 16:41:28,774 WARN  org.springframework.aop.framework.Cglib2AopProxy : Unable to proxy method [public final void org.springframework.orm.hibernate3.support.HibernateDaoSupport.setSessionFactory(org.hibernate.SessionFactory)] because it is final: All calls to this method via a proxy will be routed directly to the proxy.
2007-12-10 16:41:28,774 WARN  org.springframework.aop.framework.Cglib2AopProxy : Unable to proxy method [public final org.hibernate.SessionFactory org.springframework.orm.hibernate3.support.HibernateDaoSupport.getSessionFactory()] because it is final: All calls to this method via a proxy will be routed directly to the proxy.
2007-12-10 16:41:28,781 WARN  org.springframework.aop.framework.Cglib2AopProxy : Unable to proxy method [public final void org.springframework.orm.hibernate3.support.HibernateDaoSupport.setHibernateTemplate(org.springframework.orm.hibernate3.HibernateTemplate)] because it is final: All calls to this method via a proxy will be routed directly to the proxy.
2007-12-10 16:41:28,782 WARN  org.springframework.aop.framework.Cglib2AopProxy : Unable to proxy method [public final void org.springframework.dao.support.DaoSupport.afterPropertiesSet() throws java.lang.IllegalArgumentException,org.springframework.beans.factory.BeanInitializationException] because it is final: All calls to this method via a proxy will be routed directly to the proxy.
2007-12-10 16:41:28,878 WARN  org.springframework.aop.framework.Cglib2AopProxy : Unable to proxy method [public final org.springframework.orm.hibernate3.HibernateTemplate org.springframework.orm.hibernate3.support.HibernateDaoSupport.getHibernateTemplate()] because it is final: All calls to this method via a proxy will be routed directly to the proxy.
2007-12-10 16:41:28,878 WARN  org.springframework.aop.framework.Cglib2AopProxy : Unable to proxy method [public final void org.springframework.orm.hibernate3.support.HibernateDaoSupport.setSessionFactory(org.hibernate.SessionFactory)] because it is final: All calls to this method via a proxy will be routed directly to the proxy.
2007-12-10 16:41:28,878 WARN  org.springframework.aop.framework.Cglib2AopProxy : Unable to proxy method [public final org.hibernate.SessionFactory org.springframework.orm.hibernate3.support.HibernateDaoSupport.getSessionFactory()] because it is final: All calls to this method via a proxy will be routed directly to the proxy.
2007-12-10 16:41:28,886 WARN  org.springframework.aop.framework.Cglib2AopProxy : Unable to proxy method [public final void org.springframework.orm.hibernate3.support.HibernateDaoSupport.setHibernateTemplate(org.springframework.orm.hibernate3.HibernateTemplate)] because it is final: All calls to this method via a proxy will be routed directly to the proxy.
2007-12-10 16:41:28,886 WARN  org.springframework.aop.framework.Cglib2AopProxy : Unable to proxy method [public final void org.springframework.dao.support.DaoSupport.afterPropertiesSet() throws java.lang.IllegalArgumentException,org.springframework.beans.factory.BeanInitializationException] because it is final: All calls to this method via a proxy will be routed directly to the proxy.
2007-12-10 16:41:28,976 WARN  org.springframework.aop.framework.Cglib2AopProxy : Unable to proxy method [public final org.springframework.orm.hibernate3.HibernateTemplate org.springframework.orm.hibernate3.support.HibernateDaoSupport.getHibernateTemplate()] because it is final: All calls to this method via a proxy will be routed directly to the proxy.
2007-12-10 16:41:28,983 WARN  org.springframework.aop.framework.Cglib2AopProxy : Unable to proxy method [public final void org.springframework.orm.hibernate3.support.HibernateDaoSupport.setSessionFactory(org.hibernate.SessionFactory)] because it is final: All calls to this method via a proxy will be routed directly to the proxy.
2007-12-10 16:41:28,983 WARN  org.springframework.aop.framework.Cglib2AopProxy : Unable to proxy method [public final org.hibernate.SessionFactory org.springframework.orm.hibernate3.support.HibernateDaoSupport.getSessionFactory()] because it is final: All calls to this method via a proxy will be routed directly to the proxy.
2007-12-10 16:41:28,984 WARN  org.springframework.aop.framework.Cglib2AopProxy : Unable to proxy method [public final void org.springframework.orm.hibernate3.support.HibernateDaoSupport.setHibernateTemplate(org.springframework.orm.hibernate3.HibernateTemplate)] because it is final: All calls to this method via a proxy will be routed directly to the proxy.
2007-12-10 16:41:28,997 WARN  org.springframework.aop.framework.Cglib2AopProxy : Unable to proxy method [public final void org.springframework.dao.support.DaoSupport.afterPropertiesSet() throws java.lang.IllegalArgumentException,org.springframework.beans.factory.BeanInitializationException] because it is final: All calls to this method via a proxy will be routed directly to the proxy.
2007-12-10 16:41:29,078 WARN  org.springframework.aop.framework.Cglib2AopProxy : Unable to proxy method [public final org.springframework.orm.hibernate3.HibernateTemplate org.springframework.orm.hibernate3.support.HibernateDaoSupport.getHibernateTemplate()] because it is final: All calls to this method via a proxy will be routed directly to the proxy.
2007-12-10 16:41:29,078 WARN  org.springframework.aop.framework.Cglib2AopProxy : Unable to proxy method [public final void org.springframework.orm.hibernate3.support.HibernateDaoSupport.setSessionFactory(org.hibernate.SessionFactory)] because it is final: All calls to this method via a proxy will be routed directly to the proxy.
2007-12-10 16:41:29,078 WARN  org.springframework.aop.framework.Cglib2AopProxy : Unable to proxy method [public final org.hibernate.SessionFactory org.springframework.orm.hibernate3.support.HibernateDaoSupport.getSessionFactory()] because it is final: All calls to this method via a proxy will be routed directly to the proxy.
2007-12-10 16:41:29,086 WARN  org.springframework.aop.framework.Cglib2AopProxy : Unable to proxy method [public final void org.springframework.orm.hibernate3.support.HibernateDaoSupport.setHibernateTemplate(org.springframework.orm.hibernate3.HibernateTemplate)] because it is final: All calls to this method via a proxy will be routed directly to the proxy.
2007-12-10 16:41:29,087 WARN  org.springframework.aop.framework.Cglib2AopProxy : Unable to proxy method [public final void org.springframework.dao.support.DaoSupport.afterPropertiesSet() throws java.lang.IllegalArgumentException,org.springframework.beans.factory.BeanInitializationException] because it is final: All calls to this method via a proxy will be routed directly to the proxy.
2007-12-10 16:41:29,183 WARN  org.springframework.aop.framework.Cglib2AopProxy : Unable to proxy method [public final org.springframework.orm.hibernate3.HibernateTemplate org.springframework.orm.hibernate3.support.HibernateDaoSupport.getHibernateTemplate()] because it is final: All calls to this method via a proxy will be routed directly to the proxy.
2007-12-10 16:41:29,183 WARN  org.springframework.aop.framework.Cglib2AopProxy : Unable to proxy method [public final void org.springframework.orm.hibernate3.support.HibernateDaoSupport.setSessionFactory(org.hibernate.SessionFactory)] because it is final: All calls to this method via a proxy will be routed directly to the proxy.
2007-12-10 16:41:29,183 WARN  org.springframework.aop.framework.Cglib2AopProxy : Unable to proxy method [public final org.hibernate.SessionFactory org.springframework.orm.hibernate3.support.HibernateDaoSupport.getSessionFactory()] because it is final: All calls to this method via a proxy will be routed directly to the proxy.
2007-12-10 16:41:29,197 WARN  org.springframework.aop.framework.Cglib2AopProxy : Unable to proxy method [public final void org.springframework.orm.hibernate3.support.HibernateDaoSupport.setHibernateTemplate(org.springframework.orm.hibernate3.HibernateTemplate)] because it is final: All calls to this method via a proxy will be routed directly to the proxy.
2007-12-10 16:41:29,197 WARN  org.springframework.aop.framework.Cglib2AopProxy : Unable to proxy method [public final void org.springframework.dao.support.DaoSupport.afterPropertiesSet() throws java.lang.IllegalArgumentException,org.springframework.beans.factory.BeanInitializationException] because it is final: All calls to this method via a proxy will be routed directly to the proxy.
2007-12-10 16:41:29,300 WARN  org.springframework.aop.framework.Cglib2AopProxy : Unable to proxy method [public final org.springframework.orm.hibernate3.HibernateTemplate org.springframework.orm.hibernate3.support.HibernateDaoSupport.getHibernateTemplate()] because it is final: All calls to this method via a proxy will be routed directly to the proxy.
2007-12-10 16:41:29,300 WARN  org.springframework.aop.framework.Cglib2AopProxy : Unable to proxy method [public final void org.springframework.orm.hibernate3.support.HibernateDaoSupport.setSessionFactory(org.hibernate.SessionFactory)] because it is final: All calls to this method via a proxy will be routed directly to the proxy.
2007-12-10 16:41:29,300 WARN  org.springframework.aop.framework.Cglib2AopProxy : Unable to proxy method [public final org.hibernate.SessionFactory org.springframework.orm.hibernate3.support.HibernateDaoSupport.getSessionFactory()] because it is final: All calls to this method via a proxy will be routed directly to the proxy.
2007-12-10 16:41:29,316 WARN  org.springframework.aop.framework.Cglib2AopProxy : Unable to proxy method [public final void org.springframework.orm.hibernate3.support.HibernateDaoSupport.setHibernateTemplate(org.springframework.orm.hibernate3.HibernateTemplate)] because it is final: All calls to this method via a proxy will be routed directly to the proxy.
2007-12-10 16:41:29,316 WARN  org.springframework.aop.framework.Cglib2AopProxy : Unable to proxy method [public final void org.springframework.dao.support.DaoSupport.afterPropertiesSet() throws java.lang.IllegalArgumentException,org.springframework.beans.factory.BeanInitializationException] because it is final: All calls to this method via a proxy will be routed directly to the proxy.
2007-12-10 16:41:29,394 WARN  org.springframework.aop.framework.Cglib2AopProxy : Unable to proxy method [public final org.springframework.orm.hibernate3.HibernateTemplate org.springframework.orm.hibernate3.support.HibernateDaoSupport.getHibernateTemplate()] because it is final: All calls to this method via a proxy will be routed directly to the proxy.
2007-12-10 16:41:29,395 WARN  org.springframework.aop.framework.Cglib2AopProxy : Unable to proxy method [public final void org.springframework.orm.hibernate3.support.HibernateDaoSupport.setSessionFactory(org.hibernate.SessionFactory)] because it is final: All calls to this method via a proxy will be routed directly to the proxy.
2007-12-10 16:41:29,397 WARN  org.springframework.aop.framework.Cglib2AopProxy : Unable to proxy method [public final org.hibernate.SessionFactory org.springframework.orm.hibernate3.support.HibernateDaoSupport.getSessionFactory()] because it is final: All calls to this method via a proxy will be routed directly to the proxy.
2007-12-10 16:41:29,409 WARN  org.springframework.aop.framework.Cglib2AopProxy : Unable to proxy method [public final void org.springframework.orm.hibernate3.support.HibernateDaoSupport.setHibernateTemplate(org.springframework.orm.hibernate3.HibernateTemplate)] because it is final: All calls to this method via a proxy will be routed directly to the proxy.
2007-12-10 16:41:29,409 WARN  org.springframework.aop.framework.Cglib2AopProxy : Unable to proxy method [public final void org.springframework.dao.support.DaoSupport.afterPropertiesSet() throws java.lang.IllegalArgumentException,org.springframework.beans.factory.BeanInitializationException] because it is final: All calls to this method via a proxy will be routed directly to the proxy.
2007-12-10 16:41:29,499 WARN  org.springframework.aop.framework.Cglib2AopProxy : Unable to proxy method [public final org.springframework.orm.hibernate3.HibernateTemplate org.springframework.orm.hibernate3.support.HibernateDaoSupport.getHibernateTemplate()] because it is final: All calls to this method via a proxy will be routed directly to the proxy.
2007-12-10 16:41:29,499 WARN  org.springframework.aop.framework.Cglib2AopProxy : Unable to proxy method [public final void org.springframework.orm.hibernate3.support.HibernateDaoSupport.setSessionFactory(org.hibernate.SessionFactory)] because it is final: All calls to this method via a proxy will be routed directly to the proxy.
2007-12-10 16:41:29,499 WARN  org.springframework.aop.framework.Cglib2AopProxy : Unable to proxy method [public final org.hibernate.SessionFactory org.springframework.orm.hibernate3.support.HibernateDaoSupport.getSessionFactory()] because it is final: All calls to this method via a proxy will be routed directly to the proxy.
2007-12-10 16:41:29,507 WARN  org.springframework.aop.framework.Cglib2AopProxy : Unable to proxy method [public final void org.springframework.orm.hibernate3.support.HibernateDaoSupport.setHibernateTemplate(org.springframework.orm.hibernate3.HibernateTemplate)] because it is final: All calls to this method via a proxy will be routed directly to the proxy.
2007-12-10 16:41:29,507 WARN  org.springframework.aop.framework.Cglib2AopProxy : Unable to proxy method [public final void org.springframework.dao.support.DaoSupport.afterPropertiesSet() throws java.lang.IllegalArgumentException,org.springframework.beans.factory.BeanInitializationException] because it is final: All calls to this method via a proxy will be routed directly to the proxy.
2007-12-10 16:41:29,604 WARN  org.springframework.aop.framework.Cglib2AopProxy : Unable to proxy method [public final org.springframework.orm.hibernate3.HibernateTemplate org.springframework.orm.hibernate3.support.HibernateDaoSupport.getHibernateTemplate()] because it is final: All calls to this method via a proxy will be routed directly to the proxy.
2007-12-10 16:41:29,604 WARN  org.springframework.aop.framework.Cglib2AopProxy : Unable to proxy method [public final void org.springframework.orm.hibernate3.support.HibernateDaoSupport.setSessionFactory(org.hibernate.SessionFactory)] because it is final: All calls to this method via a proxy will be routed directly to the proxy.
2007-12-10 16:41:29,604 WARN  org.springframework.aop.framework.Cglib2AopProxy : Unable to proxy method [public final org.hibernate.SessionFactory org.springframework.orm.hibernate3.support.HibernateDaoSupport.getSessionFactory()] because it is final: All calls to this method via a proxy will be routed directly to the proxy.
2007-12-10 16:41:29,622 WARN  org.springframework.aop.framework.Cglib2AopProxy : Unable to proxy method [public final void org.springframework.orm.hibernate3.support.HibernateDaoSupport.setHibernateTemplate(org.springframework.orm.hibernate3.HibernateTemplate)] because it is final: All calls to this method via a proxy will be routed directly to the proxy.
2007-12-10 16:41:29,622 WARN  org.springframework.aop.framework.Cglib2AopProxy : Unable to proxy method [public final void org.springframework.dao.support.DaoSupport.afterPropertiesSet() throws java.lang.IllegalArgumentException,org.springframework.beans.factory.BeanInitializationException] because it is final: All calls to this method via a proxy will be routed directly to the proxy.
2007-12-10 16:41:29,706 WARN  org.springframework.aop.framework.Cglib2AopProxy : Unable to proxy method [public final org.springframework.orm.hibernate3.HibernateTemplate org.springframework.orm.hibernate3.support.HibernateDaoSupport.getHibernateTemplate()] because it is final: All calls to this method via a proxy will be routed directly to the proxy.
2007-12-10 16:41:29,707 WARN  org.springframework.aop.framework.Cglib2AopProxy : Unable to proxy method [public final void org.springframework.orm.hibernate3.support.HibernateDaoSupport.setSessionFactory(org.hibernate.SessionFactory)] because it is final: All calls to this method via a proxy will be routed directly to the proxy.
2007-12-10 16:41:29,707 WARN  org.springframework.aop.framework.Cglib2AopProxy : Unable to proxy method [public final org.hibernate.SessionFactory org.springframework.orm.hibernate3.support.HibernateDaoSupport.getSessionFactory()] because it is final: All calls to this method via a proxy will be routed directly to the proxy.
2007-12-10 16:41:29,721 WARN  org.springframework.aop.framework.Cglib2AopProxy : Unable to proxy method [public final void org.springframework.orm.hibernate3.support.HibernateDaoSupport.setHibernateTemplate(org.springframework.orm.hibernate3.HibernateTemplate)] because it is final: All calls to this method via a proxy will be routed directly to the proxy.
2007-12-10 16:41:29,721 WARN  org.springframework.aop.framework.Cglib2AopProxy : Unable to proxy method [public final void org.springframework.dao.support.DaoSupport.afterPropertiesSet() throws java.lang.IllegalArgumentException,org.springframework.beans.factory.BeanInitializationException] because it is final: All calls to this method via a proxy will be routed directly to the proxy.
2007-12-10 16:41:29,802 WARN  org.springframework.aop.framework.Cglib2AopProxy : Unable to proxy method [public final org.springframework.orm.hibernate3.HibernateTemplate org.springframework.orm.hibernate3.support.HibernateDaoSupport.getHibernateTemplate()] because it is final: All calls to this method via a proxy will be routed directly to the proxy.
2007-12-10 16:41:29,802 WARN  org.springframework.aop.framework.Cglib2AopProxy : Unable to proxy method [public final void org.springframework.orm.hibernate3.support.HibernateDaoSupport.setSessionFactory(org.hibernate.SessionFactory)] because it is final: All calls to this method via a proxy will be routed directly to the proxy.
2007-12-10 16:41:29,802 WARN  org.springframework.aop.framework.Cglib2AopProxy : Unable to proxy method [public final org.hibernate.SessionFactory org.springframework.orm.hibernate3.support.HibernateDaoSupport.getSessionFactory()] because it is final: All calls to this method via a proxy will be routed directly to the proxy.
2007-12-10 16:41:29,804 WARN  org.springframework.aop.framework.Cglib2AopProxy : Unable to proxy method [public final void org.springframework.orm.hibernate3.support.HibernateDaoSupport.setHibernateTemplate(org.springframework.orm.hibernate3.HibernateTemplate)] because it is final: All calls to this method via a proxy will be routed directly to the proxy.
2007-12-10 16:41:29,804 WARN  org.springframework.aop.framework.Cglib2AopProxy : Unable to proxy method [public final void org.springframework.dao.support.DaoSupport.afterPropertiesSet() throws java.lang.IllegalArgumentException,org.springframework.beans.factory.BeanInitializationException] because it is final: All calls to this method via a proxy will be routed directly to the proxy.
2007-12-10 16:41:29,923 WARN  org.springframework.aop.framework.Cglib2AopProxy : Unable to proxy method [public final org.springframework.orm.hibernate3.HibernateTemplate org.springframework.orm.hibernate3.support.HibernateDaoSupport.getHibernateTemplate()] because it is final: All calls to this method via a proxy will be routed directly to the proxy.
2007-12-10 16:41:29,923 WARN  org.springframework.aop.framework.Cglib2AopProxy : Unable to proxy method [public final void org.springframework.orm.hibernate3.support.HibernateDaoSupport.setSessionFactory(org.hibernate.SessionFactory)] because it is final: All calls to this method via a proxy will be routed directly to the proxy.
2007-12-10 16:41:29,924 WARN  org.springframework.aop.framework.Cglib2AopProxy : Unable to proxy method [public final org.hibernate.SessionFactory org.springframework.orm.hibernate3.support.HibernateDaoSupport.getSessionFactory()] because it is final: All calls to this method via a proxy will be routed directly to the proxy.
2007-12-10 16:41:29,932 WARN  org.springframework.aop.framework.Cglib2AopProxy : Unable to proxy method [public final void org.springframework.orm.hibernate3.support.HibernateDaoSupport.setHibernateTemplate(org.springframework.orm.hibernate3.HibernateTemplate)] because it is final: All calls to this method via a proxy will be routed directly to the proxy.
2007-12-10 16:41:29,932 WARN  org.springframework.aop.framework.Cglib2AopProxy : Unable to proxy method [public final void org.springframework.dao.support.DaoSupport.afterPropertiesSet() throws java.lang.IllegalArgumentException,org.springframework.beans.factory.BeanInitializationException] because it is final: All calls to this method via a proxy will be routed directly to the proxy.
2007-12-10 16:41:30,026 WARN  org.springframework.aop.framework.Cglib2AopProxy : Unable to proxy method [public final org.springframework.orm.hibernate3.HibernateTemplate org.springframework.orm.hibernate3.support.HibernateDaoSupport.getHibernateTemplate()] because it is final: All calls to this method via a proxy will be routed directly to the proxy.
2007-12-10 16:41:30,026 WARN  org.springframework.aop.framework.Cglib2AopProxy : Unable to proxy method [public final void org.springframework.orm.hibernate3.support.HibernateDaoSupport.setSessionFactory(org.hibernate.SessionFactory)] because it is final: All calls to this method via a proxy will be routed directly to the proxy.
2007-12-10 16:41:30,026 WARN  org.springframework.aop.framework.Cglib2AopProxy : Unable to proxy method [public final org.hibernate.SessionFactory org.springframework.orm.hibernate3.support.HibernateDaoSupport.getSessionFactory()] because it is final: All calls to this method via a proxy will be routed directly to the proxy.
2007-12-10 16:41:30,035 WARN  org.springframework.aop.framework.Cglib2AopProxy : Unable to proxy method [public final void org.springframework.orm.hibernate3.support.HibernateDaoSupport.setHibernateTemplate(org.springframework.orm.hibernate3.HibernateTemplate)] because it is final: All calls to this method via a proxy will be routed directly to the proxy.
2007-12-10 16:41:30,035 WARN  org.springframework.aop.framework.Cglib2AopProxy : Unable to proxy method [public final void org.springframework.dao.support.DaoSupport.afterPropertiesSet() throws java.lang.IllegalArgumentException,org.springframework.beans.factory.BeanInitializationException] because it is final: All calls to this method via a proxy will be routed directly to the proxy.
2007-12-10 16:41:30,134 WARN  org.springframework.aop.framework.Cglib2AopProxy : Unable to proxy method [public final org.springframework.orm.hibernate3.HibernateTemplate org.springframework.orm.hibernate3.support.HibernateDaoSupport.getHibernateTemplate()] because it is final: All calls to this method via a proxy will be routed directly to the proxy.
2007-12-10 16:41:30,135 WARN  org.springframework.aop.framework.Cglib2AopProxy : Unable to proxy method [public final void org.springframework.orm.hibernate3.support.HibernateDaoSupport.setSessionFactory(org.hibernate.SessionFactory)] because it is final: All calls to this method via a proxy will be routed directly to the proxy.
2007-12-10 16:41:30,135 WARN  org.springframework.aop.framework.Cglib2AopProxy : Unable to proxy method [public final org.hibernate.SessionFactory org.springframework.orm.hibernate3.support.HibernateDaoSupport.getSessionFactory()] because it is final: All calls to this method via a proxy will be routed directly to the proxy.
2007-12-10 16:41:30,143 WARN  org.springframework.aop.framework.Cglib2AopProxy : Unable to proxy method [public final void org.springframework.orm.hibernate3.support.HibernateDaoSupport.setHibernateTemplate(org.springframework.orm.hibernate3.HibernateTemplate)] because it is final: All calls to this method via a proxy will be routed directly to the proxy.
2007-12-10 16:41:30,143 WARN  org.springframework.aop.framework.Cglib2AopProxy : Unable to proxy method [public final void org.springframework.dao.support.DaoSupport.afterPropertiesSet() throws java.lang.IllegalArgumentException,org.springframework.beans.factory.BeanInitializationException] because it is final: All calls to this method via a proxy will be routed directly to the proxy.
2007-12-10 16:41:30,243 WARN  org.springframework.aop.framework.Cglib2AopProxy : Unable to proxy method [public final org.springframework.orm.hibernate3.HibernateTemplate org.springframework.orm.hibernate3.support.HibernateDaoSupport.getHibernateTemplate()] because it is final: All calls to this method via a proxy will be routed directly to the proxy.
2007-12-10 16:41:30,243 WARN  org.springframework.aop.framework.Cglib2AopProxy : Unable to proxy method [public final void org.springframework.orm.hibernate3.support.HibernateDaoSupport.setSessionFactory(org.hibernate.SessionFactory)] because it is final: All calls to this method via a proxy will be routed directly to the proxy.
2007-12-10 16:41:30,243 WARN  org.springframework.aop.framework.Cglib2AopProxy : Unable to proxy method [public final org.hibernate.SessionFactory org.springframework.orm.hibernate3.support.HibernateDaoSupport.getSessionFactory()] because it is final: All calls to this method via a proxy will be routed directly to the proxy.
2007-12-10 16:41:30,252 WARN  org.springframework.aop.framework.Cglib2AopProxy : Unable to proxy method [public final void org.springframework.orm.hibernate3.support.HibernateDaoSupport.setHibernateTemplate(org.springframework.orm.hibernate3.HibernateTemplate)] because it is final: All calls to this method via a proxy will be routed directly to the proxy.
2007-12-10 16:41:30,252 WARN  org.springframework.aop.framework.Cglib2AopProxy : Unable to proxy method [public final void org.springframework.dao.support.DaoSupport.afterPropertiesSet() throws java.lang.IllegalArgumentException,org.springframework.beans.factory.BeanInitializationException] because it is final: All calls to this method via a proxy will be routed directly to the proxy.
2007-12-10 16:41:30,333 WARN  org.springframework.aop.framework.Cglib2AopProxy : Unable to proxy method [public final org.springframework.orm.hibernate3.HibernateTemplate org.springframework.orm.hibernate3.support.HibernateDaoSupport.getHibernateTemplate()] because it is final: All calls to this method via a proxy will be routed directly to the proxy.
2007-12-10 16:41:30,333 WARN  org.springframework.aop.framework.Cglib2AopProxy : Unable to proxy method [public final void org.springframework.orm.hibernate3.support.HibernateDaoSupport.setSessionFactory(org.hibernate.SessionFactory)] because it is final: All calls to this method via a proxy will be routed directly to the proxy.
2007-12-10 16:41:30,333 WARN  org.springframework.aop.framework.Cglib2AopProxy : Unable to proxy method [public final org.hibernate.SessionFactory org.springframework.orm.hibernate3.support.HibernateDaoSupport.getSessionFactory()] because it is final: All calls to this method via a proxy will be routed directly to the proxy.
2007-12-10 16:41:30,333 WARN  org.springframework.aop.framework.Cglib2AopProxy : Unable to proxy method [public final void org.springframework.orm.hibernate3.support.HibernateDaoSupport.setHibernateTemplate(org.springframework.orm.hibernate3.HibernateTemplate)] because it is final: All calls to this method via a proxy will be routed directly to the proxy.
2007-12-10 16:41:30,333 WARN  org.springframework.aop.framework.Cglib2AopProxy : Unable to proxy method [public final void org.springframework.dao.support.DaoSupport.afterPropertiesSet() throws java.lang.IllegalArgumentException,org.springframework.beans.factory.BeanInitializationException] because it is final: All calls to this method via a proxy will be routed directly to the proxy.
]]></system-out>
  <system-err><![CDATA[]]></system-err>
</testsuite>
