<?xml version="1.0" encoding="UTF-8" ?>
<testsuite errors="0" failures="0" hostname="priyatam-mudivartis-computer.local" name="edu.duke.cabig.c3pr.dao.ResearchStaffDaoTest" tests="4" time="4.305" timestamp="2007-05-09T14:22:37">
  <properties>
    <property name="java.vendor" value="Apple Computer, Inc." />
    <property name="lib.dir" value="/Users/priyatam/dev/eclipse/workspace/c3pr/projects/core/lib" />
    <property name="antfiles.dir" value="/Users/priyatam/dev/eclipse/workspace/c3pr/projects/core/antfiles" />
    <property name="eclipse.pdebuild.templates" value="/Users/priyatam/dev/eclipse/plugins/org.eclipse.pde.build_3.2.1.r321_v20060823/templates//" />
    <property name="sun.management.compiler" value="HotSpot Client Compiler" />
    <property name="env.SECURITYSESSIONID" value="51b390" />
    <property name="test.project.jar" value="/Users/priyatam/dev/eclipse/workspace/c3pr/projects/core/build/jars/c3pr-2.0-core-tests-1.0.jar" />
    <property name="os.name" value="Mac OS X" />
    <property name="csm.conf.dir" value="/Users/priyatam/dev/eclipse/workspace/c3pr/projects/core/conf//csm" />
    <property name="cobertura.home" value="/Users/priyatam/dev/eclipse/workspace/c3pr/share/cobertura-1.8" />
    <property name="sun.boot.class.path" value="/System/Library/Frameworks/JavaVM.framework/Versions/1.5.0/Classes/classes.jar:/System/Library/Frameworks/JavaVM.framework/Versions/1.5.0/Classes/ui.jar:/System/Library/Frameworks/JavaVM.framework/Versions/1.5.0/Classes/laf.jar:/System/Library/Frameworks/JavaVM.framework/Versions/1.5.0/Classes/sunrsasign.jar:/System/Library/Frameworks/JavaVM.framework/Versions/1.5.0/Classes/jsse.jar:/System/Library/Frameworks/JavaVM.framework/Versions/1.5.0/Classes/jce.jar:/System/Library/Frameworks/JavaVM.framework/Versions/1.5.0/Classes/charsets.jar" />
    <property name="env.PWD" value="/Users/priyatam" />
    <property name="postgresql.csm.db.scripts.dir" value="/Users/priyatam/dev/eclipse/workspace/c3pr/projects/core/db/PostGreSQL/csm" />
    <property name="ant.file.c3pr-2.0-core" value="/Users/priyatam/dev/eclipse/workspace/c3pr/projects/core/build.xml" />
    <property name="java.vm.specification.vendor" value="Sun Microsystems Inc." />
    <property name="net.sourceforge.cobertura.datafile" value="/Users/priyatam/dev/eclipse/workspace/c3pr/projects/core/test/logs/queryengine.ser" />
    <property name="ant.home" value="/Users/priyatam/dev/eclipse/plugins/org.apache.ant_1.6.5" />
    <property name="jar.dir" value="/Users/priyatam/dev/eclipse/workspace/c3pr/projects/core/build/jars" />
    <property name="java.runtime.version" value="1.5.0_07-164" />
    <property name="user.name" value="priyatam" />
    <property name="env._" value="/Users/priyatam/dev/eclipse/Eclipse.app/Contents/MacOS/eclipse" />
    <property name="env.USER" value="priyatam" />
    <property name="test.classes.dir" value="/Users/priyatam/dev/eclipse/workspace/c3pr/projects/core/build/classes-test" />
    <property name="env.SHELL" value="/bin/bash" />
    <property name="env.__CF_USER_TEXT_ENCODING" value="0x1F5:0:0" />
    <property name="debug" value="on" />
    <property name="awt.nativeDoubleBuffering" value="true" />
    <property name="core.properties.file" value="/Users/priyatam/dev/eclipse/workspace/c3pr/projects/core/conf//core.properties" />
    <property name="build.dir" value="/Users/priyatam/dev/eclipse/workspace/c3pr/projects/core/build" />
    <property name="ext.lib.dir" value="/Users/priyatam/dev/eclipse/workspace/c3pr/projects/core/ext/lib" />
    <property name="env.PATH" value="/bin:/sbin:/usr/bin:/usr/sbin" />
    <property name="user.language" value="en" />
    <property name="sun.boot.library.path" value="/System/Library/Frameworks/JavaVM.framework/Versions/1.5.0/Libraries" />
    <property name="env.JAVA_MAIN_CLASS_595" value="org.eclipse.ant.internal.ui.antsupport.InternalAntRunner" />
    <property name="ant.project.name" value="c3pr-2.0-core" />
    <property name="java.version" value="1.5.0_07" />
    <property name="user.timezone" value="" />
    <property name="oracle.csm.db.scripts.dir" value="/Users/priyatam/dev/eclipse/workspace/c3pr/projects/core/db/oracle/csm" />
    <property name="ext.test.lib.dir" value="/Users/priyatam/dev/eclipse/workspace/c3pr/projects/core/ext/test/lib" />
    <property name="resources.dir" value="/Users/priyatam/dev/eclipse/workspace/c3pr/projects/core/resources" />
    <property name="sun.arch.data.model" value="32" />
    <property name="test.src.dir" value="/Users/priyatam/dev/eclipse/workspace/c3pr/projects/core/test/src" />
    <property name="java.endorsed.dirs" value="/System/Library/Frameworks/JavaVM.framework/Versions/1.5.0/Home/lib/endorsed" />
    <property name="sun.cpu.isalist" value="" />
    <property name="sun.jnu.encoding" value="MacRoman" />
    <property name="file.encoding.pkg" value="sun.io" />
    <property name="env.SHLVL" value="1" />
    <property name="file.separator" value="/" />
    <property name="java.specification.name" value="Java Platform API Specification" />
    <property name="test.lib.dir" value="/Users/priyatam/dev/eclipse/workspace/c3pr/projects/core/test/lib" />
    <property name="classes.dir" value="/Users/priyatam/dev/eclipse/workspace/c3pr/projects/core/build/classes" />
    <property name="java.class.version" value="49.0" />
    <property name="project.jarfile" value="/Users/priyatam/dev/eclipse/workspace/c3pr/projects/core/build/jars/c3pr-2.0-core-1.0.jar" />
    <property name="user.country" value="US" />
    <property name="java.home" value="/System/Library/Frameworks/JavaVM.framework/Versions/1.5.0/Home" />
    <property name="java.vm.info" value="mixed mode, sharing" />
    <property name="postgresql.db.script.dir" value="/Users/priyatam/dev/eclipse/workspace/c3pr/projects/core/db/PostGreSQL" />
    <property name="env.CATALINA_HOME" value="/Users/priyatam/dev/apache-tomcat-5.5.23" />
    <property name="env.LOGNAME" value="priyatam" />
    <property name="ant.file" value="/Users/priyatam/dev/eclipse/workspace/c3pr/projects/core/build.xml" />
    <property name="os.version" value="10.4.9" />
    <property name="env.TERM_PROGRAM_VERSION" value="133" />
    <property name="env.JAVA_MAIN_CLASS_581" value="org.eclipse.core.launcher.Main" />
    <property name="path.separator" value=":" />
    <property name="java.vm.version" value="1.5.0_07-87" />
    <property name="ant.library.dir" value="/Users/priyatam/dev/eclipse/plugins/org.apache.ant_1.6.5/lib" />
    <property name="env.JAVA_HOME" value="/Library/Java/Home" />
    <property name="java.awt.printerjob" value="apple.awt.CPrinterJob" />
    <property name="env.TERM" value="xterm-color" />
    <property name="sun.io.unicode.encoding" value="UnicodeLittle" />
    <property name="awt.toolkit" value="apple.awt.CToolkit" />
    <property name="ant.file.c3pr-2.0-core-test" value="/Users/priyatam/dev/eclipse/workspace/c3pr/projects/core/antfiles/build-test.xml" />
    <property name="eclipse.pdebuild.scripts" value="/Users/priyatam/dev/eclipse/plugins/org.eclipse.pde.build_3.2.1.r321_v20060823/scripts//" />
    <property name="user.home" value="/Users/priyatam" />
    <property name="java.specification.vendor" value="Sun Microsystems Inc." />
    <property name="env.TERM_PROGRAM" value="Apple_Terminal" />
    <property name="test.dir" value="/Users/priyatam/dev/eclipse/workspace/c3pr/projects/core/test" />
    <property name="java.library.path" value=".:/Library/Java/Extensions:/System/Library/Java/Extensions:/usr/lib/java" />
    <property name="ext.resources.dir" value="/Users/priyatam/dev/eclipse/workspace/c3pr/projects/core/ext/resources" />
    <property name="java.vendor.url" value="http://apple.com/" />
    <property name="gopherProxySet" value="false" />
    <property name="java.vm.vendor" value="&quot;Apple Computer, Inc.&quot;" />
    <property name="java.runtime.name" value="Java(TM) 2 Runtime Environment, Standard Edition" />
    <property name="ant.version" value="Apache Ant version 1.7.0 compiled on December 13 2006" />
    <property name="java.class.path" value="/Users/priyatam/dev/eclipse/workspace/c3pr/projects/core/build/jars/c3pr-2.0-core-1.0.jar:/Users/priyatam/dev/eclipse/workspace/c3pr/projects/core/build/jars/c3pr-2.0-core-tests-1.0.jar:/Users/priyatam/dev/eclipse/workspace/c3pr/projects/core/lib/activation-1.0.2.jar:/Users/priyatam/dev/eclipse/workspace/c3pr/projects/core/lib/activemq-core-4.0.2.jar:/Users/priyatam/dev/eclipse/workspace/c3pr/projects/core/lib/asm-attrs.jar:/Users/priyatam/dev/eclipse/workspace/c3pr/projects/core/lib/asm.jar:/Users/priyatam/dev/eclipse/workspace/c3pr/projects/core/lib/avalon-framework-cvs-20020806.jar:/Users/priyatam/dev/eclipse/workspace/c3pr/projects/core/lib/castor-0.9.9.jar:/Users/priyatam/dev/eclipse/workspace/c3pr/projects/core/lib/cglib-2.1.3.jar:/Users/priyatam/dev/eclipse/workspace/c3pr/projects/core/lib/commons-beanutils-1.7.0.jar:/Users/priyatam/dev/eclipse/workspace/c3pr/projects/core/lib/commons-collections-3.2.jar:/Users/priyatam/dev/eclipse/workspace/c3pr/projects/core/lib/commons-dbcp-1.2.1.jar:/Users/priyatam/dev/eclipse/workspace/c3pr/projects/core/lib/commons-lang-2.1.jar:/Users/priyatam/dev/eclipse/workspace/c3pr/projects/core/lib/commons-pool-1.2.jar:/Users/priyatam/dev/eclipse/workspace/c3pr/projects/core/lib/ejb3-persistence.jar:/Users/priyatam/dev/eclipse/workspace/c3pr/projects/core/lib/fop.jar:/Users/priyatam/dev/eclipse/workspace/c3pr/projects/core/lib/jakarta-oro-2.0.8.jar:/Users/priyatam/dev/eclipse/workspace/c3pr/projects/core/lib/jstl.jar:/Users/priyatam/dev/eclipse/workspace/c3pr/projects/core/lib/jta.jar:/Users/priyatam/dev/eclipse/workspace/c3pr/projects/core/lib/mail-1.3.2.jar:/Users/priyatam/dev/eclipse/workspace/c3pr/projects/core/lib/northwestern-core-commons.jar:/Users/priyatam/dev/eclipse/workspace/c3pr/projects/core/lib/ojdbc14.jar:/Users/priyatam/dev/eclipse/workspace/c3pr/projects/core/lib/postgresql-8.1-407.jdbc3.jar:/Users/priyatam/dev/eclipse/workspace/c3pr/projects/core/lib/standard.jar:/Users/priyatam/dev/eclipse/workspace/c3pr/projects/core/lib/xbean-spring-2.7.jar:/Users/priyatam/dev/eclipse/workspace/c3pr/projects/core/ext/lib/acegi-csm-1.0-SNAPSHOT.jar:/Users/priyatam/dev/eclipse/workspace/c3pr/projects/core/ext/lib/acegi-grid-1.0-SNAPSHOT.jar:/Users/priyatam/dev/eclipse/workspace/c3pr/projects/core/ext/lib/acegi-security-1.0.3.jar:/Users/priyatam/dev/eclipse/workspace/c3pr/projects/core/ext/lib/acegi-security-cas-1.0.3.jar:/Users/priyatam/dev/eclipse/workspace/c3pr/projects/core/ext/lib/acegi-security-tiger-1.0.3.jar:/Users/priyatam/dev/eclipse/workspace/c3pr/projects/core/ext/lib/activeio-core-3.0-beta4.jar:/Users/priyatam/dev/eclipse/workspace/c3pr/projects/core/ext/lib/activemq-core-4.0.2.jar:/Users/priyatam/dev/eclipse/workspace/c3pr/projects/core/ext/lib/ant-contrib.jar:/Users/priyatam/dev/eclipse/workspace/c3pr/projects/core/ext/lib/antlr-2.7.6.jar:/Users/priyatam/dev/eclipse/workspace/c3pr/projects/core/ext/lib/backport-util-concurrent-2.1.jar:/Users/priyatam/dev/eclipse/workspace/c3pr/projects/core/ext/lib/c3p0-0.8.5.2.jar:/Users/priyatam/dev/eclipse/workspace/c3pr/projects/core/ext/lib/c3pr-2.0-esb-client-1.0.jar:/Users/priyatam/dev/eclipse/workspace/c3pr/projects/core/ext/lib/castor-0.9.9.jar:/Users/priyatam/dev/eclipse/workspace/c3pr/projects/core/ext/lib/client.jar:/Users/priyatam/dev/eclipse/workspace/c3pr/projects/core/ext/lib/clm-3.2.1-SNAPSHOT.jar:/Users/priyatam/dev/eclipse/workspace/c3pr/projects/core/ext/lib/commons-collections-3.1.jar:/Users/priyatam/dev/eclipse/workspace/c3pr/projects/core/ext/lib/commons-logging.jar:/Users/priyatam/dev/eclipse/workspace/c3pr/projects/core/ext/lib/commons-pool-1.2.jar:/Users/priyatam/dev/eclipse/workspace/c3pr/projects/core/ext/lib/csmapi-3.2.1-SNAPSHOT.jar:/Users/priyatam/dev/eclipse/workspace/c3pr/projects/core/ext/lib/dom4j-1.6.1.jar:/Users/priyatam/dev/eclipse/workspace/c3pr/projects/core/ext/lib/ehcache-1.2.3.jar:/Users/priyatam/dev/eclipse/workspace/c3pr/projects/core/ext/lib/handle.jar:/Users/priyatam/dev/eclipse/workspace/c3pr/projects/core/ext/lib/handlerservice.jar:/Users/priyatam/dev/eclipse/workspace/c3pr/projects/core/ext/lib/hibernate-annotations.jar:/Users/priyatam/dev/eclipse/workspace/c3pr/projects/core/ext/lib/hibernate3.2.1.jar:/Users/priyatam/dev/eclipse/workspace/c3pr/projects/core/ext/lib/jboss-j2ee-4.0.5.jar:/Users/priyatam/dev/eclipse/workspace/c3pr/projects/core/ext/lib/jboss-jsr77.jar:/Users/priyatam/dev/eclipse/workspace/c3pr/projects/core/ext/lib/jdom.jar:/Users/priyatam/dev/eclipse/workspace/c3pr/projects/core/ext/lib/log4j-1.2.13.jar:/Users/priyatam/dev/eclipse/workspace/c3pr/projects/core/ext/lib/spring2.0.2.jar:/Users/priyatam/dev/eclipse/workspace/c3pr/projects/core/ext/lib/xerces-2.6.2.jar:/Users/priyatam/dev/eclipse/workspace/c3pr/projects/core/ext/lib/xercesImpl-2.2.1.jar:/Users/priyatam/dev/eclipse/workspace/c3pr/projects/core/test/lib/catrip-test-report-1.0.jar:/Users/priyatam/dev/eclipse/workspace/c3pr/projects/core/test/lib/core-commons-testing.jar:/Users/priyatam/dev/eclipse/workspace/c3pr/projects/core/test/lib/dbunit-2.1.jar:/Users/priyatam/dev/eclipse/workspace/c3pr/projects/core/test/lib/easymock.jar:/Users/priyatam/dev/eclipse/workspace/c3pr/projects/core/test/lib/easymockclassextension.jar:/Users/priyatam/dev/eclipse/workspace/c3pr/projects/core/test/lib/hsqldb.jar:/Users/priyatam/dev/eclipse/workspace/c3pr/projects/core/test/lib/servlet-api.jar:/Users/priyatam/dev/eclipse/workspace/c3pr/projects/core/ext/test/lib/junit-3.8.1.jar:/Users/priyatam/dev/eclipse/workspace/c3pr/projects/core/ext/test/lib/spring-mock.jar:/Users/priyatam/dev/apache-tomcat-5.5.23/common/lib/commons-el.jar:/Users/priyatam/dev/apache-tomcat-5.5.23/common/lib/jasper-compiler-jdt.jar:/Users/priyatam/dev/apache-tomcat-5.5.23/common/lib/jasper-compiler.jar:/Users/priyatam/dev/apache-tomcat-5.5.23/common/lib/jasper-runtime.jar:/Users/priyatam/dev/apache-tomcat-5.5.23/common/lib/jsp-api.jar:/Users/priyatam/dev/apache-tomcat-5.5.23/common/lib/naming-factory-dbcp.jar:/Users/priyatam/dev/apache-tomcat-5.5.23/common/lib/naming-factory.jar:/Users/priyatam/dev/apache-tomcat-5.5.23/common/lib/naming-resources.jar:/Users/priyatam/dev/apache-tomcat-5.5.23/common/lib/servlet-api.jar:/Users/priyatam/dev/eclipse/workspace/c3pr/share/cobertura-1.8/cobertura.jar:/Users/priyatam/dev/eclipse/workspace/c3pr/share/cobertura-1.8/lib/asm-2.2.1.jar:/Users/priyatam/dev/eclipse/workspace/c3pr/share/cobertura-1.8/lib/jakarta-oro-2.0.8.jar:/Users/priyatam/dev/eclipse/workspace/c3pr/share/cobertura-1.8/lib/log4j-1.2.9.jar:/Users/priyatam/dev/eclipse/workspace/c3pr/share/junit-3.8.1/junit-3.8.1.jar:/Users/priyatam/dev/apache-ant-1.7.0/lib/ant-launcher.jar:/Users/priyatam/dev/apache-ant-1.7.0/lib/ant.jar:/Users/priyatam/dev/apache-ant-1.7.0/lib/ant-junit.jar:/System/Library/Frameworks/JavaVM.framework/Versions/1.5.0/Classes/.compatibility/14compatibility.jar" />
    <property name="project.version" value="1.0" />
    <property name="project.name" value="core" />
    <property name="java.vm.specification.name" value="Java Virtual Machine Specification" />
    <property name="catalina.home" value="/Users/priyatam/dev/apache-tomcat-5.5.23" />
    <property name="java.vm.specification.version" value="1.0" />
    <property name="sun.os.patch.level" value="unknown" />
    <property name="sun.cpu.endian" value="little" />
    <property name="env.HOME" value="/Users/priyatam" />
    <property name="env.ANT_HOME" value="/Users/priyatam/dev/eclipse/plugins/org.apache.ant_1.6.5" />
    <property name="java.io.tmpdir" value="/tmp" />
    <property name="eclipse.pdebuild.home" value="/Users/priyatam/dev/eclipse/plugins/org.eclipse.pde.build_3.2.1.r321_v20060823/.//" />
    <property name="env.APP_ICON_581" value="../Resources/Eclipse.icns" />
    <property name="java.vendor.url.bug" value="http://developer.apple.com/java/" />
    <property name="conf.dir" value="/Users/priyatam/dev/eclipse/workspace/c3pr/projects/core/conf/" />
    <property name="os.arch" value="i386" />
    <property name="java.awt.graphicsenv" value="apple.awt.CGraphicsEnvironment" />
    <property name="java.ext.dirs" value="/Library/Java/Extensions:/System/Library/Java/Extensions:/System/Library/Frameworks/JavaVM.framework/Versions/1.5.0/Home/lib/ext" />
    <property name="user.dir" value="/Users/priyatam/dev/eclipse/workspace/c3pr/projects/core" />
    <property name="env.MAVEN_HOME" value="/Users/priyatam/dev/maven-2.0.6" />
    <property name="mrj.version" value="1040.1.5.0_07-164" />
    <property name="testcoverage.datafile" value="/Users/priyatam/dev/eclipse/workspace/c3pr/projects/core/test/logs/queryengine.ser" />
    <property name="line.separator" value="
" />
    <property name="java.vm.name" value="Java HotSpot(TM) Client VM" />
    <property name="basedir" value="/Users/priyatam/dev/eclipse/workspace/c3pr/projects/core" />
    <property name="test.logs.dir" value="/Users/priyatam/dev/eclipse/workspace/c3pr/projects/core/test/logs" />
    <property name="ant.java.version" value="1.5" />
    <property name="db.scripts.dir" value="/Users/priyatam/dev/eclipse/workspace/c3pr/projects/core/db" />
    <property name="ant.core.lib" value="/Users/priyatam/dev/apache-ant-1.7.0/lib/ant.jar" />
    <property name="file.encoding" value="MacRoman" />
    <property name="oracle.db.script.dir" value="/Users/priyatam/dev/eclipse/workspace/c3pr/projects/core/db/oracle" />
    <property name="java.specification.version" value="1.5" />
    <property name="src.dir" value="/Users/priyatam/dev/eclipse/workspace/c3pr/projects/core/src" />
    <property name="junit.results.dir" value="/Users/priyatam/dev/eclipse/workspace/c3pr/projects/core/test/logs/junit" />
  </properties>
  <testcase classname="edu.duke.cabig.c3pr.dao.ResearchStaffDaoTest" name="testGetById" time="3.495" />
  <testcase classname="edu.duke.cabig.c3pr.dao.ResearchStaffDaoTest" name="testGetAll" time="0.336" />
  <testcase classname="edu.duke.cabig.c3pr.dao.ResearchStaffDaoTest" name="testGetBySubnameMatchesShortTitle" time="0.143" />
  <testcase classname="edu.duke.cabig.c3pr.dao.ResearchStaffDaoTest" name="testGetBySubnameMatchesIntersectionOfSubnames" time="0.126" />
  <system-out><![CDATA[AbandonedObjectPool is used (org.apache.commons.dbcp.AbandonedObjectPool@151bf2)
   LogAbandoned: true
   RemoveAbandoned: true
   RemoveAbandonedTimeout: 300
Hibernate: select researchst0_.id as id11_1_, researchst0_.version as version11_1_, researchst0_.grid_id as grid3_11_1_, researchst0_.first_name as first4_11_1_, researchst0_.last_name as last5_11_1_, researchst0_.add_id as add6_11_1_, address1_.id as id5_0_, address1_.version as version5_0_, address1_.street_address as street3_5_0_, address1_.city as city5_0_, address1_.state_code as state5_5_0_, address1_.postal_code as postal6_5_0_, address1_.country_code as country7_5_0_ from research_staffs researchst0_ left outer join addresses address1_ on researchst0_.add_id=address1_.id where researchst0_.id=?
Hibernate: select researchst0_.id as id11_, researchst0_.version as version11_, researchst0_.grid_id as grid3_11_, researchst0_.first_name as first4_11_, researchst0_.last_name as last5_11_, researchst0_.add_id as add6_11_ from research_staffs researchst0_
Hibernate: select researchst0_.id as id11_, researchst0_.version as version11_, researchst0_.grid_id as grid3_11_, researchst0_.first_name as first4_11_, researchst0_.last_name as last5_11_, researchst0_.add_id as add6_11_ from research_staffs researchst0_ where lower(researchst0_.first_name) like ? or lower(researchst0_.last_name) like ?
Hibernate: select researchst0_.id as id11_, researchst0_.version as version11_, researchst0_.grid_id as grid3_11_, researchst0_.first_name as first4_11_, researchst0_.last_name as last5_11_, researchst0_.add_id as add6_11_ from research_staffs researchst0_ where (lower(researchst0_.first_name) like ? or lower(researchst0_.last_name) like ?) and (lower(researchst0_.first_name) like ? or lower(researchst0_.last_name) like ?)
]]></system-out>
  <system-err><![CDATA[]]></system-err>
</testsuite>
