<?xml version="1.0" encoding="UTF-8" ?>
<testsuite errors="0" failures="0" name="edu.duke.cabig.c3pr.utils.web.GridProxyUtilsTest" tests="1" time="0.672">
  <properties>
    <property name="java.vendor" value="Sun Microsystems Inc."></property>
    <property name="lib.dir" value="C:\my_dir\projects\c3pr-v2\projects\web/lib"></property>
    <property name="sun.management.compiler" value="HotSpot Client Compiler"></property>
    <property name="test.project.jar" value="C:\my_dir\projects\c3pr-v2\projects\web\build\jars\c3pr-2.0-web-tests-1.0.jar"></property>
    <property name="env.PROMPT" value="$P$G"></property>
    <property name="os.name" value="Windows XP"></property>
    <property name="env.FP_NO_HOST_CHECK" value="NO"></property>
    <property name="cobertura.home" value="C:\my_dir\projects\c3pr-v2\share\cobertura-1.8"></property>
    <property name="sun.boot.class.path" value="C:\Program Files\Java\jdk1.5.0_06\jre\lib\endorsed\xalan.jar;C:\Program Files\Java\jdk1.5.0_06\jre\lib\rt.jar;C:\Program Files\Java\jdk1.5.0_06\jre\lib\i18n.jar;C:\Program Files\Java\jdk1.5.0_06\jre\lib\sunrsasign.jar;C:\Program Files\Java\jdk1.5.0_06\jre\lib\jsse.jar;C:\Program Files\Java\jdk1.5.0_06\jre\lib\jce.jar;C:\Program Files\Java\jdk1.5.0_06\jre\lib\charsets.jar;C:\Program Files\Java\jdk1.5.0_06\jre\classes"></property>
    <property name="env.COMPUTERNAME" value="D4M1R8B1"></property>
    <property name="env.ALLUSERSPROFILE" value="C:\Documents and Settings\All Users"></property>
    <property name="sun.desktop" value="windows"></property>
    <property name="java.vm.specification.vendor" value="Sun Microsystems Inc."></property>
    <property name="net.sourceforge.cobertura.datafile" value="C:\my_dir\projects\c3pr-v2\projects\web\test\logs\web.ser"></property>
    <property name="ant.home" value="C:\Ant\apache-ant-1.6.5"></property>
    <property name="jar.dir" value="C:\my_dir\projects\c3pr-v2\projects\web/build/jars"></property>
    <property name="java.runtime.version" value="1.5.0_06-b05"></property>
    <property name="env.GLOBUS_LOCATION" value="C:\my_dir\tools\Globus4.0\ws-core-4.0.1"></property>
    <property name="env.OGSADAI_LOCATION" value="c:\bootcamp\distribution\grid\ogsadai-5.0"></property>
    <property name="env.HOMEPATH" value="\Documents and Settings\Administrator"></property>
    <property name="env.JSERV" value="C:\my_dir\tools\Oracle9i\ora92/Apache/Jserv/conf"></property>
    <property name="user.name" value="Administrator"></property>
    <property name="test.classes.dir" value="C:\my_dir\projects\c3pr-v2\projects\web\build\classes-test"></property>
    <property name="debug" value="on"></property>
    <property name="build.dir" value="C:\my_dir\projects\c3pr-v2\projects\web/build"></property>
    <property name="ext.lib.dir" value="C:\my_dir\projects\c3pr-v2\projects\web/ext/lib"></property>
    <property name="user.language" value="en"></property>
    <property name="sun.boot.library.path" value="C:\Program Files\Java\jdk1.5.0_06\jre\bin"></property>
    <property name="ant.project.name" value="c3pr-2.0-web"></property>
    <property name="java.version" value="1.5.0_06"></property>
    <property name="env.AXIS2_HOME" value="C:\my_dir\tools\Axis2.0\axis2-std-1.0-bin"></property>
    <property name="env.PROCESSOR_IDENTIFIER" value="x86 Family 6 Model 14 Stepping 8, GenuineIntel"></property>
    <property name="user.timezone" value=""></property>
    <property name="ext.test.lib.dir" value="C:\my_dir\projects\c3pr-v2\projects\web\ext\test\lib"></property>
    <property name="env.CLIENTNAME" value="Console"></property>
    <property name="env.TEMP" value="C:\DOCUME~1\ADMINI~1\LOCALS~1\Temp"></property>
    <property name="sun.arch.data.model" value="32"></property>
    <property name="env.C3PR_HOME" value="C:\my_dir\projects\c3pr"></property>
    <property name="test.src.dir" value="C:\my_dir\projects\c3pr-v2\projects\web\test"></property>
    <property name="java.endorsed.dirs" value="C:\Program Files\Java\jdk1.5.0_06\jre\lib\endorsed"></property>
    <property name="env._JAVACMD" value="C:\Program Files\Java\jdk1.5.0_06\bin\java.exe"></property>
    <property name="sun.cpu.isalist" value="pentium_pro+mmx pentium_pro pentium+mmx pentium i486 i386 i86"></property>
    <property name="env.HOMEDRIVE" value="C:"></property>
    <property name="sun.jnu.encoding" value="Cp1252"></property>
    <property name="file.encoding.pkg" value="sun.io"></property>
    <property name="file.separator" value="\"></property>
    <property name="java.specification.name" value="Java Platform API Specification"></property>
    <property name="test.lib.dir" value="C:\my_dir\projects\c3pr-v2\projects\web\test\lib"></property>
    <property name="classes.dir" value="C:\my_dir\projects\c3pr-v2\projects\web/build/classes"></property>
    <property name="java.class.version" value="49.0"></property>
    <property name="project.jarfile" value="C:\my_dir\projects\c3pr-v2\projects\web/build/jars/c3pr-2.0-web-1.0.jar"></property>
    <property name="user.country" value="US"></property>
    <property name="java.home" value="C:\Program Files\Java\jdk1.5.0_06\jre"></property>
    <property name="env.APPDATA" value="C:\Documents and Settings\Administrator\Application Data"></property>
    <property name="java.vm.info" value="mixed mode"></property>
    <property name="env.CATALINA_HOME" value="C:\my_dir\tools\apache-tomcat-5.5.20"></property>
    <property name="env.ComSpec" value="C:\WINDOWS\system32\cmd.exe"></property>
    <property name="env.OS" value="Windows_NT"></property>
    <property name="env.CommonProgramFiles" value="C:\Program Files\Common Files"></property>
    <property name="ant.file" value="C:\my_dir\projects\c3pr-v2\projects\web\build.xml"></property>
    <property name="os.version" value="5.1"></property>
    <property name="env.GLOBUS_HOME" value="C:\my_dir\tools\Globus4.0\ws-core-4.0.1"></property>
    <property name="env._USE_CLASSPATH" value="yes"></property>
    <property name="path.separator" value=";"></property>
    <property name="java.vm.version" value="1.5.0_06-b05"></property>
    <property name="env.USERPROFILE" value="C:\Documents and Settings\Administrator"></property>
    <property name="user.variant" value=""></property>
    <property name="web.dir" value="C:\my_dir\projects\c3pr-v2\projects\web\web"></property>
    <property name="ant.library.dir" value="C:\Ant\apache-ant-1.6.5\lib"></property>
    <property name="env.JAVA_HOME" value="C:\Program Files\Java\jdk1.5.0_06"></property>
    <property name="java.awt.printerjob" value="sun.awt.windows.WPrinterJob"></property>
    <property name="env.TMP" value="C:\DOCUME~1\ADMINI~1\LOCALS~1\Temp"></property>
    <property name="sun.io.unicode.encoding" value="UnicodeLittle"></property>
    <property name="ant.file.c3pr-2.0-web-test" value="C:\my_dir\projects\c3pr-v2\projects\web\antfiles\build-test.xml"></property>
    <property name="awt.toolkit" value="sun.awt.windows.WToolkit"></property>
    <property name="env.WV_GATEWAY_CFG" value="C:\my_dir\tools\Oracle9i\ora92\Apache\modplsql\cfg\wdbsvr.app"></property>
    <property name="user.home" value="C:\Documents and Settings\Administrator"></property>
    <property name="env.SESSIONNAME" value="Console"></property>
    <property name="java.specification.vendor" value="Sun Microsystems Inc."></property>
    <property name="env.CLASSPATH" value="C:\my_dir\tools\MySQL\MySql_JDBC_Driver\mysql-connector-java-3.1.13"></property>
    <property name="test.dir" value="C:\my_dir\projects\c3pr-v2\projects\web\test"></property>
    <property name="env.NUMBER_OF_PROCESSORS" value="2"></property>
    <property name="java.library.path" value="C:\Program Files\Java\jdk1.5.0_06\jre\bin;.;C:\WINDOWS\system32;C:\WINDOWS;C:\Program Files\Java\jdk1.5.0_06\BIN;C:\my_dir\tools\Oracle9i\ora92\bin;C:\Program Files\Oracle\jre\1.3.1\bin;C:\Program Files\Oracle\jre\1.1.8\bin;C:\WINDOWS\system32;C:\WINDOWS;C:\WINDOWS\System32\Wbem;C:\Ant\apache-ant-1.6.5\bin;C:\Program Files\Java\jdk1.5.0_06\BIN;%GLOBUS_LOCATION%\BIN;%OGSADAI_LOCATION%\BIN;"></property>
    <property name="java.vendor.url" value="http://java.sun.com/"></property>
    <property name="war.file" value="C:\my_dir\projects\c3pr-v2\projects\web\build\c3prv2.war"></property>
    <property name="java.vm.vendor" value="Sun Microsystems Inc."></property>
    <property name="ant.file.c3pr-2.0-web" value="C:\my_dir\projects\c3pr-v2\projects\web\build.xml"></property>
    <property name="java.runtime.name" value="Java(TM) 2 Runtime Environment, Standard Edition"></property>
    <property name="ant.version" value="Apache Ant version 1.6.5 compiled on June 2 2005"></property>
    <property name="java.class.path" value="C:\my_dir\projects\c3pr-v2\projects\web\build\jars\c3pr-2.0-web-1.0.jar;C:\my_dir\projects\c3pr-v2\projects\web\build\jars\c3pr-2.0-web-tests-1.0.jar;C:\Program Files\Java\jdk1.5.0_06\lib\tools.jar;C:\my_dir\projects\c3pr-v2\projects\web\lib\commons-httpclient-3.0-rc2.jar;C:\my_dir\projects\c3pr-v2\projects\web\lib\javax.servlet.jar;C:\my_dir\projects\c3pr-v2\projects\web\lib\javax.servlet.jsp.jar;C:\my_dir\projects\c3pr-v2\projects\web\lib\nls_charset12.jar;C:\my_dir\projects\c3pr-v2\projects\web\lib\sitemesh-2.2.1.jar;C:\my_dir\projects\c3pr-v2\projects\web\ext\lib\activation-1.0.2.jar;C:\my_dir\projects\c3pr-v2\projects\web\ext\lib\activeio-core-3.0-beta4.jar;C:\my_dir\projects\c3pr-v2\projects\web\ext\lib\activemq-core-4.0.2.jar;C:\my_dir\projects\c3pr-v2\projects\web\ext\lib\addressing-1.0.jar;C:\my_dir\projects\c3pr-v2\projects\web\ext\lib\ant-contrib.jar;C:\my_dir\projects\c3pr-v2\projects\web\ext\lib\antlr-2.7.6.jar;C:\my_dir\projects\c3pr-v2\projects\web\ext\lib\asm-attrs.jar;C:\my_dir\projects\c3pr-v2\projects\web\ext\lib\asm.jar;C:\my_dir\projects\c3pr-v2\projects\web\ext\lib\avalon-framework-cvs-20020806.jar;C:\my_dir\projects\c3pr-v2\projects\web\ext\lib\axis-url.jar;C:\my_dir\projects\c3pr-v2\projects\web\ext\lib\axis.jar;C:\my_dir\projects\c3pr-v2\projects\web\ext\lib\backport-util-concurrent-2.1.jar;C:\my_dir\projects\c3pr-v2\projects\web\ext\lib\bootstrap.jar;C:\my_dir\projects\c3pr-v2\projects\web\ext\lib\c3pr-2.0-core-1.0.jar;C:\my_dir\projects\c3pr-v2\projects\web\ext\lib\c3pr-2.0-core-tests-1.0.jar;C:\my_dir\projects\c3pr-v2\projects\web\ext\lib\c3pr-2.0-esb-client-1.0.jar;C:\my_dir\projects\c3pr-v2\projects\web\ext\lib\caGrid-1.0-ServiceSecurityProvider-client.jar;C:\my_dir\projects\c3pr-v2\projects\web\ext\lib\caGrid-1.0-ServiceSecurityProvider-common.jar;C:\my_dir\projects\c3pr-v2\projects\web\ext\lib\caGrid-1.0-ServiceSecurityProvider-stubs.jar;C:\my_dir\projects\c3pr-v2\projects\web\ext\lib\caGrid-1.0-authentication-service-client.jar;C:\my_dir\projects\c3pr-v2\projects\web\ext\lib\caGrid-1.0-authentication-service-common.jar;C:\my_dir\projects\c3pr-v2\projects\web\ext\lib\caGrid-1.0-authentication-service-stubs.jar;C:\my_dir\projects\c3pr-v2\projects\web\ext\lib\caGrid-1.0-core.jar;C:\my_dir\projects\c3pr-v2\projects\web\ext\lib\caGrid-1.0-dorian-client.jar;C:\my_dir\projects\c3pr-v2\projects\web\ext\lib\caGrid-1.0-dorian-common.jar;C:\my_dir\projects\c3pr-v2\projects\web\ext\lib\caGrid-1.0-dorian-stubs.jar;C:\my_dir\projects\c3pr-v2\projects\web\ext\lib\caGrid-1.0-gridca.jar;C:\my_dir\projects\c3pr-v2\projects\web\ext\lib\caGrid-1.0-metadata-common.jar;C:\my_dir\projects\c3pr-v2\projects\web\ext\lib\caGrid-1.0-metadata-data.jar;C:\my_dir\projects\c3pr-v2\projects\web\ext\lib\caGrid-1.0-metadata-security.jar;C:\my_dir\projects\c3pr-v2\projects\web\ext\lib\caGrid-1.0-opensaml-1.1.jar;C:\my_dir\projects\c3pr-v2\projects\web\ext\lib\castor-0.9.9.jar;C:\my_dir\projects\c3pr-v2\projects\web\ext\lib\cglib-2.1.3.jar;C:\my_dir\projects\c3pr-v2\projects\web\ext\lib\client.jar;C:\my_dir\projects\c3pr-v2\projects\web\ext\lib\cog-axis.jar;C:\my_dir\projects\c3pr-v2\projects\web\ext\lib\cog-jglobus.jar;C:\my_dir\projects\c3pr-v2\projects\web\ext\lib\cog-tomcat.jar;C:\my_dir\projects\c3pr-v2\projects\web\ext\lib\cog-url.jar;C:\my_dir\projects\c3pr-v2\projects\web\ext\lib\commonj.jar;C:\my_dir\projects\c3pr-v2\projects\web\ext\lib\commons-beanutils-1.7.0.jar;C:\my_dir\projects\c3pr-v2\projects\web\ext\lib\commons-cli-2.0.jar;C:\my_dir\projects\c3pr-v2\projects\web\ext\lib\commons-collections-3.1.jar;C:\my_dir\projects\c3pr-v2\projects\web\ext\lib\commons-collections-3.2.jar;C:\my_dir\projects\c3pr-v2\projects\web\ext\lib\commons-dbcp-1.2.1.jar;C:\my_dir\projects\c3pr-v2\projects\web\ext\lib\commons-digester.jar;C:\my_dir\projects\c3pr-v2\projects\web\ext\lib\commons-discovery.jar;C:\my_dir\projects\c3pr-v2\projects\web\ext\lib\commons-lang-2.1.jar;C:\my_dir\projects\c3pr-v2\projects\web\ext\lib\commons-logging.jar;C:\my_dir\projects\c3pr-v2\projects\web\ext\lib\commons-pool-1.2.jar;C:\my_dir\projects\c3pr-v2\projects\web\ext\lib\concurrent.jar;C:\my_dir\projects\c3pr-v2\projects\web\ext\lib\cryptix-asn1.jar;C:\my_dir\projects\c3pr-v2\projects\web\ext\lib\cryptix.jar;C:\my_dir\projects\c3pr-v2\projects\web\ext\lib\cryptix32.jar;C:\my_dir\projects\c3pr-v2\projects\web\ext\lib\ctms-web-sso.jar;C:\my_dir\projects\c3pr-v2\projects\web\ext\lib\dom4j-1.6.1.jar;C:\my_dir\projects\c3pr-v2\projects\web\ext\lib\ehcache-1.2.jar;C:\my_dir\projects\c3pr-v2\projects\web\ext\lib\ejb3-persistence.jar;C:\my_dir\projects\c3pr-v2\projects\web\ext\lib\fop.jar;C:\my_dir\projects\c3pr-v2\projects\web\ext\lib\globus_wsrf_mds_aggregator.jar;C:\my_dir\projects\c3pr-v2\projects\web\ext\lib\globus_wsrf_mds_aggregator_stubs.jar;C:\my_dir\projects\c3pr-v2\projects\web\ext\lib\globus_wsrf_servicegroup.jar;C:\my_dir\projects\c3pr-v2\projects\web\ext\lib\globus_wsrf_servicegroup_stubs.jar;C:\my_dir\projects\c3pr-v2\projects\web\ext\lib\grid-security-plugin-1.0.jar;C:\my_dir\projects\c3pr-v2\projects\web\ext\lib\handle.jar;C:\my_dir\projects\c3pr-v2\projects\web\ext\lib\handlerservice.jar;C:\my_dir\projects\c3pr-v2\projects\web\ext\lib\hibernate-annotations.jar;C:\my_dir\projects\c3pr-v2\projects\web\ext\lib\hibernate3.2.1.jar;C:\my_dir\projects\c3pr-v2\projects\web\ext\lib\jaxen-core.jar;C:\my_dir\projects\c3pr-v2\projects\web\ext\lib\jaxen-jdom.jar;C:\my_dir\projects\c3pr-v2\projects\web\ext\lib\jaxrpc.jar;C:\my_dir\projects\c3pr-v2\projects\web\ext\lib\jboss-j2ee-4.0.5.jar;C:\my_dir\projects\c3pr-v2\projects\web\ext\lib\jboss-jsr77.jar;C:\my_dir\projects\c3pr-v2\projects\web\ext\lib\jce-jdk13-125.jar;C:\my_dir\projects\c3pr-v2\projects\web\ext\lib\jdom.jar;C:\my_dir\projects\c3pr-v2\projects\web\ext\lib\jgss.jar;C:\my_dir\projects\c3pr-v2\projects\web\ext\lib\jstl.jar;C:\my_dir\projects\c3pr-v2\projects\web\ext\lib\jta.jar;C:\my_dir\projects\c3pr-v2\projects\web\ext\lib\log4j-1.2.13.jar;C:\my_dir\projects\c3pr-v2\projects\web\ext\lib\mail-1.3.2.jar;C:\my_dir\projects\c3pr-v2\projects\web\ext\lib\mobius_common_client-1.1.jar;C:\my_dir\projects\c3pr-v2\projects\web\ext\lib\mobius_factories-1.1.jar;C:\my_dir\projects\c3pr-v2\projects\web\ext\lib\mobius_gme_client-1.1.jar;C:\my_dir\projects\c3pr-v2\projects\web\ext\lib\mobius_mako_client-1.1.jar;C:\my_dir\projects\c3pr-v2\projects\web\ext\lib\mobius_tools-1.1.jar;C:\my_dir\projects\c3pr-v2\projects\web\ext\lib\naming-java.jar;C:\my_dir\projects\c3pr-v2\projects\web\ext\lib\northwestern-core-commons.jar;C:\my_dir\projects\c3pr-v2\projects\web\ext\lib\ojdbc14.jar;C:\my_dir\projects\c3pr-v2\projects\web\ext\lib\postgresql-8.1-407.jdbc3.jar;C:\my_dir\projects\c3pr-v2\projects\web\ext\lib\puretls.jar;C:\my_dir\projects\c3pr-v2\projects\web\ext\lib\saaj.jar;C:\my_dir\projects\c3pr-v2\projects\web\ext\lib\saxpath.jar;C:\my_dir\projects\c3pr-v2\projects\web\ext\lib\spring2.0.2.jar;C:\my_dir\projects\c3pr-v2\projects\web\ext\lib\standard.jar;C:\my_dir\projects\c3pr-v2\projects\web\ext\lib\wsdl4j.jar;C:\my_dir\projects\c3pr-v2\projects\web\ext\lib\wsrf_core.jar;C:\my_dir\projects\c3pr-v2\projects\web\ext\lib\wsrf_core_stubs.jar;C:\my_dir\projects\c3pr-v2\projects\web\ext\lib\wss4j.jar;C:\my_dir\projects\c3pr-v2\projects\web\ext\lib\xbean-spring-2.7.jar;C:\my_dir\projects\c3pr-v2\projects\web\ext\lib\xerces-2.6.2.jar;C:\my_dir\projects\c3pr-v2\projects\web\ext\lib\xerces.jar;C:\my_dir\projects\c3pr-v2\projects\web\ext\lib\xercesImpl-2.2.1.jar;C:\my_dir\projects\c3pr-v2\projects\web\ext\lib\xmlsec.jar;C:\my_dir\projects\c3pr-v2\projects\web\test\lib\catrip-test-report-1.0.jar;C:\my_dir\projects\c3pr-v2\projects\web\test\lib\core-commons-testing.jar;C:\my_dir\projects\c3pr-v2\projects\web\test\lib\easymock.jar;C:\my_dir\projects\c3pr-v2\projects\web\test\lib\easymockclassextension.jar;C:\my_dir\projects\c3pr-v2\projects\web\test\lib\junit.jar;C:\my_dir\projects\c3pr-v2\projects\web\test\lib\servlet-api.jar;C:\my_dir\projects\c3pr-v2\projects\web\test\lib\spring-mock.jar;C:\my_dir\projects\c3pr-v2\projects\web\ext\test\lib\junit-3.8.1.jar;C:\my_dir\tools\apache-tomcat-5.5.20\common\lib\commons-el.jar;C:\my_dir\tools\apache-tomcat-5.5.20\common\lib\jasper-compiler-jdt.jar;C:\my_dir\tools\apache-tomcat-5.5.20\common\lib\jasper-compiler.jar;C:\my_dir\tools\apache-tomcat-5.5.20\common\lib\jasper-runtime.jar;C:\my_dir\tools\apache-tomcat-5.5.20\common\lib\jsp-api.jar;C:\my_dir\tools\apache-tomcat-5.5.20\common\lib\naming-factory-dbcp.jar;C:\my_dir\tools\apache-tomcat-5.5.20\common\lib\naming-factory.jar;C:\my_dir\tools\apache-tomcat-5.5.20\common\lib\naming-resources.jar;C:\my_dir\tools\apache-tomcat-5.5.20\common\lib\postgresql-8.1-407.jdbc3.jar;C:\my_dir\tools\apache-tomcat-5.5.20\common\lib\servlet-api.jar;C:\my_dir\projects\c3pr-v2\projects\web\build\classes;C:\my_dir\projects\c3pr-v2\share\cobertura-1.8\cobertura.jar;C:\my_dir\projects\c3pr-v2\share\cobertura-1.8\lib\asm-2.2.1.jar;C:\my_dir\projects\c3pr-v2\share\cobertura-1.8\lib\jakarta-oro-2.0.8.jar;C:\my_dir\projects\c3pr-v2\share\cobertura-1.8\lib\log4j-1.2.9.jar;C:\my_dir\tools\MySQL\MySql_JDBC_Driver\mysql-connector-java-3.1.13;C:\Ant\apache-ant-1.6.5\lib\junit-3.8.1.jar;C:\Ant\apache-ant-1.6.5\lib\ant-launcher.jar;C:\Ant\apache-ant-1.6.5\lib\ant.jar;C:\Ant\apache-ant-1.6.5\lib\ant-junit.jar"></property>
    <property name="project.version" value="1.0"></property>
    <property name="env.JBOSS_HOME" value="C:\my_dir\tools\Jboss\jboss-4.0.0"></property>
    <property name="project.name" value="web"></property>
    <property name="java.vm.specification.name" value="Java Virtual Machine Specification"></property>
    <property name="env.LOGONSERVER" value="\\D4M1R8B1"></property>
    <property name="env.windir" value="C:\WINDOWS"></property>
    <property name="java.vm.specification.version" value="1.0"></property>
    <property name="env.PROCESSOR_ARCHITECTURE" value="x86"></property>
    <property name="sun.cpu.endian" value="little"></property>
    <property name="sun.os.patch.level" value="Service Pack 2"></property>
    <property name="env.ProgramFiles" value="C:\Program Files"></property>
    <property name="env.ANT_HOME" value="C:\Ant\apache-ant-1.6.5"></property>
    <property name="env.PROCESSOR_REVISION" value="0e08"></property>
    <property name="java.io.tmpdir" value="C:\DOCUME~1\ADMINI~1\LOCALS~1\Temp\"></property>
    <property name="deploy.path" value="C:\my_dir\tools\apache-tomcat-5.5.20/webapps"></property>
    <property name="java.vendor.url.bug" value="http://java.sun.com/cgi-bin/bugreport.cgi"></property>
    <property name="env.SystemRoot" value="C:\WINDOWS"></property>
    <property name="conf.dir" value="C:\my_dir\projects\c3pr-v2\projects\web/conf"></property>
    <property name="java.awt.graphicsenv" value="sun.awt.Win32GraphicsEnvironment"></property>
    <property name="os.arch" value="x86"></property>
    <property name="env.ANT_CMD_LINE_ARGS" value="test"></property>
    <property name="java.ext.dirs" value="C:\Program Files\Java\jdk1.5.0_06\jre\lib\ext"></property>
    <property name="user.dir" value="C:\my_dir\projects\c3pr-v2\projects\web"></property>
    <property name="testcoverage.datafile" value="C:\my_dir\projects\c3pr-v2\projects\web\test\logs\web.ser"></property>
    <property name="line.separator" value="
"></property>
    <property name="java.vm.name" value="Java HotSpot(TM) Client VM"></property>
    <property name="env.PATHEXT" value=".COM;.EXE;.BAT;.CMD;.VBS;.VBE;.JS;.JSE;.WSF;.WSH"></property>
    <property name="env.Path" value="C:\Program Files\Java\jdk1.5.0_06\BIN;C:\my_dir\tools\Oracle9i\ora92\bin;C:\Program Files\Oracle\jre\1.3.1\bin;C:\Program Files\Oracle\jre\1.1.8\bin;C:\WINDOWS\system32;C:\WINDOWS;C:\WINDOWS\System32\Wbem;C:\Ant\apache-ant-1.6.5\bin;C:\Program Files\Java\jdk1.5.0_06\BIN;%GLOBUS_LOCATION%\BIN;%OGSADAI_LOCATION%\BIN;"></property>
    <property name="basedir" value="C:\my_dir\projects\c3pr-v2\projects\web"></property>
    <property name="test.logs.dir" value="C:\my_dir\projects\c3pr-v2\projects\web\test\logs"></property>
    <property name="ant.java.version" value="1.5"></property>
    <property name="env.USERNAME" value="Administrator"></property>
    <property name="env.SystemDrive" value="C:"></property>
    <property name="file.encoding" value="Cp1252"></property>
    <property name="env.USERDOMAIN" value="D4M1R8B1"></property>
    <property name="java.specification.version" value="1.5"></property>
    <property name="env.SonicCentral" value="C:\Program Files\Common Files\Sonic Shared\Sonic Central\"></property>
    <property name="src.dir" value="C:\my_dir\projects\c3pr-v2\projects\web/src"></property>
    <property name="junit.results.dir" value="C:\my_dir\projects\c3pr-v2\projects\web\test\logs/junit"></property>
    <property name="webapp.name" value="c3pr"></property>
    <property name="env.PROCESSOR_LEVEL" value="6"></property>
  </properties>
  <testcase classname="edu.duke.cabig.c3pr.utils.web.GridProxyUtilsTest" name="testGetUsername" time="0.469"></testcase>
  <system-out><![CDATA[ram
]]></system-out>
  <system-err><![CDATA[]]></system-err>
</testsuite>
